[0.106s] [34mcolcon[0m [1;30mDEBUG[0m [32mCommand line arguments: ['/usr/bin/colcon', 'build'][0m
[0.107s] [34mcolcon[0m [1;30mDEBUG[0m [32mParsed command line arguments: Namespace(log_base=None, log_level=None, verb_name='build', build_base='build', install_base='install', merge_install=False, symlink_install=False, test_result_base=None, continue_on_error=False, executor='parallel', parallel_workers=12, event_handlers=None, ignore_user_meta=False, metas=['./colcon.meta'], base_paths=['.'], packages_ignore=None, packages_ignore_regex=None, paths=None, packages_up_to=None, packages_up_to_regex=None, packages_above=None, packages_above_and_dependencies=None, packages_above_depth=None, packages_select_by_dep=None, packages_skip_by_dep=None, packages_skip_up_to=None, packages_select_build_failed=False, packages_skip_build_finished=False, packages_select_test_failures=False, packages_skip_test_passed=False, packages_select=None, packages_skip=None, packages_select_regex=None, packages_skip_regex=None, packages_start=None, packages_end=None, allow_overriding=[], cmake_args=None, cmake_target=None, cmake_target_skip_unavailable=False, cmake_clean_cache=False, cmake_clean_first=False, cmake_force_configure=False, ament_cmake_args=None, catkin_cmake_args=None, catkin_skip_building_tests=False, mixin_files=None, mixin=None, verb_parser=<colcon_mixin.mixin.mixin_argument.MixinArgumentDecorator object at 0x7d25f0cbece0>, verb_extension=<colcon_core.verb.build.BuildVerb object at 0x7d25f0cbe6b0>, main=<bound method BuildVerb.main of <colcon_core.verb.build.BuildVerb object at 0x7d25f0cbe6b0>>, mixin_verb=('build',))[0m
[0.250s] [34mcolcon.colcon_core.package_discovery[0m [1;30mLevel 1[0m discover_packages(colcon_meta) check parameters
[0.250s] [34mcolcon.colcon_core.package_discovery[0m [1;30mLevel 1[0m discover_packages(recursive) check parameters
[0.250s] [34mcolcon.colcon_core.package_discovery[0m [1;30mLevel 1[0m discover_packages(ignore) check parameters
[0.250s] [34mcolcon.colcon_core.package_discovery[0m [1;30mLevel 1[0m discover_packages(path) check parameters
[0.250s] [34mcolcon.colcon_core.package_discovery[0m [1;30mLevel 1[0m discover_packages(colcon_meta) discover
[0.250s] [34mcolcon.colcon_core.package_discovery[0m [1;30mLevel 1[0m discover_packages(recursive) discover
[0.250s] [34mcolcon.colcon_core.package_discovery[0m [1;30mINFO[0m Crawling recursively for packages in '/home/ashmu/ros2_ws/RS2'
[0.250s] [34mcolcon.colcon_core.package_identification[0m [1;30mLevel 1[0m _identify(.) by extensions ['ignore', 'ignore_ament_install']
[0.250s] [34mcolcon.colcon_core.package_identification[0m [1;30mLevel 1[0m _identify(.) by extension 'ignore'
[0.250s] [34mcolcon.colcon_core.package_identification[0m [1;30mLevel 1[0m _identify(.) by extension 'ignore_ament_install'
[0.250s] [34mcolcon.colcon_core.package_identification[0m [1;30mLevel 1[0m _identify(.) by extensions ['colcon_pkg']
[0.250s] [34mcolcon.colcon_core.package_identification[0m [1;30mLevel 1[0m _identify(.) by extension 'colcon_pkg'
[0.251s] [34mcolcon.colcon_core.package_identification[0m [1;30mLevel 1[0m _identify(.) by extensions ['colcon_meta']
[0.251s] [34mcolcon.colcon_core.package_identification[0m [1;30mLevel 1[0m _identify(.) by extension 'colcon_meta'
[0.251s] [34mcolcon.colcon_core.package_identification[0m [1;30mLevel 1[0m _identify(.) by extensions ['ros']
[0.251s] [34mcolcon.colcon_core.package_identification[0m [1;30mLevel 1[0m _identify(.) by extension 'ros'
[0.272s] [34mcolcon.colcon_core.package_identification[0m [1;30mLevel 1[0m _identify(.) by extensions ['cmake', 'python']
[0.272s] [34mcolcon.colcon_core.package_identification[0m [1;30mLevel 1[0m _identify(.) by extension 'cmake'
[0.272s] [34mcolcon.colcon_core.package_identification[0m [1;30mLevel 1[0m _identify(.) by extension 'python'
[0.272s] [34mcolcon.colcon_core.package_identification[0m [1;30mLevel 1[0m _identify(.) by extensions ['python_setup_py']
[0.272s] [34mcolcon.colcon_core.package_identification[0m [1;30mLevel 1[0m _identify(.) by extension 'python_setup_py'
[0.272s] [34mcolcon.colcon_core.package_identification[0m [1;30mLevel 1[0m _identify(build) by extensions ['ignore', 'ignore_ament_install']
[0.272s] [34mcolcon.colcon_core.package_identification[0m [1;30mLevel 1[0m _identify(build) by extension 'ignore'
[0.272s] [34mcolcon.colcon_core.package_identification[0m [1;30mLevel 1[0m _identify(build) ignored
[0.272s] [34mcolcon.colcon_core.package_identification[0m [1;30mLevel 1[0m _identify(install) by extensions ['ignore', 'ignore_ament_install']
[0.272s] [34mcolcon.colcon_core.package_identification[0m [1;30mLevel 1[0m _identify(install) by extension 'ignore'
[0.272s] [34mcolcon.colcon_core.package_identification[0m [1;30mLevel 1[0m _identify(install) ignored
[0.272s] [34mcolcon.colcon_core.package_identification[0m [1;30mLevel 1[0m _identify(log) by extensions ['ignore', 'ignore_ament_install']
[0.272s] [34mcolcon.colcon_core.package_identification[0m [1;30mLevel 1[0m _identify(log) by extension 'ignore'
[0.272s] [34mcolcon.colcon_core.package_identification[0m [1;30mLevel 1[0m _identify(log) ignored
[0.273s] [34mcolcon.colcon_core.package_identification[0m [1;30mLevel 1[0m _identify(src) by extensions ['ignore', 'ignore_ament_install']
[0.273s] [34mcolcon.colcon_core.package_identification[0m [1;30mLevel 1[0m _identify(src) by extension 'ignore'
[0.273s] [34mcolcon.colcon_core.package_identification[0m [1;30mLevel 1[0m _identify(src) by extension 'ignore_ament_install'
[0.273s] [34mcolcon.colcon_core.package_identification[0m [1;30mLevel 1[0m _identify(src) by extensions ['colcon_pkg']
[0.273s] [34mcolcon.colcon_core.package_identification[0m [1;30mLevel 1[0m _identify(src) by extension 'colcon_pkg'
[0.273s] [34mcolcon.colcon_core.package_identification[0m [1;30mLevel 1[0m _identify(src) by extensions ['colcon_meta']
[0.273s] [34mcolcon.colcon_core.package_identification[0m [1;30mLevel 1[0m _identify(src) by extension 'colcon_meta'
[0.273s] [34mcolcon.colcon_core.package_identification[0m [1;30mLevel 1[0m _identify(src) by extensions ['ros']
[0.273s] [34mcolcon.colcon_core.package_identification[0m [1;30mLevel 1[0m _identify(src) by extension 'ros'
[0.273s] [34mcolcon.colcon_core.package_identification[0m [1;30mLevel 1[0m _identify(src) by extensions ['cmake', 'python']
[0.273s] [34mcolcon.colcon_core.package_identification[0m [1;30mLevel 1[0m _identify(src) by extension 'cmake'
[0.273s] [34mcolcon.colcon_core.package_identification[0m [1;30mLevel 1[0m _identify(src) by extension 'python'
[0.273s] [34mcolcon.colcon_core.package_identification[0m [1;30mLevel 1[0m _identify(src) by extensions ['python_setup_py']
[0.273s] [34mcolcon.colcon_core.package_identification[0m [1;30mLevel 1[0m _identify(src) by extension 'python_setup_py'
[0.273s] [34mcolcon.colcon_core.package_identification[0m [1;30mLevel 1[0m _identify(src/selfie_taker) by extensions ['ignore', 'ignore_ament_install']
[0.273s] [34mcolcon.colcon_core.package_identification[0m [1;30mLevel 1[0m _identify(src/selfie_taker) by extension 'ignore'
[0.273s] [34mcolcon.colcon_core.package_identification[0m [1;30mLevel 1[0m _identify(src/selfie_taker) by extension 'ignore_ament_install'
[0.273s] [34mcolcon.colcon_core.package_identification[0m [1;30mLevel 1[0m _identify(src/selfie_taker) by extensions ['colcon_pkg']
[0.273s] [34mcolcon.colcon_core.package_identification[0m [1;30mLevel 1[0m _identify(src/selfie_taker) by extension 'colcon_pkg'
[0.273s] [34mcolcon.colcon_core.package_identification[0m [1;30mLevel 1[0m _identify(src/selfie_taker) by extensions ['colcon_meta']
[0.273s] [34mcolcon.colcon_core.package_identification[0m [1;30mLevel 1[0m _identify(src/selfie_taker) by extension 'colcon_meta'
[0.273s] [34mcolcon.colcon_core.package_identification[0m [1;30mLevel 1[0m _identify(src/selfie_taker) by extensions ['ros']
[0.273s] [34mcolcon.colcon_core.package_identification[0m [1;30mLevel 1[0m _identify(src/selfie_taker) by extension 'ros'
[0.275s] [34mcolcon.colcon_core.package_identification[0m [1;30mDEBUG[0m [32mPackage 'src/selfie_taker' with type 'ros.ament_python' and name 'selfie_taker'[0m
[0.275s] [34mcolcon.colcon_core.package_identification[0m [1;30mLevel 1[0m _identify(src/svg_command_subscriber) by extensions ['ignore', 'ignore_ament_install']
[0.276s] [34mcolcon.colcon_core.package_identification[0m [1;30mLevel 1[0m _identify(src/svg_command_subscriber) by extension 'ignore'
[0.276s] [34mcolcon.colcon_core.package_identification[0m [1;30mLevel 1[0m _identify(src/svg_command_subscriber) by extension 'ignore_ament_install'
[0.276s] [34mcolcon.colcon_core.package_identification[0m [1;30mLevel 1[0m _identify(src/svg_command_subscriber) by extensions ['colcon_pkg']
[0.276s] [34mcolcon.colcon_core.package_identification[0m [1;30mLevel 1[0m _identify(src/svg_command_subscriber) by extension 'colcon_pkg'
[0.276s] [34mcolcon.colcon_core.package_identification[0m [1;30mLevel 1[0m _identify(src/svg_command_subscriber) by extensions ['colcon_meta']
[0.276s] [34mcolcon.colcon_core.package_identification[0m [1;30mLevel 1[0m _identify(src/svg_command_subscriber) by extension 'colcon_meta'
[0.276s] [34mcolcon.colcon_core.package_identification[0m [1;30mLevel 1[0m _identify(src/svg_command_subscriber) by extensions ['ros']
[0.276s] [34mcolcon.colcon_core.package_identification[0m [1;30mLevel 1[0m _identify(src/svg_command_subscriber) by extension 'ros'
[0.276s] [34mcolcon.colcon_core.package_identification[0m [1;30mDEBUG[0m [32mPackage 'src/svg_command_subscriber' with type 'ros.ament_python' and name 'svg_command_subscriber'[0m
[0.276s] [34mcolcon.colcon_core.package_identification[0m [1;30mLevel 1[0m _identify(src/svg_waypoint_publisher) by extensions ['ignore', 'ignore_ament_install']
[0.276s] [34mcolcon.colcon_core.package_identification[0m [1;30mLevel 1[0m _identify(src/svg_waypoint_publisher) by extension 'ignore'
[0.276s] [34mcolcon.colcon_core.package_identification[0m [1;30mLevel 1[0m _identify(src/svg_waypoint_publisher) by extension 'ignore_ament_install'
[0.276s] [34mcolcon.colcon_core.package_identification[0m [1;30mLevel 1[0m _identify(src/svg_waypoint_publisher) by extensions ['colcon_pkg']
[0.277s] [34mcolcon.colcon_core.package_identification[0m [1;30mLevel 1[0m _identify(src/svg_waypoint_publisher) by extension 'colcon_pkg'
[0.277s] [34mcolcon.colcon_core.package_identification[0m [1;30mLevel 1[0m _identify(src/svg_waypoint_publisher) by extensions ['colcon_meta']
[0.277s] [34mcolcon.colcon_core.package_identification[0m [1;30mLevel 1[0m _identify(src/svg_waypoint_publisher) by extension 'colcon_meta'
[0.277s] [34mcolcon.colcon_core.package_identification[0m [1;30mLevel 1[0m _identify(src/svg_waypoint_publisher) by extensions ['ros']
[0.277s] [34mcolcon.colcon_core.package_identification[0m [1;30mLevel 1[0m _identify(src/svg_waypoint_publisher) by extension 'ros'
[0.277s] [34mcolcon.colcon_core.package_identification[0m [1;30mDEBUG[0m [32mPackage 'src/svg_waypoint_publisher' with type 'ros.ament_python' and name 'svg_waypoint_publisher'[0m
[0.277s] [34mcolcon.colcon_core.package_identification[0m [1;30mLevel 1[0m _identify(src/ur3e_controller) by extensions ['ignore', 'ignore_ament_install']
[0.277s] [34mcolcon.colcon_core.package_identification[0m [1;30mLevel 1[0m _identify(src/ur3e_controller) by extension 'ignore'
[0.277s] [34mcolcon.colcon_core.package_identification[0m [1;30mLevel 1[0m _identify(src/ur3e_controller) by extension 'ignore_ament_install'
[0.277s] [34mcolcon.colcon_core.package_identification[0m [1;30mLevel 1[0m _identify(src/ur3e_controller) by extensions ['colcon_pkg']
[0.277s] [34mcolcon.colcon_core.package_identification[0m [1;30mLevel 1[0m _identify(src/ur3e_controller) by extension 'colcon_pkg'
[0.277s] [34mcolcon.colcon_core.package_identification[0m [1;30mLevel 1[0m _identify(src/ur3e_controller) by extensions ['colcon_meta']
[0.277s] [34mcolcon.colcon_core.package_identification[0m [1;30mLevel 1[0m _identify(src/ur3e_controller) by extension 'colcon_meta'
[0.277s] [34mcolcon.colcon_core.package_identification[0m [1;30mLevel 1[0m _identify(src/ur3e_controller) by extensions ['ros']
[0.277s] [34mcolcon.colcon_core.package_identification[0m [1;30mLevel 1[0m _identify(src/ur3e_controller) by extension 'ros'
[0.278s] [34mcolcon.colcon_core.package_identification[0m [1;30mDEBUG[0m [32mPackage 'src/ur3e_controller' with type 'ros.ament_cmake' and name 'ur3e_controller'[0m
[0.278s] [34mcolcon.colcon_core.package_discovery[0m [1;30mLevel 1[0m discover_packages(recursive) using defaults
[0.278s] [34mcolcon.colcon_core.package_discovery[0m [1;30mLevel 1[0m discover_packages(ignore) discover
[0.278s] [34mcolcon.colcon_core.package_discovery[0m [1;30mLevel 1[0m discover_packages(ignore) using defaults
[0.278s] [34mcolcon.colcon_core.package_discovery[0m [1;30mLevel 1[0m discover_packages(path) discover
[0.278s] [34mcolcon.colcon_core.package_discovery[0m [1;30mLevel 1[0m discover_packages(path) using defaults
[0.293s] [34mcolcon.colcon_core.package_discovery[0m [1;30mLevel 1[0m discover_packages(prefix_path) check parameters
[0.293s] [34mcolcon.colcon_core.package_discovery[0m [1;30mLevel 1[0m discover_packages(prefix_path) discover
[0.296s] [34mcolcon.colcon_installed_package_information.package_discovery[0m [1;30mDEBUG[0m [32mFound 4 installed packages in /home/ashmu/ros2_ws/RS2/install[0m
[0.298s] [34mcolcon.colcon_installed_package_information.package_discovery[0m [1;30mDEBUG[0m [32mFound 55 installed packages in /home/ashmu/ros2_ws/install[0m
[0.300s] [34mcolcon.colcon_installed_package_information.package_discovery[0m [1;30mDEBUG[0m [32mFound 387 installed packages in /opt/ros/humble[0m
[0.303s] [34mcolcon.colcon_core.package_discovery[0m [1;30mLevel 1[0m discover_packages(prefix_path) using defaults
[0.346s] [34mcolcon.colcon_core.verb[0m [1;30mLevel 5[0m set package 'selfie_taker' build argument 'cmake_args' from command line to 'None'
[0.346s] [34mcolcon.colcon_core.verb[0m [1;30mLevel 5[0m set package 'selfie_taker' build argument 'cmake_target' from command line to 'None'
[0.346s] [34mcolcon.colcon_core.verb[0m [1;30mLevel 5[0m set package 'selfie_taker' build argument 'cmake_target_skip_unavailable' from command line to 'False'
[0.346s] [34mcolcon.colcon_core.verb[0m [1;30mLevel 5[0m set package 'selfie_taker' build argument 'cmake_clean_cache' from command line to 'False'
[0.346s] [34mcolcon.colcon_core.verb[0m [1;30mLevel 5[0m set package 'selfie_taker' build argument 'cmake_clean_first' from command line to 'False'
[0.346s] [34mcolcon.colcon_core.verb[0m [1;30mLevel 5[0m set package 'selfie_taker' build argument 'cmake_force_configure' from command line to 'False'
[0.346s] [34mcolcon.colcon_core.verb[0m [1;30mLevel 5[0m set package 'selfie_taker' build argument 'ament_cmake_args' from command line to 'None'
[0.346s] [34mcolcon.colcon_core.verb[0m [1;30mLevel 5[0m set package 'selfie_taker' build argument 'catkin_cmake_args' from command line to 'None'
[0.346s] [34mcolcon.colcon_core.verb[0m [1;30mLevel 5[0m set package 'selfie_taker' build argument 'catkin_skip_building_tests' from command line to 'False'
[0.346s] [34mcolcon.colcon_core.verb[0m [1;30mDEBUG[0m [32mBuilding package 'selfie_taker' with the following arguments: {'ament_cmake_args': None, 'build_base': '/home/ashmu/ros2_ws/RS2/build/selfie_taker', 'catkin_cmake_args': None, 'catkin_skip_building_tests': False, 'cmake_args': None, 'cmake_clean_cache': False, 'cmake_clean_first': False, 'cmake_force_configure': False, 'cmake_target': None, 'cmake_target_skip_unavailable': False, 'install_base': '/home/ashmu/ros2_ws/RS2/install/selfie_taker', 'merge_install': False, 'path': '/home/ashmu/ros2_ws/RS2/src/selfie_taker', 'symlink_install': False, 'test_result_base': None}[0m
[0.347s] [34mcolcon.colcon_core.verb[0m [1;30mLevel 5[0m set package 'svg_command_subscriber' build argument 'cmake_args' from command line to 'None'
[0.347s] [34mcolcon.colcon_core.verb[0m [1;30mLevel 5[0m set package 'svg_command_subscriber' build argument 'cmake_target' from command line to 'None'
[0.347s] [34mcolcon.colcon_core.verb[0m [1;30mLevel 5[0m set package 'svg_command_subscriber' build argument 'cmake_target_skip_unavailable' from command line to 'False'
[0.347s] [34mcolcon.colcon_core.verb[0m [1;30mLevel 5[0m set package 'svg_command_subscriber' build argument 'cmake_clean_cache' from command line to 'False'
[0.347s] [34mcolcon.colcon_core.verb[0m [1;30mLevel 5[0m set package 'svg_command_subscriber' build argument 'cmake_clean_first' from command line to 'False'
[0.347s] [34mcolcon.colcon_core.verb[0m [1;30mLevel 5[0m set package 'svg_command_subscriber' build argument 'cmake_force_configure' from command line to 'False'
[0.347s] [34mcolcon.colcon_core.verb[0m [1;30mLevel 5[0m set package 'svg_command_subscriber' build argument 'ament_cmake_args' from command line to 'None'
[0.347s] [34mcolcon.colcon_core.verb[0m [1;30mLevel 5[0m set package 'svg_command_subscriber' build argument 'catkin_cmake_args' from command line to 'None'
[0.347s] [34mcolcon.colcon_core.verb[0m [1;30mLevel 5[0m set package 'svg_command_subscriber' build argument 'catkin_skip_building_tests' from command line to 'False'
[0.347s] [34mcolcon.colcon_core.verb[0m [1;30mDEBUG[0m [32mBuilding package 'svg_command_subscriber' with the following arguments: {'ament_cmake_args': None, 'build_base': '/home/ashmu/ros2_ws/RS2/build/svg_command_subscriber', 'catkin_cmake_args': None, 'catkin_skip_building_tests': False, 'cmake_args': None, 'cmake_clean_cache': False, 'cmake_clean_first': False, 'cmake_force_configure': False, 'cmake_target': None, 'cmake_target_skip_unavailable': False, 'install_base': '/home/ashmu/ros2_ws/RS2/install/svg_command_subscriber', 'merge_install': False, 'path': '/home/ashmu/ros2_ws/RS2/src/svg_command_subscriber', 'symlink_install': False, 'test_result_base': None}[0m
[0.347s] [34mcolcon.colcon_core.verb[0m [1;30mLevel 5[0m set package 'svg_waypoint_publisher' build argument 'cmake_args' from command line to 'None'
[0.347s] [34mcolcon.colcon_core.verb[0m [1;30mLevel 5[0m set package 'svg_waypoint_publisher' build argument 'cmake_target' from command line to 'None'
[0.347s] [34mcolcon.colcon_core.verb[0m [1;30mLevel 5[0m set package 'svg_waypoint_publisher' build argument 'cmake_target_skip_unavailable' from command line to 'False'
[0.347s] [34mcolcon.colcon_core.verb[0m [1;30mLevel 5[0m set package 'svg_waypoint_publisher' build argument 'cmake_clean_cache' from command line to 'False'
[0.347s] [34mcolcon.colcon_core.verb[0m [1;30mLevel 5[0m set package 'svg_waypoint_publisher' build argument 'cmake_clean_first' from command line to 'False'
[0.347s] [34mcolcon.colcon_core.verb[0m [1;30mLevel 5[0m set package 'svg_waypoint_publisher' build argument 'cmake_force_configure' from command line to 'False'
[0.347s] [34mcolcon.colcon_core.verb[0m [1;30mLevel 5[0m set package 'svg_waypoint_publisher' build argument 'ament_cmake_args' from command line to 'None'
[0.347s] [34mcolcon.colcon_core.verb[0m [1;30mLevel 5[0m set package 'svg_waypoint_publisher' build argument 'catkin_cmake_args' from command line to 'None'
[0.347s] [34mcolcon.colcon_core.verb[0m [1;30mLevel 5[0m set package 'svg_waypoint_publisher' build argument 'catkin_skip_building_tests' from command line to 'False'
[0.347s] [34mcolcon.colcon_core.verb[0m [1;30mDEBUG[0m [32mBuilding package 'svg_waypoint_publisher' with the following arguments: {'ament_cmake_args': None, 'build_base': '/home/ashmu/ros2_ws/RS2/build/svg_waypoint_publisher', 'catkin_cmake_args': None, 'catkin_skip_building_tests': False, 'cmake_args': None, 'cmake_clean_cache': False, 'cmake_clean_first': False, 'cmake_force_configure': False, 'cmake_target': None, 'cmake_target_skip_unavailable': False, 'install_base': '/home/ashmu/ros2_ws/RS2/install/svg_waypoint_publisher', 'merge_install': False, 'path': '/home/ashmu/ros2_ws/RS2/src/svg_waypoint_publisher', 'symlink_install': False, 'test_result_base': None}[0m
[0.347s] [34mcolcon.colcon_core.verb[0m [1;30mLevel 5[0m set package 'ur3e_controller' build argument 'cmake_args' from command line to 'None'
[0.347s] [34mcolcon.colcon_core.verb[0m [1;30mLevel 5[0m set package 'ur3e_controller' build argument 'cmake_target' from command line to 'None'
[0.347s] [34mcolcon.colcon_core.verb[0m [1;30mLevel 5[0m set package 'ur3e_controller' build argument 'cmake_target_skip_unavailable' from command line to 'False'
[0.348s] [34mcolcon.colcon_core.verb[0m [1;30mLevel 5[0m set package 'ur3e_controller' build argument 'cmake_clean_cache' from command line to 'False'
[0.348s] [34mcolcon.colcon_core.verb[0m [1;30mLevel 5[0m set package 'ur3e_controller' build argument 'cmake_clean_first' from command line to 'False'
[0.348s] [34mcolcon.colcon_core.verb[0m [1;30mLevel 5[0m set package 'ur3e_controller' build argument 'cmake_force_configure' from command line to 'False'
[0.348s] [34mcolcon.colcon_core.verb[0m [1;30mLevel 5[0m set package 'ur3e_controller' build argument 'ament_cmake_args' from command line to 'None'
[0.348s] [34mcolcon.colcon_core.verb[0m [1;30mLevel 5[0m set package 'ur3e_controller' build argument 'catkin_cmake_args' from command line to 'None'
[0.348s] [34mcolcon.colcon_core.verb[0m [1;30mLevel 5[0m set package 'ur3e_controller' build argument 'catkin_skip_building_tests' from command line to 'False'
[0.348s] [34mcolcon.colcon_core.verb[0m [1;30mDEBUG[0m [32mBuilding package 'ur3e_controller' with the following arguments: {'ament_cmake_args': None, 'build_base': '/home/ashmu/ros2_ws/RS2/build/ur3e_controller', 'catkin_cmake_args': None, 'catkin_skip_building_tests': False, 'cmake_args': None, 'cmake_clean_cache': False, 'cmake_clean_first': False, 'cmake_force_configure': False, 'cmake_target': None, 'cmake_target_skip_unavailable': False, 'install_base': '/home/ashmu/ros2_ws/RS2/install/ur3e_controller', 'merge_install': False, 'path': '/home/ashmu/ros2_ws/RS2/src/ur3e_controller', 'symlink_install': False, 'test_result_base': None}[0m
[0.348s] [34mcolcon.colcon_core.executor[0m [1;30mINFO[0m Executing jobs using 'parallel' executor
[0.349s] [34mcolcon.colcon_parallel_executor.executor.parallel[0m [1;30mDEBUG[0m [32mrun_until_complete[0m
[0.349s] [34mcolcon.colcon_ros.task.ament_python.build[0m [1;30mINFO[0m Building ROS package in '/home/ashmu/ros2_ws/RS2/src/selfie_taker' with build type 'ament_python'
[0.349s] [34mcolcon.colcon_core.shell[0m [1;30mLevel 1[0m create_environment_hook('selfie_taker', 'ament_prefix_path')
[0.351s] [34mcolcon.colcon_core.plugin_system[0m [1;30mINFO[0m Skipping extension 'colcon_core.shell.bat': Not used on non-Windows systems
[0.352s] [34mcolcon.colcon_core.shell[0m [1;30mINFO[0m Creating environment hook '/home/ashmu/ros2_ws/RS2/install/selfie_taker/share/selfie_taker/hook/ament_prefix_path.ps1'
[0.352s] [34mcolcon.colcon_core.shell[0m [1;30mINFO[0m Creating environment descriptor '/home/ashmu/ros2_ws/RS2/install/selfie_taker/share/selfie_taker/hook/ament_prefix_path.dsv'
[0.353s] [34mcolcon.colcon_core.shell[0m [1;30mINFO[0m Creating environment hook '/home/ashmu/ros2_ws/RS2/install/selfie_taker/share/selfie_taker/hook/ament_prefix_path.sh'
[0.353s] [34mcolcon.colcon_core.shell[0m [1;30mINFO[0m Skip shell extension 'powershell' for command environment: Not usable outside of PowerShell
[0.353s] [34mcolcon.colcon_core.shell[0m [1;30mDEBUG[0m [32mSkip shell extension 'dsv' for command environment[0m
[0.361s] [34mcolcon.colcon_ros.task.ament_python.build[0m [1;30mINFO[0m Building ROS package in '/home/ashmu/ros2_ws/RS2/src/svg_command_subscriber' with build type 'ament_python'
[0.361s] [34mcolcon.colcon_core.shell[0m [1;30mLevel 1[0m create_environment_hook('svg_command_subscriber', 'ament_prefix_path')
[0.361s] [34mcolcon.colcon_core.shell[0m [1;30mINFO[0m Creating environment hook '/home/ashmu/ros2_ws/RS2/install/svg_command_subscriber/share/svg_command_subscriber/hook/ament_prefix_path.ps1'
[0.362s] [34mcolcon.colcon_core.shell[0m [1;30mINFO[0m Creating environment descriptor '/home/ashmu/ros2_ws/RS2/install/svg_command_subscriber/share/svg_command_subscriber/hook/ament_prefix_path.dsv'
[0.362s] [34mcolcon.colcon_core.shell[0m [1;30mINFO[0m Creating environment hook '/home/ashmu/ros2_ws/RS2/install/svg_command_subscriber/share/svg_command_subscriber/hook/ament_prefix_path.sh'
[0.362s] [34mcolcon.colcon_core.shell[0m [1;30mINFO[0m Skip shell extension 'powershell' for command environment: Not usable outside of PowerShell
[0.362s] [34mcolcon.colcon_core.shell[0m [1;30mDEBUG[0m [32mSkip shell extension 'dsv' for command environment[0m
[0.369s] [34mcolcon.colcon_ros.task.ament_python.build[0m [1;30mINFO[0m Building ROS package in '/home/ashmu/ros2_ws/RS2/src/svg_waypoint_publisher' with build type 'ament_python'
[0.369s] [34mcolcon.colcon_core.shell[0m [1;30mLevel 1[0m create_environment_hook('svg_waypoint_publisher', 'ament_prefix_path')
[0.369s] [34mcolcon.colcon_core.shell[0m [1;30mINFO[0m Creating environment hook '/home/ashmu/ros2_ws/RS2/install/svg_waypoint_publisher/share/svg_waypoint_publisher/hook/ament_prefix_path.ps1'
[0.370s] [34mcolcon.colcon_core.shell[0m [1;30mINFO[0m Creating environment descriptor '/home/ashmu/ros2_ws/RS2/install/svg_waypoint_publisher/share/svg_waypoint_publisher/hook/ament_prefix_path.dsv'
[0.370s] [34mcolcon.colcon_core.shell[0m [1;30mINFO[0m Creating environment hook '/home/ashmu/ros2_ws/RS2/install/svg_waypoint_publisher/share/svg_waypoint_publisher/hook/ament_prefix_path.sh'
[0.371s] [34mcolcon.colcon_core.shell[0m [1;30mINFO[0m Skip shell extension 'powershell' for command environment: Not usable outside of PowerShell
[0.371s] [34mcolcon.colcon_core.shell[0m [1;30mDEBUG[0m [32mSkip shell extension 'dsv' for command environment[0m
[0.379s] [34mcolcon.colcon_ros.task.ament_cmake.build[0m [1;30mINFO[0m Building ROS package in '/home/ashmu/ros2_ws/RS2/src/ur3e_controller' with build type 'ament_cmake'
[0.380s] [34mcolcon.colcon_cmake.task.cmake.build[0m [1;30mINFO[0m Building CMake package in '/home/ashmu/ros2_ws/RS2/src/ur3e_controller'
[0.380s] [34mcolcon.colcon_core.shell[0m [1;30mINFO[0m Skip shell extension 'powershell' for command environment: Not usable outside of PowerShell
[0.380s] [34mcolcon.colcon_core.shell[0m [1;30mDEBUG[0m [32mSkip shell extension 'dsv' for command environment[0m
[0.638s] [34mcolcon.colcon_core.task.python.build[0m [1;30mINFO[0m Building Python package in '/home/ashmu/ros2_ws/RS2/src/selfie_taker'
[0.638s] [34mcolcon.colcon_core.shell[0m [1;30mINFO[0m Skip shell extension 'powershell' for command environment: Not usable outside of PowerShell
[0.638s] [34mcolcon.colcon_core.shell[0m [1;30mDEBUG[0m [32mSkip shell extension 'dsv' for command environment[0m
[0.892s] [34mcolcon.colcon_core.task.python.build[0m [1;30mINFO[0m Building Python package in '/home/ashmu/ros2_ws/RS2/src/svg_command_subscriber'
[0.892s] [34mcolcon.colcon_core.shell[0m [1;30mINFO[0m Skip shell extension 'powershell' for command environment: Not usable outside of PowerShell
[0.893s] [34mcolcon.colcon_core.shell[0m [1;30mDEBUG[0m [32mSkip shell extension 'dsv' for command environment[0m
[1.097s] [34mcolcon.colcon_core.task.python.build[0m [1;30mINFO[0m Building Python package in '/home/ashmu/ros2_ws/RS2/src/svg_waypoint_publisher'
[1.098s] [34mcolcon.colcon_core.shell[0m [1;30mINFO[0m Skip shell extension 'powershell' for command environment: Not usable outside of PowerShell
[1.098s] [34mcolcon.colcon_core.shell[0m [1;30mDEBUG[0m [32mSkip shell extension 'dsv' for command environment[0m
[1.109s] [34mcolcon.colcon_core.event_handler.log_command[0m [1;30mDEBUG[0m [32mInvoking command in '/home/ashmu/ros2_ws/RS2/build/ur3e_controller': CMAKE_PREFIX_PATH=${CMAKE_PREFIX_PATH}:/home/ashmu/ros2_ws/RS2/install/svg_waypoint_publisher:/home/ashmu/ros2_ws/RS2/install/svg_command_subscriber:/home/ashmu/ros2_ws/RS2/install/selfie_taker:/home/ashmu/ros2_ws/install/svg_waypoint_publisher:/home/ashmu/ros2_ws/install/svg_command_subscriber:/home/ashmu/ros2_ws/install/selfie_taker:/home/ashmu/ros2_ws/install/rqt_joint_trajectory_controller:/home/ashmu/ros2_ws/install/rqt_controller_manager:/home/ashmu/ros2_ws/install/ros2controlcli:/home/ashmu/ros2_ws/install/ros2_controllers_test_nodes:/opt/ros/humble /usr/bin/cmake --build /home/ashmu/ros2_ws/RS2/build/ur3e_controller -- -j12 -l12[0m
[1.240s] [34mcolcon.colcon_core.event_handler.log_command[0m [1;30mDEBUG[0m [32mInvoked command in '/home/ashmu/ros2_ws/RS2/build/ur3e_controller' returned '0': CMAKE_PREFIX_PATH=${CMAKE_PREFIX_PATH}:/home/ashmu/ros2_ws/RS2/install/svg_waypoint_publisher:/home/ashmu/ros2_ws/RS2/install/svg_command_subscriber:/home/ashmu/ros2_ws/RS2/install/selfie_taker:/home/ashmu/ros2_ws/install/svg_waypoint_publisher:/home/ashmu/ros2_ws/install/svg_command_subscriber:/home/ashmu/ros2_ws/install/selfie_taker:/home/ashmu/ros2_ws/install/rqt_joint_trajectory_controller:/home/ashmu/ros2_ws/install/rqt_controller_manager:/home/ashmu/ros2_ws/install/ros2controlcli:/home/ashmu/ros2_ws/install/ros2_controllers_test_nodes:/opt/ros/humble /usr/bin/cmake --build /home/ashmu/ros2_ws/RS2/build/ur3e_controller -- -j12 -l12[0m
[1.257s] [34mcolcon.colcon_core.event_handler.log_command[0m [1;30mDEBUG[0m [32mInvoking command in '/home/ashmu/ros2_ws/RS2/build/ur3e_controller': CMAKE_PREFIX_PATH=${CMAKE_PREFIX_PATH}:/home/ashmu/ros2_ws/RS2/install/svg_waypoint_publisher:/home/ashmu/ros2_ws/RS2/install/svg_command_subscriber:/home/ashmu/ros2_ws/RS2/install/selfie_taker:/home/ashmu/ros2_ws/install/svg_waypoint_publisher:/home/ashmu/ros2_ws/install/svg_command_subscriber:/home/ashmu/ros2_ws/install/selfie_taker:/home/ashmu/ros2_ws/install/rqt_joint_trajectory_controller:/home/ashmu/ros2_ws/install/rqt_controller_manager:/home/ashmu/ros2_ws/install/ros2controlcli:/home/ashmu/ros2_ws/install/ros2_controllers_test_nodes:/opt/ros/humble /usr/bin/cmake --install /home/ashmu/ros2_ws/RS2/build/ur3e_controller[0m
[1.272s] [34mcolcon.colcon_core.environment[0m [1;30mLevel 1[0m create_environment_scripts_only(ur3e_controller)
[1.273s] [34mcolcon.colcon_core.event_handler.log_command[0m [1;30mDEBUG[0m [32mInvoked command in '/home/ashmu/ros2_ws/RS2/build/ur3e_controller' returned '0': CMAKE_PREFIX_PATH=${CMAKE_PREFIX_PATH}:/home/ashmu/ros2_ws/RS2/install/svg_waypoint_publisher:/home/ashmu/ros2_ws/RS2/install/svg_command_subscriber:/home/ashmu/ros2_ws/RS2/install/selfie_taker:/home/ashmu/ros2_ws/install/svg_waypoint_publisher:/home/ashmu/ros2_ws/install/svg_command_subscriber:/home/ashmu/ros2_ws/install/selfie_taker:/home/ashmu/ros2_ws/install/rqt_joint_trajectory_controller:/home/ashmu/ros2_ws/install/rqt_controller_manager:/home/ashmu/ros2_ws/install/ros2controlcli:/home/ashmu/ros2_ws/install/ros2_controllers_test_nodes:/opt/ros/humble /usr/bin/cmake --install /home/ashmu/ros2_ws/RS2/build/ur3e_controller[0m
[1.275s] [34mcolcon.colcon_core.environment[0m [1;30mLevel 1[0m checking '/home/ashmu/ros2_ws/RS2/install/ur3e_controller' for CMake module files
[1.276s] [34mcolcon.colcon_core.environment[0m [1;30mLevel 1[0m checking '/home/ashmu/ros2_ws/RS2/install/ur3e_controller' for CMake config files
[1.276s] [34mcolcon.colcon_core.shell[0m [1;30mLevel 1[0m create_environment_hook('ur3e_controller', 'cmake_prefix_path')
[1.276s] [34mcolcon.colcon_core.shell[0m [1;30mINFO[0m Creating environment hook '/home/ashmu/ros2_ws/RS2/install/ur3e_controller/share/ur3e_controller/hook/cmake_prefix_path.ps1'
[1.277s] [34mcolcon.colcon_core.shell[0m [1;30mINFO[0m Creating environment descriptor '/home/ashmu/ros2_ws/RS2/install/ur3e_controller/share/ur3e_controller/hook/cmake_prefix_path.dsv'
[1.277s] [34mcolcon.colcon_core.shell[0m [1;30mINFO[0m Creating environment hook '/home/ashmu/ros2_ws/RS2/install/ur3e_controller/share/ur3e_controller/hook/cmake_prefix_path.sh'
[1.278s] [34mcolcon.colcon_core.environment[0m [1;30mLevel 1[0m checking '/home/ashmu/ros2_ws/RS2/install/ur3e_controller/lib'
[1.278s] [34mcolcon.colcon_core.environment[0m [1;30mLevel 1[0m checking '/home/ashmu/ros2_ws/RS2/install/ur3e_controller/bin'
[1.278s] [34mcolcon.colcon_core.environment[0m [1;30mLevel 1[0m checking '/home/ashmu/ros2_ws/RS2/install/ur3e_controller/lib/pkgconfig/ur3e_controller.pc'
[1.278s] [34mcolcon.colcon_core.environment[0m [1;30mLevel 1[0m checking '/home/ashmu/ros2_ws/RS2/install/ur3e_controller/lib/python3.10/site-packages'
[1.278s] [34mcolcon.colcon_core.environment[0m [1;30mLevel 1[0m checking '/home/ashmu/ros2_ws/RS2/install/ur3e_controller/bin'
[1.278s] [34mcolcon.colcon_core.shell[0m [1;30mINFO[0m Creating package script '/home/ashmu/ros2_ws/RS2/install/ur3e_controller/share/ur3e_controller/package.ps1'
[1.279s] [34mcolcon.colcon_core.shell[0m [1;30mINFO[0m Creating package descriptor '/home/ashmu/ros2_ws/RS2/install/ur3e_controller/share/ur3e_controller/package.dsv'
[1.280s] [34mcolcon.colcon_core.shell[0m [1;30mINFO[0m Creating package script '/home/ashmu/ros2_ws/RS2/install/ur3e_controller/share/ur3e_controller/package.sh'
[1.280s] [34mcolcon.colcon_core.shell[0m [1;30mINFO[0m Creating package script '/home/ashmu/ros2_ws/RS2/install/ur3e_controller/share/ur3e_controller/package.bash'
[1.281s] [34mcolcon.colcon_core.shell[0m [1;30mINFO[0m Creating package script '/home/ashmu/ros2_ws/RS2/install/ur3e_controller/share/ur3e_controller/package.zsh'
[1.281s] [34mcolcon.colcon_core.environment[0m [1;30mLevel 1[0m create_file_with_runtime_dependencies(/home/ashmu/ros2_ws/RS2/install/ur3e_controller/share/colcon-core/packages/ur3e_controller)
[1.282s] [34mcolcon.colcon_core.environment[0m [1;30mLevel 1[0m create_environment_scripts_only(ur3e_controller)
[1.282s] [34mcolcon.colcon_core.environment[0m [1;30mLevel 1[0m checking '/home/ashmu/ros2_ws/RS2/install/ur3e_controller' for CMake module files
[1.282s] [34mcolcon.colcon_core.environment[0m [1;30mLevel 1[0m checking '/home/ashmu/ros2_ws/RS2/install/ur3e_controller' for CMake config files
[1.283s] [34mcolcon.colcon_core.shell[0m [1;30mLevel 1[0m create_environment_hook('ur3e_controller', 'cmake_prefix_path')
[1.283s] [34mcolcon.colcon_core.shell[0m [1;30mINFO[0m Creating environment hook '/home/ashmu/ros2_ws/RS2/install/ur3e_controller/share/ur3e_controller/hook/cmake_prefix_path.ps1'
[1.283s] [34mcolcon.colcon_core.shell[0m [1;30mINFO[0m Creating environment descriptor '/home/ashmu/ros2_ws/RS2/install/ur3e_controller/share/ur3e_controller/hook/cmake_prefix_path.dsv'
[1.283s] [34mcolcon.colcon_core.shell[0m [1;30mINFO[0m Creating environment hook '/home/ashmu/ros2_ws/RS2/install/ur3e_controller/share/ur3e_controller/hook/cmake_prefix_path.sh'
[1.284s] [34mcolcon.colcon_core.environment[0m [1;30mLevel 1[0m checking '/home/ashmu/ros2_ws/RS2/install/ur3e_controller/lib'
[1.284s] [34mcolcon.colcon_core.environment[0m [1;30mLevel 1[0m checking '/home/ashmu/ros2_ws/RS2/install/ur3e_controller/bin'
[1.284s] [34mcolcon.colcon_core.environment[0m [1;30mLevel 1[0m checking '/home/ashmu/ros2_ws/RS2/install/ur3e_controller/lib/pkgconfig/ur3e_controller.pc'
[1.284s] [34mcolcon.colcon_core.environment[0m [1;30mLevel 1[0m checking '/home/ashmu/ros2_ws/RS2/install/ur3e_controller/lib/python3.10/site-packages'
[1.284s] [34mcolcon.colcon_core.environment[0m [1;30mLevel 1[0m checking '/home/ashmu/ros2_ws/RS2/install/ur3e_controller/bin'
[1.284s] [34mcolcon.colcon_core.shell[0m [1;30mINFO[0m Creating package script '/home/ashmu/ros2_ws/RS2/install/ur3e_controller/share/ur3e_controller/package.ps1'
[1.285s] [34mcolcon.colcon_core.shell[0m [1;30mINFO[0m Creating package descriptor '/home/ashmu/ros2_ws/RS2/install/ur3e_controller/share/ur3e_controller/package.dsv'
[1.285s] [34mcolcon.colcon_core.shell[0m [1;30mINFO[0m Creating package script '/home/ashmu/ros2_ws/RS2/install/ur3e_controller/share/ur3e_controller/package.sh'
[1.285s] [34mcolcon.colcon_core.shell[0m [1;30mINFO[0m Creating package script '/home/ashmu/ros2_ws/RS2/install/ur3e_controller/share/ur3e_controller/package.bash'
[1.286s] [34mcolcon.colcon_core.shell[0m [1;30mINFO[0m Creating package script '/home/ashmu/ros2_ws/RS2/install/ur3e_controller/share/ur3e_controller/package.zsh'
[1.286s] [34mcolcon.colcon_core.environment[0m [1;30mLevel 1[0m create_file_with_runtime_dependencies(/home/ashmu/ros2_ws/RS2/install/ur3e_controller/share/colcon-core/packages/ur3e_controller)
[1.419s] [34mcolcon.colcon_core.event_handler.log_command[0m [1;30mDEBUG[0m [32mInvoking command in '/home/ashmu/ros2_ws/RS2/src/svg_command_subscriber': PYTHONPATH=/home/ashmu/ros2_ws/RS2/build/svg_command_subscriber/prefix_override:/usr/lib/python3/dist-packages/colcon_core/task/python/colcon_distutils_commands:/home/ashmu/ros2_ws/RS2/install/svg_command_subscriber/lib/python3.10/site-packages:${PYTHONPATH} /usr/bin/python3 -W ignore:setup.py install is deprecated -W ignore:easy_install command is deprecated setup.py egg_info --egg-base ../../build/svg_command_subscriber build --build-base /home/ashmu/ros2_ws/RS2/build/svg_command_subscriber/build install --record /home/ashmu/ros2_ws/RS2/build/svg_command_subscriber/install.log --single-version-externally-managed install_data[0m
[1.434s] [34mcolcon.colcon_core.event_handler.log_command[0m [1;30mDEBUG[0m [32mInvoking command in '/home/ashmu/ros2_ws/RS2/src/selfie_taker': PYTHONPATH=/home/ashmu/ros2_ws/RS2/build/selfie_taker/prefix_override:/usr/lib/python3/dist-packages/colcon_core/task/python/colcon_distutils_commands:/home/ashmu/ros2_ws/RS2/install/selfie_taker/lib/python3.10/site-packages:${PYTHONPATH} /usr/bin/python3 -W ignore:setup.py install is deprecated -W ignore:easy_install command is deprecated setup.py egg_info --egg-base ../../build/selfie_taker build --build-base /home/ashmu/ros2_ws/RS2/build/selfie_taker/build install --record /home/ashmu/ros2_ws/RS2/build/selfie_taker/install.log --single-version-externally-managed install_data[0m
[1.466s] [34mcolcon.colcon_core.event_handler.log_command[0m [1;30mDEBUG[0m [32mInvoking command in '/home/ashmu/ros2_ws/RS2/src/svg_waypoint_publisher': PYTHONPATH=/home/ashmu/ros2_ws/RS2/build/svg_waypoint_publisher/prefix_override:/usr/lib/python3/dist-packages/colcon_core/task/python/colcon_distutils_commands:/home/ashmu/ros2_ws/RS2/install/svg_waypoint_publisher/lib/python3.10/site-packages:${PYTHONPATH} /usr/bin/python3 -W ignore:setup.py install is deprecated -W ignore:easy_install command is deprecated setup.py egg_info --egg-base ../../build/svg_waypoint_publisher build --build-base /home/ashmu/ros2_ws/RS2/build/svg_waypoint_publisher/build install --record /home/ashmu/ros2_ws/RS2/build/svg_waypoint_publisher/install.log --single-version-externally-managed install_data[0m
[1.658s] [34mcolcon.colcon_core.environment[0m [1;30mLevel 1[0m checking '/home/ashmu/ros2_ws/RS2/install/selfie_taker' for CMake module files
[1.659s] [34mcolcon.colcon_core.event_handler.log_command[0m [1;30mDEBUG[0m [32mInvoked command in '/home/ashmu/ros2_ws/RS2/src/selfie_taker' returned '0': PYTHONPATH=/home/ashmu/ros2_ws/RS2/build/selfie_taker/prefix_override:/usr/lib/python3/dist-packages/colcon_core/task/python/colcon_distutils_commands:/home/ashmu/ros2_ws/RS2/install/selfie_taker/lib/python3.10/site-packages:${PYTHONPATH} /usr/bin/python3 -W ignore:setup.py install is deprecated -W ignore:easy_install command is deprecated setup.py egg_info --egg-base ../../build/selfie_taker build --build-base /home/ashmu/ros2_ws/RS2/build/selfie_taker/build install --record /home/ashmu/ros2_ws/RS2/build/selfie_taker/install.log --single-version-externally-managed install_data[0m
[1.659s] [34mcolcon.colcon_core.environment[0m [1;30mLevel 1[0m checking '/home/ashmu/ros2_ws/RS2/install/selfie_taker' for CMake config files
[1.660s] [34mcolcon.colcon_core.environment[0m [1;30mLevel 1[0m checking '/home/ashmu/ros2_ws/RS2/install/selfie_taker/lib'
[1.660s] [34mcolcon.colcon_core.environment[0m [1;30mLevel 1[0m checking '/home/ashmu/ros2_ws/RS2/install/selfie_taker/bin'
[1.660s] [34mcolcon.colcon_core.environment[0m [1;30mLevel 1[0m checking '/home/ashmu/ros2_ws/RS2/install/selfie_taker/lib/pkgconfig/selfie_taker.pc'
[1.660s] [34mcolcon.colcon_core.environment[0m [1;30mLevel 1[0m checking '/home/ashmu/ros2_ws/RS2/install/selfie_taker/lib/python3.10/site-packages'
[1.660s] [34mcolcon.colcon_core.shell[0m [1;30mLevel 1[0m create_environment_hook('selfie_taker', 'pythonpath')
[1.660s] [34mcolcon.colcon_core.shell[0m [1;30mINFO[0m Creating environment hook '/home/ashmu/ros2_ws/RS2/install/selfie_taker/share/selfie_taker/hook/pythonpath.ps1'
[1.660s] [34mcolcon.colcon_core.shell[0m [1;30mINFO[0m Creating environment descriptor '/home/ashmu/ros2_ws/RS2/install/selfie_taker/share/selfie_taker/hook/pythonpath.dsv'
[1.661s] [34mcolcon.colcon_core.shell[0m [1;30mINFO[0m Creating environment hook '/home/ashmu/ros2_ws/RS2/install/selfie_taker/share/selfie_taker/hook/pythonpath.sh'
[1.662s] [34mcolcon.colcon_core.environment[0m [1;30mLevel 1[0m checking '/home/ashmu/ros2_ws/RS2/install/selfie_taker/bin'
[1.662s] [34mcolcon.colcon_core.environment[0m [1;30mLevel 1[0m create_environment_scripts_only(selfie_taker)
[1.663s] [34mcolcon.colcon_core.shell[0m [1;30mINFO[0m Creating package script '/home/ashmu/ros2_ws/RS2/install/selfie_taker/share/selfie_taker/package.ps1'
[1.664s] [34mcolcon.colcon_core.shell[0m [1;30mINFO[0m Creating package descriptor '/home/ashmu/ros2_ws/RS2/install/selfie_taker/share/selfie_taker/package.dsv'
[1.664s] [34mcolcon.colcon_core.shell[0m [1;30mINFO[0m Creating package script '/home/ashmu/ros2_ws/RS2/install/selfie_taker/share/selfie_taker/package.sh'
[1.665s] [34mcolcon.colcon_core.shell[0m [1;30mINFO[0m Creating package script '/home/ashmu/ros2_ws/RS2/install/selfie_taker/share/selfie_taker/package.bash'
[1.665s] [34mcolcon.colcon_core.shell[0m [1;30mINFO[0m Creating package script '/home/ashmu/ros2_ws/RS2/install/selfie_taker/share/selfie_taker/package.zsh'
[1.666s] [34mcolcon.colcon_core.environment[0m [1;30mLevel 1[0m create_file_with_runtime_dependencies(/home/ashmu/ros2_ws/RS2/install/selfie_taker/share/colcon-core/packages/selfie_taker)
[1.668s] [34mcolcon.colcon_core.environment[0m [1;30mLevel 1[0m checking '/home/ashmu/ros2_ws/RS2/install/svg_command_subscriber' for CMake module files
[1.668s] [34mcolcon.colcon_core.event_handler.log_command[0m [1;30mDEBUG[0m [32mInvoked command in '/home/ashmu/ros2_ws/RS2/src/svg_command_subscriber' returned '0': PYTHONPATH=/home/ashmu/ros2_ws/RS2/build/svg_command_subscriber/prefix_override:/usr/lib/python3/dist-packages/colcon_core/task/python/colcon_distutils_commands:/home/ashmu/ros2_ws/RS2/install/svg_command_subscriber/lib/python3.10/site-packages:${PYTHONPATH} /usr/bin/python3 -W ignore:setup.py install is deprecated -W ignore:easy_install command is deprecated setup.py egg_info --egg-base ../../build/svg_command_subscriber build --build-base /home/ashmu/ros2_ws/RS2/build/svg_command_subscriber/build install --record /home/ashmu/ros2_ws/RS2/build/svg_command_subscriber/install.log --single-version-externally-managed install_data[0m
[1.668s] [34mcolcon.colcon_core.environment[0m [1;30mLevel 1[0m checking '/home/ashmu/ros2_ws/RS2/install/svg_command_subscriber' for CMake config files
[1.669s] [34mcolcon.colcon_core.environment[0m [1;30mLevel 1[0m checking '/home/ashmu/ros2_ws/RS2/install/svg_command_subscriber/lib'
[1.669s] [34mcolcon.colcon_core.environment[0m [1;30mLevel 1[0m checking '/home/ashmu/ros2_ws/RS2/install/svg_command_subscriber/bin'
[1.669s] [34mcolcon.colcon_core.environment[0m [1;30mLevel 1[0m checking '/home/ashmu/ros2_ws/RS2/install/svg_command_subscriber/lib/pkgconfig/svg_command_subscriber.pc'
[1.669s] [34mcolcon.colcon_core.environment[0m [1;30mLevel 1[0m checking '/home/ashmu/ros2_ws/RS2/install/svg_command_subscriber/lib/python3.10/site-packages'
[1.669s] [34mcolcon.colcon_core.shell[0m [1;30mLevel 1[0m create_environment_hook('svg_command_subscriber', 'pythonpath')
[1.669s] [34mcolcon.colcon_core.shell[0m [1;30mINFO[0m Creating environment hook '/home/ashmu/ros2_ws/RS2/install/svg_command_subscriber/share/svg_command_subscriber/hook/pythonpath.ps1'
[1.669s] [34mcolcon.colcon_core.shell[0m [1;30mINFO[0m Creating environment descriptor '/home/ashmu/ros2_ws/RS2/install/svg_command_subscriber/share/svg_command_subscriber/hook/pythonpath.dsv'
[1.670s] [34mcolcon.colcon_core.shell[0m [1;30mINFO[0m Creating environment hook '/home/ashmu/ros2_ws/RS2/install/svg_command_subscriber/share/svg_command_subscriber/hook/pythonpath.sh'
[1.670s] [34mcolcon.colcon_core.environment[0m [1;30mLevel 1[0m checking '/home/ashmu/ros2_ws/RS2/install/svg_command_subscriber/bin'
[1.670s] [34mcolcon.colcon_core.environment[0m [1;30mLevel 1[0m create_environment_scripts_only(svg_command_subscriber)
[1.670s] [34mcolcon.colcon_core.shell[0m [1;30mINFO[0m Creating package script '/home/ashmu/ros2_ws/RS2/install/svg_command_subscriber/share/svg_command_subscriber/package.ps1'
[1.671s] [34mcolcon.colcon_core.shell[0m [1;30mINFO[0m Creating package descriptor '/home/ashmu/ros2_ws/RS2/install/svg_command_subscriber/share/svg_command_subscriber/package.dsv'
[1.671s] [34mcolcon.colcon_core.shell[0m [1;30mINFO[0m Creating package script '/home/ashmu/ros2_ws/RS2/install/svg_command_subscriber/share/svg_command_subscriber/package.sh'
[1.671s] [34mcolcon.colcon_core.shell[0m [1;30mINFO[0m Creating package script '/home/ashmu/ros2_ws/RS2/install/svg_command_subscriber/share/svg_command_subscriber/package.bash'
[1.672s] [34mcolcon.colcon_core.shell[0m [1;30mINFO[0m Creating package script '/home/ashmu/ros2_ws/RS2/install/svg_command_subscriber/share/svg_command_subscriber/package.zsh'
[1.672s] [34mcolcon.colcon_core.environment[0m [1;30mLevel 1[0m create_file_with_runtime_dependencies(/home/ashmu/ros2_ws/RS2/install/svg_command_subscriber/share/colcon-core/packages/svg_command_subscriber)
[1.701s] [34mcolcon.colcon_core.environment[0m [1;30mLevel 1[0m checking '/home/ashmu/ros2_ws/RS2/install/svg_waypoint_publisher' for CMake module files
[1.702s] [34mcolcon.colcon_core.event_handler.log_command[0m [1;30mDEBUG[0m [32mInvoked command in '/home/ashmu/ros2_ws/RS2/src/svg_waypoint_publisher' returned '0': PYTHONPATH=/home/ashmu/ros2_ws/RS2/build/svg_waypoint_publisher/prefix_override:/usr/lib/python3/dist-packages/colcon_core/task/python/colcon_distutils_commands:/home/ashmu/ros2_ws/RS2/install/svg_waypoint_publisher/lib/python3.10/site-packages:${PYTHONPATH} /usr/bin/python3 -W ignore:setup.py install is deprecated -W ignore:easy_install command is deprecated setup.py egg_info --egg-base ../../build/svg_waypoint_publisher build --build-base /home/ashmu/ros2_ws/RS2/build/svg_waypoint_publisher/build install --record /home/ashmu/ros2_ws/RS2/build/svg_waypoint_publisher/install.log --single-version-externally-managed install_data[0m
[1.702s] [34mcolcon.colcon_core.environment[0m [1;30mLevel 1[0m checking '/home/ashmu/ros2_ws/RS2/install/svg_waypoint_publisher' for CMake config files
[1.702s] [34mcolcon.colcon_core.environment[0m [1;30mLevel 1[0m checking '/home/ashmu/ros2_ws/RS2/install/svg_waypoint_publisher/lib'
[1.702s] [34mcolcon.colcon_core.environment[0m [1;30mLevel 1[0m checking '/home/ashmu/ros2_ws/RS2/install/svg_waypoint_publisher/bin'
[1.703s] [34mcolcon.colcon_core.environment[0m [1;30mLevel 1[0m checking '/home/ashmu/ros2_ws/RS2/install/svg_waypoint_publisher/lib/pkgconfig/svg_waypoint_publisher.pc'
[1.703s] [34mcolcon.colcon_core.environment[0m [1;30mLevel 1[0m checking '/home/ashmu/ros2_ws/RS2/install/svg_waypoint_publisher/lib/python3.10/site-packages'
[1.703s] [34mcolcon.colcon_core.shell[0m [1;30mLevel 1[0m create_environment_hook('svg_waypoint_publisher', 'pythonpath')
[1.703s] [34mcolcon.colcon_core.shell[0m [1;30mINFO[0m Creating environment hook '/home/ashmu/ros2_ws/RS2/install/svg_waypoint_publisher/share/svg_waypoint_publisher/hook/pythonpath.ps1'
[1.703s] [34mcolcon.colcon_core.shell[0m [1;30mINFO[0m Creating environment descriptor '/home/ashmu/ros2_ws/RS2/install/svg_waypoint_publisher/share/svg_waypoint_publisher/hook/pythonpath.dsv'
[1.704s] [34mcolcon.colcon_core.shell[0m [1;30mINFO[0m Creating environment hook '/home/ashmu/ros2_ws/RS2/install/svg_waypoint_publisher/share/svg_waypoint_publisher/hook/pythonpath.sh'
[1.704s] [34mcolcon.colcon_core.environment[0m [1;30mLevel 1[0m checking '/home/ashmu/ros2_ws/RS2/install/svg_waypoint_publisher/bin'
[1.704s] [34mcolcon.colcon_core.environment[0m [1;30mLevel 1[0m create_environment_scripts_only(svg_waypoint_publisher)
[1.704s] [34mcolcon.colcon_core.shell[0m [1;30mINFO[0m Creating package script '/home/ashmu/ros2_ws/RS2/install/svg_waypoint_publisher/share/svg_waypoint_publisher/package.ps1'
[1.705s] [34mcolcon.colcon_core.shell[0m [1;30mINFO[0m Creating package descriptor '/home/ashmu/ros2_ws/RS2/install/svg_waypoint_publisher/share/svg_waypoint_publisher/package.dsv'
[1.705s] [34mcolcon.colcon_core.shell[0m [1;30mINFO[0m Creating package script '/home/ashmu/ros2_ws/RS2/install/svg_waypoint_publisher/share/svg_waypoint_publisher/package.sh'
[1.705s] [34mcolcon.colcon_core.shell[0m [1;30mINFO[0m Creating package script '/home/ashmu/ros2_ws/RS2/install/svg_waypoint_publisher/share/svg_waypoint_publisher/package.bash'
[1.706s] [34mcolcon.colcon_core.shell[0m [1;30mINFO[0m Creating package script '/home/ashmu/ros2_ws/RS2/install/svg_waypoint_publisher/share/svg_waypoint_publisher/package.zsh'
[1.706s] [34mcolcon.colcon_core.environment[0m [1;30mLevel 1[0m create_file_with_runtime_dependencies(/home/ashmu/ros2_ws/RS2/install/svg_waypoint_publisher/share/colcon-core/packages/svg_waypoint_publisher)
[1.706s] [34mcolcon.colcon_parallel_executor.executor.parallel[0m [1;30mDEBUG[0m [32mclosing loop[0m
[1.706s] [34mcolcon.colcon_parallel_executor.executor.parallel[0m [1;30mDEBUG[0m [32mloop closed[0m
[1.707s] [34mcolcon.colcon_parallel_executor.executor.parallel[0m [1;30mDEBUG[0m [32mrun_until_complete finished with '0'[0m
[1.707s] [34mcolcon.colcon_core.event_reactor[0m [1;30mDEBUG[0m [32mjoining thread[0m
[1.713s] [34mcolcon.colcon_core.plugin_system[0m [1;30mINFO[0m Skipping extension 'colcon_notification.desktop_notification.terminal_notifier': Not used on non-Darwin systems
[1.713s] [34mcolcon.colcon_core.plugin_system[0m [1;30mINFO[0m Skipping extension 'colcon_notification.desktop_notification.win32': Not used on non-Windows systems
[1.713s] [34mcolcon.colcon_notification.desktop_notification[0m [1;30mINFO[0m Sending desktop notification using 'notify2'
[1.722s] [34mcolcon.colcon_core.event_reactor[0m [1;30mDEBUG[0m [32mjoined thread[0m
[1.722s] [34mcolcon.colcon_core.shell[0m [1;30mINFO[0m Creating prefix script '/home/ashmu/ros2_ws/RS2/install/local_setup.ps1'
[1.723s] [34mcolcon.colcon_core.shell[0m [1;30mINFO[0m Creating prefix util module '/home/ashmu/ros2_ws/RS2/install/_local_setup_util_ps1.py'
[1.724s] [34mcolcon.colcon_core.shell[0m [1;30mINFO[0m Creating prefix chain script '/home/ashmu/ros2_ws/RS2/install/setup.ps1'
[1.727s] [34mcolcon.colcon_core.shell[0m [1;30mINFO[0m Creating prefix script '/home/ashmu/ros2_ws/RS2/install/local_setup.sh'
[1.728s] [34mcolcon.colcon_core.shell[0m [1;30mINFO[0m Creating prefix util module '/home/ashmu/ros2_ws/RS2/install/_local_setup_util_sh.py'
[1.728s] [34mcolcon.colcon_core.shell[0m [1;30mINFO[0m Creating prefix chain script '/home/ashmu/ros2_ws/RS2/install/setup.sh'
[1.731s] [34mcolcon.colcon_core.shell[0m [1;30mINFO[0m Creating prefix script '/home/ashmu/ros2_ws/RS2/install/local_setup.bash'
[1.731s] [34mcolcon.colcon_core.shell[0m [1;30mINFO[0m Creating prefix chain script '/home/ashmu/ros2_ws/RS2/install/setup.bash'
[1.734s] [34mcolcon.colcon_core.shell[0m [1;30mINFO[0m Creating prefix script '/home/ashmu/ros2_ws/RS2/install/local_setup.zsh'
[1.734s] [34mcolcon.colcon_core.shell[0m [1;30mINFO[0m Creating prefix chain script '/home/ashmu/ros2_ws/RS2/install/setup.zsh'
