[0.459s] Invoking command in '/home/ashmu/ros2_ws/RS2/build/ur3e_viewer_pkg': PYTHONPATH=/home/ashmu/ros2_ws/RS2/build/ur3e_viewer_pkg/prefix_override:/usr/lib/python3/dist-packages/colcon_core/task/python/colcon_distutils_commands:/home/ashmu/ros2_ws/RS2/install/ur3e_viewer_pkg/lib/python3.10/site-packages:${PYTHONPATH} /usr/bin/python3 -W ignore:setup.py install is deprecated -W ignore:easy_install command is deprecated setup.py develop --editable --build-directory /home/ashmu/ros2_ws/RS2/build/ur3e_viewer_pkg/build --no-deps symlink_data
[0.627s] running develop
[0.719s] running egg_info
[0.719s] creating ur3e_viewer_pkg.egg-info
[0.719s] writing ur3e_viewer_pkg.egg-info/PKG-INFO
[0.720s] writing dependency_links to ur3e_viewer_pkg.egg-info/dependency_links.txt
[0.720s] writing entry points to ur3e_viewer_pkg.egg-info/entry_points.txt
[0.720s] writing requirements to ur3e_viewer_pkg.egg-info/requires.txt
[0.720s] writing top-level names to ur3e_viewer_pkg.egg-info/top_level.txt
[0.720s] writing manifest file 'ur3e_viewer_pkg.egg-info/SOURCES.txt'
[0.721s] reading manifest file 'ur3e_viewer_pkg.egg-info/SOURCES.txt'
[0.722s] writing manifest file 'ur3e_viewer_pkg.egg-info/SOURCES.txt'
[0.723s] running build_ext
[0.723s] Creating /home/ashmu/ros2_ws/RS2/install/ur3e_viewer_pkg/lib/python3.10/site-packages/ur3e-viewer-pkg.egg-link (link to .)
[0.723s] 
[0.723s] Installed /home/ashmu/ros2_ws/RS2/build/ur3e_viewer_pkg
[0.724s] running symlink_data
[0.724s] creating /home/ashmu/ros2_ws/RS2/install/ur3e_viewer_pkg/share/ur3e_viewer_pkg/launch
[0.724s] symbolically linking /home/ashmu/ros2_ws/RS2/build/ur3e_viewer_pkg/launch/ur3e_viewer.launch.py -> /home/ashmu/ros2_ws/RS2/install/ur3e_viewer_pkg/share/ur3e_viewer_pkg/launch
[0.724s] symbolically linking /home/ashmu/ros2_ws/RS2/build/ur3e_viewer_pkg/package.xml -> /home/ashmu/ros2_ws/RS2/install/ur3e_viewer_pkg/share/ur3e_viewer_pkg
[0.757s] Invoked command in '/home/ashmu/ros2_ws/RS2/build/ur3e_viewer_pkg' returned '0': PYTHONPATH=/home/ashmu/ros2_ws/RS2/build/ur3e_viewer_pkg/prefix_override:/usr/lib/python3/dist-packages/colcon_core/task/python/colcon_distutils_commands:/home/ashmu/ros2_ws/RS2/install/ur3e_viewer_pkg/lib/python3.10/site-packages:${PYTHONPATH} /usr/bin/python3 -W ignore:setup.py install is deprecated -W ignore:easy_install command is deprecated setup.py develop --editable --build-directory /home/ashmu/ros2_ws/RS2/build/ur3e_viewer_pkg/build --no-deps symlink_data
