[0.795s] Invoking command in '/home/ashmu/ros2_ws/RS2/src/selfie_taker': PYTHONPATH=/home/ashmu/ros2_ws/RS2/build/selfie_taker/prefix_override:/usr/lib/python3/dist-packages/colcon_core/task/python/colcon_distutils_commands:/home/ashmu/ros2_ws/RS2/install/selfie_taker/lib/python3.10/site-packages:${PYTHONPATH} /usr/bin/python3 -W ignore:setup.py install is deprecated -W ignore:easy_install command is deprecated setup.py egg_info --egg-base ../../build/selfie_taker build --build-base /home/ashmu/ros2_ws/RS2/build/selfie_taker/build install --record /home/ashmu/ros2_ws/RS2/build/selfie_taker/install.log --single-version-externally-managed install_data
[0.974s] running egg_info
[0.975s] creating ../../build/selfie_taker/selfie_taker.egg-info
[0.975s] writing ../../build/selfie_taker/selfie_taker.egg-info/PKG-INFO
[0.975s] writing dependency_links to ../../build/selfie_taker/selfie_taker.egg-info/dependency_links.txt
[0.975s] writing entry points to ../../build/selfie_taker/selfie_taker.egg-info/entry_points.txt
[0.975s] writing requirements to ../../build/selfie_taker/selfie_taker.egg-info/requires.txt
[0.975s] writing top-level names to ../../build/selfie_taker/selfie_taker.egg-info/top_level.txt
[0.976s] writing manifest file '../../build/selfie_taker/selfie_taker.egg-info/SOURCES.txt'
[0.977s] reading manifest file '../../build/selfie_taker/selfie_taker.egg-info/SOURCES.txt'
[0.977s] writing manifest file '../../build/selfie_taker/selfie_taker.egg-info/SOURCES.txt'
[0.977s] running build
[0.977s] running build_py
[0.978s] creating /home/ashmu/ros2_ws/RS2/build/selfie_taker/build
[0.978s] creating /home/ashmu/ros2_ws/RS2/build/selfie_taker/build/lib
[0.978s] creating /home/ashmu/ros2_ws/RS2/build/selfie_taker/build/lib/selfie_taker
[0.978s] copying selfie_taker/Processor.py -> /home/ashmu/ros2_ws/RS2/build/selfie_taker/build/lib/selfie_taker
[0.978s] copying selfie_taker/faceDetector.py -> /home/ashmu/ros2_ws/RS2/build/selfie_taker/build/lib/selfie_taker
[0.978s] copying selfie_taker/svgSaver.py -> /home/ashmu/ros2_ws/RS2/build/selfie_taker/build/lib/selfie_taker
[0.978s] copying selfie_taker/__init__.py -> /home/ashmu/ros2_ws/RS2/build/selfie_taker/build/lib/selfie_taker
[0.978s] copying selfie_taker/lineGenerator.py -> /home/ashmu/ros2_ws/RS2/build/selfie_taker/build/lib/selfie_taker
[0.978s] running install
[0.979s] running install_lib
[0.979s] creating /home/ashmu/ros2_ws/RS2/install/selfie_taker/lib/python3.10/site-packages/selfie_taker
[0.979s] copying /home/ashmu/ros2_ws/RS2/build/selfie_taker/build/lib/selfie_taker/Processor.py -> /home/ashmu/ros2_ws/RS2/install/selfie_taker/lib/python3.10/site-packages/selfie_taker
[0.979s] copying /home/ashmu/ros2_ws/RS2/build/selfie_taker/build/lib/selfie_taker/faceDetector.py -> /home/ashmu/ros2_ws/RS2/install/selfie_taker/lib/python3.10/site-packages/selfie_taker
[0.979s] copying /home/ashmu/ros2_ws/RS2/build/selfie_taker/build/lib/selfie_taker/svgSaver.py -> /home/ashmu/ros2_ws/RS2/install/selfie_taker/lib/python3.10/site-packages/selfie_taker
[0.980s] copying /home/ashmu/ros2_ws/RS2/build/selfie_taker/build/lib/selfie_taker/__init__.py -> /home/ashmu/ros2_ws/RS2/install/selfie_taker/lib/python3.10/site-packages/selfie_taker
[0.980s] copying /home/ashmu/ros2_ws/RS2/build/selfie_taker/build/lib/selfie_taker/lineGenerator.py -> /home/ashmu/ros2_ws/RS2/install/selfie_taker/lib/python3.10/site-packages/selfie_taker
[0.980s] byte-compiling /home/ashmu/ros2_ws/RS2/install/selfie_taker/lib/python3.10/site-packages/selfie_taker/Processor.py to Processor.cpython-310.pyc
[0.981s] byte-compiling /home/ashmu/ros2_ws/RS2/install/selfie_taker/lib/python3.10/site-packages/selfie_taker/faceDetector.py to faceDetector.cpython-310.pyc
[0.981s] byte-compiling /home/ashmu/ros2_ws/RS2/install/selfie_taker/lib/python3.10/site-packages/selfie_taker/svgSaver.py to svgSaver.cpython-310.pyc
[0.981s] byte-compiling /home/ashmu/ros2_ws/RS2/install/selfie_taker/lib/python3.10/site-packages/selfie_taker/__init__.py to __init__.cpython-310.pyc
[0.982s] byte-compiling /home/ashmu/ros2_ws/RS2/install/selfie_taker/lib/python3.10/site-packages/selfie_taker/lineGenerator.py to lineGenerator.cpython-310.pyc
[0.982s] running install_data
[0.982s] creating /home/ashmu/ros2_ws/RS2/install/selfie_taker/share/ament_index
[0.982s] creating /home/ashmu/ros2_ws/RS2/install/selfie_taker/share/ament_index/resource_index
[0.982s] creating /home/ashmu/ros2_ws/RS2/install/selfie_taker/share/ament_index/resource_index/packages
[0.982s] copying resource/selfie_taker -> /home/ashmu/ros2_ws/RS2/install/selfie_taker/share/ament_index/resource_index/packages
[0.982s] copying package.xml -> /home/ashmu/ros2_ws/RS2/install/selfie_taker/share/selfie_taker
[0.982s] running install_egg_info
[0.984s] Copying ../../build/selfie_taker/selfie_taker.egg-info to /home/ashmu/ros2_ws/RS2/install/selfie_taker/lib/python3.10/site-packages/selfie_taker-0.0.0-py3.10.egg-info
[0.985s] running install_scripts
[1.001s] Installing take_selfie script to /home/ashmu/ros2_ws/RS2/install/selfie_taker/lib/selfie_taker
[1.001s] writing list of installed files to '/home/ashmu/ros2_ws/RS2/build/selfie_taker/install.log'
[1.020s] Invoked command in '/home/ashmu/ros2_ws/RS2/src/selfie_taker' returned '0': PYTHONPATH=/home/ashmu/ros2_ws/RS2/build/selfie_taker/prefix_override:/usr/lib/python3/dist-packages/colcon_core/task/python/colcon_distutils_commands:/home/ashmu/ros2_ws/RS2/install/selfie_taker/lib/python3.10/site-packages:${PYTHONPATH} /usr/bin/python3 -W ignore:setup.py install is deprecated -W ignore:easy_install command is deprecated setup.py egg_info --egg-base ../../build/selfie_taker build --build-base /home/ashmu/ros2_ws/RS2/build/selfie_taker/build install --record /home/ashmu/ros2_ws/RS2/build/selfie_taker/install.log --single-version-externally-managed install_data
