[0.926s] Invoking command in '/home/ashmu/ros2_ws/RS2/src/selfie_taker': PYTHONPATH=/home/ashmu/ros2_ws/RS2/build/selfie_taker/prefix_override:/usr/lib/python3/dist-packages/colcon_core/task/python/colcon_distutils_commands:/home/ashmu/ros2_ws/RS2/install/selfie_taker/lib/python3.10/site-packages:${PYTHONPATH} /usr/bin/python3 -W ignore:setup.py install is deprecated -W ignore:easy_install command is deprecated setup.py egg_info --egg-base ../../build/selfie_taker build --build-base /home/ashmu/ros2_ws/RS2/build/selfie_taker/build install --record /home/ashmu/ros2_ws/RS2/build/selfie_taker/install.log --single-version-externally-managed install_data
[1.091s] running egg_info
[1.092s] creating ../../build/selfie_taker/selfie_taker.egg-info
[1.093s] writing ../../build/selfie_taker/selfie_taker.egg-info/PKG-INFO
[1.093s] writing dependency_links to ../../build/selfie_taker/selfie_taker.egg-info/dependency_links.txt
[1.093s] writing entry points to ../../build/selfie_taker/selfie_taker.egg-info/entry_points.txt
[1.093s] writing requirements to ../../build/selfie_taker/selfie_taker.egg-info/requires.txt
[1.093s] writing top-level names to ../../build/selfie_taker/selfie_taker.egg-info/top_level.txt
[1.093s] writing manifest file '../../build/selfie_taker/selfie_taker.egg-info/SOURCES.txt'
[1.094s] reading manifest file '../../build/selfie_taker/selfie_taker.egg-info/SOURCES.txt'
[1.095s] writing manifest file '../../build/selfie_taker/selfie_taker.egg-info/SOURCES.txt'
[1.095s] running build
[1.095s] running build_py
[1.095s] creating /home/ashmu/ros2_ws/RS2/build/selfie_taker/build
[1.095s] creating /home/ashmu/ros2_ws/RS2/build/selfie_taker/build/lib
[1.095s] creating /home/ashmu/ros2_ws/RS2/build/selfie_taker/build/lib/selfie_taker
[1.095s] copying selfie_taker/Processor.py -> /home/ashmu/ros2_ws/RS2/build/selfie_taker/build/lib/selfie_taker
[1.095s] copying selfie_taker/faceDetector.py -> /home/ashmu/ros2_ws/RS2/build/selfie_taker/build/lib/selfie_taker
[1.095s] copying selfie_taker/svgSaver.py -> /home/ashmu/ros2_ws/RS2/build/selfie_taker/build/lib/selfie_taker
[1.095s] copying selfie_taker/__init__.py -> /home/ashmu/ros2_ws/RS2/build/selfie_taker/build/lib/selfie_taker
[1.096s] copying selfie_taker/lineGenerator.py -> /home/ashmu/ros2_ws/RS2/build/selfie_taker/build/lib/selfie_taker
[1.096s] running install
[1.096s] running install_lib
[1.096s] creating /home/ashmu/ros2_ws/RS2/install/selfie_taker/lib/python3.10/site-packages/selfie_taker
[1.096s] copying /home/ashmu/ros2_ws/RS2/build/selfie_taker/build/lib/selfie_taker/Processor.py -> /home/ashmu/ros2_ws/RS2/install/selfie_taker/lib/python3.10/site-packages/selfie_taker
[1.096s] copying /home/ashmu/ros2_ws/RS2/build/selfie_taker/build/lib/selfie_taker/faceDetector.py -> /home/ashmu/ros2_ws/RS2/install/selfie_taker/lib/python3.10/site-packages/selfie_taker
[1.096s] copying /home/ashmu/ros2_ws/RS2/build/selfie_taker/build/lib/selfie_taker/svgSaver.py -> /home/ashmu/ros2_ws/RS2/install/selfie_taker/lib/python3.10/site-packages/selfie_taker
[1.097s] copying /home/ashmu/ros2_ws/RS2/build/selfie_taker/build/lib/selfie_taker/__init__.py -> /home/ashmu/ros2_ws/RS2/install/selfie_taker/lib/python3.10/site-packages/selfie_taker
[1.097s] copying /home/ashmu/ros2_ws/RS2/build/selfie_taker/build/lib/selfie_taker/lineGenerator.py -> /home/ashmu/ros2_ws/RS2/install/selfie_taker/lib/python3.10/site-packages/selfie_taker
[1.097s] byte-compiling /home/ashmu/ros2_ws/RS2/install/selfie_taker/lib/python3.10/site-packages/selfie_taker/Processor.py to Processor.cpython-310.pyc
[1.098s] byte-compiling /home/ashmu/ros2_ws/RS2/install/selfie_taker/lib/python3.10/site-packages/selfie_taker/faceDetector.py to faceDetector.cpython-310.pyc
[1.098s] byte-compiling /home/ashmu/ros2_ws/RS2/install/selfie_taker/lib/python3.10/site-packages/selfie_taker/svgSaver.py to svgSaver.cpython-310.pyc
[1.099s] byte-compiling /home/ashmu/ros2_ws/RS2/install/selfie_taker/lib/python3.10/site-packages/selfie_taker/__init__.py to __init__.cpython-310.pyc
[1.099s] byte-compiling /home/ashmu/ros2_ws/RS2/install/selfie_taker/lib/python3.10/site-packages/selfie_taker/lineGenerator.py to lineGenerator.cpython-310.pyc
[1.099s] running install_data
[1.099s] creating /home/ashmu/ros2_ws/RS2/install/selfie_taker/share/ament_index
[1.099s] creating /home/ashmu/ros2_ws/RS2/install/selfie_taker/share/ament_index/resource_index
[1.099s] creating /home/ashmu/ros2_ws/RS2/install/selfie_taker/share/ament_index/resource_index/packages
[1.099s] copying resource/selfie_taker -> /home/ashmu/ros2_ws/RS2/install/selfie_taker/share/ament_index/resource_index/packages
[1.099s] copying package.xml -> /home/ashmu/ros2_ws/RS2/install/selfie_taker/share/selfie_taker
[1.099s] running install_egg_info
[1.101s] Copying ../../build/selfie_taker/selfie_taker.egg-info to /home/ashmu/ros2_ws/RS2/install/selfie_taker/lib/python3.10/site-packages/selfie_taker-0.0.0-py3.10.egg-info
[1.102s] running install_scripts
[1.118s] Installing take_selfie script to /home/ashmu/ros2_ws/RS2/install/selfie_taker/lib/selfie_taker
[1.118s] writing list of installed files to '/home/ashmu/ros2_ws/RS2/build/selfie_taker/install.log'
[1.168s] Invoked command in '/home/ashmu/ros2_ws/RS2/src/selfie_taker' returned '0': PYTHONPATH=/home/ashmu/ros2_ws/RS2/build/selfie_taker/prefix_override:/usr/lib/python3/dist-packages/colcon_core/task/python/colcon_distutils_commands:/home/ashmu/ros2_ws/RS2/install/selfie_taker/lib/python3.10/site-packages:${PYTHONPATH} /usr/bin/python3 -W ignore:setup.py install is deprecated -W ignore:easy_install command is deprecated setup.py egg_info --egg-base ../../build/selfie_taker build --build-base /home/ashmu/ros2_ws/RS2/build/selfie_taker/build install --record /home/ashmu/ros2_ws/RS2/build/selfie_taker/install.log --single-version-externally-managed install_data
