[0.473s] Invoking command in '/home/ashmu/ros2_ws/src/ur3e-codebase': AMENT_PREFIX_PATH=/home/ashmu/ros2_ws/install/pymoveit2:${AMENT_PREFIX_PATH} CMAKE_PREFIX_PATH=/home/ashmu/ros2_ws/install/pymoveit2 PYTHONPATH=/home/ashmu/ros2_ws/build/ur3e_control_package/prefix_override:/usr/lib/python3/dist-packages/colcon_core/task/python/colcon_distutils_commands:/home/ashmu/ros2_ws/install/ur3e_control_package/lib/python3.10/site-packages:/home/ashmu/ros2_ws/install/pymoveit2/local/lib/python3.10/dist-packages:${PYTHONPATH} /usr/bin/python3 -W ignore:setup.py install is deprecated -W ignore:easy_install command is deprecated setup.py egg_info --egg-base ../../build/ur3e_control_package build --build-base /home/ashmu/ros2_ws/build/ur3e_control_package/build install --record /home/ashmu/ros2_ws/build/ur3e_control_package/install.log --single-version-externally-managed install_data
[0.662s] running egg_info
[0.662s] writing ../../build/ur3e_control_package/ur3e_control_package.egg-info/PKG-INFO
[0.663s] writing dependency_links to ../../build/ur3e_control_package/ur3e_control_package.egg-info/dependency_links.txt
[0.663s] writing entry points to ../../build/ur3e_control_package/ur3e_control_package.egg-info/entry_points.txt
[0.663s] writing requirements to ../../build/ur3e_control_package/ur3e_control_package.egg-info/requires.txt
[0.663s] writing top-level names to ../../build/ur3e_control_package/ur3e_control_package.egg-info/top_level.txt
[0.664s] reading manifest file '../../build/ur3e_control_package/ur3e_control_package.egg-info/SOURCES.txt'
[0.664s] adding license file 'LICENSE'
[0.665s] writing manifest file '../../build/ur3e_control_package/ur3e_control_package.egg-info/SOURCES.txt'
[0.665s] running build
[0.665s] running build_py
[0.665s] running install
[0.666s] running install_lib
[0.667s] running install_data
[0.667s] running install_egg_info
[0.668s] removing '/home/ashmu/ros2_ws/install/ur3e_control_package/lib/python3.10/site-packages/ur3e_control_package-0.0.0-py3.10.egg-info' (and everything under it)
[0.669s] Copying ../../build/ur3e_control_package/ur3e_control_package.egg-info to /home/ashmu/ros2_ws/install/ur3e_control_package/lib/python3.10/site-packages/ur3e_control_package-0.0.0-py3.10.egg-info
[0.669s] running install_scripts
[0.687s] Installing initials_demo script to /home/ashmu/ros2_ws/install/ur3e_control_package/lib/ur3e_control_package
[0.687s] Installing move_command script to /home/ashmu/ros2_ws/install/ur3e_control_package/lib/ur3e_control_package
[0.687s] Installing spawn_entities script to /home/ashmu/ros2_ws/install/ur3e_control_package/lib/ur3e_control_package
[0.687s] writing list of installed files to '/home/ashmu/ros2_ws/build/ur3e_control_package/install.log'
[0.710s] Invoked command in '/home/ashmu/ros2_ws/src/ur3e-codebase' returned '0': AMENT_PREFIX_PATH=/home/ashmu/ros2_ws/install/pymoveit2:${AMENT_PREFIX_PATH} CMAKE_PREFIX_PATH=/home/ashmu/ros2_ws/install/pymoveit2 PYTHONPATH=/home/ashmu/ros2_ws/build/ur3e_control_package/prefix_override:/usr/lib/python3/dist-packages/colcon_core/task/python/colcon_distutils_commands:/home/ashmu/ros2_ws/install/ur3e_control_package/lib/python3.10/site-packages:/home/ashmu/ros2_ws/install/pymoveit2/local/lib/python3.10/dist-packages:${PYTHONPATH} /usr/bin/python3 -W ignore:setup.py install is deprecated -W ignore:easy_install command is deprecated setup.py egg_info --egg-base ../../build/ur3e_control_package build --build-base /home/ashmu/ros2_ws/build/ur3e_control_package/build install --record /home/ashmu/ros2_ws/build/ur3e_control_package/install.log --single-version-externally-managed install_data
