[1.243s] Invoking command in '/home/ashmu/ros2_ws/RS2/build/selfie_taker': PYTHONPATH=/home/ashmu/ros2_ws/RS2/build/selfie_taker/prefix_override:/usr/lib/python3/dist-packages/colcon_core/task/python/colcon_distutils_commands:/home/ashmu/ros2_ws/RS2/install/selfie_taker/lib/python3.10/site-packages:${PYTHONPATH} /usr/bin/python3 -W ignore:setup.py install is deprecated -W ignore:easy_install command is deprecated setup.py develop --uninstall --editable --build-directory /home/ashmu/ros2_ws/RS2/build/selfie_taker/build
[1.481s] running develop
[1.598s] Removing /home/ashmu/ros2_ws/RS2/install/selfie_taker/lib/python3.10/site-packages/selfie-taker.egg-link (link to .)
[1.662s] Invoked command in '/home/ashmu/ros2_ws/RS2/build/selfie_taker' returned '0': PYTHONPATH=/home/ashmu/ros2_ws/RS2/build/selfie_taker/prefix_override:/usr/lib/python3/dist-packages/colcon_core/task/python/colcon_distutils_commands:/home/ashmu/ros2_ws/RS2/install/selfie_taker/lib/python3.10/site-packages:${PYTHONPATH} /usr/bin/python3 -W ignore:setup.py install is deprecated -W ignore:easy_install command is deprecated setup.py develop --uninstall --editable --build-directory /home/ashmu/ros2_ws/RS2/build/selfie_taker/build
[1.663s] Invoking command in '/home/ashmu/ros2_ws/RS2/src/selfie_taker': PYTHONPATH=/home/ashmu/ros2_ws/RS2/build/selfie_taker/prefix_override:/usr/lib/python3/dist-packages/colcon_core/task/python/colcon_distutils_commands:/home/ashmu/ros2_ws/RS2/install/selfie_taker/lib/python3.10/site-packages:${PYTHONPATH} /usr/bin/python3 -W ignore:setup.py install is deprecated -W ignore:easy_install command is deprecated setup.py egg_info --egg-base ../../build/selfie_taker build --build-base /home/ashmu/ros2_ws/RS2/build/selfie_taker/build install --record /home/ashmu/ros2_ws/RS2/build/selfie_taker/install.log --single-version-externally-managed install_data --force
[1.890s] running egg_info
[1.890s] writing ../../build/selfie_taker/selfie_taker.egg-info/PKG-INFO
[1.891s] writing dependency_links to ../../build/selfie_taker/selfie_taker.egg-info/dependency_links.txt
[1.891s] writing entry points to ../../build/selfie_taker/selfie_taker.egg-info/entry_points.txt
[1.891s] writing requirements to ../../build/selfie_taker/selfie_taker.egg-info/requires.txt
[1.891s] writing top-level names to ../../build/selfie_taker/selfie_taker.egg-info/top_level.txt
[1.892s] reading manifest file '../../build/selfie_taker/selfie_taker.egg-info/SOURCES.txt'
[1.893s] writing manifest file '../../build/selfie_taker/selfie_taker.egg-info/SOURCES.txt'
[1.893s] running build
[1.894s] running build_py
[1.894s] copying selfie_taker/svgSaver.py -> /home/ashmu/ros2_ws/RS2/build/selfie_taker/build/lib/selfie_taker
[1.894s] running install
[1.894s] running install_lib
[1.895s] creating /home/ashmu/ros2_ws/RS2/install/selfie_taker/lib/python3.10/site-packages/selfie_taker
[1.895s] copying /home/ashmu/ros2_ws/RS2/build/selfie_taker/build/lib/selfie_taker/Processor.py -> /home/ashmu/ros2_ws/RS2/install/selfie_taker/lib/python3.10/site-packages/selfie_taker
[1.895s] copying /home/ashmu/ros2_ws/RS2/build/selfie_taker/build/lib/selfie_taker/faceDetector.py -> /home/ashmu/ros2_ws/RS2/install/selfie_taker/lib/python3.10/site-packages/selfie_taker
[1.896s] copying /home/ashmu/ros2_ws/RS2/build/selfie_taker/build/lib/selfie_taker/svgSaver.py -> /home/ashmu/ros2_ws/RS2/install/selfie_taker/lib/python3.10/site-packages/selfie_taker
[1.896s] copying /home/ashmu/ros2_ws/RS2/build/selfie_taker/build/lib/selfie_taker/__init__.py -> /home/ashmu/ros2_ws/RS2/install/selfie_taker/lib/python3.10/site-packages/selfie_taker
[1.896s] copying /home/ashmu/ros2_ws/RS2/build/selfie_taker/build/lib/selfie_taker/lineGenerator.py -> /home/ashmu/ros2_ws/RS2/install/selfie_taker/lib/python3.10/site-packages/selfie_taker
[1.897s] byte-compiling /home/ashmu/ros2_ws/RS2/install/selfie_taker/lib/python3.10/site-packages/selfie_taker/Processor.py to Processor.cpython-310.pyc
[1.897s] byte-compiling /home/ashmu/ros2_ws/RS2/install/selfie_taker/lib/python3.10/site-packages/selfie_taker/faceDetector.py to faceDetector.cpython-310.pyc
[1.897s] byte-compiling /home/ashmu/ros2_ws/RS2/install/selfie_taker/lib/python3.10/site-packages/selfie_taker/svgSaver.py to svgSaver.cpython-310.pyc
[1.898s] byte-compiling /home/ashmu/ros2_ws/RS2/install/selfie_taker/lib/python3.10/site-packages/selfie_taker/__init__.py to __init__.cpython-310.pyc
[1.898s] byte-compiling /home/ashmu/ros2_ws/RS2/install/selfie_taker/lib/python3.10/site-packages/selfie_taker/lineGenerator.py to lineGenerator.cpython-310.pyc
[1.899s] running install_data
[1.899s] copying resource/selfie_taker -> /home/ashmu/ros2_ws/RS2/install/selfie_taker/share/ament_index/resource_index/packages
[1.899s] copying package.xml -> /home/ashmu/ros2_ws/RS2/install/selfie_taker/share/selfie_taker
[1.899s] running install_egg_info
[1.901s] Copying ../../build/selfie_taker/selfie_taker.egg-info to /home/ashmu/ros2_ws/RS2/install/selfie_taker/lib/python3.10/site-packages/selfie_taker-0.0.0-py3.10.egg-info
[1.902s] running install_scripts
[1.920s] Installing take_selfie script to /home/ashmu/ros2_ws/RS2/install/selfie_taker/lib/selfie_taker
[1.921s] writing list of installed files to '/home/ashmu/ros2_ws/RS2/build/selfie_taker/install.log'
[1.959s] Invoked command in '/home/ashmu/ros2_ws/RS2/src/selfie_taker' returned '0': PYTHONPATH=/home/ashmu/ros2_ws/RS2/build/selfie_taker/prefix_override:/usr/lib/python3/dist-packages/colcon_core/task/python/colcon_distutils_commands:/home/ashmu/ros2_ws/RS2/install/selfie_taker/lib/python3.10/site-packages:${PYTHONPATH} /usr/bin/python3 -W ignore:setup.py install is deprecated -W ignore:easy_install command is deprecated setup.py egg_info --egg-base ../../build/selfie_taker build --build-base /home/ashmu/ros2_ws/RS2/build/selfie_taker/build install --record /home/ashmu/ros2_ws/RS2/build/selfie_taker/install.log --single-version-externally-managed install_data --force
