[0.019s] Invoking command in '/home/ashmu/ros2_ws/RS2/build/ur3e_controller': CMAKE_PREFIX_PATH=${CMAKE_PREFIX_PATH}:/home/ashmu/ros2_ws/RS2/install/svg_waypoint_publisher:/home/ashmu/ros2_ws/RS2/install/svg_command_subscriber:/home/ashmu/ros2_ws/RS2/install/selfie_taker:/home/ashmu/ros2_ws/install/svg_waypoint_publisher:/home/ashmu/ros2_ws/install/svg_command_subscriber:/home/ashmu/ros2_ws/install/selfie_taker:/home/ashmu/ros2_ws/install/rqt_joint_trajectory_controller:/home/ashmu/ros2_ws/install/rqt_controller_manager:/home/ashmu/ros2_ws/install/ros2controlcli:/home/ashmu/ros2_ws/install/ros2_controllers_test_nodes:/opt/ros/humble /usr/bin/cmake --build /home/ashmu/ros2_ws/RS2/build/ur3e_controller -- -j12 -l12
[0.065s] -- Found ament_cmake: 1.3.11 (/opt/ros/humble/share/ament_cmake/cmake)
[0.217s] -- Found rclcpp: 16.0.12 (/opt/ros/humble/share/rclcpp/cmake)
[0.245s] -- Found rosidl_generator_c: 3.1.6 (/opt/ros/humble/share/rosidl_generator_c/cmake)
[0.247s] -- Found rosidl_adapter: 3.1.6 (/opt/ros/humble/share/rosidl_adapter/cmake)
[0.252s] -- Found rosidl_generator_cpp: 3.1.6 (/opt/ros/humble/share/rosidl_generator_cpp/cmake)
[0.262s] -- Using all available rosidl_typesupport_c: rosidl_typesupport_fastrtps_c;rosidl_typesupport_introspection_c
[0.274s] -- Using all available rosidl_typesupport_cpp: rosidl_typesupport_fastrtps_cpp;rosidl_typesupport_introspection_cpp
[0.303s] -- Found rmw_implementation_cmake: 6.1.2 (/opt/ros/humble/share/rmw_implementation_cmake/cmake)
[0.306s] -- Found rmw_fastrtps_cpp: 6.2.7 (/opt/ros/humble/share/rmw_fastrtps_cpp/cmake)
[0.459s] -- Using RMW implementation 'rmw_fastrtps_cpp' as default
[0.500s] -- Found moveit_ros_planning_interface: 2.5.9 (/opt/ros/humble/share/moveit_ros_planning_interface/cmake)
[0.509s] -- Found Boost: /usr/lib/x86_64-linux-gnu/cmake/Boost-1.74.0/BoostConfig.cmake (found version "1.74.0") found components: date_time filesystem program_options system thread 
[0.649s] -- Found Boost: /usr/lib/x86_64-linux-gnu/cmake/Boost-1.74.0/BoostConfig.cmake (found version "1.74.0") found components: chrono date_time filesystem iostreams program_options regex serialization system thread 
[0.677s] -- Found parameter_traits: 0.4.0 (/opt/ros/humble/share/parameter_traits/cmake)
[0.684s] -- Found rclcpp_lifecycle: 16.0.12 (/opt/ros/humble/share/rclcpp_lifecycle/cmake)
[0.702s] -- Found Boost: /usr/lib/x86_64-linux-gnu/cmake/Boost-1.74.0/BoostConfig.cmake (found version "1.74.0") found components: filesystem 
[0.755s] -- library: /usr/lib/x86_64-linux-gnu/libcurl.so
[0.778s] -- Ensuring Eigen3 include directory is part of orocos-kdl CMake target
[0.886s] -- Found Boost: /usr/lib/x86_64-linux-gnu/cmake/Boost-1.74.0/BoostConfig.cmake (found version "1.74.0") found components: system filesystem date_time program_options thread chrono 
[0.913s] -- Found Boost: /usr/lib/x86_64-linux-gnu/cmake/Boost-1.74.0/BoostConfig.cmake (found version "1.74.0") found components: thread system filesystem regex date_time program_options 
[0.932s] -- Found Boost: /usr/lib/x86_64-linux-gnu/cmake/Boost-1.74.0/BoostConfig.cmake (found version "1.74.0") found components: system filesystem date_time program_options thread 
[0.961s] -- Found ament_lint_auto: 0.12.12 (/opt/ros/humble/share/ament_lint_auto/cmake)
[1.049s] -- Added test 'cppcheck' to perform static code analysis on C / C++ code
[1.049s] -- Configured cppcheck include dirs: $<BUILD_INTERFACE:/home/ashmu/ros2_ws/RS2/src/ur3e_controller/include>
[1.049s] -- Configured cppcheck exclude dirs and/or files: 
[1.052s] -- Added test 'lint_cmake' to check CMake code style
[1.061s] -- Added test 'uncrustify' to check C / C++ code style
[1.061s] -- Configured uncrustify additional arguments: 
[1.062s] -- Added test 'xmllint' to check XML markup files
[1.063s] -- Configuring done
[1.089s] -- Generating done
[1.096s] -- Build files have been written to: /home/ashmu/ros2_ws/RS2/build/ur3e_controller
[1.151s] [35m[1mConsolidate compiler generated dependencies of target ur_node[0m
[1.189s] [ 50%] [32mBuilding CXX object CMakeFiles/ur_node.dir/src/ur_node.cpp.o[0m
[10.503s] [100%] [32m[1mLinking CXX executable ur_node[0m
[10.993s] [100%] Built target ur_node
[11.008s] Invoked command in '/home/ashmu/ros2_ws/RS2/build/ur3e_controller' returned '0': CMAKE_PREFIX_PATH=${CMAKE_PREFIX_PATH}:/home/ashmu/ros2_ws/RS2/install/svg_waypoint_publisher:/home/ashmu/ros2_ws/RS2/install/svg_command_subscriber:/home/ashmu/ros2_ws/RS2/install/selfie_taker:/home/ashmu/ros2_ws/install/svg_waypoint_publisher:/home/ashmu/ros2_ws/install/svg_command_subscriber:/home/ashmu/ros2_ws/install/selfie_taker:/home/ashmu/ros2_ws/install/rqt_joint_trajectory_controller:/home/ashmu/ros2_ws/install/rqt_controller_manager:/home/ashmu/ros2_ws/install/ros2controlcli:/home/ashmu/ros2_ws/install/ros2_controllers_test_nodes:/opt/ros/humble /usr/bin/cmake --build /home/ashmu/ros2_ws/RS2/build/ur3e_controller -- -j12 -l12
[11.022s] Invoking command in '/home/ashmu/ros2_ws/RS2/build/ur3e_controller': CMAKE_PREFIX_PATH=${CMAKE_PREFIX_PATH}:/home/ashmu/ros2_ws/RS2/install/svg_waypoint_publisher:/home/ashmu/ros2_ws/RS2/install/svg_command_subscriber:/home/ashmu/ros2_ws/RS2/install/selfie_taker:/home/ashmu/ros2_ws/install/svg_waypoint_publisher:/home/ashmu/ros2_ws/install/svg_command_subscriber:/home/ashmu/ros2_ws/install/selfie_taker:/home/ashmu/ros2_ws/install/rqt_joint_trajectory_controller:/home/ashmu/ros2_ws/install/rqt_controller_manager:/home/ashmu/ros2_ws/install/ros2controlcli:/home/ashmu/ros2_ws/install/ros2_controllers_test_nodes:/opt/ros/humble /usr/bin/cmake --install /home/ashmu/ros2_ws/RS2/build/ur3e_controller
[11.031s] -- Install configuration: ""
[11.031s] -- Installing: /home/ashmu/ros2_ws/RS2/install/ur3e_controller/lib/ur3e_controller/ur_node
[11.036s] -- Set runtime path of "/home/ashmu/ros2_ws/RS2/install/ur3e_controller/lib/ur3e_controller/ur_node" to ""
[11.037s] -- Installing: /home/ashmu/ros2_ws/RS2/install/ur3e_controller/share/ament_index/resource_index/package_run_dependencies/ur3e_controller
[11.037s] -- Up-to-date: /home/ashmu/ros2_ws/RS2/install/ur3e_controller/share/ament_index/resource_index/parent_prefix_path/ur3e_controller
[11.037s] -- Up-to-date: /home/ashmu/ros2_ws/RS2/install/ur3e_controller/share/ur3e_controller/environment/ament_prefix_path.sh
[11.037s] -- Installing: /home/ashmu/ros2_ws/RS2/install/ur3e_controller/share/ur3e_controller/environment/ament_prefix_path.dsv
[11.037s] -- Up-to-date: /home/ashmu/ros2_ws/RS2/install/ur3e_controller/share/ur3e_controller/environment/path.sh
[11.037s] -- Installing: /home/ashmu/ros2_ws/RS2/install/ur3e_controller/share/ur3e_controller/environment/path.dsv
[11.038s] -- Up-to-date: /home/ashmu/ros2_ws/RS2/install/ur3e_controller/share/ur3e_controller/local_setup.bash
[11.038s] -- Up-to-date: /home/ashmu/ros2_ws/RS2/install/ur3e_controller/share/ur3e_controller/local_setup.sh
[11.038s] -- Up-to-date: /home/ashmu/ros2_ws/RS2/install/ur3e_controller/share/ur3e_controller/local_setup.zsh
[11.038s] -- Installing: /home/ashmu/ros2_ws/RS2/install/ur3e_controller/share/ur3e_controller/local_setup.dsv
[11.038s] -- Installing: /home/ashmu/ros2_ws/RS2/install/ur3e_controller/share/ur3e_controller/package.dsv
[11.038s] -- Up-to-date: /home/ashmu/ros2_ws/RS2/install/ur3e_controller/share/ament_index/resource_index/packages/ur3e_controller
[11.038s] -- Up-to-date: /home/ashmu/ros2_ws/RS2/install/ur3e_controller/share/ur3e_controller/cmake/ur3e_controllerConfig.cmake
[11.038s] -- Up-to-date: /home/ashmu/ros2_ws/RS2/install/ur3e_controller/share/ur3e_controller/cmake/ur3e_controllerConfig-version.cmake
[11.038s] -- Installing: /home/ashmu/ros2_ws/RS2/install/ur3e_controller/share/ur3e_controller/package.xml
[11.039s] Invoked command in '/home/ashmu/ros2_ws/RS2/build/ur3e_controller' returned '0': CMAKE_PREFIX_PATH=${CMAKE_PREFIX_PATH}:/home/ashmu/ros2_ws/RS2/install/svg_waypoint_publisher:/home/ashmu/ros2_ws/RS2/install/svg_command_subscriber:/home/ashmu/ros2_ws/RS2/install/selfie_taker:/home/ashmu/ros2_ws/install/svg_waypoint_publisher:/home/ashmu/ros2_ws/install/svg_command_subscriber:/home/ashmu/ros2_ws/install/selfie_taker:/home/ashmu/ros2_ws/install/rqt_joint_trajectory_controller:/home/ashmu/ros2_ws/install/rqt_controller_manager:/home/ashmu/ros2_ws/install/ros2controlcli:/home/ashmu/ros2_ws/install/ros2_controllers_test_nodes:/opt/ros/humble /usr/bin/cmake --install /home/ashmu/ros2_ws/RS2/build/ur3e_controller
