[4.548s] Invoking command in '/home/ashmu/ros2_ws/RS2/src/selfie_taker': PYTHONPATH=/home/ashmu/ros2_ws/RS2/build/selfie_taker/prefix_override:/usr/lib/python3/dist-packages/colcon_core/task/python/colcon_distutils_commands:/home/ashmu/ros2_ws/RS2/install/selfie_taker/lib/python3.10/site-packages:${PYTHONPATH} /usr/bin/python3 -W ignore:setup.py install is deprecated -W ignore:easy_install command is deprecated setup.py egg_info --egg-base ../../build/selfie_taker build --build-base /home/ashmu/ros2_ws/RS2/build/selfie_taker/build install --record /home/ashmu/ros2_ws/RS2/build/selfie_taker/install.log --single-version-externally-managed install_data
[5.663s] running egg_info
[5.667s] writing ../../build/selfie_taker/selfie_taker.egg-info/PKG-INFO
[5.668s] writing dependency_links to ../../build/selfie_taker/selfie_taker.egg-info/dependency_links.txt
[5.669s] writing entry points to ../../build/selfie_taker/selfie_taker.egg-info/entry_points.txt
[5.669s] writing requirements to ../../build/selfie_taker/selfie_taker.egg-info/requires.txt
[5.670s] writing top-level names to ../../build/selfie_taker/selfie_taker.egg-info/top_level.txt
[5.677s] reading manifest file '../../build/selfie_taker/selfie_taker.egg-info/SOURCES.txt'
[5.681s] writing manifest file '../../build/selfie_taker/selfie_taker.egg-info/SOURCES.txt'
[5.682s] running build
[5.682s] running build_py
[5.684s] running install
[5.685s] running install_lib
[5.691s] running install_data
[5.692s] running install_egg_info
[5.700s] removing '/home/ashmu/ros2_ws/RS2/install/selfie_taker/lib/python3.10/site-packages/selfie_taker-0.0.0-py3.10.egg-info' (and everything under it)
[5.702s] Copying ../../build/selfie_taker/selfie_taker.egg-info to /home/ashmu/ros2_ws/RS2/install/selfie_taker/lib/python3.10/site-packages/selfie_taker-0.0.0-py3.10.egg-info
[5.707s] running install_scripts
[5.817s] Installing take_selfie script to /home/ashmu/ros2_ws/RS2/install/selfie_taker/lib/selfie_taker
[5.819s] writing list of installed files to '/home/ashmu/ros2_ws/RS2/build/selfie_taker/install.log'
[5.922s] Invoked command in '/home/ashmu/ros2_ws/RS2/src/selfie_taker' returned '0': PYTHONPATH=/home/ashmu/ros2_ws/RS2/build/selfie_taker/prefix_override:/usr/lib/python3/dist-packages/colcon_core/task/python/colcon_distutils_commands:/home/ashmu/ros2_ws/RS2/install/selfie_taker/lib/python3.10/site-packages:${PYTHONPATH} /usr/bin/python3 -W ignore:setup.py install is deprecated -W ignore:easy_install command is deprecated setup.py egg_info --egg-base ../../build/selfie_taker build --build-base /home/ashmu/ros2_ws/RS2/build/selfie_taker/build install --record /home/ashmu/ros2_ws/RS2/build/selfie_taker/install.log --single-version-externally-managed install_data
