[0.465s] Invoking command in '/home/ashmu/ros2_ws/build/ur3e_control_package': CMAKE_PREFIX_PATH=/home/ashmu/ros2_ws/install/pymoveit2:/home/ashmu/ros2_ws/install/ur_description:/home/ashmu/ros2_ws/install/ur_simulation_gazebo PYTHONPATH=/home/ashmu/ros2_ws/build/ur3e_control_package/prefix_override:/usr/lib/python3/dist-packages/colcon_core/task/python/colcon_distutils_commands:/home/ashmu/ros2_ws/install/ur3e_control_package/lib/python3.10/site-packages:${PYTHONPATH} /usr/bin/python3 -W ignore:setup.py install is deprecated -W ignore:easy_install command is deprecated setup.py develop --uninstall --editable --build-directory /home/ashmu/ros2_ws/build/ur3e_control_package/build
[0.635s] running develop
[0.721s] Removing /home/ashmu/ros2_ws/install/ur3e_control_package/lib/python3.10/site-packages/ur3e-control-package.egg-link (link to .)
[0.742s] Invoked command in '/home/ashmu/ros2_ws/build/ur3e_control_package' returned '0': CMAKE_PREFIX_PATH=/home/ashmu/ros2_ws/install/pymoveit2:/home/ashmu/ros2_ws/install/ur_description:/home/ashmu/ros2_ws/install/ur_simulation_gazebo PYTHONPATH=/home/ashmu/ros2_ws/build/ur3e_control_package/prefix_override:/usr/lib/python3/dist-packages/colcon_core/task/python/colcon_distutils_commands:/home/ashmu/ros2_ws/install/ur3e_control_package/lib/python3.10/site-packages:${PYTHONPATH} /usr/bin/python3 -W ignore:setup.py install is deprecated -W ignore:easy_install command is deprecated setup.py develop --uninstall --editable --build-directory /home/ashmu/ros2_ws/build/ur3e_control_package/build
[0.744s] Invoking command in '/home/ashmu/ros2_ws/src/ur3e-codebase': CMAKE_PREFIX_PATH=/home/ashmu/ros2_ws/install/pymoveit2:/home/ashmu/ros2_ws/install/ur_description:/home/ashmu/ros2_ws/install/ur_simulation_gazebo PYTHONPATH=/home/ashmu/ros2_ws/build/ur3e_control_package/prefix_override:/usr/lib/python3/dist-packages/colcon_core/task/python/colcon_distutils_commands:/home/ashmu/ros2_ws/install/ur3e_control_package/lib/python3.10/site-packages:${PYTHONPATH} /usr/bin/python3 -W ignore:setup.py install is deprecated -W ignore:easy_install command is deprecated setup.py egg_info --egg-base ../../build/ur3e_control_package build --build-base /home/ashmu/ros2_ws/build/ur3e_control_package/build install --record /home/ashmu/ros2_ws/build/ur3e_control_package/install.log --single-version-externally-managed install_data --force
[0.885s] running egg_info
[0.886s] writing ../../build/ur3e_control_package/ur3e_control_package.egg-info/PKG-INFO
[0.886s] writing dependency_links to ../../build/ur3e_control_package/ur3e_control_package.egg-info/dependency_links.txt
[0.886s] writing entry points to ../../build/ur3e_control_package/ur3e_control_package.egg-info/entry_points.txt
[0.886s] writing requirements to ../../build/ur3e_control_package/ur3e_control_package.egg-info/requires.txt
[0.886s] writing top-level names to ../../build/ur3e_control_package/ur3e_control_package.egg-info/top_level.txt
[0.887s] reading manifest file '../../build/ur3e_control_package/ur3e_control_package.egg-info/SOURCES.txt'
[0.887s] adding license file 'LICENSE'
[0.887s] writing manifest file '../../build/ur3e_control_package/ur3e_control_package.egg-info/SOURCES.txt'
[0.888s] running build
[0.888s] running build_py
[0.888s] creating /home/ashmu/ros2_ws/build/ur3e_control_package/build
[0.888s] creating /home/ashmu/ros2_ws/build/ur3e_control_package/build/lib
[0.888s] creating /home/ashmu/ros2_ws/build/ur3e_control_package/build/lib/ur3e_control_package
[0.888s] copying ur3e_control_package/test.py -> /home/ashmu/ros2_ws/build/ur3e_control_package/build/lib/ur3e_control_package
[0.888s] copying ur3e_control_package/initials_demo.py -> /home/ashmu/ros2_ws/build/ur3e_control_package/build/lib/ur3e_control_package
[0.888s] copying ur3e_control_package/__init__.py -> /home/ashmu/ros2_ws/build/ur3e_control_package/build/lib/ur3e_control_package
[0.888s] copying ur3e_control_package/sweep.py -> /home/ashmu/ros2_ws/build/ur3e_control_package/build/lib/ur3e_control_package
[0.888s] copying ur3e_control_package/spawn_entities.py -> /home/ashmu/ros2_ws/build/ur3e_control_package/build/lib/ur3e_control_package
[0.888s] copying ur3e_control_package/move_command.py -> /home/ashmu/ros2_ws/build/ur3e_control_package/build/lib/ur3e_control_package
[0.888s] running install
[0.888s] running install_lib
[0.889s] creating /home/ashmu/ros2_ws/install/ur3e_control_package/lib/python3.10/site-packages/ur3e_control_package
[0.889s] copying /home/ashmu/ros2_ws/build/ur3e_control_package/build/lib/ur3e_control_package/test.py -> /home/ashmu/ros2_ws/install/ur3e_control_package/lib/python3.10/site-packages/ur3e_control_package
[0.889s] copying /home/ashmu/ros2_ws/build/ur3e_control_package/build/lib/ur3e_control_package/initials_demo.py -> /home/ashmu/ros2_ws/install/ur3e_control_package/lib/python3.10/site-packages/ur3e_control_package
[0.889s] copying /home/ashmu/ros2_ws/build/ur3e_control_package/build/lib/ur3e_control_package/__init__.py -> /home/ashmu/ros2_ws/install/ur3e_control_package/lib/python3.10/site-packages/ur3e_control_package
[0.889s] copying /home/ashmu/ros2_ws/build/ur3e_control_package/build/lib/ur3e_control_package/sweep.py -> /home/ashmu/ros2_ws/install/ur3e_control_package/lib/python3.10/site-packages/ur3e_control_package
[0.889s] copying /home/ashmu/ros2_ws/build/ur3e_control_package/build/lib/ur3e_control_package/spawn_entities.py -> /home/ashmu/ros2_ws/install/ur3e_control_package/lib/python3.10/site-packages/ur3e_control_package
[0.889s] copying /home/ashmu/ros2_ws/build/ur3e_control_package/build/lib/ur3e_control_package/move_command.py -> /home/ashmu/ros2_ws/install/ur3e_control_package/lib/python3.10/site-packages/ur3e_control_package
[0.889s] byte-compiling /home/ashmu/ros2_ws/install/ur3e_control_package/lib/python3.10/site-packages/ur3e_control_package/test.py to test.cpython-310.pyc
[0.890s] byte-compiling /home/ashmu/ros2_ws/install/ur3e_control_package/lib/python3.10/site-packages/ur3e_control_package/initials_demo.py to initials_demo.cpython-310.pyc
[0.891s] byte-compiling /home/ashmu/ros2_ws/install/ur3e_control_package/lib/python3.10/site-packages/ur3e_control_package/__init__.py to __init__.cpython-310.pyc
[0.891s] byte-compiling /home/ashmu/ros2_ws/install/ur3e_control_package/lib/python3.10/site-packages/ur3e_control_package/sweep.py to sweep.cpython-310.pyc
[0.891s] byte-compiling /home/ashmu/ros2_ws/install/ur3e_control_package/lib/python3.10/site-packages/ur3e_control_package/spawn_entities.py to spawn_entities.cpython-310.pyc
[0.892s] byte-compiling /home/ashmu/ros2_ws/install/ur3e_control_package/lib/python3.10/site-packages/ur3e_control_package/move_command.py to move_command.cpython-310.pyc
[0.894s] running install_data
[0.894s] copying resource/ur3e_control_package -> /home/ashmu/ros2_ws/install/ur3e_control_package/share/ament_index/resource_index/packages
[0.894s] copying package.xml -> /home/ashmu/ros2_ws/install/ur3e_control_package/share/ur3e_control_package
[0.894s] running install_egg_info
[0.895s] Copying ../../build/ur3e_control_package/ur3e_control_package.egg-info to /home/ashmu/ros2_ws/install/ur3e_control_package/lib/python3.10/site-packages/ur3e_control_package-0.0.0-py3.10.egg-info
[0.895s] running install_scripts
[0.908s] Installing initials_demo script to /home/ashmu/ros2_ws/install/ur3e_control_package/lib/ur3e_control_package
[0.908s] Installing move_command script to /home/ashmu/ros2_ws/install/ur3e_control_package/lib/ur3e_control_package
[0.908s] Installing spawn_entities script to /home/ashmu/ros2_ws/install/ur3e_control_package/lib/ur3e_control_package
[0.908s] writing list of installed files to '/home/ashmu/ros2_ws/build/ur3e_control_package/install.log'
[0.926s] Invoked command in '/home/ashmu/ros2_ws/src/ur3e-codebase' returned '0': CMAKE_PREFIX_PATH=/home/ashmu/ros2_ws/install/pymoveit2:/home/ashmu/ros2_ws/install/ur_description:/home/ashmu/ros2_ws/install/ur_simulation_gazebo PYTHONPATH=/home/ashmu/ros2_ws/build/ur3e_control_package/prefix_override:/usr/lib/python3/dist-packages/colcon_core/task/python/colcon_distutils_commands:/home/ashmu/ros2_ws/install/ur3e_control_package/lib/python3.10/site-packages:${PYTHONPATH} /usr/bin/python3 -W ignore:setup.py install is deprecated -W ignore:easy_install command is deprecated setup.py egg_info --egg-base ../../build/ur3e_control_package build --build-base /home/ashmu/ros2_ws/build/ur3e_control_package/build install --record /home/ashmu/ros2_ws/build/ur3e_control_package/install.log --single-version-externally-managed install_data --force
