[0.017s] Invoking command in '/home/ashmu/ros2_ws/RS2/build/svg_waypoint_publisher': CMAKE_PREFIX_PATH=/home/ashmu/ros2_ws/install/rqt_joint_trajectory_controller:/home/ashmu/ros2_ws/install/rqt_controller_manager:/home/ashmu/ros2_ws/install/ros2controlcli:/home/ashmu/ros2_ws/install/ros2_controllers_test_nodes:/opt/ros/humble:${CMAKE_PREFIX_PATH} /usr/bin/cmake /home/ashmu/ros2_ws/RS2/src/svg_waypoint_publisher -DCMAKE_INSTALL_PREFIX=/home/ashmu/ros2_ws/RS2/install/svg_waypoint_publisher
[0.136s] -- The C compiler identification is GNU 11.4.0
[0.225s] -- The CXX compiler identification is GNU 11.4.0
[0.238s] -- Detecting C compiler ABI info
[0.351s] -- Detecting C compiler ABI info - done
[0.356s] -- Check for working C compiler: /usr/bin/cc - skipped
[0.356s] -- Detecting C compile features
[0.357s] -- Detecting C compile features - done
[0.360s] -- Detecting CXX compiler ABI info
[0.475s] -- Detecting CXX compiler ABI info - done
[0.480s] -- Check for working CXX compiler: /usr/bin/c++ - skipped
[0.480s] -- Detecting CXX compile features
[0.481s] -- Detecting CXX compile features - done
[0.487s] -- Found ament_cmake: 1.3.11 (/opt/ros/humble/share/ament_cmake/cmake)
[0.647s] -- Found Python3: /usr/bin/python3 (found version "3.10.12") found components: Interpreter 
[0.743s] -- Found rclpy: 3.3.16 (/opt/ros/humble/share/rclpy/cmake)
[0.745s] -- Found ament_lint_auto: 0.12.12 (/opt/ros/humble/share/ament_lint_auto/cmake)
[0.820s] -- Added test 'lint_cmake' to check CMake code style
[0.821s] -- Added test 'xmllint' to check XML markup files
[0.824s] -- Configuring done
[0.828s] -- Generating done
[0.829s] -- Build files have been written to: /home/ashmu/ros2_ws/RS2/build/svg_waypoint_publisher
[0.837s] Invoked command in '/home/ashmu/ros2_ws/RS2/build/svg_waypoint_publisher' returned '0': CMAKE_PREFIX_PATH=/home/ashmu/ros2_ws/install/rqt_joint_trajectory_controller:/home/ashmu/ros2_ws/install/rqt_controller_manager:/home/ashmu/ros2_ws/install/ros2controlcli:/home/ashmu/ros2_ws/install/ros2_controllers_test_nodes:/opt/ros/humble:${CMAKE_PREFIX_PATH} /usr/bin/cmake /home/ashmu/ros2_ws/RS2/src/svg_waypoint_publisher -DCMAKE_INSTALL_PREFIX=/home/ashmu/ros2_ws/RS2/install/svg_waypoint_publisher
[0.839s] Invoking command in '/home/ashmu/ros2_ws/RS2/build/svg_waypoint_publisher': CMAKE_PREFIX_PATH=/home/ashmu/ros2_ws/install/rqt_joint_trajectory_controller:/home/ashmu/ros2_ws/install/rqt_controller_manager:/home/ashmu/ros2_ws/install/ros2controlcli:/home/ashmu/ros2_ws/install/ros2_controllers_test_nodes:/opt/ros/humble:${CMAKE_PREFIX_PATH} /usr/bin/cmake --build /home/ashmu/ros2_ws/RS2/build/svg_waypoint_publisher -- -j12 -l12
[0.901s] Invoked command in '/home/ashmu/ros2_ws/RS2/build/svg_waypoint_publisher' returned '0': CMAKE_PREFIX_PATH=/home/ashmu/ros2_ws/install/rqt_joint_trajectory_controller:/home/ashmu/ros2_ws/install/rqt_controller_manager:/home/ashmu/ros2_ws/install/ros2controlcli:/home/ashmu/ros2_ws/install/ros2_controllers_test_nodes:/opt/ros/humble:${CMAKE_PREFIX_PATH} /usr/bin/cmake --build /home/ashmu/ros2_ws/RS2/build/svg_waypoint_publisher -- -j12 -l12
[0.903s] Invoking command in '/home/ashmu/ros2_ws/RS2/build/svg_waypoint_publisher': CMAKE_PREFIX_PATH=/home/ashmu/ros2_ws/install/rqt_joint_trajectory_controller:/home/ashmu/ros2_ws/install/rqt_controller_manager:/home/ashmu/ros2_ws/install/ros2controlcli:/home/ashmu/ros2_ws/install/ros2_controllers_test_nodes:/opt/ros/humble:${CMAKE_PREFIX_PATH} /usr/bin/cmake --install /home/ashmu/ros2_ws/RS2/build/svg_waypoint_publisher
[0.915s] -- Install configuration: ""
[0.915s] -- Installing: /home/ashmu/ros2_ws/RS2/install/svg_waypoint_publisher/share/ament_index/resource_index/package_run_dependencies/svg_waypoint_publisher
[0.915s] -- Installing: /home/ashmu/ros2_ws/RS2/install/svg_waypoint_publisher/share/ament_index/resource_index/parent_prefix_path/svg_waypoint_publisher
[0.916s] -- Installing: /home/ashmu/ros2_ws/RS2/install/svg_waypoint_publisher/share/svg_waypoint_publisher/environment/ament_prefix_path.sh
[0.916s] -- Installing: /home/ashmu/ros2_ws/RS2/install/svg_waypoint_publisher/share/svg_waypoint_publisher/environment/ament_prefix_path.dsv
[0.916s] -- Installing: /home/ashmu/ros2_ws/RS2/install/svg_waypoint_publisher/share/svg_waypoint_publisher/environment/path.sh
[0.916s] -- Installing: /home/ashmu/ros2_ws/RS2/install/svg_waypoint_publisher/share/svg_waypoint_publisher/environment/path.dsv
[0.916s] -- Installing: /home/ashmu/ros2_ws/RS2/install/svg_waypoint_publisher/share/svg_waypoint_publisher/local_setup.bash
[0.916s] -- Installing: /home/ashmu/ros2_ws/RS2/install/svg_waypoint_publisher/share/svg_waypoint_publisher/local_setup.sh
[0.917s] -- Installing: /home/ashmu/ros2_ws/RS2/install/svg_waypoint_publisher/share/svg_waypoint_publisher/local_setup.zsh
[0.917s] -- Installing: /home/ashmu/ros2_ws/RS2/install/svg_waypoint_publisher/share/svg_waypoint_publisher/local_setup.dsv
[0.917s] -- Installing: /home/ashmu/ros2_ws/RS2/install/svg_waypoint_publisher/share/svg_waypoint_publisher/package.dsv
[0.917s] -- Installing: /home/ashmu/ros2_ws/RS2/install/svg_waypoint_publisher/share/ament_index/resource_index/packages/svg_waypoint_publisher
[0.917s] -- Installing: /home/ashmu/ros2_ws/RS2/install/svg_waypoint_publisher/share/svg_waypoint_publisher/cmake/svg_waypoint_publisherConfig.cmake
[0.917s] -- Installing: /home/ashmu/ros2_ws/RS2/install/svg_waypoint_publisher/share/svg_waypoint_publisher/cmake/svg_waypoint_publisherConfig-version.cmake
[0.917s] -- Installing: /home/ashmu/ros2_ws/RS2/install/svg_waypoint_publisher/share/svg_waypoint_publisher/package.xml
[0.920s] Invoked command in '/home/ashmu/ros2_ws/RS2/build/svg_waypoint_publisher' returned '0': CMAKE_PREFIX_PATH=/home/ashmu/ros2_ws/install/rqt_joint_trajectory_controller:/home/ashmu/ros2_ws/install/rqt_controller_manager:/home/ashmu/ros2_ws/install/ros2controlcli:/home/ashmu/ros2_ws/install/ros2_controllers_test_nodes:/opt/ros/humble:${CMAKE_PREFIX_PATH} /usr/bin/cmake --install /home/ashmu/ros2_ws/RS2/build/svg_waypoint_publisher
