[0.500s] Invoking command in '/home/ashmu/ros2_ws/src/build/ur3e_control_package': AMENT_PREFIX_PATH=/home/ashmu/ros2_ws/src/install/pymoveit2:${AMENT_PREFIX_PATH} CMAKE_PREFIX_PATH=/home/ashmu/ros2_ws/src/install/pymoveit2 PYTHONPATH=/home/ashmu/ros2_ws/src/build/ur3e_control_package/prefix_override:/usr/lib/python3/dist-packages/colcon_core/task/python/colcon_distutils_commands:/home/ashmu/ros2_ws/src/install/ur3e_control_package/lib/python3.10/site-packages:/home/ashmu/ros2_ws/src/install/pymoveit2/local/lib/python3.10/dist-packages:${PYTHONPATH} /usr/bin/python3 -W ignore:setup.py install is deprecated -W ignore:easy_install command is deprecated setup.py develop --editable --build-directory /home/ashmu/ros2_ws/src/build/ur3e_control_package/build --no-deps symlink_data
[0.690s] running develop
[0.790s] running egg_info
[0.790s] creating ur3e_control_package.egg-info
[0.790s] writing ur3e_control_package.egg-info/PKG-INFO
[0.791s] writing dependency_links to ur3e_control_package.egg-info/dependency_links.txt
[0.791s] writing entry points to ur3e_control_package.egg-info/entry_points.txt
[0.791s] writing requirements to ur3e_control_package.egg-info/requires.txt
[0.791s] writing top-level names to ur3e_control_package.egg-info/top_level.txt
[0.791s] writing manifest file 'ur3e_control_package.egg-info/SOURCES.txt'
[0.792s] reading manifest file 'ur3e_control_package.egg-info/SOURCES.txt'
[0.793s] writing manifest file 'ur3e_control_package.egg-info/SOURCES.txt'
[0.794s] running build_ext
[0.794s] Creating /home/ashmu/ros2_ws/src/install/ur3e_control_package/lib/python3.10/site-packages/ur3e-control-package.egg-link (link to .)
[0.795s] Installing initials_demo script to /home/ashmu/ros2_ws/src/install/ur3e_control_package/lib/ur3e_control_package
[0.795s] Installing move_command script to /home/ashmu/ros2_ws/src/install/ur3e_control_package/lib/ur3e_control_package
[0.795s] Installing spawn_entities script to /home/ashmu/ros2_ws/src/install/ur3e_control_package/lib/ur3e_control_package
[0.795s] 
[0.795s] Installed /home/ashmu/ros2_ws/src/build/ur3e_control_package
[0.795s] running symlink_data
[0.795s] creating /home/ashmu/ros2_ws/src/install/ur3e_control_package/share/ament_index
[0.795s] creating /home/ashmu/ros2_ws/src/install/ur3e_control_package/share/ament_index/resource_index
[0.795s] creating /home/ashmu/ros2_ws/src/install/ur3e_control_package/share/ament_index/resource_index/packages
[0.795s] symbolically linking /home/ashmu/ros2_ws/src/build/ur3e_control_package/resource/ur3e_control_package -> /home/ashmu/ros2_ws/src/install/ur3e_control_package/share/ament_index/resource_index/packages
[0.795s] symbolically linking /home/ashmu/ros2_ws/src/build/ur3e_control_package/package.xml -> /home/ashmu/ros2_ws/src/install/ur3e_control_package/share/ur3e_control_package
[0.796s] creating /home/ashmu/ros2_ws/src/install/ur3e_control_package/share/ur3e_control_package/launch
[0.836s] Invoked command in '/home/ashmu/ros2_ws/src/build/ur3e_control_package' returned '0': AMENT_PREFIX_PATH=/home/ashmu/ros2_ws/src/install/pymoveit2:${AMENT_PREFIX_PATH} CMAKE_PREFIX_PATH=/home/ashmu/ros2_ws/src/install/pymoveit2 PYTHONPATH=/home/ashmu/ros2_ws/src/build/ur3e_control_package/prefix_override:/usr/lib/python3/dist-packages/colcon_core/task/python/colcon_distutils_commands:/home/ashmu/ros2_ws/src/install/ur3e_control_package/lib/python3.10/site-packages:/home/ashmu/ros2_ws/src/install/pymoveit2/local/lib/python3.10/dist-packages:${PYTHONPATH} /usr/bin/python3 -W ignore:setup.py install is deprecated -W ignore:easy_install command is deprecated setup.py develop --editable --build-directory /home/ashmu/ros2_ws/src/build/ur3e_control_package/build --no-deps symlink_data
