[0.008s] Invoking command in '/home/ashmu/ros2_ws/build/ur_simulation_gazebo': CMAKE_PREFIX_PATH=${CMAKE_PREFIX_PATH}:/home/ashmu/ros2_ws/install/ur3e_motionresponse:/home/ashmu/ros2_ws/install/ur3e_motion:/home/ashmu/ros2_ws/install/ur3e_control_package:/home/ashmu/ros2_ws/install/py_pubsub:/opt/ros/iron:/opt/ros/humble /usr/bin/cmake /home/ashmu/ros2_ws/src/Universal_Robots_ROS2_Gazebo_Simulation/ur_simulation_gazebo -DCMAKE_INSTALL_PREFIX=/home/ashmu/ros2_ws/install/ur_simulation_gazebo
[0.022s] -- Found ament_cmake: 1.3.11 (/opt/ros/humble/share/ament_cmake/cmake)
[0.125s] -- Override CMake install command with custom implementation using symlinks instead of copying resources
[0.132s] -- Found launch_testing_ament_cmake: 1.0.8 (/opt/ros/humble/share/launch_testing_ament_cmake/cmake)
[0.132s] -- Found python_cmake_module: 0.10.0 (/opt/ros/humble/share/python_cmake_module/cmake)
[0.152s] -- Using PYTHON_EXECUTABLE: /usr/bin/python3
[0.152s] -- Using PYTHON_INCLUDE_DIRS: /usr/include/python3.10
[0.153s] -- Using PYTHON_LIBRARIES: /usr/lib/x86_64-linux-gnu/libpython3.10.so
[0.153s] -- Found ament_cmake_pytest: 1.3.11 (/opt/ros/humble/share/ament_cmake_pytest/cmake)
[0.203s] -- Configuring done
[0.205s] -- Generating done
[0.207s] -- Build files have been written to: /home/ashmu/ros2_ws/build/ur_simulation_gazebo
[0.212s] Invoked command in '/home/ashmu/ros2_ws/build/ur_simulation_gazebo' returned '0': CMAKE_PREFIX_PATH=${CMAKE_PREFIX_PATH}:/home/ashmu/ros2_ws/install/ur3e_motionresponse:/home/ashmu/ros2_ws/install/ur3e_motion:/home/ashmu/ros2_ws/install/ur3e_control_package:/home/ashmu/ros2_ws/install/py_pubsub:/opt/ros/iron:/opt/ros/humble /usr/bin/cmake /home/ashmu/ros2_ws/src/Universal_Robots_ROS2_Gazebo_Simulation/ur_simulation_gazebo -DCMAKE_INSTALL_PREFIX=/home/ashmu/ros2_ws/install/ur_simulation_gazebo
[0.212s] Invoking command in '/home/ashmu/ros2_ws/build/ur_simulation_gazebo': CMAKE_PREFIX_PATH=${CMAKE_PREFIX_PATH}:/home/ashmu/ros2_ws/install/ur3e_motionresponse:/home/ashmu/ros2_ws/install/ur3e_motion:/home/ashmu/ros2_ws/install/ur3e_control_package:/home/ashmu/ros2_ws/install/py_pubsub:/opt/ros/iron:/opt/ros/humble /usr/bin/cmake --build /home/ashmu/ros2_ws/build/ur_simulation_gazebo -- -j12 -l12
[0.256s] Invoked command in '/home/ashmu/ros2_ws/build/ur_simulation_gazebo' returned '0': CMAKE_PREFIX_PATH=${CMAKE_PREFIX_PATH}:/home/ashmu/ros2_ws/install/ur3e_motionresponse:/home/ashmu/ros2_ws/install/ur3e_motion:/home/ashmu/ros2_ws/install/ur3e_control_package:/home/ashmu/ros2_ws/install/py_pubsub:/opt/ros/iron:/opt/ros/humble /usr/bin/cmake --build /home/ashmu/ros2_ws/build/ur_simulation_gazebo -- -j12 -l12
[0.259s] Invoking command in '/home/ashmu/ros2_ws/build/ur_simulation_gazebo': CMAKE_PREFIX_PATH=${CMAKE_PREFIX_PATH}:/home/ashmu/ros2_ws/install/ur3e_motionresponse:/home/ashmu/ros2_ws/install/ur3e_motion:/home/ashmu/ros2_ws/install/ur3e_control_package:/home/ashmu/ros2_ws/install/py_pubsub:/opt/ros/iron:/opt/ros/humble /usr/bin/cmake --install /home/ashmu/ros2_ws/build/ur_simulation_gazebo
[0.265s] -- Install configuration: ""
[0.266s] -- Execute custom install script
[0.266s] -- Up-to-date symlink: /home/ashmu/ros2_ws/install/ur_simulation_gazebo/share/ur_simulation_gazebo/config/ur_controllers.yaml
[0.266s] -- Up-to-date symlink: /home/ashmu/ros2_ws/install/ur_simulation_gazebo/share/ur_simulation_gazebo/launch/7-15 control
[0.266s] -- Up-to-date symlink: /home/ashmu/ros2_ws/install/ur_simulation_gazebo/share/ur_simulation_gazebo/launch/ur_sim_control.launch.py
[0.266s] -- Up-to-date symlink: /home/ashmu/ros2_ws/install/ur_simulation_gazebo/share/ur_simulation_gazebo/launch/ur_sim_moveit.launch.py
[0.266s] -- Up-to-date symlink: /home/ashmu/ros2_ws/install/ur_simulation_gazebo/share/ament_index/resource_index/package_run_dependencies/ur_simulation_gazebo
[0.266s] -- Up-to-date symlink: /home/ashmu/ros2_ws/install/ur_simulation_gazebo/share/ament_index/resource_index/parent_prefix_path/ur_simulation_gazebo
[0.267s] -- Up-to-date symlink: /home/ashmu/ros2_ws/install/ur_simulation_gazebo/share/ur_simulation_gazebo/environment/ament_prefix_path.sh
[0.267s] -- Up-to-date symlink: /home/ashmu/ros2_ws/install/ur_simulation_gazebo/share/ur_simulation_gazebo/environment/ament_prefix_path.dsv
[0.267s] -- Up-to-date symlink: /home/ashmu/ros2_ws/install/ur_simulation_gazebo/share/ur_simulation_gazebo/environment/path.sh
[0.267s] -- Up-to-date symlink: /home/ashmu/ros2_ws/install/ur_simulation_gazebo/share/ur_simulation_gazebo/environment/path.dsv
[0.267s] -- Up-to-date symlink: /home/ashmu/ros2_ws/install/ur_simulation_gazebo/share/ur_simulation_gazebo/local_setup.bash
[0.267s] -- Up-to-date symlink: /home/ashmu/ros2_ws/install/ur_simulation_gazebo/share/ur_simulation_gazebo/local_setup.sh
[0.267s] -- Up-to-date symlink: /home/ashmu/ros2_ws/install/ur_simulation_gazebo/share/ur_simulation_gazebo/local_setup.zsh
[0.267s] -- Up-to-date symlink: /home/ashmu/ros2_ws/install/ur_simulation_gazebo/share/ur_simulation_gazebo/local_setup.dsv
[0.267s] -- Symlinking: /home/ashmu/ros2_ws/install/ur_simulation_gazebo/share/ur_simulation_gazebo/package.dsv
[0.276s] -- Up-to-date symlink: /home/ashmu/ros2_ws/install/ur_simulation_gazebo/share/ament_index/resource_index/packages/ur_simulation_gazebo
[0.277s] -- Up-to-date symlink: /home/ashmu/ros2_ws/install/ur_simulation_gazebo/share/ur_simulation_gazebo/cmake/ur_simulation_gazeboConfig.cmake
[0.277s] -- Up-to-date symlink: /home/ashmu/ros2_ws/install/ur_simulation_gazebo/share/ur_simulation_gazebo/cmake/ur_simulation_gazeboConfig-version.cmake
[0.277s] -- Up-to-date symlink: /home/ashmu/ros2_ws/install/ur_simulation_gazebo/share/ur_simulation_gazebo/package.xml
[0.280s] Invoked command in '/home/ashmu/ros2_ws/build/ur_simulation_gazebo' returned '0': CMAKE_PREFIX_PATH=${CMAKE_PREFIX_PATH}:/home/ashmu/ros2_ws/install/ur3e_motionresponse:/home/ashmu/ros2_ws/install/ur3e_motion:/home/ashmu/ros2_ws/install/ur3e_control_package:/home/ashmu/ros2_ws/install/py_pubsub:/opt/ros/iron:/opt/ros/humble /usr/bin/cmake --install /home/ashmu/ros2_ws/build/ur_simulation_gazebo
