[0.008s] Invoking command in '/home/ashmu/ros2_ws/RS2/build/svg_generation': /usr/bin/cmake /home/ashmu/ros2_ws/RS2/src/svg_generation -DCATKIN_INSTALL_INTO_PREFIX_ROOT=0 -DCMAKE_INSTALL_PREFIX=/home/ashmu/ros2_ws/RS2/install/svg_generation
[0.056s] -- The C compiler identification is GNU 11.4.0
[0.096s] -- The CXX compiler identification is GNU 11.4.0
[0.101s] -- Detecting C compiler ABI info
[0.156s] -- Detecting C compiler ABI info - done
[0.160s] -- Check for working C compiler: /usr/bin/cc - skipped
[0.161s] -- Detecting C compile features
[0.161s] -- Detecting C compile features - done
[0.163s] -- Detecting CXX compiler ABI info
[0.233s] -- Detecting CXX compiler ABI info - done
[0.239s] -- Check for working CXX compiler: /usr/bin/c++ - skipped
[0.239s] -- Detecting CXX compile features
[0.239s] -- Detecting CXX compile features - done
[0.242s] -- Found ament_cmake: 1.3.11 (/opt/ros/humble/share/ament_cmake/cmake)
[0.348s] -- Found Python3: /usr/bin/python3 (found version "3.10.12") found components: Interpreter 
[0.413s] -- Found rclpy: 3.3.16 (/opt/ros/humble/share/rclpy/cmake)
[0.414s] -- Found visualization_msgs: 4.8.0 (/opt/ros/humble/share/visualization_msgs/cmake)
[0.439s] -- Found rosidl_generator_c: 3.1.6 (/opt/ros/humble/share/rosidl_generator_c/cmake)
[0.443s] -- Found rosidl_adapter: 3.1.6 (/opt/ros/humble/share/rosidl_adapter/cmake)
[0.448s] -- Found rosidl_generator_cpp: 3.1.6 (/opt/ros/humble/share/rosidl_generator_cpp/cmake)
[0.456s] -- Using all available rosidl_typesupport_c: rosidl_typesupport_fastrtps_c;rosidl_typesupport_introspection_c
[0.466s] -- Using all available rosidl_typesupport_cpp: rosidl_typesupport_fastrtps_cpp;rosidl_typesupport_introspection_cpp
[0.525s] [31mCMake Error at CMakeLists.txt:8 (find_package):
[0.525s]   By not providing "Findsvgpathtools.cmake" in CMAKE_MODULE_PATH this project
[0.525s]   has asked CMake to find a package configuration file provided by
[0.525s]   "svgpathtools", but CMake did not find one.
[0.525s] 
[0.525s]   Could not find a package configuration file provided by "svgpathtools" with
[0.525s]   any of the following names:
[0.525s] 
[0.525s]     svgpathtoolsConfig.cmake
[0.526s]     svgpathtools-config.cmake
[0.526s] 
[0.526s]   Add the installation prefix of "svgpathtools" to CMAKE_PREFIX_PATH or set
[0.526s]   "svgpathtools_DIR" to a directory containing one of the above files.  If
[0.526s]   "svgpathtools" provides a separate development package or SDK, be sure it
[0.526s]   has been installed.
[0.526s] 
[0.526s] [0m
[0.526s] -- Configuring incomplete, errors occurred!
[0.526s] See also "/home/ashmu/ros2_ws/RS2/build/svg_generation/CMakeFiles/CMakeOutput.log".
[0.530s] Invoked command in '/home/ashmu/ros2_ws/RS2/build/svg_generation' returned '1': /usr/bin/cmake /home/ashmu/ros2_ws/RS2/src/svg_generation -DCATKIN_INSTALL_INTO_PREFIX_ROOT=0 -DCMAKE_INSTALL_PREFIX=/home/ashmu/ros2_ws/RS2/install/svg_generation
