running develop
running egg_info
creating my_ur3_controller.egg-info
writing my_ur3_controller.egg-info/PKG-INFO
writing dependency_links to my_ur3_controller.egg-info/dependency_links.txt
writing entry points to my_ur3_controller.egg-info/entry_points.txt
writing requirements to my_ur3_controller.egg-info/requires.txt
writing top-level names to my_ur3_controller.egg-info/top_level.txt
writing manifest file 'my_ur3_controller.egg-info/SOURCES.txt'
reading manifest file 'my_ur3_controller.egg-info/SOURCES.txt'
writing manifest file 'my_ur3_controller.egg-info/SOURCES.txt'
running build_ext
Creating /home/ashmu/ros2_ws/RS2/install/my_ur3_controller/lib/python3.10/site-packages/my-ur3-controller.egg-link (link to .)
Installing spawn_node script to /home/ashmu/ros2_ws/RS2/install/my_ur3_controller/lib/my_ur3_controller

Installed /home/ashmu/ros2_ws/RS2/build/my_ur3_controller
running symlink_data
creating /home/ashmu/ros2_ws/RS2/install/my_ur3_controller/share/ament_index
creating /home/ashmu/ros2_ws/RS2/install/my_ur3_controller/share/ament_index/resource_index
creating /home/ashmu/ros2_ws/RS2/install/my_ur3_controller/share/ament_index/resource_index/packages
symbolically linking /home/ashmu/ros2_ws/RS2/build/my_ur3_controller/resource/my_ur3_controller -> /home/ashmu/ros2_ws/RS2/install/my_ur3_controller/share/ament_index/resource_index/packages
symbolically linking /home/ashmu/ros2_ws/RS2/build/my_ur3_controller/package.xml -> /home/ashmu/ros2_ws/RS2/install/my_ur3_controller/share/my_ur3_controller
