[0.094s] DEBUG:colcon:Command line arguments: ['/usr/bin/colcon', 'build']
[0.095s] DEBUG:colcon:Parsed command line arguments: Namespace(log_base=None, log_level=None, verb_name='build', build_base='build', install_base='install', merge_install=False, symlink_install=False, test_result_base=None, continue_on_error=False, executor='parallel', parallel_workers=12, event_handlers=None, ignore_user_meta=False, metas=['./colcon.meta'], base_paths=['.'], packages_ignore=None, packages_ignore_regex=None, paths=None, packages_up_to=None, packages_up_to_regex=None, packages_above=None, packages_above_and_dependencies=None, packages_above_depth=None, packages_select_by_dep=None, packages_skip_by_dep=None, packages_skip_up_to=None, packages_select_build_failed=False, packages_skip_build_finished=False, packages_select_test_failures=False, packages_skip_test_passed=False, packages_select=None, packages_skip=None, packages_select_regex=None, packages_skip_regex=None, packages_start=None, packages_end=None, allow_overriding=[], cmake_args=None, cmake_target=None, cmake_target_skip_unavailable=False, cmake_clean_cache=False, cmake_clean_first=False, cmake_force_configure=False, ament_cmake_args=None, catkin_cmake_args=None, catkin_skip_building_tests=False, mixin_files=None, mixin=None, verb_parser=<colcon_mixin.mixin.mixin_argument.MixinArgumentDecorator object at 0x77c932980460>, verb_extension=<colcon_core.verb.build.BuildVerb object at 0x77c932943df0>, main=<bound method BuildVerb.main of <colcon_core.verb.build.BuildVerb object at 0x77c932943df0>>, mixin_verb=('build',))
[0.234s] Level 1:colcon.colcon_core.package_discovery:discover_packages(colcon_meta) check parameters
[0.234s] Level 1:colcon.colcon_core.package_discovery:discover_packages(recursive) check parameters
[0.234s] Level 1:colcon.colcon_core.package_discovery:discover_packages(ignore) check parameters
[0.234s] Level 1:colcon.colcon_core.package_discovery:discover_packages(path) check parameters
[0.234s] Level 1:colcon.colcon_core.package_discovery:discover_packages(colcon_meta) discover
[0.234s] Level 1:colcon.colcon_core.package_discovery:discover_packages(recursive) discover
[0.234s] INFO:colcon.colcon_core.package_discovery:Crawling recursively for packages in '/home/ashmu/ros2_ws/RS2'
[0.235s] Level 1:colcon.colcon_core.package_identification:_identify(.) by extensions ['ignore', 'ignore_ament_install']
[0.235s] Level 1:colcon.colcon_core.package_identification:_identify(.) by extension 'ignore'
[0.235s] Level 1:colcon.colcon_core.package_identification:_identify(.) by extension 'ignore_ament_install'
[0.235s] Level 1:colcon.colcon_core.package_identification:_identify(.) by extensions ['colcon_pkg']
[0.235s] Level 1:colcon.colcon_core.package_identification:_identify(.) by extension 'colcon_pkg'
[0.235s] Level 1:colcon.colcon_core.package_identification:_identify(.) by extensions ['colcon_meta']
[0.235s] Level 1:colcon.colcon_core.package_identification:_identify(.) by extension 'colcon_meta'
[0.235s] Level 1:colcon.colcon_core.package_identification:_identify(.) by extensions ['ros']
[0.235s] Level 1:colcon.colcon_core.package_identification:_identify(.) by extension 'ros'
[0.244s] Level 1:colcon.colcon_core.package_identification:_identify(.) by extensions ['cmake', 'python']
[0.244s] Level 1:colcon.colcon_core.package_identification:_identify(.) by extension 'cmake'
[0.244s] Level 1:colcon.colcon_core.package_identification:_identify(.) by extension 'python'
[0.244s] Level 1:colcon.colcon_core.package_identification:_identify(.) by extensions ['python_setup_py']
[0.244s] Level 1:colcon.colcon_core.package_identification:_identify(.) by extension 'python_setup_py'
[0.244s] Level 1:colcon.colcon_core.package_identification:_identify(build) by extensions ['ignore', 'ignore_ament_install']
[0.244s] Level 1:colcon.colcon_core.package_identification:_identify(build) by extension 'ignore'
[0.244s] Level 1:colcon.colcon_core.package_identification:_identify(build) ignored
[0.245s] Level 1:colcon.colcon_core.package_identification:_identify(install) by extensions ['ignore', 'ignore_ament_install']
[0.245s] Level 1:colcon.colcon_core.package_identification:_identify(install) by extension 'ignore'
[0.245s] Level 1:colcon.colcon_core.package_identification:_identify(install) ignored
[0.245s] Level 1:colcon.colcon_core.package_identification:_identify(log) by extensions ['ignore', 'ignore_ament_install']
[0.245s] Level 1:colcon.colcon_core.package_identification:_identify(log) by extension 'ignore'
[0.245s] Level 1:colcon.colcon_core.package_identification:_identify(log) ignored
[0.245s] Level 1:colcon.colcon_core.package_identification:_identify(src) by extensions ['ignore', 'ignore_ament_install']
[0.245s] Level 1:colcon.colcon_core.package_identification:_identify(src) by extension 'ignore'
[0.245s] Level 1:colcon.colcon_core.package_identification:_identify(src) by extension 'ignore_ament_install'
[0.245s] Level 1:colcon.colcon_core.package_identification:_identify(src) by extensions ['colcon_pkg']
[0.245s] Level 1:colcon.colcon_core.package_identification:_identify(src) by extension 'colcon_pkg'
[0.245s] Level 1:colcon.colcon_core.package_identification:_identify(src) by extensions ['colcon_meta']
[0.245s] Level 1:colcon.colcon_core.package_identification:_identify(src) by extension 'colcon_meta'
[0.245s] Level 1:colcon.colcon_core.package_identification:_identify(src) by extensions ['ros']
[0.245s] Level 1:colcon.colcon_core.package_identification:_identify(src) by extension 'ros'
[0.245s] Level 1:colcon.colcon_core.package_identification:_identify(src) by extensions ['cmake', 'python']
[0.245s] Level 1:colcon.colcon_core.package_identification:_identify(src) by extension 'cmake'
[0.245s] Level 1:colcon.colcon_core.package_identification:_identify(src) by extension 'python'
[0.245s] Level 1:colcon.colcon_core.package_identification:_identify(src) by extensions ['python_setup_py']
[0.245s] Level 1:colcon.colcon_core.package_identification:_identify(src) by extension 'python_setup_py'
[0.245s] Level 1:colcon.colcon_core.package_identification:_identify(src/svg_generation) by extensions ['ignore', 'ignore_ament_install']
[0.245s] Level 1:colcon.colcon_core.package_identification:_identify(src/svg_generation) by extension 'ignore'
[0.245s] Level 1:colcon.colcon_core.package_identification:_identify(src/svg_generation) by extension 'ignore_ament_install'
[0.245s] Level 1:colcon.colcon_core.package_identification:_identify(src/svg_generation) by extensions ['colcon_pkg']
[0.245s] Level 1:colcon.colcon_core.package_identification:_identify(src/svg_generation) by extension 'colcon_pkg'
[0.245s] Level 1:colcon.colcon_core.package_identification:_identify(src/svg_generation) by extensions ['colcon_meta']
[0.245s] Level 1:colcon.colcon_core.package_identification:_identify(src/svg_generation) by extension 'colcon_meta'
[0.246s] Level 1:colcon.colcon_core.package_identification:_identify(src/svg_generation) by extensions ['ros']
[0.246s] Level 1:colcon.colcon_core.package_identification:_identify(src/svg_generation) by extension 'ros'
[0.247s] DEBUG:colcon.colcon_core.package_identification:Package 'src/svg_generation' with type 'ros.catkin' and name 'svg_generation'
[0.248s] Level 1:colcon.colcon_core.package_identification:_identify(src/svg_waypoint_publisher) by extensions ['ignore', 'ignore_ament_install']
[0.248s] Level 1:colcon.colcon_core.package_identification:_identify(src/svg_waypoint_publisher) by extension 'ignore'
[0.248s] Level 1:colcon.colcon_core.package_identification:_identify(src/svg_waypoint_publisher) by extension 'ignore_ament_install'
[0.248s] Level 1:colcon.colcon_core.package_identification:_identify(src/svg_waypoint_publisher) by extensions ['colcon_pkg']
[0.248s] Level 1:colcon.colcon_core.package_identification:_identify(src/svg_waypoint_publisher) by extension 'colcon_pkg'
[0.248s] Level 1:colcon.colcon_core.package_identification:_identify(src/svg_waypoint_publisher) by extensions ['colcon_meta']
[0.248s] Level 1:colcon.colcon_core.package_identification:_identify(src/svg_waypoint_publisher) by extension 'colcon_meta'
[0.248s] Level 1:colcon.colcon_core.package_identification:_identify(src/svg_waypoint_publisher) by extensions ['ros']
[0.248s] Level 1:colcon.colcon_core.package_identification:_identify(src/svg_waypoint_publisher) by extension 'ros'
[0.248s] DEBUG:colcon.colcon_core.package_identification:Package 'src/svg_waypoint_publisher' with type 'ros.ament_python' and name 'svg_waypoint_publisher'
[0.248s] Level 1:colcon.colcon_core.package_discovery:discover_packages(recursive) using defaults
[0.248s] Level 1:colcon.colcon_core.package_discovery:discover_packages(ignore) discover
[0.248s] Level 1:colcon.colcon_core.package_discovery:discover_packages(ignore) using defaults
[0.248s] Level 1:colcon.colcon_core.package_discovery:discover_packages(path) discover
[0.248s] Level 1:colcon.colcon_core.package_discovery:discover_packages(path) using defaults
[0.278s] Level 1:colcon.colcon_core.package_discovery:discover_packages(prefix_path) check parameters
[0.278s] Level 1:colcon.colcon_core.package_discovery:discover_packages(prefix_path) discover
[0.281s] DEBUG:colcon.colcon_installed_package_information.package_discovery:Found 2 installed packages in /home/ashmu/ros2_ws/RS2/install
[0.283s] DEBUG:colcon.colcon_installed_package_information.package_discovery:Found 52 installed packages in /home/ashmu/ros2_ws/install
[0.285s] DEBUG:colcon.colcon_installed_package_information.package_discovery:Found 386 installed packages in /opt/ros/humble
[0.287s] Level 1:colcon.colcon_core.package_discovery:discover_packages(prefix_path) using defaults
[0.331s] Level 5:colcon.colcon_core.verb:set package 'svg_generation' build argument 'cmake_args' from command line to 'None'
[0.331s] Level 5:colcon.colcon_core.verb:set package 'svg_generation' build argument 'cmake_target' from command line to 'None'
[0.331s] Level 5:colcon.colcon_core.verb:set package 'svg_generation' build argument 'cmake_target_skip_unavailable' from command line to 'False'
[0.331s] Level 5:colcon.colcon_core.verb:set package 'svg_generation' build argument 'cmake_clean_cache' from command line to 'False'
[0.331s] Level 5:colcon.colcon_core.verb:set package 'svg_generation' build argument 'cmake_clean_first' from command line to 'False'
[0.331s] Level 5:colcon.colcon_core.verb:set package 'svg_generation' build argument 'cmake_force_configure' from command line to 'False'
[0.331s] Level 5:colcon.colcon_core.verb:set package 'svg_generation' build argument 'ament_cmake_args' from command line to 'None'
[0.331s] Level 5:colcon.colcon_core.verb:set package 'svg_generation' build argument 'catkin_cmake_args' from command line to 'None'
[0.331s] Level 5:colcon.colcon_core.verb:set package 'svg_generation' build argument 'catkin_skip_building_tests' from command line to 'False'
[0.331s] DEBUG:colcon.colcon_core.verb:Building package 'svg_generation' with the following arguments: {'ament_cmake_args': None, 'build_base': '/home/ashmu/ros2_ws/RS2/build/svg_generation', 'catkin_cmake_args': None, 'catkin_skip_building_tests': False, 'cmake_args': None, 'cmake_clean_cache': False, 'cmake_clean_first': False, 'cmake_force_configure': False, 'cmake_target': None, 'cmake_target_skip_unavailable': False, 'install_base': '/home/ashmu/ros2_ws/RS2/install/svg_generation', 'merge_install': False, 'path': '/home/ashmu/ros2_ws/RS2/src/svg_generation', 'symlink_install': False, 'test_result_base': None}
[0.331s] Level 5:colcon.colcon_core.verb:set package 'svg_waypoint_publisher' build argument 'cmake_args' from command line to 'None'
[0.331s] Level 5:colcon.colcon_core.verb:set package 'svg_waypoint_publisher' build argument 'cmake_target' from command line to 'None'
[0.332s] Level 5:colcon.colcon_core.verb:set package 'svg_waypoint_publisher' build argument 'cmake_target_skip_unavailable' from command line to 'False'
[0.332s] Level 5:colcon.colcon_core.verb:set package 'svg_waypoint_publisher' build argument 'cmake_clean_cache' from command line to 'False'
[0.332s] Level 5:colcon.colcon_core.verb:set package 'svg_waypoint_publisher' build argument 'cmake_clean_first' from command line to 'False'
[0.332s] Level 5:colcon.colcon_core.verb:set package 'svg_waypoint_publisher' build argument 'cmake_force_configure' from command line to 'False'
[0.332s] Level 5:colcon.colcon_core.verb:set package 'svg_waypoint_publisher' build argument 'ament_cmake_args' from command line to 'None'
[0.332s] Level 5:colcon.colcon_core.verb:set package 'svg_waypoint_publisher' build argument 'catkin_cmake_args' from command line to 'None'
[0.332s] Level 5:colcon.colcon_core.verb:set package 'svg_waypoint_publisher' build argument 'catkin_skip_building_tests' from command line to 'False'
[0.332s] DEBUG:colcon.colcon_core.verb:Building package 'svg_waypoint_publisher' with the following arguments: {'ament_cmake_args': None, 'build_base': '/home/ashmu/ros2_ws/RS2/build/svg_waypoint_publisher', 'catkin_cmake_args': None, 'catkin_skip_building_tests': False, 'cmake_args': None, 'cmake_clean_cache': False, 'cmake_clean_first': False, 'cmake_force_configure': False, 'cmake_target': None, 'cmake_target_skip_unavailable': False, 'install_base': '/home/ashmu/ros2_ws/RS2/install/svg_waypoint_publisher', 'merge_install': False, 'path': '/home/ashmu/ros2_ws/RS2/src/svg_waypoint_publisher', 'symlink_install': False, 'test_result_base': None}
[0.332s] INFO:colcon.colcon_core.executor:Executing jobs using 'parallel' executor
[0.333s] DEBUG:colcon.colcon_parallel_executor.executor.parallel:run_until_complete
[0.333s] INFO:colcon.colcon_ros.task.catkin.build:Building ROS package in '/home/ashmu/ros2_ws/RS2/src/svg_generation' with build type 'catkin'
[0.333s] INFO:colcon.colcon_cmake.task.cmake.build:Building CMake package in '/home/ashmu/ros2_ws/RS2/src/svg_generation'
[0.336s] INFO:colcon.colcon_core.plugin_system:Skipping extension 'colcon_core.shell.bat': Not used on non-Windows systems
[0.336s] INFO:colcon.colcon_core.shell:Skip shell extension 'powershell' for command environment: Not usable outside of PowerShell
[0.336s] DEBUG:colcon.colcon_core.shell:Skip shell extension 'dsv' for command environment
[0.345s] INFO:colcon.colcon_ros.task.ament_python.build:Building ROS package in '/home/ashmu/ros2_ws/RS2/src/svg_waypoint_publisher' with build type 'ament_python'
[0.345s] Level 1:colcon.colcon_core.shell:create_environment_hook('svg_waypoint_publisher', 'ament_prefix_path')
[0.345s] INFO:colcon.colcon_core.shell:Creating environment hook '/home/ashmu/ros2_ws/RS2/install/svg_waypoint_publisher/share/svg_waypoint_publisher/hook/ament_prefix_path.ps1'
[0.346s] INFO:colcon.colcon_core.shell:Creating environment descriptor '/home/ashmu/ros2_ws/RS2/install/svg_waypoint_publisher/share/svg_waypoint_publisher/hook/ament_prefix_path.dsv'
[0.346s] INFO:colcon.colcon_core.shell:Creating environment hook '/home/ashmu/ros2_ws/RS2/install/svg_waypoint_publisher/share/svg_waypoint_publisher/hook/ament_prefix_path.sh'
[0.347s] INFO:colcon.colcon_core.shell:Skip shell extension 'powershell' for command environment: Not usable outside of PowerShell
[0.347s] DEBUG:colcon.colcon_core.shell:Skip shell extension 'dsv' for command environment
[0.357s] DEBUG:colcon.colcon_core.event_handler.log_command:Invoking command in '/home/ashmu/ros2_ws/RS2/build/svg_generation': /usr/bin/cmake --build /home/ashmu/ros2_ws/RS2/build/svg_generation -- -j12 -l12
[0.582s] INFO:colcon.colcon_core.task.python.build:Building Python package in '/home/ashmu/ros2_ws/RS2/src/svg_waypoint_publisher'
[0.583s] INFO:colcon.colcon_core.shell:Skip shell extension 'powershell' for command environment: Not usable outside of PowerShell
[0.583s] DEBUG:colcon.colcon_core.shell:Skip shell extension 'dsv' for command environment
[0.733s] DEBUG:colcon.colcon_core.event_handler.log_command:Invoked command in '/home/ashmu/ros2_ws/RS2/build/svg_generation' returned '0': /usr/bin/cmake --build /home/ashmu/ros2_ws/RS2/build/svg_generation -- -j12 -l12
[0.751s] DEBUG:colcon.colcon_core.event_handler.log_command:Invoking command in '/home/ashmu/ros2_ws/RS2/build/svg_generation': /usr/bin/cmake --install /home/ashmu/ros2_ws/RS2/build/svg_generation
[0.804s] DEBUG:colcon.colcon_core.event_handler.log_command:Invoked command in '/home/ashmu/ros2_ws/RS2/build/svg_generation' returned '0': /usr/bin/cmake --install /home/ashmu/ros2_ws/RS2/build/svg_generation
[0.804s] Level 1:colcon.colcon_core.shell:create_environment_hook('svg_generation', 'ros_package_path')
[0.804s] INFO:colcon.colcon_core.shell:Creating environment hook '/home/ashmu/ros2_ws/RS2/install/svg_generation/share/svg_generation/hook/ros_package_path.ps1'
[0.805s] INFO:colcon.colcon_core.shell:Creating environment descriptor '/home/ashmu/ros2_ws/RS2/install/svg_generation/share/svg_generation/hook/ros_package_path.dsv'
[0.805s] INFO:colcon.colcon_core.shell:Creating environment hook '/home/ashmu/ros2_ws/RS2/install/svg_generation/share/svg_generation/hook/ros_package_path.sh'
[0.805s] Level 1:colcon.colcon_ros.task.catkin:checking '/home/ashmu/ros2_ws/RS2/install/svg_generation/local/lib/python3.10/dist-packages'
[0.805s] Level 1:colcon.colcon_core.shell:create_environment_hook('svg_generation', 'catkin_pythonpath')
[0.805s] INFO:colcon.colcon_core.shell:Creating environment hook '/home/ashmu/ros2_ws/RS2/install/svg_generation/share/svg_generation/hook/catkin_pythonpath.ps1'
[0.806s] INFO:colcon.colcon_core.shell:Creating environment descriptor '/home/ashmu/ros2_ws/RS2/install/svg_generation/share/svg_generation/hook/catkin_pythonpath.dsv'
[0.806s] INFO:colcon.colcon_core.shell:Creating environment hook '/home/ashmu/ros2_ws/RS2/install/svg_generation/share/svg_generation/hook/catkin_pythonpath.sh'
[0.806s] Level 1:colcon.colcon_core.shell:create_environment_hook('svg_generation', 'pkg_config_path')
[0.806s] INFO:colcon.colcon_core.shell:Creating environment hook '/home/ashmu/ros2_ws/RS2/install/svg_generation/share/svg_generation/hook/pkg_config_path.ps1'
[0.807s] INFO:colcon.colcon_core.shell:Creating environment descriptor '/home/ashmu/ros2_ws/RS2/install/svg_generation/share/svg_generation/hook/pkg_config_path.dsv'
[0.807s] INFO:colcon.colcon_core.shell:Creating environment hook '/home/ashmu/ros2_ws/RS2/install/svg_generation/share/svg_generation/hook/pkg_config_path.sh'
[0.811s] Level 1:colcon.colcon_core.shell:create_environment_hook('svg_generation', 'pkg_config_path_multiarch')
[0.811s] INFO:colcon.colcon_core.shell:Creating environment hook '/home/ashmu/ros2_ws/RS2/install/svg_generation/share/svg_generation/hook/pkg_config_path_multiarch.ps1'
[0.811s] INFO:colcon.colcon_core.shell:Creating environment descriptor '/home/ashmu/ros2_ws/RS2/install/svg_generation/share/svg_generation/hook/pkg_config_path_multiarch.dsv'
[0.812s] INFO:colcon.colcon_core.shell:Creating environment hook '/home/ashmu/ros2_ws/RS2/install/svg_generation/share/svg_generation/hook/pkg_config_path_multiarch.sh'
[0.813s] Level 1:colcon.colcon_core.environment:create_environment_scripts_only(svg_generation)
[0.814s] Level 1:colcon.colcon_core.environment:checking '/home/ashmu/ros2_ws/RS2/install/svg_generation' for CMake module files
[0.815s] Level 1:colcon.colcon_core.environment:checking '/home/ashmu/ros2_ws/RS2/install/svg_generation' for CMake config files
[0.815s] Level 1:colcon.colcon_core.shell:create_environment_hook('svg_generation', 'cmake_prefix_path')
[0.815s] INFO:colcon.colcon_core.shell:Creating environment hook '/home/ashmu/ros2_ws/RS2/install/svg_generation/share/svg_generation/hook/cmake_prefix_path.ps1'
[0.815s] INFO:colcon.colcon_core.shell:Creating environment descriptor '/home/ashmu/ros2_ws/RS2/install/svg_generation/share/svg_generation/hook/cmake_prefix_path.dsv'
[0.816s] INFO:colcon.colcon_core.shell:Creating environment hook '/home/ashmu/ros2_ws/RS2/install/svg_generation/share/svg_generation/hook/cmake_prefix_path.sh'
[0.816s] Level 1:colcon.colcon_core.environment:checking '/home/ashmu/ros2_ws/RS2/install/svg_generation/lib'
[0.816s] Level 1:colcon.colcon_core.environment:checking '/home/ashmu/ros2_ws/RS2/install/svg_generation/bin'
[0.816s] Level 1:colcon.colcon_core.environment:checking '/home/ashmu/ros2_ws/RS2/install/svg_generation/lib/pkgconfig/svg_generation.pc'
[0.816s] Level 1:colcon.colcon_core.environment:checking '/home/ashmu/ros2_ws/RS2/install/svg_generation/lib/python3.10/site-packages'
[0.816s] Level 1:colcon.colcon_core.environment:checking '/home/ashmu/ros2_ws/RS2/install/svg_generation/bin'
[0.817s] INFO:colcon.colcon_core.shell:Creating package script '/home/ashmu/ros2_ws/RS2/install/svg_generation/share/svg_generation/package.ps1'
[0.817s] INFO:colcon.colcon_core.shell:Creating package descriptor '/home/ashmu/ros2_ws/RS2/install/svg_generation/share/svg_generation/package.dsv'
[0.818s] INFO:colcon.colcon_core.shell:Creating package script '/home/ashmu/ros2_ws/RS2/install/svg_generation/share/svg_generation/package.sh'
[0.818s] INFO:colcon.colcon_core.shell:Creating package script '/home/ashmu/ros2_ws/RS2/install/svg_generation/share/svg_generation/package.bash'
[0.819s] INFO:colcon.colcon_core.shell:Creating package script '/home/ashmu/ros2_ws/RS2/install/svg_generation/share/svg_generation/package.zsh'
[0.819s] Level 1:colcon.colcon_core.environment:create_file_with_runtime_dependencies(/home/ashmu/ros2_ws/RS2/install/svg_generation/share/colcon-core/packages/svg_generation)
[0.878s] DEBUG:colcon.colcon_core.event_handler.log_command:Invoking command in '/home/ashmu/ros2_ws/RS2/src/svg_waypoint_publisher': PYTHONPATH=/home/ashmu/ros2_ws/RS2/build/svg_waypoint_publisher/prefix_override:/usr/lib/python3/dist-packages/colcon_core/task/python/colcon_distutils_commands:/home/ashmu/ros2_ws/RS2/install/svg_waypoint_publisher/lib/python3.10/site-packages:${PYTHONPATH} /usr/bin/python3 -W ignore:setup.py install is deprecated -W ignore:easy_install command is deprecated setup.py egg_info --egg-base ../../build/svg_waypoint_publisher build --build-base /home/ashmu/ros2_ws/RS2/build/svg_waypoint_publisher/build install --record /home/ashmu/ros2_ws/RS2/build/svg_waypoint_publisher/install.log --single-version-externally-managed install_data
[1.097s] Level 1:colcon.colcon_core.environment:checking '/home/ashmu/ros2_ws/RS2/install/svg_waypoint_publisher' for CMake module files
[1.098s] DEBUG:colcon.colcon_core.event_handler.log_command:Invoked command in '/home/ashmu/ros2_ws/RS2/src/svg_waypoint_publisher' returned '0': PYTHONPATH=/home/ashmu/ros2_ws/RS2/build/svg_waypoint_publisher/prefix_override:/usr/lib/python3/dist-packages/colcon_core/task/python/colcon_distutils_commands:/home/ashmu/ros2_ws/RS2/install/svg_waypoint_publisher/lib/python3.10/site-packages:${PYTHONPATH} /usr/bin/python3 -W ignore:setup.py install is deprecated -W ignore:easy_install command is deprecated setup.py egg_info --egg-base ../../build/svg_waypoint_publisher build --build-base /home/ashmu/ros2_ws/RS2/build/svg_waypoint_publisher/build install --record /home/ashmu/ros2_ws/RS2/build/svg_waypoint_publisher/install.log --single-version-externally-managed install_data
[1.098s] Level 1:colcon.colcon_core.environment:checking '/home/ashmu/ros2_ws/RS2/install/svg_waypoint_publisher' for CMake config files
[1.098s] Level 1:colcon.colcon_core.shell:create_environment_hook('svg_waypoint_publisher', 'cmake_prefix_path')
[1.098s] INFO:colcon.colcon_core.shell:Creating environment hook '/home/ashmu/ros2_ws/RS2/install/svg_waypoint_publisher/share/svg_waypoint_publisher/hook/cmake_prefix_path.ps1'
[1.099s] INFO:colcon.colcon_core.shell:Creating environment descriptor '/home/ashmu/ros2_ws/RS2/install/svg_waypoint_publisher/share/svg_waypoint_publisher/hook/cmake_prefix_path.dsv'
[1.099s] INFO:colcon.colcon_core.shell:Creating environment hook '/home/ashmu/ros2_ws/RS2/install/svg_waypoint_publisher/share/svg_waypoint_publisher/hook/cmake_prefix_path.sh'
[1.100s] Level 1:colcon.colcon_core.environment:checking '/home/ashmu/ros2_ws/RS2/install/svg_waypoint_publisher/lib'
[1.100s] Level 1:colcon.colcon_core.environment:checking '/home/ashmu/ros2_ws/RS2/install/svg_waypoint_publisher/bin'
[1.100s] Level 1:colcon.colcon_core.environment:checking '/home/ashmu/ros2_ws/RS2/install/svg_waypoint_publisher/lib/pkgconfig/svg_waypoint_publisher.pc'
[1.100s] Level 1:colcon.colcon_core.environment:checking '/home/ashmu/ros2_ws/RS2/install/svg_waypoint_publisher/lib/python3.10/site-packages'
[1.100s] Level 1:colcon.colcon_core.shell:create_environment_hook('svg_waypoint_publisher', 'pythonpath')
[1.100s] INFO:colcon.colcon_core.shell:Creating environment hook '/home/ashmu/ros2_ws/RS2/install/svg_waypoint_publisher/share/svg_waypoint_publisher/hook/pythonpath.ps1'
[1.100s] INFO:colcon.colcon_core.shell:Creating environment descriptor '/home/ashmu/ros2_ws/RS2/install/svg_waypoint_publisher/share/svg_waypoint_publisher/hook/pythonpath.dsv'
[1.100s] INFO:colcon.colcon_core.shell:Creating environment hook '/home/ashmu/ros2_ws/RS2/install/svg_waypoint_publisher/share/svg_waypoint_publisher/hook/pythonpath.sh'
[1.101s] Level 1:colcon.colcon_core.environment:checking '/home/ashmu/ros2_ws/RS2/install/svg_waypoint_publisher/bin'
[1.101s] Level 1:colcon.colcon_core.environment:create_environment_scripts_only(svg_waypoint_publisher)
[1.101s] INFO:colcon.colcon_core.shell:Creating package script '/home/ashmu/ros2_ws/RS2/install/svg_waypoint_publisher/share/svg_waypoint_publisher/package.ps1'
[1.101s] INFO:colcon.colcon_core.shell:Creating package descriptor '/home/ashmu/ros2_ws/RS2/install/svg_waypoint_publisher/share/svg_waypoint_publisher/package.dsv'
[1.102s] INFO:colcon.colcon_core.shell:Creating package script '/home/ashmu/ros2_ws/RS2/install/svg_waypoint_publisher/share/svg_waypoint_publisher/package.sh'
[1.102s] INFO:colcon.colcon_core.shell:Creating package script '/home/ashmu/ros2_ws/RS2/install/svg_waypoint_publisher/share/svg_waypoint_publisher/package.bash'
[1.102s] INFO:colcon.colcon_core.shell:Creating package script '/home/ashmu/ros2_ws/RS2/install/svg_waypoint_publisher/share/svg_waypoint_publisher/package.zsh'
[1.103s] Level 1:colcon.colcon_core.environment:create_file_with_runtime_dependencies(/home/ashmu/ros2_ws/RS2/install/svg_waypoint_publisher/share/colcon-core/packages/svg_waypoint_publisher)
[1.103s] DEBUG:colcon.colcon_parallel_executor.executor.parallel:closing loop
[1.103s] DEBUG:colcon.colcon_parallel_executor.executor.parallel:loop closed
[1.103s] DEBUG:colcon.colcon_parallel_executor.executor.parallel:run_until_complete finished with '0'
[1.103s] DEBUG:colcon.colcon_core.event_reactor:joining thread
[1.110s] INFO:colcon.colcon_core.plugin_system:Skipping extension 'colcon_notification.desktop_notification.terminal_notifier': Not used on non-Darwin systems
[1.110s] INFO:colcon.colcon_core.plugin_system:Skipping extension 'colcon_notification.desktop_notification.win32': Not used on non-Windows systems
[1.110s] INFO:colcon.colcon_notification.desktop_notification:Sending desktop notification using 'notify2'
[1.122s] DEBUG:colcon.colcon_core.event_reactor:joined thread
[1.122s] INFO:colcon.colcon_core.shell:Creating prefix script '/home/ashmu/ros2_ws/RS2/install/local_setup.ps1'
[1.123s] INFO:colcon.colcon_core.shell:Creating prefix util module '/home/ashmu/ros2_ws/RS2/install/_local_setup_util_ps1.py'
[1.124s] INFO:colcon.colcon_core.shell:Creating prefix chain script '/home/ashmu/ros2_ws/RS2/install/setup.ps1'
[1.128s] INFO:colcon.colcon_core.shell:Creating prefix script '/home/ashmu/ros2_ws/RS2/install/local_setup.sh'
[1.128s] INFO:colcon.colcon_core.shell:Creating prefix util module '/home/ashmu/ros2_ws/RS2/install/_local_setup_util_sh.py'
[1.128s] INFO:colcon.colcon_core.shell:Creating prefix chain script '/home/ashmu/ros2_ws/RS2/install/setup.sh'
[1.131s] INFO:colcon.colcon_core.shell:Creating prefix script '/home/ashmu/ros2_ws/RS2/install/local_setup.bash'
[1.131s] INFO:colcon.colcon_core.shell:Creating prefix chain script '/home/ashmu/ros2_ws/RS2/install/setup.bash'
[1.133s] INFO:colcon.colcon_core.shell:Creating prefix script '/home/ashmu/ros2_ws/RS2/install/local_setup.zsh'
[1.133s] INFO:colcon.colcon_core.shell:Creating prefix chain script '/home/ashmu/ros2_ws/RS2/install/setup.zsh'
