[1.239s] Invoking command in '/home/ashmu/ros2_ws/src/moving_ur3e': PYTHONPATH=/home/ashmu/ros2_ws/build/moving_ur3e/prefix_override:/usr/lib/python3/dist-packages/colcon_core/task/python/colcon_distutils_commands:/home/ashmu/ros2_ws/install/moving_ur3e/lib/python3.10/site-packages:${PYTHONPATH} /usr/bin/python3 -W ignore:setup.py install is deprecated -W ignore:easy_install command is deprecated setup.py egg_info --egg-base ../../build/moving_ur3e build --build-base /home/ashmu/ros2_ws/build/moving_ur3e/build install --record /home/ashmu/ros2_ws/build/moving_ur3e/install.log --single-version-externally-managed install_data
[1.608s] running egg_info
[1.609s] writing ../../build/moving_ur3e/moving_ur3e.egg-info/PKG-INFO
[1.609s] writing dependency_links to ../../build/moving_ur3e/moving_ur3e.egg-info/dependency_links.txt
[1.610s] writing entry points to ../../build/moving_ur3e/moving_ur3e.egg-info/entry_points.txt
[1.610s] writing requirements to ../../build/moving_ur3e/moving_ur3e.egg-info/requires.txt
[1.610s] writing top-level names to ../../build/moving_ur3e/moving_ur3e.egg-info/top_level.txt
[1.613s] reading manifest file '../../build/moving_ur3e/moving_ur3e.egg-info/SOURCES.txt'
[1.613s] adding license file 'LICENSE'
[1.614s] writing manifest file '../../build/moving_ur3e/moving_ur3e.egg-info/SOURCES.txt'
[1.614s] running build
[1.614s] running build_py
[1.615s] running install
[1.615s] running install_lib
[1.617s] running install_data
[1.617s] running install_egg_info
[1.620s] removing '/home/ashmu/ros2_ws/install/moving_ur3e/lib/python3.10/site-packages/moving_ur3e-0.0.0-py3.10.egg-info' (and everything under it)
[1.621s] Copying ../../build/moving_ur3e/moving_ur3e.egg-info to /home/ashmu/ros2_ws/install/moving_ur3e/lib/python3.10/site-packages/moving_ur3e-0.0.0-py3.10.egg-info
[1.622s] running install_scripts
[1.657s] Installing troll_mover script to /home/ashmu/ros2_ws/install/moving_ur3e/lib/moving_ur3e
[1.658s] writing list of installed files to '/home/ashmu/ros2_ws/build/moving_ur3e/install.log'
[1.699s] Invoked command in '/home/ashmu/ros2_ws/src/moving_ur3e' returned '0': PYTHONPATH=/home/ashmu/ros2_ws/build/moving_ur3e/prefix_override:/usr/lib/python3/dist-packages/colcon_core/task/python/colcon_distutils_commands:/home/ashmu/ros2_ws/install/moving_ur3e/lib/python3.10/site-packages:${PYTHONPATH} /usr/bin/python3 -W ignore:setup.py install is deprecated -W ignore:easy_install command is deprecated setup.py egg_info --egg-base ../../build/moving_ur3e build --build-base /home/ashmu/ros2_ws/build/moving_ur3e/build install --record /home/ashmu/ros2_ws/build/moving_ur3e/install.log --single-version-externally-managed install_data
