[0.821s] Invoking command in '/home/ashmu/ros2_ws/RS2/src/selfie_taker': PYTHONPATH=/home/ashmu/ros2_ws/RS2/build/selfie_taker/prefix_override:/usr/lib/python3/dist-packages/colcon_core/task/python/colcon_distutils_commands:/home/ashmu/ros2_ws/RS2/install/selfie_taker/lib/python3.10/site-packages:${PYTHONPATH} /usr/bin/python3 -W ignore:setup.py install is deprecated -W ignore:easy_install command is deprecated setup.py egg_info --egg-base ../../build/selfie_taker build --build-base /home/ashmu/ros2_ws/RS2/build/selfie_taker/build install --record /home/ashmu/ros2_ws/RS2/build/selfie_taker/install.log --single-version-externally-managed install_data
[0.999s] running egg_info
[0.999s] writing ../../build/selfie_taker/selfie_taker.egg-info/PKG-INFO
[1.000s] writing dependency_links to ../../build/selfie_taker/selfie_taker.egg-info/dependency_links.txt
[1.000s] writing entry points to ../../build/selfie_taker/selfie_taker.egg-info/entry_points.txt
[1.000s] writing requirements to ../../build/selfie_taker/selfie_taker.egg-info/requires.txt
[1.000s] writing top-level names to ../../build/selfie_taker/selfie_taker.egg-info/top_level.txt
[1.001s] reading manifest file '../../build/selfie_taker/selfie_taker.egg-info/SOURCES.txt'
[1.001s] writing manifest file '../../build/selfie_taker/selfie_taker.egg-info/SOURCES.txt'
[1.002s] running build
[1.002s] running build_py
[1.002s] running install
[1.002s] running install_lib
[1.003s] running install_data
[1.003s] running install_egg_info
[1.004s] removing '/home/ashmu/ros2_ws/RS2/install/selfie_taker/lib/python3.10/site-packages/selfie_taker-0.0.0-py3.10.egg-info' (and everything under it)
[1.005s] Copying ../../build/selfie_taker/selfie_taker.egg-info to /home/ashmu/ros2_ws/RS2/install/selfie_taker/lib/python3.10/site-packages/selfie_taker-0.0.0-py3.10.egg-info
[1.005s] running install_scripts
[1.020s] Installing take_selfie script to /home/ashmu/ros2_ws/RS2/install/selfie_taker/lib/selfie_taker
[1.021s] writing list of installed files to '/home/ashmu/ros2_ws/RS2/build/selfie_taker/install.log'
[1.043s] Invoked command in '/home/ashmu/ros2_ws/RS2/src/selfie_taker' returned '0': PYTHONPATH=/home/ashmu/ros2_ws/RS2/build/selfie_taker/prefix_override:/usr/lib/python3/dist-packages/colcon_core/task/python/colcon_distutils_commands:/home/ashmu/ros2_ws/RS2/install/selfie_taker/lib/python3.10/site-packages:${PYTHONPATH} /usr/bin/python3 -W ignore:setup.py install is deprecated -W ignore:easy_install command is deprecated setup.py egg_info --egg-base ../../build/selfie_taker build --build-base /home/ashmu/ros2_ws/RS2/build/selfie_taker/build install --record /home/ashmu/ros2_ws/RS2/build/selfie_taker/install.log --single-version-externally-managed install_data
