[1.047s] Invoking command in '/home/ashmu/ros2_ws/build/ur3e_control_package': CMAKE_PREFIX_PATH=/home/ashmu/ros2_ws/install/pymoveit2:/home/ashmu/ros2_ws/install/ur_simulation_gazebo:/home/ashmu/ros2_ws/install/ur_description PYTHONPATH=/home/ashmu/ros2_ws/build/ur3e_control_package/prefix_override:/usr/lib/python3/dist-packages/colcon_core/task/python/colcon_distutils_commands:/home/ashmu/ros2_ws/install/ur3e_control_package/lib/python3.10/site-packages:${PYTHONPATH} /usr/bin/python3 -W ignore:setup.py install is deprecated -W ignore:easy_install command is deprecated setup.py develop --editable --build-directory /home/ashmu/ros2_ws/build/ur3e_control_package/build --no-deps symlink_data --force
[1.403s] running develop
[1.594s] running egg_info
[1.594s] writing ur3e_control_package.egg-info/PKG-INFO
[1.595s] writing dependency_links to ur3e_control_package.egg-info/dependency_links.txt
[1.595s] writing entry points to ur3e_control_package.egg-info/entry_points.txt
[1.595s] writing requirements to ur3e_control_package.egg-info/requires.txt
[1.595s] writing top-level names to ur3e_control_package.egg-info/top_level.txt
[1.598s] reading manifest file 'ur3e_control_package.egg-info/SOURCES.txt'
[1.599s] writing manifest file 'ur3e_control_package.egg-info/SOURCES.txt'
[1.601s] running build_ext
[1.601s] Creating /home/ashmu/ros2_ws/install/ur3e_control_package/lib/python3.10/site-packages/ur3e-control-package.egg-link (link to .)
[1.602s] Installing initials_demo script to /home/ashmu/ros2_ws/install/ur3e_control_package/lib/ur3e_control_package
[1.602s] Installing move_command script to /home/ashmu/ros2_ws/install/ur3e_control_package/lib/ur3e_control_package
[1.603s] Installing spawn_entities script to /home/ashmu/ros2_ws/install/ur3e_control_package/lib/ur3e_control_package
[1.603s] 
[1.603s] Installed /home/ashmu/ros2_ws/build/ur3e_control_package
[1.603s] running symlink_data
[1.603s] symbolically linking /home/ashmu/ros2_ws/build/ur3e_control_package/resource/ur3e_control_package -> /home/ashmu/ros2_ws/install/ur3e_control_package/share/ament_index/resource_index/packages
[1.603s] symbolically linking /home/ashmu/ros2_ws/build/ur3e_control_package/package.xml -> /home/ashmu/ros2_ws/install/ur3e_control_package/share/ur3e_control_package
