[0.116s] [34mcolcon[0m [1;30mDEBUG[0m [32mCommand line arguments: ['/usr/bin/colcon', 'build'][0m
[0.116s] [34mcolcon[0m [1;30mDEBUG[0m [32mParsed command line arguments: Namespace(log_base=None, log_level=None, verb_name='build', build_base='build', install_base='install', merge_install=False, symlink_install=False, test_result_base=None, continue_on_error=False, executor='parallel', parallel_workers=12, event_handlers=None, ignore_user_meta=False, metas=['./colcon.meta'], base_paths=['.'], packages_ignore=None, packages_ignore_regex=None, paths=None, packages_up_to=None, packages_up_to_regex=None, packages_above=None, packages_above_and_dependencies=None, packages_above_depth=None, packages_select_by_dep=None, packages_skip_by_dep=None, packages_skip_up_to=None, packages_select_build_failed=False, packages_skip_build_finished=False, packages_select_test_failures=False, packages_skip_test_passed=False, packages_select=None, packages_skip=None, packages_select_regex=None, packages_skip_regex=None, packages_start=None, packages_end=None, allow_overriding=[], cmake_args=None, cmake_target=None, cmake_target_skip_unavailable=False, cmake_clean_cache=False, cmake_clean_first=False, cmake_force_configure=False, ament_cmake_args=None, catkin_cmake_args=None, catkin_skip_building_tests=False, mixin_files=None, mixin=None, verb_parser=<colcon_mixin.mixin.mixin_argument.MixinArgumentDecorator object at 0x7f4d5bd16cb0>, verb_extension=<colcon_core.verb.build.BuildVerb object at 0x7f4d5bd16680>, main=<bound method BuildVerb.main of <colcon_core.verb.build.BuildVerb object at 0x7f4d5bd16680>>, mixin_verb=('build',))[0m
[0.296s] [34mcolcon.colcon_core.package_discovery[0m [1;30mLevel 1[0m discover_packages(colcon_meta) check parameters
[0.297s] [34mcolcon.colcon_core.package_discovery[0m [1;30mLevel 1[0m discover_packages(recursive) check parameters
[0.297s] [34mcolcon.colcon_core.package_discovery[0m [1;30mLevel 1[0m discover_packages(ignore) check parameters
[0.297s] [34mcolcon.colcon_core.package_discovery[0m [1;30mLevel 1[0m discover_packages(path) check parameters
[0.297s] [34mcolcon.colcon_core.package_discovery[0m [1;30mLevel 1[0m discover_packages(colcon_meta) discover
[0.297s] [34mcolcon.colcon_core.package_discovery[0m [1;30mLevel 1[0m discover_packages(recursive) discover
[0.297s] [34mcolcon.colcon_core.package_discovery[0m [1;30mINFO[0m Crawling recursively for packages in '/home/ashmu/ros2_ws/RS2'
[0.297s] [34mcolcon.colcon_core.package_identification[0m [1;30mLevel 1[0m _identify(.) by extensions ['ignore', 'ignore_ament_install']
[0.297s] [34mcolcon.colcon_core.package_identification[0m [1;30mLevel 1[0m _identify(.) by extension 'ignore'
[0.297s] [34mcolcon.colcon_core.package_identification[0m [1;30mLevel 1[0m _identify(.) by extension 'ignore_ament_install'
[0.297s] [34mcolcon.colcon_core.package_identification[0m [1;30mLevel 1[0m _identify(.) by extensions ['colcon_pkg']
[0.297s] [34mcolcon.colcon_core.package_identification[0m [1;30mLevel 1[0m _identify(.) by extension 'colcon_pkg'
[0.297s] [34mcolcon.colcon_core.package_identification[0m [1;30mLevel 1[0m _identify(.) by extensions ['colcon_meta']
[0.297s] [34mcolcon.colcon_core.package_identification[0m [1;30mLevel 1[0m _identify(.) by extension 'colcon_meta'
[0.297s] [34mcolcon.colcon_core.package_identification[0m [1;30mLevel 1[0m _identify(.) by extensions ['ros']
[0.297s] [34mcolcon.colcon_core.package_identification[0m [1;30mLevel 1[0m _identify(.) by extension 'ros'
[0.316s] [34mcolcon.colcon_core.package_identification[0m [1;30mLevel 1[0m _identify(.) by extensions ['cmake', 'python']
[0.316s] [34mcolcon.colcon_core.package_identification[0m [1;30mLevel 1[0m _identify(.) by extension 'cmake'
[0.316s] [34mcolcon.colcon_core.package_identification[0m [1;30mLevel 1[0m _identify(.) by extension 'python'
[0.316s] [34mcolcon.colcon_core.package_identification[0m [1;30mLevel 1[0m _identify(.) by extensions ['python_setup_py']
[0.316s] [34mcolcon.colcon_core.package_identification[0m [1;30mLevel 1[0m _identify(.) by extension 'python_setup_py'
[0.316s] [34mcolcon.colcon_core.package_identification[0m [1;30mLevel 1[0m _identify(build) by extensions ['ignore', 'ignore_ament_install']
[0.316s] [34mcolcon.colcon_core.package_identification[0m [1;30mLevel 1[0m _identify(build) by extension 'ignore'
[0.317s] [34mcolcon.colcon_core.package_identification[0m [1;30mLevel 1[0m _identify(build) ignored
[0.317s] [34mcolcon.colcon_core.package_identification[0m [1;30mLevel 1[0m _identify(install) by extensions ['ignore', 'ignore_ament_install']
[0.317s] [34mcolcon.colcon_core.package_identification[0m [1;30mLevel 1[0m _identify(install) by extension 'ignore'
[0.317s] [34mcolcon.colcon_core.package_identification[0m [1;30mLevel 1[0m _identify(install) ignored
[0.317s] [34mcolcon.colcon_core.package_identification[0m [1;30mLevel 1[0m _identify(log) by extensions ['ignore', 'ignore_ament_install']
[0.317s] [34mcolcon.colcon_core.package_identification[0m [1;30mLevel 1[0m _identify(log) by extension 'ignore'
[0.317s] [34mcolcon.colcon_core.package_identification[0m [1;30mLevel 1[0m _identify(log) ignored
[0.317s] [34mcolcon.colcon_core.package_identification[0m [1;30mLevel 1[0m _identify(src) by extensions ['ignore', 'ignore_ament_install']
[0.317s] [34mcolcon.colcon_core.package_identification[0m [1;30mLevel 1[0m _identify(src) by extension 'ignore'
[0.317s] [34mcolcon.colcon_core.package_identification[0m [1;30mLevel 1[0m _identify(src) by extension 'ignore_ament_install'
[0.317s] [34mcolcon.colcon_core.package_identification[0m [1;30mLevel 1[0m _identify(src) by extensions ['colcon_pkg']
[0.317s] [34mcolcon.colcon_core.package_identification[0m [1;30mLevel 1[0m _identify(src) by extension 'colcon_pkg'
[0.317s] [34mcolcon.colcon_core.package_identification[0m [1;30mLevel 1[0m _identify(src) by extensions ['colcon_meta']
[0.317s] [34mcolcon.colcon_core.package_identification[0m [1;30mLevel 1[0m _identify(src) by extension 'colcon_meta'
[0.317s] [34mcolcon.colcon_core.package_identification[0m [1;30mLevel 1[0m _identify(src) by extensions ['ros']
[0.317s] [34mcolcon.colcon_core.package_identification[0m [1;30mLevel 1[0m _identify(src) by extension 'ros'
[0.317s] [34mcolcon.colcon_core.package_identification[0m [1;30mLevel 1[0m _identify(src) by extensions ['cmake', 'python']
[0.317s] [34mcolcon.colcon_core.package_identification[0m [1;30mLevel 1[0m _identify(src) by extension 'cmake'
[0.317s] [34mcolcon.colcon_core.package_identification[0m [1;30mLevel 1[0m _identify(src) by extension 'python'
[0.317s] [34mcolcon.colcon_core.package_identification[0m [1;30mLevel 1[0m _identify(src) by extensions ['python_setup_py']
[0.317s] [34mcolcon.colcon_core.package_identification[0m [1;30mLevel 1[0m _identify(src) by extension 'python_setup_py'
[0.318s] [34mcolcon.colcon_core.package_identification[0m [1;30mLevel 1[0m _identify(src/selfie_taker) by extensions ['ignore', 'ignore_ament_install']
[0.318s] [34mcolcon.colcon_core.package_identification[0m [1;30mLevel 1[0m _identify(src/selfie_taker) by extension 'ignore'
[0.318s] [34mcolcon.colcon_core.package_identification[0m [1;30mLevel 1[0m _identify(src/selfie_taker) by extension 'ignore_ament_install'
[0.318s] [34mcolcon.colcon_core.package_identification[0m [1;30mLevel 1[0m _identify(src/selfie_taker) by extensions ['colcon_pkg']
[0.318s] [34mcolcon.colcon_core.package_identification[0m [1;30mLevel 1[0m _identify(src/selfie_taker) by extension 'colcon_pkg'
[0.318s] [34mcolcon.colcon_core.package_identification[0m [1;30mLevel 1[0m _identify(src/selfie_taker) by extensions ['colcon_meta']
[0.318s] [34mcolcon.colcon_core.package_identification[0m [1;30mLevel 1[0m _identify(src/selfie_taker) by extension 'colcon_meta'
[0.318s] [34mcolcon.colcon_core.package_identification[0m [1;30mLevel 1[0m _identify(src/selfie_taker) by extensions ['ros']
[0.318s] [34mcolcon.colcon_core.package_identification[0m [1;30mLevel 1[0m _identify(src/selfie_taker) by extension 'ros'
[0.320s] [34mcolcon.colcon_core.package_identification[0m [1;30mDEBUG[0m [32mPackage 'src/selfie_taker' with type 'ros.ament_python' and name 'selfie_taker'[0m
[0.320s] [34mcolcon.colcon_core.package_identification[0m [1;30mLevel 1[0m _identify(src/svg_command_subscriber) by extensions ['ignore', 'ignore_ament_install']
[0.320s] [34mcolcon.colcon_core.package_identification[0m [1;30mLevel 1[0m _identify(src/svg_command_subscriber) by extension 'ignore'
[0.320s] [34mcolcon.colcon_core.package_identification[0m [1;30mLevel 1[0m _identify(src/svg_command_subscriber) by extension 'ignore_ament_install'
[0.320s] [34mcolcon.colcon_core.package_identification[0m [1;30mLevel 1[0m _identify(src/svg_command_subscriber) by extensions ['colcon_pkg']
[0.320s] [34mcolcon.colcon_core.package_identification[0m [1;30mLevel 1[0m _identify(src/svg_command_subscriber) by extension 'colcon_pkg'
[0.320s] [34mcolcon.colcon_core.package_identification[0m [1;30mLevel 1[0m _identify(src/svg_command_subscriber) by extensions ['colcon_meta']
[0.320s] [34mcolcon.colcon_core.package_identification[0m [1;30mLevel 1[0m _identify(src/svg_command_subscriber) by extension 'colcon_meta'
[0.320s] [34mcolcon.colcon_core.package_identification[0m [1;30mLevel 1[0m _identify(src/svg_command_subscriber) by extensions ['ros']
[0.320s] [34mcolcon.colcon_core.package_identification[0m [1;30mLevel 1[0m _identify(src/svg_command_subscriber) by extension 'ros'
[0.321s] [34mcolcon.colcon_core.package_identification[0m [1;30mDEBUG[0m [32mPackage 'src/svg_command_subscriber' with type 'ros.ament_python' and name 'svg_command_subscriber'[0m
[0.321s] [34mcolcon.colcon_core.package_identification[0m [1;30mLevel 1[0m _identify(src/svg_waypoint_publisher) by extensions ['ignore', 'ignore_ament_install']
[0.321s] [34mcolcon.colcon_core.package_identification[0m [1;30mLevel 1[0m _identify(src/svg_waypoint_publisher) by extension 'ignore'
[0.321s] [34mcolcon.colcon_core.package_identification[0m [1;30mLevel 1[0m _identify(src/svg_waypoint_publisher) by extension 'ignore_ament_install'
[0.321s] [34mcolcon.colcon_core.package_identification[0m [1;30mLevel 1[0m _identify(src/svg_waypoint_publisher) by extensions ['colcon_pkg']
[0.321s] [34mcolcon.colcon_core.package_identification[0m [1;30mLevel 1[0m _identify(src/svg_waypoint_publisher) by extension 'colcon_pkg'
[0.321s] [34mcolcon.colcon_core.package_identification[0m [1;30mLevel 1[0m _identify(src/svg_waypoint_publisher) by extensions ['colcon_meta']
[0.321s] [34mcolcon.colcon_core.package_identification[0m [1;30mLevel 1[0m _identify(src/svg_waypoint_publisher) by extension 'colcon_meta'
[0.321s] [34mcolcon.colcon_core.package_identification[0m [1;30mLevel 1[0m _identify(src/svg_waypoint_publisher) by extensions ['ros']
[0.321s] [34mcolcon.colcon_core.package_identification[0m [1;30mLevel 1[0m _identify(src/svg_waypoint_publisher) by extension 'ros'
[0.322s] [34mcolcon.colcon_core.package_identification[0m [1;30mDEBUG[0m [32mPackage 'src/svg_waypoint_publisher' with type 'ros.ament_python' and name 'svg_waypoint_publisher'[0m
[0.322s] [34mcolcon.colcon_core.package_identification[0m [1;30mLevel 1[0m _identify(src/ur3e_controller) by extensions ['ignore', 'ignore_ament_install']
[0.322s] [34mcolcon.colcon_core.package_identification[0m [1;30mLevel 1[0m _identify(src/ur3e_controller) by extension 'ignore'
[0.322s] [34mcolcon.colcon_core.package_identification[0m [1;30mLevel 1[0m _identify(src/ur3e_controller) by extension 'ignore_ament_install'
[0.322s] [34mcolcon.colcon_core.package_identification[0m [1;30mLevel 1[0m _identify(src/ur3e_controller) by extensions ['colcon_pkg']
[0.322s] [34mcolcon.colcon_core.package_identification[0m [1;30mLevel 1[0m _identify(src/ur3e_controller) by extension 'colcon_pkg'
[0.322s] [34mcolcon.colcon_core.package_identification[0m [1;30mLevel 1[0m _identify(src/ur3e_controller) by extensions ['colcon_meta']
[0.322s] [34mcolcon.colcon_core.package_identification[0m [1;30mLevel 1[0m _identify(src/ur3e_controller) by extension 'colcon_meta'
[0.322s] [34mcolcon.colcon_core.package_identification[0m [1;30mLevel 1[0m _identify(src/ur3e_controller) by extensions ['ros']
[0.322s] [34mcolcon.colcon_core.package_identification[0m [1;30mLevel 1[0m _identify(src/ur3e_controller) by extension 'ros'
[0.323s] [34mcolcon.colcon_core.package_identification[0m [1;30mDEBUG[0m [32mPackage 'src/ur3e_controller' with type 'ros.ament_cmake' and name 'ur3e_controller'[0m
[0.323s] [34mcolcon.colcon_core.package_discovery[0m [1;30mLevel 1[0m discover_packages(recursive) using defaults
[0.323s] [34mcolcon.colcon_core.package_discovery[0m [1;30mLevel 1[0m discover_packages(ignore) discover
[0.323s] [34mcolcon.colcon_core.package_discovery[0m [1;30mLevel 1[0m discover_packages(ignore) using defaults
[0.323s] [34mcolcon.colcon_core.package_discovery[0m [1;30mLevel 1[0m discover_packages(path) discover
[0.323s] [34mcolcon.colcon_core.package_discovery[0m [1;30mLevel 1[0m discover_packages(path) using defaults
[0.338s] [34mcolcon.colcon_core.package_discovery[0m [1;30mLevel 1[0m discover_packages(prefix_path) check parameters
[0.338s] [34mcolcon.colcon_core.package_discovery[0m [1;30mLevel 1[0m discover_packages(prefix_path) discover
[0.343s] [34mcolcon.colcon_installed_package_information.package_discovery[0m [1;30mDEBUG[0m [32mFound 53 installed packages in /home/ashmu/ros2_ws/install[0m
[0.344s] [34mcolcon.colcon_installed_package_information.package_discovery[0m [1;30mDEBUG[0m [32mFound 4 installed packages in /home/ashmu/ros2_ws/RS2/install[0m
[0.346s] [34mcolcon.colcon_installed_package_information.package_discovery[0m [1;30mDEBUG[0m [32mFound 386 installed packages in /opt/ros/humble[0m
[0.350s] [34mcolcon.colcon_core.package_discovery[0m [1;30mLevel 1[0m discover_packages(prefix_path) using defaults
[0.395s] [34mcolcon.colcon_core.verb[0m [1;30mLevel 5[0m set package 'selfie_taker' build argument 'cmake_args' from command line to 'None'
[0.395s] [34mcolcon.colcon_core.verb[0m [1;30mLevel 5[0m set package 'selfie_taker' build argument 'cmake_target' from command line to 'None'
[0.395s] [34mcolcon.colcon_core.verb[0m [1;30mLevel 5[0m set package 'selfie_taker' build argument 'cmake_target_skip_unavailable' from command line to 'False'
[0.395s] [34mcolcon.colcon_core.verb[0m [1;30mLevel 5[0m set package 'selfie_taker' build argument 'cmake_clean_cache' from command line to 'False'
[0.395s] [34mcolcon.colcon_core.verb[0m [1;30mLevel 5[0m set package 'selfie_taker' build argument 'cmake_clean_first' from command line to 'False'
[0.395s] [34mcolcon.colcon_core.verb[0m [1;30mLevel 5[0m set package 'selfie_taker' build argument 'cmake_force_configure' from command line to 'False'
[0.395s] [34mcolcon.colcon_core.verb[0m [1;30mLevel 5[0m set package 'selfie_taker' build argument 'ament_cmake_args' from command line to 'None'
[0.395s] [34mcolcon.colcon_core.verb[0m [1;30mLevel 5[0m set package 'selfie_taker' build argument 'catkin_cmake_args' from command line to 'None'
[0.395s] [34mcolcon.colcon_core.verb[0m [1;30mLevel 5[0m set package 'selfie_taker' build argument 'catkin_skip_building_tests' from command line to 'False'
[0.395s] [34mcolcon.colcon_core.verb[0m [1;30mDEBUG[0m [32mBuilding package 'selfie_taker' with the following arguments: {'ament_cmake_args': None, 'build_base': '/home/ashmu/ros2_ws/RS2/build/selfie_taker', 'catkin_cmake_args': None, 'catkin_skip_building_tests': False, 'cmake_args': None, 'cmake_clean_cache': False, 'cmake_clean_first': False, 'cmake_force_configure': False, 'cmake_target': None, 'cmake_target_skip_unavailable': False, 'install_base': '/home/ashmu/ros2_ws/RS2/install/selfie_taker', 'merge_install': False, 'path': '/home/ashmu/ros2_ws/RS2/src/selfie_taker', 'symlink_install': False, 'test_result_base': None}[0m
[0.395s] [34mcolcon.colcon_core.verb[0m [1;30mLevel 5[0m set package 'svg_command_subscriber' build argument 'cmake_args' from command line to 'None'
[0.395s] [34mcolcon.colcon_core.verb[0m [1;30mLevel 5[0m set package 'svg_command_subscriber' build argument 'cmake_target' from command line to 'None'
[0.395s] [34mcolcon.colcon_core.verb[0m [1;30mLevel 5[0m set package 'svg_command_subscriber' build argument 'cmake_target_skip_unavailable' from command line to 'False'
[0.395s] [34mcolcon.colcon_core.verb[0m [1;30mLevel 5[0m set package 'svg_command_subscriber' build argument 'cmake_clean_cache' from command line to 'False'
[0.395s] [34mcolcon.colcon_core.verb[0m [1;30mLevel 5[0m set package 'svg_command_subscriber' build argument 'cmake_clean_first' from command line to 'False'
[0.395s] [34mcolcon.colcon_core.verb[0m [1;30mLevel 5[0m set package 'svg_command_subscriber' build argument 'cmake_force_configure' from command line to 'False'
[0.395s] [34mcolcon.colcon_core.verb[0m [1;30mLevel 5[0m set package 'svg_command_subscriber' build argument 'ament_cmake_args' from command line to 'None'
[0.395s] [34mcolcon.colcon_core.verb[0m [1;30mLevel 5[0m set package 'svg_command_subscriber' build argument 'catkin_cmake_args' from command line to 'None'
[0.395s] [34mcolcon.colcon_core.verb[0m [1;30mLevel 5[0m set package 'svg_command_subscriber' build argument 'catkin_skip_building_tests' from command line to 'False'
[0.396s] [34mcolcon.colcon_core.verb[0m [1;30mDEBUG[0m [32mBuilding package 'svg_command_subscriber' with the following arguments: {'ament_cmake_args': None, 'build_base': '/home/ashmu/ros2_ws/RS2/build/svg_command_subscriber', 'catkin_cmake_args': None, 'catkin_skip_building_tests': False, 'cmake_args': None, 'cmake_clean_cache': False, 'cmake_clean_first': False, 'cmake_force_configure': False, 'cmake_target': None, 'cmake_target_skip_unavailable': False, 'install_base': '/home/ashmu/ros2_ws/RS2/install/svg_command_subscriber', 'merge_install': False, 'path': '/home/ashmu/ros2_ws/RS2/src/svg_command_subscriber', 'symlink_install': False, 'test_result_base': None}[0m
[0.396s] [34mcolcon.colcon_core.verb[0m [1;30mLevel 5[0m set package 'svg_waypoint_publisher' build argument 'cmake_args' from command line to 'None'
[0.396s] [34mcolcon.colcon_core.verb[0m [1;30mLevel 5[0m set package 'svg_waypoint_publisher' build argument 'cmake_target' from command line to 'None'
[0.396s] [34mcolcon.colcon_core.verb[0m [1;30mLevel 5[0m set package 'svg_waypoint_publisher' build argument 'cmake_target_skip_unavailable' from command line to 'False'
[0.396s] [34mcolcon.colcon_core.verb[0m [1;30mLevel 5[0m set package 'svg_waypoint_publisher' build argument 'cmake_clean_cache' from command line to 'False'
[0.396s] [34mcolcon.colcon_core.verb[0m [1;30mLevel 5[0m set package 'svg_waypoint_publisher' build argument 'cmake_clean_first' from command line to 'False'
[0.396s] [34mcolcon.colcon_core.verb[0m [1;30mLevel 5[0m set package 'svg_waypoint_publisher' build argument 'cmake_force_configure' from command line to 'False'
[0.396s] [34mcolcon.colcon_core.verb[0m [1;30mLevel 5[0m set package 'svg_waypoint_publisher' build argument 'ament_cmake_args' from command line to 'None'
[0.396s] [34mcolcon.colcon_core.verb[0m [1;30mLevel 5[0m set package 'svg_waypoint_publisher' build argument 'catkin_cmake_args' from command line to 'None'
[0.396s] [34mcolcon.colcon_core.verb[0m [1;30mLevel 5[0m set package 'svg_waypoint_publisher' build argument 'catkin_skip_building_tests' from command line to 'False'
[0.396s] [34mcolcon.colcon_core.verb[0m [1;30mDEBUG[0m [32mBuilding package 'svg_waypoint_publisher' with the following arguments: {'ament_cmake_args': None, 'build_base': '/home/ashmu/ros2_ws/RS2/build/svg_waypoint_publisher', 'catkin_cmake_args': None, 'catkin_skip_building_tests': False, 'cmake_args': None, 'cmake_clean_cache': False, 'cmake_clean_first': False, 'cmake_force_configure': False, 'cmake_target': None, 'cmake_target_skip_unavailable': False, 'install_base': '/home/ashmu/ros2_ws/RS2/install/svg_waypoint_publisher', 'merge_install': False, 'path': '/home/ashmu/ros2_ws/RS2/src/svg_waypoint_publisher', 'symlink_install': False, 'test_result_base': None}[0m
[0.396s] [34mcolcon.colcon_core.verb[0m [1;30mLevel 5[0m set package 'ur3e_controller' build argument 'cmake_args' from command line to 'None'
[0.396s] [34mcolcon.colcon_core.verb[0m [1;30mLevel 5[0m set package 'ur3e_controller' build argument 'cmake_target' from command line to 'None'
[0.396s] [34mcolcon.colcon_core.verb[0m [1;30mLevel 5[0m set package 'ur3e_controller' build argument 'cmake_target_skip_unavailable' from command line to 'False'
[0.396s] [34mcolcon.colcon_core.verb[0m [1;30mLevel 5[0m set package 'ur3e_controller' build argument 'cmake_clean_cache' from command line to 'False'
[0.396s] [34mcolcon.colcon_core.verb[0m [1;30mLevel 5[0m set package 'ur3e_controller' build argument 'cmake_clean_first' from command line to 'False'
[0.396s] [34mcolcon.colcon_core.verb[0m [1;30mLevel 5[0m set package 'ur3e_controller' build argument 'cmake_force_configure' from command line to 'False'
[0.396s] [34mcolcon.colcon_core.verb[0m [1;30mLevel 5[0m set package 'ur3e_controller' build argument 'ament_cmake_args' from command line to 'None'
[0.397s] [34mcolcon.colcon_core.verb[0m [1;30mLevel 5[0m set package 'ur3e_controller' build argument 'catkin_cmake_args' from command line to 'None'
[0.397s] [34mcolcon.colcon_core.verb[0m [1;30mLevel 5[0m set package 'ur3e_controller' build argument 'catkin_skip_building_tests' from command line to 'False'
[0.397s] [34mcolcon.colcon_core.verb[0m [1;30mDEBUG[0m [32mBuilding package 'ur3e_controller' with the following arguments: {'ament_cmake_args': None, 'build_base': '/home/ashmu/ros2_ws/RS2/build/ur3e_controller', 'catkin_cmake_args': None, 'catkin_skip_building_tests': False, 'cmake_args': None, 'cmake_clean_cache': False, 'cmake_clean_first': False, 'cmake_force_configure': False, 'cmake_target': None, 'cmake_target_skip_unavailable': False, 'install_base': '/home/ashmu/ros2_ws/RS2/install/ur3e_controller', 'merge_install': False, 'path': '/home/ashmu/ros2_ws/RS2/src/ur3e_controller', 'symlink_install': False, 'test_result_base': None}[0m
[0.397s] [34mcolcon.colcon_core.executor[0m [1;30mINFO[0m Executing jobs using 'parallel' executor
[0.398s] [34mcolcon.colcon_parallel_executor.executor.parallel[0m [1;30mDEBUG[0m [32mrun_until_complete[0m
[0.398s] [34mcolcon.colcon_ros.task.ament_python.build[0m [1;30mINFO[0m Building ROS package in '/home/ashmu/ros2_ws/RS2/src/selfie_taker' with build type 'ament_python'
[0.398s] [34mcolcon.colcon_core.shell[0m [1;30mLevel 1[0m create_environment_hook('selfie_taker', 'ament_prefix_path')
[0.401s] [34mcolcon.colcon_core.plugin_system[0m [1;30mINFO[0m Skipping extension 'colcon_core.shell.bat': Not used on non-Windows systems
[0.401s] [34mcolcon.colcon_core.shell[0m [1;30mINFO[0m Creating environment hook '/home/ashmu/ros2_ws/RS2/install/selfie_taker/share/selfie_taker/hook/ament_prefix_path.ps1'
[0.401s] [34mcolcon.colcon_core.shell[0m [1;30mINFO[0m Creating environment descriptor '/home/ashmu/ros2_ws/RS2/install/selfie_taker/share/selfie_taker/hook/ament_prefix_path.dsv'
[0.402s] [34mcolcon.colcon_core.shell[0m [1;30mINFO[0m Creating environment hook '/home/ashmu/ros2_ws/RS2/install/selfie_taker/share/selfie_taker/hook/ament_prefix_path.sh'
[0.403s] [34mcolcon.colcon_core.shell[0m [1;30mINFO[0m Skip shell extension 'powershell' for command environment: Not usable outside of PowerShell
[0.403s] [34mcolcon.colcon_core.shell[0m [1;30mDEBUG[0m [32mSkip shell extension 'dsv' for command environment[0m
[0.410s] [34mcolcon.colcon_ros.task.ament_python.build[0m [1;30mINFO[0m Building ROS package in '/home/ashmu/ros2_ws/RS2/src/svg_command_subscriber' with build type 'ament_python'
[0.411s] [34mcolcon.colcon_core.shell[0m [1;30mLevel 1[0m create_environment_hook('svg_command_subscriber', 'ament_prefix_path')
[0.411s] [34mcolcon.colcon_core.shell[0m [1;30mINFO[0m Creating environment hook '/home/ashmu/ros2_ws/RS2/install/svg_command_subscriber/share/svg_command_subscriber/hook/ament_prefix_path.ps1'
[0.411s] [34mcolcon.colcon_core.shell[0m [1;30mINFO[0m Creating environment descriptor '/home/ashmu/ros2_ws/RS2/install/svg_command_subscriber/share/svg_command_subscriber/hook/ament_prefix_path.dsv'
[0.412s] [34mcolcon.colcon_core.shell[0m [1;30mINFO[0m Creating environment hook '/home/ashmu/ros2_ws/RS2/install/svg_command_subscriber/share/svg_command_subscriber/hook/ament_prefix_path.sh'
[0.412s] [34mcolcon.colcon_core.shell[0m [1;30mINFO[0m Skip shell extension 'powershell' for command environment: Not usable outside of PowerShell
[0.412s] [34mcolcon.colcon_core.shell[0m [1;30mDEBUG[0m [32mSkip shell extension 'dsv' for command environment[0m
[0.420s] [34mcolcon.colcon_ros.task.ament_python.build[0m [1;30mINFO[0m Building ROS package in '/home/ashmu/ros2_ws/RS2/src/svg_waypoint_publisher' with build type 'ament_python'
[0.420s] [34mcolcon.colcon_core.shell[0m [1;30mLevel 1[0m create_environment_hook('svg_waypoint_publisher', 'ament_prefix_path')
[0.420s] [34mcolcon.colcon_core.shell[0m [1;30mINFO[0m Creating environment hook '/home/ashmu/ros2_ws/RS2/install/svg_waypoint_publisher/share/svg_waypoint_publisher/hook/ament_prefix_path.ps1'
[0.421s] [34mcolcon.colcon_core.shell[0m [1;30mINFO[0m Creating environment descriptor '/home/ashmu/ros2_ws/RS2/install/svg_waypoint_publisher/share/svg_waypoint_publisher/hook/ament_prefix_path.dsv'
[0.421s] [34mcolcon.colcon_core.shell[0m [1;30mINFO[0m Creating environment hook '/home/ashmu/ros2_ws/RS2/install/svg_waypoint_publisher/share/svg_waypoint_publisher/hook/ament_prefix_path.sh'
[0.421s] [34mcolcon.colcon_core.shell[0m [1;30mINFO[0m Skip shell extension 'powershell' for command environment: Not usable outside of PowerShell
[0.421s] [34mcolcon.colcon_core.shell[0m [1;30mDEBUG[0m [32mSkip shell extension 'dsv' for command environment[0m
[0.430s] [34mcolcon.colcon_ros.task.ament_cmake.build[0m [1;30mINFO[0m Building ROS package in '/home/ashmu/ros2_ws/RS2/src/ur3e_controller' with build type 'ament_cmake'
[0.430s] [34mcolcon.colcon_cmake.task.cmake.build[0m [1;30mINFO[0m Building CMake package in '/home/ashmu/ros2_ws/RS2/src/ur3e_controller'
[0.431s] [34mcolcon.colcon_core.shell[0m [1;30mINFO[0m Skip shell extension 'powershell' for command environment: Not usable outside of PowerShell
[0.431s] [34mcolcon.colcon_core.shell[0m [1;30mDEBUG[0m [32mSkip shell extension 'dsv' for command environment[0m
[0.695s] [34mcolcon.colcon_core.task.python.build[0m [1;30mINFO[0m Building Python package in '/home/ashmu/ros2_ws/RS2/src/selfie_taker'
[0.696s] [34mcolcon.colcon_core.shell[0m [1;30mINFO[0m Skip shell extension 'powershell' for command environment: Not usable outside of PowerShell
[0.696s] [34mcolcon.colcon_core.shell[0m [1;30mDEBUG[0m [32mSkip shell extension 'dsv' for command environment[0m
[0.977s] [34mcolcon.colcon_core.task.python.build[0m [1;30mINFO[0m Building Python package in '/home/ashmu/ros2_ws/RS2/src/svg_command_subscriber'
[0.978s] [34mcolcon.colcon_core.shell[0m [1;30mINFO[0m Skip shell extension 'powershell' for command environment: Not usable outside of PowerShell
[0.978s] [34mcolcon.colcon_core.shell[0m [1;30mDEBUG[0m [32mSkip shell extension 'dsv' for command environment[0m
[1.260s] [34mcolcon.colcon_core.task.python.build[0m [1;30mINFO[0m Building Python package in '/home/ashmu/ros2_ws/RS2/src/svg_waypoint_publisher'
[1.261s] [34mcolcon.colcon_core.shell[0m [1;30mINFO[0m Skip shell extension 'powershell' for command environment: Not usable outside of PowerShell
[1.261s] [34mcolcon.colcon_core.shell[0m [1;30mDEBUG[0m [32mSkip shell extension 'dsv' for command environment[0m
[1.273s] [34mcolcon.colcon_core.event_handler.log_command[0m [1;30mDEBUG[0m [32mInvoking command in '/home/ashmu/ros2_ws/RS2/build/ur3e_controller': CMAKE_PREFIX_PATH=${CMAKE_PREFIX_PATH}:/home/ashmu/ros2_ws/RS2/install/svg_waypoint_publisher:/home/ashmu/ros2_ws/RS2/install/svg_command_subscriber:/home/ashmu/ros2_ws/RS2/install/selfie_taker:/home/ashmu/ros2_ws/install/svg_waypoint_publisher:/home/ashmu/ros2_ws/install/svg_command_subscriber:/home/ashmu/ros2_ws/install/selfie_taker:/home/ashmu/ros2_ws/install/rqt_joint_trajectory_controller:/home/ashmu/ros2_ws/install/rqt_controller_manager:/home/ashmu/ros2_ws/install/ros2controlcli:/home/ashmu/ros2_ws/install/ros2_controllers_test_nodes:/opt/ros/humble /usr/bin/cmake --build /home/ashmu/ros2_ws/RS2/build/ur3e_controller -- -j12 -l12[0m
[1.742s] [34mcolcon.colcon_core.event_handler.log_command[0m [1;30mDEBUG[0m [32mInvoking command in '/home/ashmu/ros2_ws/RS2/src/svg_command_subscriber': PYTHONPATH=/home/ashmu/ros2_ws/RS2/build/svg_command_subscriber/prefix_override:/usr/lib/python3/dist-packages/colcon_core/task/python/colcon_distutils_commands:/home/ashmu/ros2_ws/RS2/install/svg_command_subscriber/lib/python3.10/site-packages:${PYTHONPATH} /usr/bin/python3 -W ignore:setup.py install is deprecated -W ignore:easy_install command is deprecated setup.py egg_info --egg-base ../../build/svg_command_subscriber build --build-base /home/ashmu/ros2_ws/RS2/build/svg_command_subscriber/build install --record /home/ashmu/ros2_ws/RS2/build/svg_command_subscriber/install.log --single-version-externally-managed install_data[0m
[1.812s] [34mcolcon.colcon_core.event_handler.log_command[0m [1;30mDEBUG[0m [32mInvoking command in '/home/ashmu/ros2_ws/RS2/src/selfie_taker': PYTHONPATH=/home/ashmu/ros2_ws/RS2/build/selfie_taker/prefix_override:/usr/lib/python3/dist-packages/colcon_core/task/python/colcon_distutils_commands:/home/ashmu/ros2_ws/RS2/install/selfie_taker/lib/python3.10/site-packages:${PYTHONPATH} /usr/bin/python3 -W ignore:setup.py install is deprecated -W ignore:easy_install command is deprecated setup.py egg_info --egg-base ../../build/selfie_taker build --build-base /home/ashmu/ros2_ws/RS2/build/selfie_taker/build install --record /home/ashmu/ros2_ws/RS2/build/selfie_taker/install.log --single-version-externally-managed install_data[0m
[1.821s] [34mcolcon.colcon_core.event_handler.log_command[0m [1;30mDEBUG[0m [32mInvoking command in '/home/ashmu/ros2_ws/RS2/src/svg_waypoint_publisher': PYTHONPATH=/home/ashmu/ros2_ws/RS2/build/svg_waypoint_publisher/prefix_override:/usr/lib/python3/dist-packages/colcon_core/task/python/colcon_distutils_commands:/home/ashmu/ros2_ws/RS2/install/svg_waypoint_publisher/lib/python3.10/site-packages:${PYTHONPATH} /usr/bin/python3 -W ignore:setup.py install is deprecated -W ignore:easy_install command is deprecated setup.py egg_info --egg-base ../../build/svg_waypoint_publisher build --build-base /home/ashmu/ros2_ws/RS2/build/svg_waypoint_publisher/build install --record /home/ashmu/ros2_ws/RS2/build/svg_waypoint_publisher/install.log --single-version-externally-managed install_data[0m
[2.218s] [34mcolcon.colcon_core.event_handler.log_command[0m [1;30mDEBUG[0m [32mInvoked command in '/home/ashmu/ros2_ws/RS2/src/svg_command_subscriber' returned '0': PYTHONPATH=/home/ashmu/ros2_ws/RS2/build/svg_command_subscriber/prefix_override:/usr/lib/python3/dist-packages/colcon_core/task/python/colcon_distutils_commands:/home/ashmu/ros2_ws/RS2/install/svg_command_subscriber/lib/python3.10/site-packages:${PYTHONPATH} /usr/bin/python3 -W ignore:setup.py install is deprecated -W ignore:easy_install command is deprecated setup.py egg_info --egg-base ../../build/svg_command_subscriber build --build-base /home/ashmu/ros2_ws/RS2/build/svg_command_subscriber/build install --record /home/ashmu/ros2_ws/RS2/build/svg_command_subscriber/install.log --single-version-externally-managed install_data[0m
[2.223s] [34mcolcon.colcon_core.environment[0m [1;30mLevel 1[0m checking '/home/ashmu/ros2_ws/RS2/install/svg_command_subscriber' for CMake module files
[2.224s] [34mcolcon.colcon_core.environment[0m [1;30mLevel 1[0m checking '/home/ashmu/ros2_ws/RS2/install/svg_command_subscriber' for CMake config files
[2.225s] [34mcolcon.colcon_core.environment[0m [1;30mLevel 1[0m checking '/home/ashmu/ros2_ws/RS2/install/svg_command_subscriber/lib'
[2.226s] [34mcolcon.colcon_core.environment[0m [1;30mLevel 1[0m checking '/home/ashmu/ros2_ws/RS2/install/svg_command_subscriber/bin'
[2.226s] [34mcolcon.colcon_core.environment[0m [1;30mLevel 1[0m checking '/home/ashmu/ros2_ws/RS2/install/svg_command_subscriber/lib/pkgconfig/svg_command_subscriber.pc'
[2.226s] [34mcolcon.colcon_core.environment[0m [1;30mLevel 1[0m checking '/home/ashmu/ros2_ws/RS2/install/svg_command_subscriber/lib/python3.10/site-packages'
[2.227s] [34mcolcon.colcon_core.shell[0m [1;30mLevel 1[0m create_environment_hook('svg_command_subscriber', 'pythonpath')
[2.227s] [34mcolcon.colcon_core.shell[0m [1;30mINFO[0m Creating environment hook '/home/ashmu/ros2_ws/RS2/install/svg_command_subscriber/share/svg_command_subscriber/hook/pythonpath.ps1'
[2.228s] [34mcolcon.colcon_core.shell[0m [1;30mINFO[0m Creating environment descriptor '/home/ashmu/ros2_ws/RS2/install/svg_command_subscriber/share/svg_command_subscriber/hook/pythonpath.dsv'
[2.229s] [34mcolcon.colcon_core.shell[0m [1;30mINFO[0m Creating environment hook '/home/ashmu/ros2_ws/RS2/install/svg_command_subscriber/share/svg_command_subscriber/hook/pythonpath.sh'
[2.230s] [34mcolcon.colcon_core.environment[0m [1;30mLevel 1[0m checking '/home/ashmu/ros2_ws/RS2/install/svg_command_subscriber/bin'
[2.230s] [34mcolcon.colcon_core.environment[0m [1;30mLevel 1[0m create_environment_scripts_only(svg_command_subscriber)
[2.231s] [34mcolcon.colcon_core.shell[0m [1;30mINFO[0m Creating package script '/home/ashmu/ros2_ws/RS2/install/svg_command_subscriber/share/svg_command_subscriber/package.ps1'
[2.232s] [34mcolcon.colcon_core.shell[0m [1;30mINFO[0m Creating package descriptor '/home/ashmu/ros2_ws/RS2/install/svg_command_subscriber/share/svg_command_subscriber/package.dsv'
[2.234s] [34mcolcon.colcon_core.shell[0m [1;30mINFO[0m Creating package script '/home/ashmu/ros2_ws/RS2/install/svg_command_subscriber/share/svg_command_subscriber/package.sh'
[2.236s] [34mcolcon.colcon_core.shell[0m [1;30mINFO[0m Creating package script '/home/ashmu/ros2_ws/RS2/install/svg_command_subscriber/share/svg_command_subscriber/package.bash'
[2.238s] [34mcolcon.colcon_core.shell[0m [1;30mINFO[0m Creating package script '/home/ashmu/ros2_ws/RS2/install/svg_command_subscriber/share/svg_command_subscriber/package.zsh'
[2.239s] [34mcolcon.colcon_core.environment[0m [1;30mLevel 1[0m create_file_with_runtime_dependencies(/home/ashmu/ros2_ws/RS2/install/svg_command_subscriber/share/colcon-core/packages/svg_command_subscriber)
[2.289s] [34mcolcon.colcon_core.environment[0m [1;30mLevel 1[0m checking '/home/ashmu/ros2_ws/RS2/install/selfie_taker' for CMake module files
[2.290s] [34mcolcon.colcon_core.event_handler.log_command[0m [1;30mDEBUG[0m [32mInvoked command in '/home/ashmu/ros2_ws/RS2/src/selfie_taker' returned '0': PYTHONPATH=/home/ashmu/ros2_ws/RS2/build/selfie_taker/prefix_override:/usr/lib/python3/dist-packages/colcon_core/task/python/colcon_distutils_commands:/home/ashmu/ros2_ws/RS2/install/selfie_taker/lib/python3.10/site-packages:${PYTHONPATH} /usr/bin/python3 -W ignore:setup.py install is deprecated -W ignore:easy_install command is deprecated setup.py egg_info --egg-base ../../build/selfie_taker build --build-base /home/ashmu/ros2_ws/RS2/build/selfie_taker/build install --record /home/ashmu/ros2_ws/RS2/build/selfie_taker/install.log --single-version-externally-managed install_data[0m
[2.290s] [34mcolcon.colcon_core.environment[0m [1;30mLevel 1[0m checking '/home/ashmu/ros2_ws/RS2/install/selfie_taker' for CMake config files
[2.291s] [34mcolcon.colcon_core.environment[0m [1;30mLevel 1[0m checking '/home/ashmu/ros2_ws/RS2/install/selfie_taker/lib'
[2.292s] [34mcolcon.colcon_core.environment[0m [1;30mLevel 1[0m checking '/home/ashmu/ros2_ws/RS2/install/selfie_taker/bin'
[2.292s] [34mcolcon.colcon_core.environment[0m [1;30mLevel 1[0m checking '/home/ashmu/ros2_ws/RS2/install/selfie_taker/lib/pkgconfig/selfie_taker.pc'
[2.292s] [34mcolcon.colcon_core.environment[0m [1;30mLevel 1[0m checking '/home/ashmu/ros2_ws/RS2/install/selfie_taker/lib/python3.10/site-packages'
[2.292s] [34mcolcon.colcon_core.shell[0m [1;30mLevel 1[0m create_environment_hook('selfie_taker', 'pythonpath')
[2.292s] [34mcolcon.colcon_core.shell[0m [1;30mINFO[0m Creating environment hook '/home/ashmu/ros2_ws/RS2/install/selfie_taker/share/selfie_taker/hook/pythonpath.ps1'
[2.293s] [34mcolcon.colcon_core.shell[0m [1;30mINFO[0m Creating environment descriptor '/home/ashmu/ros2_ws/RS2/install/selfie_taker/share/selfie_taker/hook/pythonpath.dsv'
[2.294s] [34mcolcon.colcon_core.shell[0m [1;30mINFO[0m Creating environment hook '/home/ashmu/ros2_ws/RS2/install/selfie_taker/share/selfie_taker/hook/pythonpath.sh'
[2.295s] [34mcolcon.colcon_core.environment[0m [1;30mLevel 1[0m checking '/home/ashmu/ros2_ws/RS2/install/selfie_taker/bin'
[2.295s] [34mcolcon.colcon_core.environment[0m [1;30mLevel 1[0m create_environment_scripts_only(selfie_taker)
[2.295s] [34mcolcon.colcon_core.shell[0m [1;30mINFO[0m Creating package script '/home/ashmu/ros2_ws/RS2/install/selfie_taker/share/selfie_taker/package.ps1'
[2.296s] [34mcolcon.colcon_core.shell[0m [1;30mINFO[0m Creating package descriptor '/home/ashmu/ros2_ws/RS2/install/selfie_taker/share/selfie_taker/package.dsv'
[2.296s] [34mcolcon.colcon_core.shell[0m [1;30mINFO[0m Creating package script '/home/ashmu/ros2_ws/RS2/install/selfie_taker/share/selfie_taker/package.sh'
[2.297s] [34mcolcon.colcon_core.shell[0m [1;30mINFO[0m Creating package script '/home/ashmu/ros2_ws/RS2/install/selfie_taker/share/selfie_taker/package.bash'
[2.298s] [34mcolcon.colcon_core.shell[0m [1;30mINFO[0m Creating package script '/home/ashmu/ros2_ws/RS2/install/selfie_taker/share/selfie_taker/package.zsh'
[2.298s] [34mcolcon.colcon_core.environment[0m [1;30mLevel 1[0m create_file_with_runtime_dependencies(/home/ashmu/ros2_ws/RS2/install/selfie_taker/share/colcon-core/packages/selfie_taker)
[2.300s] [34mcolcon.colcon_core.environment[0m [1;30mLevel 1[0m checking '/home/ashmu/ros2_ws/RS2/install/svg_waypoint_publisher' for CMake module files
[2.301s] [34mcolcon.colcon_core.event_handler.log_command[0m [1;30mDEBUG[0m [32mInvoked command in '/home/ashmu/ros2_ws/RS2/src/svg_waypoint_publisher' returned '0': PYTHONPATH=/home/ashmu/ros2_ws/RS2/build/svg_waypoint_publisher/prefix_override:/usr/lib/python3/dist-packages/colcon_core/task/python/colcon_distutils_commands:/home/ashmu/ros2_ws/RS2/install/svg_waypoint_publisher/lib/python3.10/site-packages:${PYTHONPATH} /usr/bin/python3 -W ignore:setup.py install is deprecated -W ignore:easy_install command is deprecated setup.py egg_info --egg-base ../../build/svg_waypoint_publisher build --build-base /home/ashmu/ros2_ws/RS2/build/svg_waypoint_publisher/build install --record /home/ashmu/ros2_ws/RS2/build/svg_waypoint_publisher/install.log --single-version-externally-managed install_data[0m
[2.301s] [34mcolcon.colcon_core.environment[0m [1;30mLevel 1[0m checking '/home/ashmu/ros2_ws/RS2/install/svg_waypoint_publisher' for CMake config files
[2.302s] [34mcolcon.colcon_core.environment[0m [1;30mLevel 1[0m checking '/home/ashmu/ros2_ws/RS2/install/svg_waypoint_publisher/lib'
[2.302s] [34mcolcon.colcon_core.environment[0m [1;30mLevel 1[0m checking '/home/ashmu/ros2_ws/RS2/install/svg_waypoint_publisher/bin'
[2.302s] [34mcolcon.colcon_core.environment[0m [1;30mLevel 1[0m checking '/home/ashmu/ros2_ws/RS2/install/svg_waypoint_publisher/lib/pkgconfig/svg_waypoint_publisher.pc'
[2.302s] [34mcolcon.colcon_core.environment[0m [1;30mLevel 1[0m checking '/home/ashmu/ros2_ws/RS2/install/svg_waypoint_publisher/lib/python3.10/site-packages'
[2.302s] [34mcolcon.colcon_core.shell[0m [1;30mLevel 1[0m create_environment_hook('svg_waypoint_publisher', 'pythonpath')
[2.303s] [34mcolcon.colcon_core.shell[0m [1;30mINFO[0m Creating environment hook '/home/ashmu/ros2_ws/RS2/install/svg_waypoint_publisher/share/svg_waypoint_publisher/hook/pythonpath.ps1'
[2.303s] [34mcolcon.colcon_core.shell[0m [1;30mINFO[0m Creating environment descriptor '/home/ashmu/ros2_ws/RS2/install/svg_waypoint_publisher/share/svg_waypoint_publisher/hook/pythonpath.dsv'
[2.304s] [34mcolcon.colcon_core.shell[0m [1;30mINFO[0m Creating environment hook '/home/ashmu/ros2_ws/RS2/install/svg_waypoint_publisher/share/svg_waypoint_publisher/hook/pythonpath.sh'
[2.305s] [34mcolcon.colcon_core.environment[0m [1;30mLevel 1[0m checking '/home/ashmu/ros2_ws/RS2/install/svg_waypoint_publisher/bin'
[2.305s] [34mcolcon.colcon_core.environment[0m [1;30mLevel 1[0m create_environment_scripts_only(svg_waypoint_publisher)
[2.305s] [34mcolcon.colcon_core.shell[0m [1;30mINFO[0m Creating package script '/home/ashmu/ros2_ws/RS2/install/svg_waypoint_publisher/share/svg_waypoint_publisher/package.ps1'
[2.306s] [34mcolcon.colcon_core.shell[0m [1;30mINFO[0m Creating package descriptor '/home/ashmu/ros2_ws/RS2/install/svg_waypoint_publisher/share/svg_waypoint_publisher/package.dsv'
[2.306s] [34mcolcon.colcon_core.shell[0m [1;30mINFO[0m Creating package script '/home/ashmu/ros2_ws/RS2/install/svg_waypoint_publisher/share/svg_waypoint_publisher/package.sh'
[2.307s] [34mcolcon.colcon_core.shell[0m [1;30mINFO[0m Creating package script '/home/ashmu/ros2_ws/RS2/install/svg_waypoint_publisher/share/svg_waypoint_publisher/package.bash'
[2.308s] [34mcolcon.colcon_core.shell[0m [1;30mINFO[0m Creating package script '/home/ashmu/ros2_ws/RS2/install/svg_waypoint_publisher/share/svg_waypoint_publisher/package.zsh'
[2.308s] [34mcolcon.colcon_core.environment[0m [1;30mLevel 1[0m create_file_with_runtime_dependencies(/home/ashmu/ros2_ws/RS2/install/svg_waypoint_publisher/share/colcon-core/packages/svg_waypoint_publisher)
[15.079s] [34mcolcon.colcon_core.event_handler.log_command[0m [1;30mDEBUG[0m [32mInvoked command in '/home/ashmu/ros2_ws/RS2/build/ur3e_controller' returned '0': CMAKE_PREFIX_PATH=${CMAKE_PREFIX_PATH}:/home/ashmu/ros2_ws/RS2/install/svg_waypoint_publisher:/home/ashmu/ros2_ws/RS2/install/svg_command_subscriber:/home/ashmu/ros2_ws/RS2/install/selfie_taker:/home/ashmu/ros2_ws/install/svg_waypoint_publisher:/home/ashmu/ros2_ws/install/svg_command_subscriber:/home/ashmu/ros2_ws/install/selfie_taker:/home/ashmu/ros2_ws/install/rqt_joint_trajectory_controller:/home/ashmu/ros2_ws/install/rqt_controller_manager:/home/ashmu/ros2_ws/install/ros2controlcli:/home/ashmu/ros2_ws/install/ros2_controllers_test_nodes:/opt/ros/humble /usr/bin/cmake --build /home/ashmu/ros2_ws/RS2/build/ur3e_controller -- -j12 -l12[0m
[15.096s] [34mcolcon.colcon_core.event_handler.log_command[0m [1;30mDEBUG[0m [32mInvoking command in '/home/ashmu/ros2_ws/RS2/build/ur3e_controller': CMAKE_PREFIX_PATH=${CMAKE_PREFIX_PATH}:/home/ashmu/ros2_ws/RS2/install/svg_waypoint_publisher:/home/ashmu/ros2_ws/RS2/install/svg_command_subscriber:/home/ashmu/ros2_ws/RS2/install/selfie_taker:/home/ashmu/ros2_ws/install/svg_waypoint_publisher:/home/ashmu/ros2_ws/install/svg_command_subscriber:/home/ashmu/ros2_ws/install/selfie_taker:/home/ashmu/ros2_ws/install/rqt_joint_trajectory_controller:/home/ashmu/ros2_ws/install/rqt_controller_manager:/home/ashmu/ros2_ws/install/ros2controlcli:/home/ashmu/ros2_ws/install/ros2_controllers_test_nodes:/opt/ros/humble /usr/bin/cmake --install /home/ashmu/ros2_ws/RS2/build/ur3e_controller[0m
[15.112s] [34mcolcon.colcon_core.environment[0m [1;30mLevel 1[0m create_environment_scripts_only(ur3e_controller)
[15.113s] [34mcolcon.colcon_core.environment[0m [1;30mLevel 1[0m checking '/home/ashmu/ros2_ws/RS2/install/ur3e_controller' for CMake module files
[15.113s] [34mcolcon.colcon_core.event_handler.log_command[0m [1;30mDEBUG[0m [32mInvoked command in '/home/ashmu/ros2_ws/RS2/build/ur3e_controller' returned '0': CMAKE_PREFIX_PATH=${CMAKE_PREFIX_PATH}:/home/ashmu/ros2_ws/RS2/install/svg_waypoint_publisher:/home/ashmu/ros2_ws/RS2/install/svg_command_subscriber:/home/ashmu/ros2_ws/RS2/install/selfie_taker:/home/ashmu/ros2_ws/install/svg_waypoint_publisher:/home/ashmu/ros2_ws/install/svg_command_subscriber:/home/ashmu/ros2_ws/install/selfie_taker:/home/ashmu/ros2_ws/install/rqt_joint_trajectory_controller:/home/ashmu/ros2_ws/install/rqt_controller_manager:/home/ashmu/ros2_ws/install/ros2controlcli:/home/ashmu/ros2_ws/install/ros2_controllers_test_nodes:/opt/ros/humble /usr/bin/cmake --install /home/ashmu/ros2_ws/RS2/build/ur3e_controller[0m
[15.114s] [34mcolcon.colcon_core.environment[0m [1;30mLevel 1[0m checking '/home/ashmu/ros2_ws/RS2/install/ur3e_controller' for CMake config files
[15.114s] [34mcolcon.colcon_core.shell[0m [1;30mLevel 1[0m create_environment_hook('ur3e_controller', 'cmake_prefix_path')
[15.114s] [34mcolcon.colcon_core.shell[0m [1;30mINFO[0m Creating environment hook '/home/ashmu/ros2_ws/RS2/install/ur3e_controller/share/ur3e_controller/hook/cmake_prefix_path.ps1'
[15.115s] [34mcolcon.colcon_core.shell[0m [1;30mINFO[0m Creating environment descriptor '/home/ashmu/ros2_ws/RS2/install/ur3e_controller/share/ur3e_controller/hook/cmake_prefix_path.dsv'
[15.115s] [34mcolcon.colcon_core.shell[0m [1;30mINFO[0m Creating environment hook '/home/ashmu/ros2_ws/RS2/install/ur3e_controller/share/ur3e_controller/hook/cmake_prefix_path.sh'
[15.116s] [34mcolcon.colcon_core.environment[0m [1;30mLevel 1[0m checking '/home/ashmu/ros2_ws/RS2/install/ur3e_controller/lib'
[15.116s] [34mcolcon.colcon_core.environment[0m [1;30mLevel 1[0m checking '/home/ashmu/ros2_ws/RS2/install/ur3e_controller/bin'
[15.116s] [34mcolcon.colcon_core.environment[0m [1;30mLevel 1[0m checking '/home/ashmu/ros2_ws/RS2/install/ur3e_controller/lib/pkgconfig/ur3e_controller.pc'
[15.117s] [34mcolcon.colcon_core.environment[0m [1;30mLevel 1[0m checking '/home/ashmu/ros2_ws/RS2/install/ur3e_controller/lib/python3.10/site-packages'
[15.117s] [34mcolcon.colcon_core.environment[0m [1;30mLevel 1[0m checking '/home/ashmu/ros2_ws/RS2/install/ur3e_controller/bin'
[15.117s] [34mcolcon.colcon_core.shell[0m [1;30mINFO[0m Creating package script '/home/ashmu/ros2_ws/RS2/install/ur3e_controller/share/ur3e_controller/package.ps1'
[15.117s] [34mcolcon.colcon_core.shell[0m [1;30mINFO[0m Creating package descriptor '/home/ashmu/ros2_ws/RS2/install/ur3e_controller/share/ur3e_controller/package.dsv'
[15.118s] [34mcolcon.colcon_core.shell[0m [1;30mINFO[0m Creating package script '/home/ashmu/ros2_ws/RS2/install/ur3e_controller/share/ur3e_controller/package.sh'
[15.118s] [34mcolcon.colcon_core.shell[0m [1;30mINFO[0m Creating package script '/home/ashmu/ros2_ws/RS2/install/ur3e_controller/share/ur3e_controller/package.bash'
[15.118s] [34mcolcon.colcon_core.shell[0m [1;30mINFO[0m Creating package script '/home/ashmu/ros2_ws/RS2/install/ur3e_controller/share/ur3e_controller/package.zsh'
[15.119s] [34mcolcon.colcon_core.environment[0m [1;30mLevel 1[0m create_file_with_runtime_dependencies(/home/ashmu/ros2_ws/RS2/install/ur3e_controller/share/colcon-core/packages/ur3e_controller)
[15.119s] [34mcolcon.colcon_core.environment[0m [1;30mLevel 1[0m create_environment_scripts_only(ur3e_controller)
[15.119s] [34mcolcon.colcon_core.environment[0m [1;30mLevel 1[0m checking '/home/ashmu/ros2_ws/RS2/install/ur3e_controller' for CMake module files
[15.120s] [34mcolcon.colcon_core.environment[0m [1;30mLevel 1[0m checking '/home/ashmu/ros2_ws/RS2/install/ur3e_controller' for CMake config files
[15.120s] [34mcolcon.colcon_core.shell[0m [1;30mLevel 1[0m create_environment_hook('ur3e_controller', 'cmake_prefix_path')
[15.120s] [34mcolcon.colcon_core.shell[0m [1;30mINFO[0m Creating environment hook '/home/ashmu/ros2_ws/RS2/install/ur3e_controller/share/ur3e_controller/hook/cmake_prefix_path.ps1'
[15.120s] [34mcolcon.colcon_core.shell[0m [1;30mINFO[0m Creating environment descriptor '/home/ashmu/ros2_ws/RS2/install/ur3e_controller/share/ur3e_controller/hook/cmake_prefix_path.dsv'
[15.121s] [34mcolcon.colcon_core.shell[0m [1;30mINFO[0m Creating environment hook '/home/ashmu/ros2_ws/RS2/install/ur3e_controller/share/ur3e_controller/hook/cmake_prefix_path.sh'
[15.121s] [34mcolcon.colcon_core.environment[0m [1;30mLevel 1[0m checking '/home/ashmu/ros2_ws/RS2/install/ur3e_controller/lib'
[15.121s] [34mcolcon.colcon_core.environment[0m [1;30mLevel 1[0m checking '/home/ashmu/ros2_ws/RS2/install/ur3e_controller/bin'
[15.121s] [34mcolcon.colcon_core.environment[0m [1;30mLevel 1[0m checking '/home/ashmu/ros2_ws/RS2/install/ur3e_controller/lib/pkgconfig/ur3e_controller.pc'
[15.121s] [34mcolcon.colcon_core.environment[0m [1;30mLevel 1[0m checking '/home/ashmu/ros2_ws/RS2/install/ur3e_controller/lib/python3.10/site-packages'
[15.121s] [34mcolcon.colcon_core.environment[0m [1;30mLevel 1[0m checking '/home/ashmu/ros2_ws/RS2/install/ur3e_controller/bin'
[15.122s] [34mcolcon.colcon_core.shell[0m [1;30mINFO[0m Creating package script '/home/ashmu/ros2_ws/RS2/install/ur3e_controller/share/ur3e_controller/package.ps1'
[15.122s] [34mcolcon.colcon_core.shell[0m [1;30mINFO[0m Creating package descriptor '/home/ashmu/ros2_ws/RS2/install/ur3e_controller/share/ur3e_controller/package.dsv'
[15.122s] [34mcolcon.colcon_core.shell[0m [1;30mINFO[0m Creating package script '/home/ashmu/ros2_ws/RS2/install/ur3e_controller/share/ur3e_controller/package.sh'
[15.123s] [34mcolcon.colcon_core.shell[0m [1;30mINFO[0m Creating package script '/home/ashmu/ros2_ws/RS2/install/ur3e_controller/share/ur3e_controller/package.bash'
[15.123s] [34mcolcon.colcon_core.shell[0m [1;30mINFO[0m Creating package script '/home/ashmu/ros2_ws/RS2/install/ur3e_controller/share/ur3e_controller/package.zsh'
[15.123s] [34mcolcon.colcon_core.environment[0m [1;30mLevel 1[0m create_file_with_runtime_dependencies(/home/ashmu/ros2_ws/RS2/install/ur3e_controller/share/colcon-core/packages/ur3e_controller)
[15.124s] [34mcolcon.colcon_parallel_executor.executor.parallel[0m [1;30mDEBUG[0m [32mclosing loop[0m
[15.124s] [34mcolcon.colcon_parallel_executor.executor.parallel[0m [1;30mDEBUG[0m [32mloop closed[0m
[15.124s] [34mcolcon.colcon_parallel_executor.executor.parallel[0m [1;30mDEBUG[0m [32mrun_until_complete finished with '0'[0m
[15.124s] [34mcolcon.colcon_core.event_reactor[0m [1;30mDEBUG[0m [32mjoining thread[0m
[15.129s] [34mcolcon.colcon_core.plugin_system[0m [1;30mINFO[0m Skipping extension 'colcon_notification.desktop_notification.terminal_notifier': Not used on non-Darwin systems
[15.129s] [34mcolcon.colcon_core.plugin_system[0m [1;30mINFO[0m Skipping extension 'colcon_notification.desktop_notification.win32': Not used on non-Windows systems
[15.129s] [34mcolcon.colcon_notification.desktop_notification[0m [1;30mINFO[0m Sending desktop notification using 'notify2'
[15.139s] [34mcolcon.colcon_core.event_reactor[0m [1;30mDEBUG[0m [32mjoined thread[0m
[15.139s] [34mcolcon.colcon_core.shell[0m [1;30mINFO[0m Creating prefix script '/home/ashmu/ros2_ws/RS2/install/local_setup.ps1'
[15.140s] [34mcolcon.colcon_core.shell[0m [1;30mINFO[0m Creating prefix util module '/home/ashmu/ros2_ws/RS2/install/_local_setup_util_ps1.py'
[15.143s] [34mcolcon.colcon_core.shell[0m [1;30mINFO[0m Creating prefix chain script '/home/ashmu/ros2_ws/RS2/install/setup.ps1'
[15.146s] [34mcolcon.colcon_core.shell[0m [1;30mINFO[0m Creating prefix script '/home/ashmu/ros2_ws/RS2/install/local_setup.sh'
[15.146s] [34mcolcon.colcon_core.shell[0m [1;30mINFO[0m Creating prefix util module '/home/ashmu/ros2_ws/RS2/install/_local_setup_util_sh.py'
[15.147s] [34mcolcon.colcon_core.shell[0m [1;30mINFO[0m Creating prefix chain script '/home/ashmu/ros2_ws/RS2/install/setup.sh'
[15.150s] [34mcolcon.colcon_core.shell[0m [1;30mINFO[0m Creating prefix script '/home/ashmu/ros2_ws/RS2/install/local_setup.bash'
[15.151s] [34mcolcon.colcon_core.shell[0m [1;30mINFO[0m Creating prefix chain script '/home/ashmu/ros2_ws/RS2/install/setup.bash'
[15.154s] [34mcolcon.colcon_core.shell[0m [1;30mINFO[0m Creating prefix script '/home/ashmu/ros2_ws/RS2/install/local_setup.zsh'
[15.154s] [34mcolcon.colcon_core.shell[0m [1;30mINFO[0m Creating prefix chain script '/home/ashmu/ros2_ws/RS2/install/setup.zsh'
