[0.018s] Invoking command in '/home/ashmu/ros2_ws/src/build/pymoveit2': CMAKE_PREFIX_PATH=/opt/ros/humble /usr/bin/cmake --build /home/ashmu/ros2_ws/src/build/pymoveit2 -- -j12 -l12
[0.076s] Built target ament_cmake_python_symlink_pymoveit2
[0.272s] running egg_info
[0.273s] writing pymoveit2.egg-info/PKG-INFO
[0.273s] writing dependency_links to pymoveit2.egg-info/dependency_links.txt
[0.273s] writing top-level names to pymoveit2.egg-info/top_level.txt
[0.275s] reading manifest file 'pymoveit2.egg-info/SOURCES.txt'
[0.276s] writing manifest file 'pymoveit2.egg-info/SOURCES.txt'
[0.314s] Built target ament_cmake_python_build_pymoveit2_egg
[0.326s] Invoked command in '/home/ashmu/ros2_ws/src/build/pymoveit2' returned '0': CMAKE_PREFIX_PATH=/opt/ros/humble /usr/bin/cmake --build /home/ashmu/ros2_ws/src/build/pymoveit2 -- -j12 -l12
[0.328s] Invoking command in '/home/ashmu/ros2_ws/src/build/pymoveit2': CMAKE_PREFIX_PATH=/opt/ros/humble /usr/bin/cmake --install /home/ashmu/ros2_ws/src/build/pymoveit2
[0.335s] -- Install configuration: ""
[0.335s] -- Execute custom install script
[0.336s] -- Symlinking: /home/ashmu/ros2_ws/src/install/pymoveit2/share/pymoveit2/environment/pythonpath.sh
[0.345s] -- Symlinking: /home/ashmu/ros2_ws/src/install/pymoveit2/share/pymoveit2/environment/pythonpath.dsv
[0.354s] -- Symlinking: /home/ashmu/ros2_ws/src/install/pymoveit2/local/lib/python3.10/dist-packages/pymoveit2-4.0.0-py3.10.egg-info/PKG-INFO
[0.363s] -- Symlinking: /home/ashmu/ros2_ws/src/install/pymoveit2/local/lib/python3.10/dist-packages/pymoveit2-4.0.0-py3.10.egg-info/SOURCES.txt
[0.372s] -- Symlinking: /home/ashmu/ros2_ws/src/install/pymoveit2/local/lib/python3.10/dist-packages/pymoveit2-4.0.0-py3.10.egg-info/dependency_links.txt
[0.380s] -- Symlinking: /home/ashmu/ros2_ws/src/install/pymoveit2/local/lib/python3.10/dist-packages/pymoveit2-4.0.0-py3.10.egg-info/top_level.txt
[0.390s] -- Symlinking: /home/ashmu/ros2_ws/src/install/pymoveit2/local/lib/python3.10/dist-packages/pymoveit2/__init__.py
[0.399s] -- Symlinking: /home/ashmu/ros2_ws/src/install/pymoveit2/local/lib/python3.10/dist-packages/pymoveit2/gripper_command.py
[0.408s] -- Symlinking: /home/ashmu/ros2_ws/src/install/pymoveit2/local/lib/python3.10/dist-packages/pymoveit2/gripper_interface.py
[0.418s] -- Symlinking: /home/ashmu/ros2_ws/src/install/pymoveit2/local/lib/python3.10/dist-packages/pymoveit2/moveit2.py
[0.428s] -- Symlinking: /home/ashmu/ros2_ws/src/install/pymoveit2/local/lib/python3.10/dist-packages/pymoveit2/moveit2_gripper.py
[0.438s] -- Symlinking: /home/ashmu/ros2_ws/src/install/pymoveit2/local/lib/python3.10/dist-packages/pymoveit2/moveit2_servo.py
[0.449s] -- Symlinking: /home/ashmu/ros2_ws/src/install/pymoveit2/local/lib/python3.10/dist-packages/pymoveit2/robots/__init__.py
[0.458s] -- Symlinking: /home/ashmu/ros2_ws/src/install/pymoveit2/local/lib/python3.10/dist-packages/pymoveit2/robots/crane_x7.py
[0.467s] -- Symlinking: /home/ashmu/ros2_ws/src/install/pymoveit2/local/lib/python3.10/dist-packages/pymoveit2/robots/kinova.py
[0.475s] -- Symlinking: /home/ashmu/ros2_ws/src/install/pymoveit2/local/lib/python3.10/dist-packages/pymoveit2/robots/lbr.py
[0.484s] -- Symlinking: /home/ashmu/ros2_ws/src/install/pymoveit2/local/lib/python3.10/dist-packages/pymoveit2/robots/panda.py
[0.493s] -- Symlinking: /home/ashmu/ros2_ws/src/install/pymoveit2/local/lib/python3.10/dist-packages/pymoveit2/robots/phantomx_pincher.py
[0.501s] -- Symlinking: /home/ashmu/ros2_ws/src/install/pymoveit2/local/lib/python3.10/dist-packages/pymoveit2/robots/ur3e.py
[0.510s] -- Symlinking: /home/ashmu/ros2_ws/src/install/pymoveit2/lib/pymoveit2/ex_allow_collisions.py
[0.519s] -- Symlinking: /home/ashmu/ros2_ws/src/install/pymoveit2/lib/pymoveit2/ex_clear_planning_scene.py
[0.530s] -- Symlinking: /home/ashmu/ros2_ws/src/install/pymoveit2/lib/pymoveit2/ex_collision_mesh.py
[0.541s] -- Symlinking: /home/ashmu/ros2_ws/src/install/pymoveit2/lib/pymoveit2/ex_collision_primitive.py
[0.552s] -- Symlinking: /home/ashmu/ros2_ws/src/install/pymoveit2/lib/pymoveit2/ex_fk.py
[0.561s] -- Symlinking: /home/ashmu/ros2_ws/src/install/pymoveit2/lib/pymoveit2/ex_gripper.py
[0.571s] -- Symlinking: /home/ashmu/ros2_ws/src/install/pymoveit2/lib/pymoveit2/ex_ik.py
[0.582s] -- Symlinking: /home/ashmu/ros2_ws/src/install/pymoveit2/lib/pymoveit2/ex_joint_goal.py
[0.592s] -- Symlinking: /home/ashmu/ros2_ws/src/install/pymoveit2/lib/pymoveit2/ex_orientation_path_constraint.py
[0.601s] -- Symlinking: /home/ashmu/ros2_ws/src/install/pymoveit2/lib/pymoveit2/ex_pose_goal.py
[0.611s] -- Symlinking: /home/ashmu/ros2_ws/src/install/pymoveit2/lib/pymoveit2/ex_servo.py
[0.621s] -- Symlinking: /home/ashmu/ros2_ws/src/install/pymoveit2/share/ament_index/resource_index/package_run_dependencies/pymoveit2
[0.629s] -- Symlinking: /home/ashmu/ros2_ws/src/install/pymoveit2/share/ament_index/resource_index/parent_prefix_path/pymoveit2
[0.640s] -- Symlinking: /home/ashmu/ros2_ws/src/install/pymoveit2/share/pymoveit2/environment/ament_prefix_path.sh
[0.652s] -- Symlinking: /home/ashmu/ros2_ws/src/install/pymoveit2/share/pymoveit2/environment/ament_prefix_path.dsv
[0.660s] -- Symlinking: /home/ashmu/ros2_ws/src/install/pymoveit2/share/pymoveit2/environment/path.sh
[0.670s] -- Symlinking: /home/ashmu/ros2_ws/src/install/pymoveit2/share/pymoveit2/environment/path.dsv
[0.679s] -- Symlinking: /home/ashmu/ros2_ws/src/install/pymoveit2/share/pymoveit2/local_setup.bash
[0.688s] -- Symlinking: /home/ashmu/ros2_ws/src/install/pymoveit2/share/pymoveit2/local_setup.sh
[0.697s] -- Symlinking: /home/ashmu/ros2_ws/src/install/pymoveit2/share/pymoveit2/local_setup.zsh
[0.707s] -- Symlinking: /home/ashmu/ros2_ws/src/install/pymoveit2/share/pymoveit2/local_setup.dsv
[0.716s] -- Symlinking: /home/ashmu/ros2_ws/src/install/pymoveit2/share/pymoveit2/package.dsv
[0.726s] -- Symlinking: /home/ashmu/ros2_ws/src/install/pymoveit2/share/ament_index/resource_index/packages/pymoveit2
[0.737s] -- Symlinking: /home/ashmu/ros2_ws/src/install/pymoveit2/share/pymoveit2/cmake/pymoveit2Config.cmake
[0.748s] -- Symlinking: /home/ashmu/ros2_ws/src/install/pymoveit2/share/pymoveit2/cmake/pymoveit2Config-version.cmake
[0.756s] -- Symlinking: /home/ashmu/ros2_ws/src/install/pymoveit2/share/pymoveit2/package.xml
[0.805s] Listing '/home/ashmu/ros2_ws/src/install/pymoveit2/local/lib/python3.10/dist-packages/pymoveit2'...
[0.805s] Compiling '/home/ashmu/ros2_ws/src/install/pymoveit2/local/lib/python3.10/dist-packages/pymoveit2/__init__.py'...
[0.805s] Compiling '/home/ashmu/ros2_ws/src/install/pymoveit2/local/lib/python3.10/dist-packages/pymoveit2/gripper_command.py'...
[0.806s] Compiling '/home/ashmu/ros2_ws/src/install/pymoveit2/local/lib/python3.10/dist-packages/pymoveit2/gripper_interface.py'...
[0.806s] Compiling '/home/ashmu/ros2_ws/src/install/pymoveit2/local/lib/python3.10/dist-packages/pymoveit2/moveit2.py'...
[0.806s] Compiling '/home/ashmu/ros2_ws/src/install/pymoveit2/local/lib/python3.10/dist-packages/pymoveit2/moveit2_gripper.py'...
[0.806s] Compiling '/home/ashmu/ros2_ws/src/install/pymoveit2/local/lib/python3.10/dist-packages/pymoveit2/moveit2_servo.py'...
[0.806s] Listing '/home/ashmu/ros2_ws/src/install/pymoveit2/local/lib/python3.10/dist-packages/pymoveit2/robots'...
[0.806s] Compiling '/home/ashmu/ros2_ws/src/install/pymoveit2/local/lib/python3.10/dist-packages/pymoveit2/robots/__init__.py'...
[0.806s] Compiling '/home/ashmu/ros2_ws/src/install/pymoveit2/local/lib/python3.10/dist-packages/pymoveit2/robots/crane_x7.py'...
[0.806s] Compiling '/home/ashmu/ros2_ws/src/install/pymoveit2/local/lib/python3.10/dist-packages/pymoveit2/robots/kinova.py'...
[0.806s] Compiling '/home/ashmu/ros2_ws/src/install/pymoveit2/local/lib/python3.10/dist-packages/pymoveit2/robots/lbr.py'...
[0.806s] Compiling '/home/ashmu/ros2_ws/src/install/pymoveit2/local/lib/python3.10/dist-packages/pymoveit2/robots/panda.py'...
[0.806s] Compiling '/home/ashmu/ros2_ws/src/install/pymoveit2/local/lib/python3.10/dist-packages/pymoveit2/robots/phantomx_pincher.py'...
[0.806s] Compiling '/home/ashmu/ros2_ws/src/install/pymoveit2/local/lib/python3.10/dist-packages/pymoveit2/robots/ur3e.py'...
[0.813s] Invoked command in '/home/ashmu/ros2_ws/src/build/pymoveit2' returned '0': CMAKE_PREFIX_PATH=/opt/ros/humble /usr/bin/cmake --install /home/ashmu/ros2_ws/src/build/pymoveit2
