[0.803s] Invoking command in '/home/ashmu/ros2_ws/RS2/src/selfie_taker': PYTHONPATH=/home/ashmu/ros2_ws/RS2/build/selfie_taker/prefix_override:/usr/lib/python3/dist-packages/colcon_core/task/python/colcon_distutils_commands:/home/ashmu/ros2_ws/RS2/install/selfie_taker/lib/python3.10/site-packages:${PYTHONPATH} /usr/bin/python3 -W ignore:setup.py install is deprecated -W ignore:easy_install command is deprecated setup.py egg_info --egg-base ../../build/selfie_taker build --build-base /home/ashmu/ros2_ws/RS2/build/selfie_taker/build install --record /home/ashmu/ros2_ws/RS2/build/selfie_taker/install.log --single-version-externally-managed install_data
[0.988s] running egg_info
[0.989s] writing ../../build/selfie_taker/selfie_taker.egg-info/PKG-INFO
[0.989s] writing dependency_links to ../../build/selfie_taker/selfie_taker.egg-info/dependency_links.txt
[0.989s] writing entry points to ../../build/selfie_taker/selfie_taker.egg-info/entry_points.txt
[0.989s] writing requirements to ../../build/selfie_taker/selfie_taker.egg-info/requires.txt
[0.989s] writing top-level names to ../../build/selfie_taker/selfie_taker.egg-info/top_level.txt
[0.990s] reading manifest file '../../build/selfie_taker/selfie_taker.egg-info/SOURCES.txt'
[0.991s] writing manifest file '../../build/selfie_taker/selfie_taker.egg-info/SOURCES.txt'
[0.991s] running build
[0.991s] running build_py
[0.991s] copying selfie_taker/Processor.py -> /home/ashmu/ros2_ws/RS2/build/selfie_taker/build/lib/selfie_taker
[0.991s] running install
[0.991s] running install_lib
[0.992s] copying /home/ashmu/ros2_ws/RS2/build/selfie_taker/build/lib/selfie_taker/Processor.py -> /home/ashmu/ros2_ws/RS2/install/selfie_taker/lib/python3.10/site-packages/selfie_taker
[0.993s] byte-compiling /home/ashmu/ros2_ws/RS2/install/selfie_taker/lib/python3.10/site-packages/selfie_taker/Processor.py to Processor.cpython-310.pyc
[0.993s] running install_data
[0.993s] running install_egg_info
[0.995s] removing '/home/ashmu/ros2_ws/RS2/install/selfie_taker/lib/python3.10/site-packages/selfie_taker-0.0.0-py3.10.egg-info' (and everything under it)
[0.995s] Copying ../../build/selfie_taker/selfie_taker.egg-info to /home/ashmu/ros2_ws/RS2/install/selfie_taker/lib/python3.10/site-packages/selfie_taker-0.0.0-py3.10.egg-info
[0.995s] running install_scripts
[1.011s] Installing take_selfie script to /home/ashmu/ros2_ws/RS2/install/selfie_taker/lib/selfie_taker
[1.012s] writing list of installed files to '/home/ashmu/ros2_ws/RS2/build/selfie_taker/install.log'
[1.035s] Invoked command in '/home/ashmu/ros2_ws/RS2/src/selfie_taker' returned '0': PYTHONPATH=/home/ashmu/ros2_ws/RS2/build/selfie_taker/prefix_override:/usr/lib/python3/dist-packages/colcon_core/task/python/colcon_distutils_commands:/home/ashmu/ros2_ws/RS2/install/selfie_taker/lib/python3.10/site-packages:${PYTHONPATH} /usr/bin/python3 -W ignore:setup.py install is deprecated -W ignore:easy_install command is deprecated setup.py egg_info --egg-base ../../build/selfie_taker build --build-base /home/ashmu/ros2_ws/RS2/build/selfie_taker/build install --record /home/ashmu/ros2_ws/RS2/build/selfie_taker/install.log --single-version-externally-managed install_data
