running egg_info
writing ../../build/moving_ur3e/moving_ur3e.egg-info/PKG-INFO
writing dependency_links to ../../build/moving_ur3e/moving_ur3e.egg-info/dependency_links.txt
writing entry points to ../../build/moving_ur3e/moving_ur3e.egg-info/entry_points.txt
writing requirements to ../../build/moving_ur3e/moving_ur3e.egg-info/requires.txt
writing top-level names to ../../build/moving_ur3e/moving_ur3e.egg-info/top_level.txt
reading manifest file '../../build/moving_ur3e/moving_ur3e.egg-info/SOURCES.txt'
adding license file 'LICENSE'
writing manifest file '../../build/moving_ur3e/moving_ur3e.egg-info/SOURCES.txt'
running build
running build_py
running install
running install_lib
running install_data
running install_egg_info
removing '/home/ashmu/ros2_ws/install/moving_ur3e/lib/python3.10/site-packages/moving_ur3e-0.0.0-py3.10.egg-info' (and everything under it)
Copying ../../build/moving_ur3e/moving_ur3e.egg-info to /home/ashmu/ros2_ws/install/moving_ur3e/lib/python3.10/site-packages/moving_ur3e-0.0.0-py3.10.egg-info
running install_scripts
Installing troll_mover script to /home/ashmu/ros2_ws/install/moving_ur3e/lib/moving_ur3e
writing list of installed files to '/home/ashmu/ros2_ws/build/moving_ur3e/install.log'
