[0.026s] Invoking command in '/home/ashmu/ros2_ws/build/pymoveit2': CMAKE_PREFIX_PATH=/opt/ros/humble /usr/bin/cmake /home/ashmu/ros2_ws/src/pymoveit2 -DCMAKE_INSTALL_PREFIX=/home/ashmu/ros2_ws/install/pymoveit2
[0.044s] -- Found ament_cmake: 1.3.11 (/opt/ros/humble/share/ament_cmake/cmake)
[0.238s] -- Override CMake install command with custom implementation using symlinks instead of copying resources
[0.466s] -- Configuring done
[0.472s] -- Generating done
[0.476s] -- Build files have been written to: /home/ashmu/ros2_ws/build/pymoveit2
[0.481s] Invoked command in '/home/ashmu/ros2_ws/build/pymoveit2' returned '0': CMAKE_PREFIX_PATH=/opt/ros/humble /usr/bin/cmake /home/ashmu/ros2_ws/src/pymoveit2 -DCMAKE_INSTALL_PREFIX=/home/ashmu/ros2_ws/install/pymoveit2
[0.484s] Invoking command in '/home/ashmu/ros2_ws/build/pymoveit2': CMAKE_PREFIX_PATH=/opt/ros/humble /usr/bin/cmake --build /home/ashmu/ros2_ws/build/pymoveit2 -- -j12 -l12
[0.590s] Built target ament_cmake_python_symlink_pymoveit2
[0.927s] running egg_info
[0.927s] writing pymoveit2.egg-info/PKG-INFO
[0.928s] writing dependency_links to pymoveit2.egg-info/dependency_links.txt
[0.928s] writing top-level names to pymoveit2.egg-info/top_level.txt
[0.931s] reading manifest file 'pymoveit2.egg-info/SOURCES.txt'
[0.932s] writing manifest file 'pymoveit2.egg-info/SOURCES.txt'
[0.971s] Built target ament_cmake_python_build_pymoveit2_egg
[0.994s] Invoked command in '/home/ashmu/ros2_ws/build/pymoveit2' returned '0': CMAKE_PREFIX_PATH=/opt/ros/humble /usr/bin/cmake --build /home/ashmu/ros2_ws/build/pymoveit2 -- -j12 -l12
[1.013s] Invoking command in '/home/ashmu/ros2_ws/build/pymoveit2': CMAKE_PREFIX_PATH=/opt/ros/humble /usr/bin/cmake --install /home/ashmu/ros2_ws/build/pymoveit2
[1.026s] -- Install configuration: ""
[1.027s] -- Execute custom install script
[1.027s] -- Up-to-date symlink: /home/ashmu/ros2_ws/install/pymoveit2/share/pymoveit2/environment/pythonpath.sh
[1.028s] -- Up-to-date symlink: /home/ashmu/ros2_ws/install/pymoveit2/share/pymoveit2/environment/pythonpath.dsv
[1.028s] -- Up-to-date symlink: /home/ashmu/ros2_ws/install/pymoveit2/local/lib/python3.10/dist-packages/pymoveit2-4.0.0-py3.10.egg-info/PKG-INFO
[1.028s] -- Up-to-date symlink: /home/ashmu/ros2_ws/install/pymoveit2/local/lib/python3.10/dist-packages/pymoveit2-4.0.0-py3.10.egg-info/SOURCES.txt
[1.029s] -- Up-to-date symlink: /home/ashmu/ros2_ws/install/pymoveit2/local/lib/python3.10/dist-packages/pymoveit2-4.0.0-py3.10.egg-info/dependency_links.txt
[1.029s] -- Up-to-date symlink: /home/ashmu/ros2_ws/install/pymoveit2/local/lib/python3.10/dist-packages/pymoveit2-4.0.0-py3.10.egg-info/top_level.txt
[1.030s] -- Up-to-date symlink: /home/ashmu/ros2_ws/install/pymoveit2/local/lib/python3.10/dist-packages/pymoveit2/__init__.py
[1.030s] -- Up-to-date symlink: /home/ashmu/ros2_ws/install/pymoveit2/local/lib/python3.10/dist-packages/pymoveit2/gripper_command.py
[1.030s] -- Up-to-date symlink: /home/ashmu/ros2_ws/install/pymoveit2/local/lib/python3.10/dist-packages/pymoveit2/gripper_interface.py
[1.030s] -- Up-to-date symlink: /home/ashmu/ros2_ws/install/pymoveit2/local/lib/python3.10/dist-packages/pymoveit2/moveit2.py
[1.031s] -- Up-to-date symlink: /home/ashmu/ros2_ws/install/pymoveit2/local/lib/python3.10/dist-packages/pymoveit2/moveit2_gripper.py
[1.031s] -- Up-to-date symlink: /home/ashmu/ros2_ws/install/pymoveit2/local/lib/python3.10/dist-packages/pymoveit2/moveit2_servo.py
[1.031s] -- Up-to-date symlink: /home/ashmu/ros2_ws/install/pymoveit2/local/lib/python3.10/dist-packages/pymoveit2/robots/__init__.py
[1.031s] -- Up-to-date symlink: /home/ashmu/ros2_ws/install/pymoveit2/local/lib/python3.10/dist-packages/pymoveit2/robots/crane_x7.py
[1.032s] -- Up-to-date symlink: /home/ashmu/ros2_ws/install/pymoveit2/local/lib/python3.10/dist-packages/pymoveit2/robots/kinova.py
[1.032s] -- Up-to-date symlink: /home/ashmu/ros2_ws/install/pymoveit2/local/lib/python3.10/dist-packages/pymoveit2/robots/lbr.py
[1.032s] -- Up-to-date symlink: /home/ashmu/ros2_ws/install/pymoveit2/local/lib/python3.10/dist-packages/pymoveit2/robots/panda.py
[1.032s] -- Up-to-date symlink: /home/ashmu/ros2_ws/install/pymoveit2/local/lib/python3.10/dist-packages/pymoveit2/robots/phantomx_pincher.py
[1.033s] -- Up-to-date symlink: /home/ashmu/ros2_ws/install/pymoveit2/local/lib/python3.10/dist-packages/pymoveit2/robots/ur3e.py
[1.033s] -- Up-to-date symlink: /home/ashmu/ros2_ws/install/pymoveit2/lib/pymoveit2/ex_allow_collisions.py
[1.033s] -- Up-to-date symlink: /home/ashmu/ros2_ws/install/pymoveit2/lib/pymoveit2/ex_clear_planning_scene.py
[1.033s] -- Up-to-date symlink: /home/ashmu/ros2_ws/install/pymoveit2/lib/pymoveit2/ex_collision_mesh.py
[1.034s] -- Up-to-date symlink: /home/ashmu/ros2_ws/install/pymoveit2/lib/pymoveit2/ex_collision_primitive.py
[1.034s] -- Up-to-date symlink: /home/ashmu/ros2_ws/install/pymoveit2/lib/pymoveit2/ex_fk.py
[1.034s] -- Up-to-date symlink: /home/ashmu/ros2_ws/install/pymoveit2/lib/pymoveit2/ex_gripper.py
[1.034s] -- Up-to-date symlink: /home/ashmu/ros2_ws/install/pymoveit2/lib/pymoveit2/ex_ik.py
[1.034s] -- Up-to-date symlink: /home/ashmu/ros2_ws/install/pymoveit2/lib/pymoveit2/ex_joint_goal.py
[1.034s] -- Up-to-date symlink: /home/ashmu/ros2_ws/install/pymoveit2/lib/pymoveit2/ex_orientation_path_constraint.py
[1.035s] -- Up-to-date symlink: /home/ashmu/ros2_ws/install/pymoveit2/lib/pymoveit2/ex_pose_goal.py
[1.035s] -- Up-to-date symlink: /home/ashmu/ros2_ws/install/pymoveit2/lib/pymoveit2/ex_servo.py
[1.035s] -- Up-to-date symlink: /home/ashmu/ros2_ws/install/pymoveit2/share/ament_index/resource_index/package_run_dependencies/pymoveit2
[1.035s] -- Up-to-date symlink: /home/ashmu/ros2_ws/install/pymoveit2/share/ament_index/resource_index/parent_prefix_path/pymoveit2
[1.036s] -- Up-to-date symlink: /home/ashmu/ros2_ws/install/pymoveit2/share/pymoveit2/environment/ament_prefix_path.sh
[1.036s] -- Up-to-date symlink: /home/ashmu/ros2_ws/install/pymoveit2/share/pymoveit2/environment/ament_prefix_path.dsv
[1.036s] -- Up-to-date symlink: /home/ashmu/ros2_ws/install/pymoveit2/share/pymoveit2/environment/path.sh
[1.037s] -- Up-to-date symlink: /home/ashmu/ros2_ws/install/pymoveit2/share/pymoveit2/environment/path.dsv
[1.037s] -- Up-to-date symlink: /home/ashmu/ros2_ws/install/pymoveit2/share/pymoveit2/local_setup.bash
[1.038s] -- Up-to-date symlink: /home/ashmu/ros2_ws/install/pymoveit2/share/pymoveit2/local_setup.sh
[1.038s] -- Up-to-date symlink: /home/ashmu/ros2_ws/install/pymoveit2/share/pymoveit2/local_setup.zsh
[1.038s] -- Up-to-date symlink: /home/ashmu/ros2_ws/install/pymoveit2/share/pymoveit2/local_setup.dsv
[1.039s] -- Symlinking: /home/ashmu/ros2_ws/install/pymoveit2/share/pymoveit2/package.dsv
[1.056s] -- Up-to-date symlink: /home/ashmu/ros2_ws/install/pymoveit2/share/ament_index/resource_index/packages/pymoveit2
[1.056s] -- Up-to-date symlink: /home/ashmu/ros2_ws/install/pymoveit2/share/pymoveit2/cmake/pymoveit2Config.cmake
[1.056s] -- Up-to-date symlink: /home/ashmu/ros2_ws/install/pymoveit2/share/pymoveit2/cmake/pymoveit2Config-version.cmake
[1.056s] -- Up-to-date symlink: /home/ashmu/ros2_ws/install/pymoveit2/share/pymoveit2/package.xml
[1.109s] Listing '/home/ashmu/ros2_ws/install/pymoveit2/local/lib/python3.10/dist-packages/pymoveit2'...
[1.109s] Listing '/home/ashmu/ros2_ws/install/pymoveit2/local/lib/python3.10/dist-packages/pymoveit2/robots'...
[1.121s] Invoked command in '/home/ashmu/ros2_ws/build/pymoveit2' returned '0': CMAKE_PREFIX_PATH=/opt/ros/humble /usr/bin/cmake --install /home/ashmu/ros2_ws/build/pymoveit2
