[0.015s] Invoking command in '/home/ashmu/ros2_ws/build/ur_simulation_gazebo': AMENT_PREFIX_PATH=/home/ashmu/ros2_ws/install/ur_description:${AMENT_PREFIX_PATH} CMAKE_PREFIX_PATH=/home/ashmu/ros2_ws/install/ur_description:/opt/ros/humble /usr/bin/cmake /home/ashmu/ros2_ws/src/Universal_Robots_ROS2_Gazebo_Simulation/ur_simulation_gazebo -DCMAKE_INSTALL_PREFIX=/home/ashmu/ros2_ws/install/ur_simulation_gazebo
[0.039s] -- Found ament_cmake: 1.3.11 (/opt/ros/humble/share/ament_cmake/cmake)
[0.254s] -- Override CMake install command with custom implementation using symlinks instead of copying resources
[0.269s] -- Found launch_testing_ament_cmake: 1.0.8 (/opt/ros/humble/share/launch_testing_ament_cmake/cmake)
[0.269s] -- Found python_cmake_module: 0.10.0 (/opt/ros/humble/share/python_cmake_module/cmake)
[0.303s] -- Using PYTHON_EXECUTABLE: /usr/bin/python3
[0.304s] -- Using PYTHON_INCLUDE_DIRS: /usr/include/python3.10
[0.304s] -- Using PYTHON_LIBRARIES: /usr/lib/x86_64-linux-gnu/libpython3.10.so
[0.305s] -- Found ament_cmake_pytest: 1.3.11 (/opt/ros/humble/share/ament_cmake_pytest/cmake)
[0.409s] -- Configuring done
[0.414s] -- Generating done
[0.416s] -- Build files have been written to: /home/ashmu/ros2_ws/build/ur_simulation_gazebo
[0.421s] Invoked command in '/home/ashmu/ros2_ws/build/ur_simulation_gazebo' returned '0': AMENT_PREFIX_PATH=/home/ashmu/ros2_ws/install/ur_description:${AMENT_PREFIX_PATH} CMAKE_PREFIX_PATH=/home/ashmu/ros2_ws/install/ur_description:/opt/ros/humble /usr/bin/cmake /home/ashmu/ros2_ws/src/Universal_Robots_ROS2_Gazebo_Simulation/ur_simulation_gazebo -DCMAKE_INSTALL_PREFIX=/home/ashmu/ros2_ws/install/ur_simulation_gazebo
[0.424s] Invoking command in '/home/ashmu/ros2_ws/build/ur_simulation_gazebo': AMENT_PREFIX_PATH=/home/ashmu/ros2_ws/install/ur_description:${AMENT_PREFIX_PATH} CMAKE_PREFIX_PATH=/home/ashmu/ros2_ws/install/ur_description:/opt/ros/humble /usr/bin/cmake --build /home/ashmu/ros2_ws/build/ur_simulation_gazebo -- -j12 -l12
[0.488s] Invoked command in '/home/ashmu/ros2_ws/build/ur_simulation_gazebo' returned '0': AMENT_PREFIX_PATH=/home/ashmu/ros2_ws/install/ur_description:${AMENT_PREFIX_PATH} CMAKE_PREFIX_PATH=/home/ashmu/ros2_ws/install/ur_description:/opt/ros/humble /usr/bin/cmake --build /home/ashmu/ros2_ws/build/ur_simulation_gazebo -- -j12 -l12
[0.491s] Invoking command in '/home/ashmu/ros2_ws/build/ur_simulation_gazebo': AMENT_PREFIX_PATH=/home/ashmu/ros2_ws/install/ur_description:${AMENT_PREFIX_PATH} CMAKE_PREFIX_PATH=/home/ashmu/ros2_ws/install/ur_description:/opt/ros/humble /usr/bin/cmake --install /home/ashmu/ros2_ws/build/ur_simulation_gazebo
[0.503s] -- Install configuration: ""
[0.504s] -- Execute custom install script
[0.504s] -- Up-to-date symlink: /home/ashmu/ros2_ws/install/ur_simulation_gazebo/share/ur_simulation_gazebo/config/ur_controllers.yaml
[0.505s] -- Up-to-date symlink: /home/ashmu/ros2_ws/install/ur_simulation_gazebo/share/ur_simulation_gazebo/launch/7-15 control
[0.505s] -- Up-to-date symlink: /home/ashmu/ros2_ws/install/ur_simulation_gazebo/share/ur_simulation_gazebo/launch/ur_sim_control.launch.py
[0.505s] -- Up-to-date symlink: /home/ashmu/ros2_ws/install/ur_simulation_gazebo/share/ur_simulation_gazebo/launch/ur_sim_moveit.launch.py
[0.505s] -- Up-to-date symlink: /home/ashmu/ros2_ws/install/ur_simulation_gazebo/share/ament_index/resource_index/package_run_dependencies/ur_simulation_gazebo
[0.505s] -- Up-to-date symlink: /home/ashmu/ros2_ws/install/ur_simulation_gazebo/share/ament_index/resource_index/parent_prefix_path/ur_simulation_gazebo
[0.506s] -- Up-to-date symlink: /home/ashmu/ros2_ws/install/ur_simulation_gazebo/share/ur_simulation_gazebo/environment/ament_prefix_path.sh
[0.506s] -- Up-to-date symlink: /home/ashmu/ros2_ws/install/ur_simulation_gazebo/share/ur_simulation_gazebo/environment/ament_prefix_path.dsv
[0.506s] -- Up-to-date symlink: /home/ashmu/ros2_ws/install/ur_simulation_gazebo/share/ur_simulation_gazebo/environment/path.sh
[0.506s] -- Up-to-date symlink: /home/ashmu/ros2_ws/install/ur_simulation_gazebo/share/ur_simulation_gazebo/environment/path.dsv
[0.506s] -- Up-to-date symlink: /home/ashmu/ros2_ws/install/ur_simulation_gazebo/share/ur_simulation_gazebo/local_setup.bash
[0.507s] -- Up-to-date symlink: /home/ashmu/ros2_ws/install/ur_simulation_gazebo/share/ur_simulation_gazebo/local_setup.sh
[0.507s] -- Up-to-date symlink: /home/ashmu/ros2_ws/install/ur_simulation_gazebo/share/ur_simulation_gazebo/local_setup.zsh
[0.507s] -- Up-to-date symlink: /home/ashmu/ros2_ws/install/ur_simulation_gazebo/share/ur_simulation_gazebo/local_setup.dsv
[0.507s] -- Symlinking: /home/ashmu/ros2_ws/install/ur_simulation_gazebo/share/ur_simulation_gazebo/package.dsv
[0.524s] -- Up-to-date symlink: /home/ashmu/ros2_ws/install/ur_simulation_gazebo/share/ament_index/resource_index/packages/ur_simulation_gazebo
[0.524s] -- Up-to-date symlink: /home/ashmu/ros2_ws/install/ur_simulation_gazebo/share/ur_simulation_gazebo/cmake/ur_simulation_gazeboConfig.cmake
[0.524s] -- Up-to-date symlink: /home/ashmu/ros2_ws/install/ur_simulation_gazebo/share/ur_simulation_gazebo/cmake/ur_simulation_gazeboConfig-version.cmake
[0.524s] -- Up-to-date symlink: /home/ashmu/ros2_ws/install/ur_simulation_gazebo/share/ur_simulation_gazebo/package.xml
[0.528s] Invoked command in '/home/ashmu/ros2_ws/build/ur_simulation_gazebo' returned '0': AMENT_PREFIX_PATH=/home/ashmu/ros2_ws/install/ur_description:${AMENT_PREFIX_PATH} CMAKE_PREFIX_PATH=/home/ashmu/ros2_ws/install/ur_description:/opt/ros/humble /usr/bin/cmake --install /home/ashmu/ros2_ws/build/ur_simulation_gazebo
