[0.620s] Invoking command in '/home/ashmu/ros2_ws/RS2/src/my_ur3_controller': PYTHONPATH=/home/ashmu/ros2_ws/RS2/build/my_ur3_controller/prefix_override:/usr/lib/python3/dist-packages/colcon_core/task/python/colcon_distutils_commands:/home/ashmu/ros2_ws/RS2/install/my_ur3_controller/lib/python3.10/site-packages:${PYTHONPATH} /usr/bin/python3 -W ignore:setup.py install is deprecated -W ignore:easy_install command is deprecated setup.py egg_info --egg-base ../../build/my_ur3_controller build --build-base /home/ashmu/ros2_ws/RS2/build/my_ur3_controller/build install --record /home/ashmu/ros2_ws/RS2/build/my_ur3_controller/install.log --single-version-externally-managed install_data
[0.771s] running egg_info
[0.771s] writing ../../build/my_ur3_controller/my_ur3_controller.egg-info/PKG-INFO
[0.771s] writing dependency_links to ../../build/my_ur3_controller/my_ur3_controller.egg-info/dependency_links.txt
[0.771s] writing entry points to ../../build/my_ur3_controller/my_ur3_controller.egg-info/entry_points.txt
[0.772s] writing requirements to ../../build/my_ur3_controller/my_ur3_controller.egg-info/requires.txt
[0.772s] writing top-level names to ../../build/my_ur3_controller/my_ur3_controller.egg-info/top_level.txt
[0.773s] reading manifest file '../../build/my_ur3_controller/my_ur3_controller.egg-info/SOURCES.txt'
[0.773s] writing manifest file '../../build/my_ur3_controller/my_ur3_controller.egg-info/SOURCES.txt'
[0.773s] running build
[0.773s] running build_py
[0.774s] running install
[0.774s] running install_lib
[0.775s] running install_data
[0.775s] running install_egg_info
[0.777s] removing '/home/ashmu/ros2_ws/RS2/install/my_ur3_controller/lib/python3.10/site-packages/my_ur3_controller-0.0.0-py3.10.egg-info' (and everything under it)
[0.777s] Copying ../../build/my_ur3_controller/my_ur3_controller.egg-info to /home/ashmu/ros2_ws/RS2/install/my_ur3_controller/lib/python3.10/site-packages/my_ur3_controller-0.0.0-py3.10.egg-info
[0.777s] running install_scripts
[0.791s] Installing spawn_node script to /home/ashmu/ros2_ws/RS2/install/my_ur3_controller/lib/my_ur3_controller
[0.791s] writing list of installed files to '/home/ashmu/ros2_ws/RS2/build/my_ur3_controller/install.log'
[0.813s] Invoked command in '/home/ashmu/ros2_ws/RS2/src/my_ur3_controller' returned '0': PYTHONPATH=/home/ashmu/ros2_ws/RS2/build/my_ur3_controller/prefix_override:/usr/lib/python3/dist-packages/colcon_core/task/python/colcon_distutils_commands:/home/ashmu/ros2_ws/RS2/install/my_ur3_controller/lib/python3.10/site-packages:${PYTHONPATH} /usr/bin/python3 -W ignore:setup.py install is deprecated -W ignore:easy_install command is deprecated setup.py egg_info --egg-base ../../build/my_ur3_controller build --build-base /home/ashmu/ros2_ws/RS2/build/my_ur3_controller/build install --record /home/ashmu/ros2_ws/RS2/build/my_ur3_controller/install.log --single-version-externally-managed install_data
