[0.008s] Invoking command in '/home/ashmu/ros2_ws/src/build/ur_simulation_gazebo': CMAKE_PREFIX_PATH=/home/ashmu/ros2_ws/src/install/ur_description:/home/ashmu/ros2_ws/src/install/ur_simulation_gazebo:/home/ashmu/ros2_ws/src/install/pymoveit2:/home/ashmu/ros2_ws/src/install/ur3e_control_package:/home/ashmu/ros2_ws/src/install/moving_ur3e:/opt/ros/humble /usr/bin/cmake --build /home/ashmu/ros2_ws/src/build/ur_simulation_gazebo -- -j12 -l12
[0.045s] Invoked command in '/home/ashmu/ros2_ws/src/build/ur_simulation_gazebo' returned '0': CMAKE_PREFIX_PATH=/home/ashmu/ros2_ws/src/install/ur_description:/home/ashmu/ros2_ws/src/install/ur_simulation_gazebo:/home/ashmu/ros2_ws/src/install/pymoveit2:/home/ashmu/ros2_ws/src/install/ur3e_control_package:/home/ashmu/ros2_ws/src/install/moving_ur3e:/opt/ros/humble /usr/bin/cmake --build /home/ashmu/ros2_ws/src/build/ur_simulation_gazebo -- -j12 -l12
[0.046s] Invoking command in '/home/ashmu/ros2_ws/src/build/ur_simulation_gazebo': CMAKE_PREFIX_PATH=/home/ashmu/ros2_ws/src/install/ur_description:/home/ashmu/ros2_ws/src/install/ur_simulation_gazebo:/home/ashmu/ros2_ws/src/install/pymoveit2:/home/ashmu/ros2_ws/src/install/ur3e_control_package:/home/ashmu/ros2_ws/src/install/moving_ur3e:/opt/ros/humble /usr/bin/cmake --install /home/ashmu/ros2_ws/src/build/ur_simulation_gazebo
[0.055s] -- Install configuration: ""
[0.055s] -- Execute custom install script
[0.055s] -- Up-to-date symlink: /home/ashmu/ros2_ws/src/install/ur_simulation_gazebo/share/ur_simulation_gazebo/config/ur_controllers.yaml
[0.056s] -- Up-to-date symlink: /home/ashmu/ros2_ws/src/install/ur_simulation_gazebo/share/ur_simulation_gazebo/launch/7-15 control
[0.056s] -- Up-to-date symlink: /home/ashmu/ros2_ws/src/install/ur_simulation_gazebo/share/ur_simulation_gazebo/launch/ur_sim_control.launch.py
[0.056s] -- Up-to-date symlink: /home/ashmu/ros2_ws/src/install/ur_simulation_gazebo/share/ur_simulation_gazebo/launch/ur_sim_moveit.launch.py
[0.056s] -- Up-to-date symlink: /home/ashmu/ros2_ws/src/install/ur_simulation_gazebo/share/ament_index/resource_index/package_run_dependencies/ur_simulation_gazebo
[0.056s] -- Up-to-date symlink: /home/ashmu/ros2_ws/src/install/ur_simulation_gazebo/share/ament_index/resource_index/parent_prefix_path/ur_simulation_gazebo
[0.056s] -- Up-to-date symlink: /home/ashmu/ros2_ws/src/install/ur_simulation_gazebo/share/ur_simulation_gazebo/environment/ament_prefix_path.sh
[0.057s] -- Up-to-date symlink: /home/ashmu/ros2_ws/src/install/ur_simulation_gazebo/share/ur_simulation_gazebo/environment/ament_prefix_path.dsv
[0.057s] -- Up-to-date symlink: /home/ashmu/ros2_ws/src/install/ur_simulation_gazebo/share/ur_simulation_gazebo/environment/path.sh
[0.057s] -- Up-to-date symlink: /home/ashmu/ros2_ws/src/install/ur_simulation_gazebo/share/ur_simulation_gazebo/environment/path.dsv
[0.057s] -- Up-to-date symlink: /home/ashmu/ros2_ws/src/install/ur_simulation_gazebo/share/ur_simulation_gazebo/local_setup.bash
[0.057s] -- Up-to-date symlink: /home/ashmu/ros2_ws/src/install/ur_simulation_gazebo/share/ur_simulation_gazebo/local_setup.sh
[0.058s] -- Up-to-date symlink: /home/ashmu/ros2_ws/src/install/ur_simulation_gazebo/share/ur_simulation_gazebo/local_setup.zsh
[0.058s] -- Up-to-date symlink: /home/ashmu/ros2_ws/src/install/ur_simulation_gazebo/share/ur_simulation_gazebo/local_setup.dsv
[0.058s] -- Symlinking: /home/ashmu/ros2_ws/src/install/ur_simulation_gazebo/share/ur_simulation_gazebo/package.dsv
[0.068s] -- Up-to-date symlink: /home/ashmu/ros2_ws/src/install/ur_simulation_gazebo/share/ament_index/resource_index/packages/ur_simulation_gazebo
[0.068s] -- Up-to-date symlink: /home/ashmu/ros2_ws/src/install/ur_simulation_gazebo/share/ur_simulation_gazebo/cmake/ur_simulation_gazeboConfig.cmake
[0.068s] -- Up-to-date symlink: /home/ashmu/ros2_ws/src/install/ur_simulation_gazebo/share/ur_simulation_gazebo/cmake/ur_simulation_gazeboConfig-version.cmake
[0.068s] -- Up-to-date symlink: /home/ashmu/ros2_ws/src/install/ur_simulation_gazebo/share/ur_simulation_gazebo/package.xml
[0.071s] Invoked command in '/home/ashmu/ros2_ws/src/build/ur_simulation_gazebo' returned '0': CMAKE_PREFIX_PATH=/home/ashmu/ros2_ws/src/install/ur_description:/home/ashmu/ros2_ws/src/install/ur_simulation_gazebo:/home/ashmu/ros2_ws/src/install/pymoveit2:/home/ashmu/ros2_ws/src/install/ur3e_control_package:/home/ashmu/ros2_ws/src/install/moving_ur3e:/opt/ros/humble /usr/bin/cmake --install /home/ashmu/ros2_ws/src/build/ur_simulation_gazebo
