/home/ashmu/ros2_ws/RS2/install/selfie_taker/lib/python3.10/site-packages/selfie_taker/Processor.py
/home/ashmu/ros2_ws/RS2/install/selfie_taker/lib/python3.10/site-packages/selfie_taker/faceDetector.py
/home/ashmu/ros2_ws/RS2/install/selfie_taker/lib/python3.10/site-packages/selfie_taker/svgSaver.py
/home/ashmu/ros2_ws/RS2/install/selfie_taker/lib/python3.10/site-packages/selfie_taker/__init__.py
/home/ashmu/ros2_ws/RS2/install/selfie_taker/lib/python3.10/site-packages/selfie_taker/lineGenerator.py
/home/ashmu/ros2_ws/RS2/install/selfie_taker/lib/python3.10/site-packages/selfie_taker/__pycache__/Processor.cpython-310.pyc
/home/ashmu/ros2_ws/RS2/install/selfie_taker/lib/python3.10/site-packages/selfie_taker/__pycache__/faceDetector.cpython-310.pyc
/home/ashmu/ros2_ws/RS2/install/selfie_taker/lib/python3.10/site-packages/selfie_taker/__pycache__/svgSaver.cpython-310.pyc
/home/ashmu/ros2_ws/RS2/install/selfie_taker/lib/python3.10/site-packages/selfie_taker/__pycache__/__init__.cpython-310.pyc
/home/ashmu/ros2_ws/RS2/install/selfie_taker/lib/python3.10/site-packages/selfie_taker/__pycache__/lineGenerator.cpython-310.pyc
/home/ashmu/ros2_ws/RS2/install/selfie_taker/share/ament_index/resource_index/packages/selfie_taker
/home/ashmu/ros2_ws/RS2/install/selfie_taker/share/selfie_taker/package.xml
/home/ashmu/ros2_ws/RS2/install/selfie_taker/lib/python3.10/site-packages/selfie_taker-0.0.0-py3.10.egg-info/dependency_links.txt
/home/ashmu/ros2_ws/RS2/install/selfie_taker/lib/python3.10/site-packages/selfie_taker-0.0.0-py3.10.egg-info/zip-safe
/home/ashmu/ros2_ws/RS2/install/selfie_taker/lib/python3.10/site-packages/selfie_taker-0.0.0-py3.10.egg-info/requires.txt
/home/ashmu/ros2_ws/RS2/install/selfie_taker/lib/python3.10/site-packages/selfie_taker-0.0.0-py3.10.egg-info/SOURCES.txt
/home/ashmu/ros2_ws/RS2/install/selfie_taker/lib/python3.10/site-packages/selfie_taker-0.0.0-py3.10.egg-info/PKG-INFO
/home/ashmu/ros2_ws/RS2/install/selfie_taker/lib/python3.10/site-packages/selfie_taker-0.0.0-py3.10.egg-info/entry_points.txt
/home/ashmu/ros2_ws/RS2/install/selfie_taker/lib/python3.10/site-packages/selfie_taker-0.0.0-py3.10.egg-info/top_level.txt
/home/ashmu/ros2_ws/RS2/install/selfie_taker/lib/selfie_taker/take_selfie
