running develop
Removing /home/ashmu/ros2_ws/install/ur3e_control_package/lib/python3.10/site-packages/ur3e-control-package.egg-link (link to .)
running egg_info
writing ../../build/ur3e_control_package/ur3e_control_package.egg-info/PKG-INFO
writing dependency_links to ../../build/ur3e_control_package/ur3e_control_package.egg-info/dependency_links.txt
writing entry points to ../../build/ur3e_control_package/ur3e_control_package.egg-info/entry_points.txt
writing requirements to ../../build/ur3e_control_package/ur3e_control_package.egg-info/requires.txt
writing top-level names to ../../build/ur3e_control_package/ur3e_control_package.egg-info/top_level.txt
reading manifest file '../../build/ur3e_control_package/ur3e_control_package.egg-info/SOURCES.txt'
adding license file 'LICENSE'
writing manifest file '../../build/ur3e_control_package/ur3e_control_package.egg-info/SOURCES.txt'
running build
running build_py
creating /home/ashmu/ros2_ws/build/ur3e_control_package/build
creating /home/ashmu/ros2_ws/build/ur3e_control_package/build/lib
creating /home/ashmu/ros2_ws/build/ur3e_control_package/build/lib/ur3e_control_package
copying ur3e_control_package/test.py -> /home/ashmu/ros2_ws/build/ur3e_control_package/build/lib/ur3e_control_package
copying ur3e_control_package/initials_demo.py -> /home/ashmu/ros2_ws/build/ur3e_control_package/build/lib/ur3e_control_package
copying ur3e_control_package/__init__.py -> /home/ashmu/ros2_ws/build/ur3e_control_package/build/lib/ur3e_control_package
copying ur3e_control_package/sweep.py -> /home/ashmu/ros2_ws/build/ur3e_control_package/build/lib/ur3e_control_package
copying ur3e_control_package/spawn_entities.py -> /home/ashmu/ros2_ws/build/ur3e_control_package/build/lib/ur3e_control_package
copying ur3e_control_package/move_command.py -> /home/ashmu/ros2_ws/build/ur3e_control_package/build/lib/ur3e_control_package
running install
running install_lib
creating /home/ashmu/ros2_ws/install/ur3e_control_package/lib/python3.10/site-packages/ur3e_control_package
copying /home/ashmu/ros2_ws/build/ur3e_control_package/build/lib/ur3e_control_package/test.py -> /home/ashmu/ros2_ws/install/ur3e_control_package/lib/python3.10/site-packages/ur3e_control_package
copying /home/ashmu/ros2_ws/build/ur3e_control_package/build/lib/ur3e_control_package/initials_demo.py -> /home/ashmu/ros2_ws/install/ur3e_control_package/lib/python3.10/site-packages/ur3e_control_package
copying /home/ashmu/ros2_ws/build/ur3e_control_package/build/lib/ur3e_control_package/__init__.py -> /home/ashmu/ros2_ws/install/ur3e_control_package/lib/python3.10/site-packages/ur3e_control_package
copying /home/ashmu/ros2_ws/build/ur3e_control_package/build/lib/ur3e_control_package/sweep.py -> /home/ashmu/ros2_ws/install/ur3e_control_package/lib/python3.10/site-packages/ur3e_control_package
copying /home/ashmu/ros2_ws/build/ur3e_control_package/build/lib/ur3e_control_package/spawn_entities.py -> /home/ashmu/ros2_ws/install/ur3e_control_package/lib/python3.10/site-packages/ur3e_control_package
copying /home/ashmu/ros2_ws/build/ur3e_control_package/build/lib/ur3e_control_package/move_command.py -> /home/ashmu/ros2_ws/install/ur3e_control_package/lib/python3.10/site-packages/ur3e_control_package
byte-compiling /home/ashmu/ros2_ws/install/ur3e_control_package/lib/python3.10/site-packages/ur3e_control_package/test.py to test.cpython-310.pyc
byte-compiling /home/ashmu/ros2_ws/install/ur3e_control_package/lib/python3.10/site-packages/ur3e_control_package/initials_demo.py to initials_demo.cpython-310.pyc
byte-compiling /home/ashmu/ros2_ws/install/ur3e_control_package/lib/python3.10/site-packages/ur3e_control_package/__init__.py to __init__.cpython-310.pyc
byte-compiling /home/ashmu/ros2_ws/install/ur3e_control_package/lib/python3.10/site-packages/ur3e_control_package/sweep.py to sweep.cpython-310.pyc
byte-compiling /home/ashmu/ros2_ws/install/ur3e_control_package/lib/python3.10/site-packages/ur3e_control_package/spawn_entities.py to spawn_entities.cpython-310.pyc
byte-compiling /home/ashmu/ros2_ws/install/ur3e_control_package/lib/python3.10/site-packages/ur3e_control_package/move_command.py to move_command.cpython-310.pyc
running install_data
copying resource/ur3e_control_package -> /home/ashmu/ros2_ws/install/ur3e_control_package/share/ament_index/resource_index/packages
copying package.xml -> /home/ashmu/ros2_ws/install/ur3e_control_package/share/ur3e_control_package
running install_egg_info
Copying ../../build/ur3e_control_package/ur3e_control_package.egg-info to /home/ashmu/ros2_ws/install/ur3e_control_package/lib/python3.10/site-packages/ur3e_control_package-0.0.0-py3.10.egg-info
running install_scripts
Installing initials_demo script to /home/ashmu/ros2_ws/install/ur3e_control_package/lib/ur3e_control_package
Installing move_command script to /home/ashmu/ros2_ws/install/ur3e_control_package/lib/ur3e_control_package
Installing spawn_entities script to /home/ashmu/ros2_ws/install/ur3e_control_package/lib/ur3e_control_package
writing list of installed files to '/home/ashmu/ros2_ws/build/ur3e_control_package/install.log'
