[0.978s] Invoking command in '/home/ashmu/ros2_ws/build/ur3e_control_package': AMENT_PREFIX_PATH=/home/ashmu/ros2_ws/install/pymoveit2:${AMENT_PREFIX_PATH} CMAKE_PREFIX_PATH=/home/ashmu/ros2_ws/install/pymoveit2 PYTHONPATH=/home/ashmu/ros2_ws/build/ur3e_control_package/prefix_override:/usr/lib/python3/dist-packages/colcon_core/task/python/colcon_distutils_commands:/home/ashmu/ros2_ws/install/ur3e_control_package/lib/python3.10/site-packages:/home/ashmu/ros2_ws/install/pymoveit2/local/lib/python3.10/dist-packages:${PYTHONPATH} /usr/bin/python3 -W ignore:setup.py install is deprecated -W ignore:easy_install command is deprecated setup.py develop --uninstall --editable --build-directory /home/ashmu/ros2_ws/build/ur3e_control_package/build
[1.316s] running develop
[1.580s] Removing /home/ashmu/ros2_ws/install/ur3e_control_package/lib/python3.10/site-packages/ur3e-control-package.egg-link (link to .)
[1.630s] Invoked command in '/home/ashmu/ros2_ws/build/ur3e_control_package' returned '0': AMENT_PREFIX_PATH=/home/ashmu/ros2_ws/install/pymoveit2:${AMENT_PREFIX_PATH} CMAKE_PREFIX_PATH=/home/ashmu/ros2_ws/install/pymoveit2 PYTHONPATH=/home/ashmu/ros2_ws/build/ur3e_control_package/prefix_override:/usr/lib/python3/dist-packages/colcon_core/task/python/colcon_distutils_commands:/home/ashmu/ros2_ws/install/ur3e_control_package/lib/python3.10/site-packages:/home/ashmu/ros2_ws/install/pymoveit2/local/lib/python3.10/dist-packages:${PYTHONPATH} /usr/bin/python3 -W ignore:setup.py install is deprecated -W ignore:easy_install command is deprecated setup.py develop --uninstall --editable --build-directory /home/ashmu/ros2_ws/build/ur3e_control_package/build
[1.633s] Invoking command in '/home/ashmu/ros2_ws/src/ur3e-codebase': AMENT_PREFIX_PATH=/home/ashmu/ros2_ws/install/pymoveit2:${AMENT_PREFIX_PATH} CMAKE_PREFIX_PATH=/home/ashmu/ros2_ws/install/pymoveit2 PYTHONPATH=/home/ashmu/ros2_ws/build/ur3e_control_package/prefix_override:/usr/lib/python3/dist-packages/colcon_core/task/python/colcon_distutils_commands:/home/ashmu/ros2_ws/install/ur3e_control_package/lib/python3.10/site-packages:/home/ashmu/ros2_ws/install/pymoveit2/local/lib/python3.10/dist-packages:${PYTHONPATH} /usr/bin/python3 -W ignore:setup.py install is deprecated -W ignore:easy_install command is deprecated setup.py egg_info --egg-base ../../build/ur3e_control_package build --build-base /home/ashmu/ros2_ws/build/ur3e_control_package/build install --record /home/ashmu/ros2_ws/build/ur3e_control_package/install.log --single-version-externally-managed install_data --force
[1.982s] running egg_info
[1.983s] writing ../../build/ur3e_control_package/ur3e_control_package.egg-info/PKG-INFO
[1.984s] writing dependency_links to ../../build/ur3e_control_package/ur3e_control_package.egg-info/dependency_links.txt
[1.984s] writing entry points to ../../build/ur3e_control_package/ur3e_control_package.egg-info/entry_points.txt
[1.985s] writing requirements to ../../build/ur3e_control_package/ur3e_control_package.egg-info/requires.txt
[1.985s] writing top-level names to ../../build/ur3e_control_package/ur3e_control_package.egg-info/top_level.txt
[1.988s] reading manifest file '../../build/ur3e_control_package/ur3e_control_package.egg-info/SOURCES.txt'
[1.988s] adding license file 'LICENSE'
[1.989s] writing manifest file '../../build/ur3e_control_package/ur3e_control_package.egg-info/SOURCES.txt'
[1.989s] running build
[1.990s] running build_py
[1.990s] creating /home/ashmu/ros2_ws/build/ur3e_control_package/build
[1.990s] creating /home/ashmu/ros2_ws/build/ur3e_control_package/build/lib
[1.990s] creating /home/ashmu/ros2_ws/build/ur3e_control_package/build/lib/ur3e_control_package
[1.990s] copying ur3e_control_package/test.py -> /home/ashmu/ros2_ws/build/ur3e_control_package/build/lib/ur3e_control_package
[1.990s] copying ur3e_control_package/initials_demo.py -> /home/ashmu/ros2_ws/build/ur3e_control_package/build/lib/ur3e_control_package
[1.991s] copying ur3e_control_package/__init__.py -> /home/ashmu/ros2_ws/build/ur3e_control_package/build/lib/ur3e_control_package
[1.991s] copying ur3e_control_package/sweep.py -> /home/ashmu/ros2_ws/build/ur3e_control_package/build/lib/ur3e_control_package
[1.991s] copying ur3e_control_package/spawn_entities.py -> /home/ashmu/ros2_ws/build/ur3e_control_package/build/lib/ur3e_control_package
[1.991s] copying ur3e_control_package/move_command.py -> /home/ashmu/ros2_ws/build/ur3e_control_package/build/lib/ur3e_control_package
[1.991s] running install
[1.991s] running install_lib
[1.992s] creating /home/ashmu/ros2_ws/install/ur3e_control_package/lib/python3.10/site-packages/ur3e_control_package
[1.992s] copying /home/ashmu/ros2_ws/build/ur3e_control_package/build/lib/ur3e_control_package/test.py -> /home/ashmu/ros2_ws/install/ur3e_control_package/lib/python3.10/site-packages/ur3e_control_package
[1.993s] copying /home/ashmu/ros2_ws/build/ur3e_control_package/build/lib/ur3e_control_package/initials_demo.py -> /home/ashmu/ros2_ws/install/ur3e_control_package/lib/python3.10/site-packages/ur3e_control_package
[1.993s] copying /home/ashmu/ros2_ws/build/ur3e_control_package/build/lib/ur3e_control_package/__init__.py -> /home/ashmu/ros2_ws/install/ur3e_control_package/lib/python3.10/site-packages/ur3e_control_package
[1.993s] copying /home/ashmu/ros2_ws/build/ur3e_control_package/build/lib/ur3e_control_package/sweep.py -> /home/ashmu/ros2_ws/install/ur3e_control_package/lib/python3.10/site-packages/ur3e_control_package
[1.993s] copying /home/ashmu/ros2_ws/build/ur3e_control_package/build/lib/ur3e_control_package/spawn_entities.py -> /home/ashmu/ros2_ws/install/ur3e_control_package/lib/python3.10/site-packages/ur3e_control_package
[1.993s] copying /home/ashmu/ros2_ws/build/ur3e_control_package/build/lib/ur3e_control_package/move_command.py -> /home/ashmu/ros2_ws/install/ur3e_control_package/lib/python3.10/site-packages/ur3e_control_package
[1.994s] byte-compiling /home/ashmu/ros2_ws/install/ur3e_control_package/lib/python3.10/site-packages/ur3e_control_package/test.py to test.cpython-310.pyc
[1.994s] byte-compiling /home/ashmu/ros2_ws/install/ur3e_control_package/lib/python3.10/site-packages/ur3e_control_package/initials_demo.py to initials_demo.cpython-310.pyc
[1.997s] byte-compiling /home/ashmu/ros2_ws/install/ur3e_control_package/lib/python3.10/site-packages/ur3e_control_package/__init__.py to __init__.cpython-310.pyc
[1.997s] byte-compiling /home/ashmu/ros2_ws/install/ur3e_control_package/lib/python3.10/site-packages/ur3e_control_package/sweep.py to sweep.cpython-310.pyc
[1.999s] byte-compiling /home/ashmu/ros2_ws/install/ur3e_control_package/lib/python3.10/site-packages/ur3e_control_package/spawn_entities.py to spawn_entities.cpython-310.pyc
[2.001s] byte-compiling /home/ashmu/ros2_ws/install/ur3e_control_package/lib/python3.10/site-packages/ur3e_control_package/move_command.py to move_command.cpython-310.pyc
[2.007s] running install_data
[2.007s] copying resource/ur3e_control_package -> /home/ashmu/ros2_ws/install/ur3e_control_package/share/ament_index/resource_index/packages
[2.007s] copying package.xml -> /home/ashmu/ros2_ws/install/ur3e_control_package/share/ur3e_control_package
[2.008s] running install_egg_info
[2.011s] Copying ../../build/ur3e_control_package/ur3e_control_package.egg-info to /home/ashmu/ros2_ws/install/ur3e_control_package/lib/python3.10/site-packages/ur3e_control_package-0.0.0-py3.10.egg-info
[2.013s] running install_scripts
[2.052s] Installing initials_demo script to /home/ashmu/ros2_ws/install/ur3e_control_package/lib/ur3e_control_package
[2.054s] Installing move_command script to /home/ashmu/ros2_ws/install/ur3e_control_package/lib/ur3e_control_package
[2.054s] Installing spawn_entities script to /home/ashmu/ros2_ws/install/ur3e_control_package/lib/ur3e_control_package
[2.055s] writing list of installed files to '/home/ashmu/ros2_ws/build/ur3e_control_package/install.log'
[2.097s] Invoked command in '/home/ashmu/ros2_ws/src/ur3e-codebase' returned '0': AMENT_PREFIX_PATH=/home/ashmu/ros2_ws/install/pymoveit2:${AMENT_PREFIX_PATH} CMAKE_PREFIX_PATH=/home/ashmu/ros2_ws/install/pymoveit2 PYTHONPATH=/home/ashmu/ros2_ws/build/ur3e_control_package/prefix_override:/usr/lib/python3/dist-packages/colcon_core/task/python/colcon_distutils_commands:/home/ashmu/ros2_ws/install/ur3e_control_package/lib/python3.10/site-packages:/home/ashmu/ros2_ws/install/pymoveit2/local/lib/python3.10/dist-packages:${PYTHONPATH} /usr/bin/python3 -W ignore:setup.py install is deprecated -W ignore:easy_install command is deprecated setup.py egg_info --egg-base ../../build/ur3e_control_package build --build-base /home/ashmu/ros2_ws/build/ur3e_control_package/build install --record /home/ashmu/ros2_ws/build/ur3e_control_package/install.log --single-version-externally-managed install_data --force
