running develop
Removing /home/ashmu/ros2_ws/RS2/install/my_ur3_controller/lib/python3.10/site-packages/my-ur3-controller.egg-link (link to .)
running egg_info
writing ../../build/my_ur3_controller/my_ur3_controller.egg-info/PKG-INFO
writing dependency_links to ../../build/my_ur3_controller/my_ur3_controller.egg-info/dependency_links.txt
writing entry points to ../../build/my_ur3_controller/my_ur3_controller.egg-info/entry_points.txt
writing requirements to ../../build/my_ur3_controller/my_ur3_controller.egg-info/requires.txt
writing top-level names to ../../build/my_ur3_controller/my_ur3_controller.egg-info/top_level.txt
reading manifest file '../../build/my_ur3_controller/my_ur3_controller.egg-info/SOURCES.txt'
writing manifest file '../../build/my_ur3_controller/my_ur3_controller.egg-info/SOURCES.txt'
running build
running build_py
creating /home/ashmu/ros2_ws/RS2/build/my_ur3_controller/build
creating /home/ashmu/ros2_ws/RS2/build/my_ur3_controller/build/lib
creating /home/ashmu/ros2_ws/RS2/build/my_ur3_controller/build/lib/my_ur3_controller
copying my_ur3_controller/__init__.py -> /home/ashmu/ros2_ws/RS2/build/my_ur3_controller/build/lib/my_ur3_controller
copying my_ur3_controller/my_first_node.py -> /home/ashmu/ros2_ws/RS2/build/my_ur3_controller/build/lib/my_ur3_controller
running install
running install_lib
creating /home/ashmu/ros2_ws/RS2/install/my_ur3_controller/lib/python3.10/site-packages/my_ur3_controller
copying /home/ashmu/ros2_ws/RS2/build/my_ur3_controller/build/lib/my_ur3_controller/__init__.py -> /home/ashmu/ros2_ws/RS2/install/my_ur3_controller/lib/python3.10/site-packages/my_ur3_controller
copying /home/ashmu/ros2_ws/RS2/build/my_ur3_controller/build/lib/my_ur3_controller/my_first_node.py -> /home/ashmu/ros2_ws/RS2/install/my_ur3_controller/lib/python3.10/site-packages/my_ur3_controller
byte-compiling /home/ashmu/ros2_ws/RS2/install/my_ur3_controller/lib/python3.10/site-packages/my_ur3_controller/__init__.py to __init__.cpython-310.pyc
byte-compiling /home/ashmu/ros2_ws/RS2/install/my_ur3_controller/lib/python3.10/site-packages/my_ur3_controller/my_first_node.py to my_first_node.cpython-310.pyc
running install_data
copying resource/my_ur3_controller -> /home/ashmu/ros2_ws/RS2/install/my_ur3_controller/share/ament_index/resource_index/packages
copying package.xml -> /home/ashmu/ros2_ws/RS2/install/my_ur3_controller/share/my_ur3_controller
running install_egg_info
Copying ../../build/my_ur3_controller/my_ur3_controller.egg-info to /home/ashmu/ros2_ws/RS2/install/my_ur3_controller/lib/python3.10/site-packages/my_ur3_controller-0.0.0-py3.10.egg-info
running install_scripts
Installing spawn_node script to /home/ashmu/ros2_ws/RS2/install/my_ur3_controller/lib/my_ur3_controller
writing list of installed files to '/home/ashmu/ros2_ws/RS2/build/my_ur3_controller/install.log'
