[0.633s] Invoking command in '/home/ashmu/ros2_ws/RS2/build/my_ur3_controller': PYTHONPATH=/home/ashmu/ros2_ws/RS2/build/my_ur3_controller/prefix_override:/usr/lib/python3/dist-packages/colcon_core/task/python/colcon_distutils_commands:/home/ashmu/ros2_ws/RS2/install/my_ur3_controller/lib/python3.10/site-packages:${PYTHONPATH} /usr/bin/python3 -W ignore:setup.py install is deprecated -W ignore:easy_install command is deprecated setup.py develop --uninstall --editable --build-directory /home/ashmu/ros2_ws/RS2/build/my_ur3_controller/build
[0.809s] running develop
[0.910s] Removing /home/ashmu/ros2_ws/RS2/install/my_ur3_controller/lib/python3.10/site-packages/my-ur3-controller.egg-link (link to .)
[0.948s] Invoked command in '/home/ashmu/ros2_ws/RS2/build/my_ur3_controller' returned '0': PYTHONPATH=/home/ashmu/ros2_ws/RS2/build/my_ur3_controller/prefix_override:/usr/lib/python3/dist-packages/colcon_core/task/python/colcon_distutils_commands:/home/ashmu/ros2_ws/RS2/install/my_ur3_controller/lib/python3.10/site-packages:${PYTHONPATH} /usr/bin/python3 -W ignore:setup.py install is deprecated -W ignore:easy_install command is deprecated setup.py develop --uninstall --editable --build-directory /home/ashmu/ros2_ws/RS2/build/my_ur3_controller/build
[0.950s] Invoking command in '/home/ashmu/ros2_ws/RS2/src/my_ur3_controller': PYTHONPATH=/home/ashmu/ros2_ws/RS2/build/my_ur3_controller/prefix_override:/usr/lib/python3/dist-packages/colcon_core/task/python/colcon_distutils_commands:/home/ashmu/ros2_ws/RS2/install/my_ur3_controller/lib/python3.10/site-packages:${PYTHONPATH} /usr/bin/python3 -W ignore:setup.py install is deprecated -W ignore:easy_install command is deprecated setup.py egg_info --egg-base ../../build/my_ur3_controller build --build-base /home/ashmu/ros2_ws/RS2/build/my_ur3_controller/build install --record /home/ashmu/ros2_ws/RS2/build/my_ur3_controller/install.log --single-version-externally-managed install_data --force
[1.112s] running egg_info
[1.113s] writing ../../build/my_ur3_controller/my_ur3_controller.egg-info/PKG-INFO
[1.114s] writing dependency_links to ../../build/my_ur3_controller/my_ur3_controller.egg-info/dependency_links.txt
[1.114s] writing entry points to ../../build/my_ur3_controller/my_ur3_controller.egg-info/entry_points.txt
[1.114s] writing requirements to ../../build/my_ur3_controller/my_ur3_controller.egg-info/requires.txt
[1.114s] writing top-level names to ../../build/my_ur3_controller/my_ur3_controller.egg-info/top_level.txt
[1.115s] reading manifest file '../../build/my_ur3_controller/my_ur3_controller.egg-info/SOURCES.txt'
[1.116s] writing manifest file '../../build/my_ur3_controller/my_ur3_controller.egg-info/SOURCES.txt'
[1.116s] running build
[1.116s] running build_py
[1.116s] creating /home/ashmu/ros2_ws/RS2/build/my_ur3_controller/build
[1.116s] creating /home/ashmu/ros2_ws/RS2/build/my_ur3_controller/build/lib
[1.116s] creating /home/ashmu/ros2_ws/RS2/build/my_ur3_controller/build/lib/my_ur3_controller
[1.116s] copying my_ur3_controller/__init__.py -> /home/ashmu/ros2_ws/RS2/build/my_ur3_controller/build/lib/my_ur3_controller
[1.116s] copying my_ur3_controller/my_first_node.py -> /home/ashmu/ros2_ws/RS2/build/my_ur3_controller/build/lib/my_ur3_controller
[1.116s] running install
[1.116s] running install_lib
[1.117s] creating /home/ashmu/ros2_ws/RS2/install/my_ur3_controller/lib/python3.10/site-packages/my_ur3_controller
[1.117s] copying /home/ashmu/ros2_ws/RS2/build/my_ur3_controller/build/lib/my_ur3_controller/__init__.py -> /home/ashmu/ros2_ws/RS2/install/my_ur3_controller/lib/python3.10/site-packages/my_ur3_controller
[1.117s] copying /home/ashmu/ros2_ws/RS2/build/my_ur3_controller/build/lib/my_ur3_controller/my_first_node.py -> /home/ashmu/ros2_ws/RS2/install/my_ur3_controller/lib/python3.10/site-packages/my_ur3_controller
[1.117s] byte-compiling /home/ashmu/ros2_ws/RS2/install/my_ur3_controller/lib/python3.10/site-packages/my_ur3_controller/__init__.py to __init__.cpython-310.pyc
[1.117s] byte-compiling /home/ashmu/ros2_ws/RS2/install/my_ur3_controller/lib/python3.10/site-packages/my_ur3_controller/my_first_node.py to my_first_node.cpython-310.pyc
[1.118s] running install_data
[1.118s] copying resource/my_ur3_controller -> /home/ashmu/ros2_ws/RS2/install/my_ur3_controller/share/ament_index/resource_index/packages
[1.118s] copying package.xml -> /home/ashmu/ros2_ws/RS2/install/my_ur3_controller/share/my_ur3_controller
[1.118s] running install_egg_info
[1.119s] Copying ../../build/my_ur3_controller/my_ur3_controller.egg-info to /home/ashmu/ros2_ws/RS2/install/my_ur3_controller/lib/python3.10/site-packages/my_ur3_controller-0.0.0-py3.10.egg-info
[1.120s] running install_scripts
[1.136s] Installing spawn_node script to /home/ashmu/ros2_ws/RS2/install/my_ur3_controller/lib/my_ur3_controller
[1.136s] writing list of installed files to '/home/ashmu/ros2_ws/RS2/build/my_ur3_controller/install.log'
[1.174s] Invoked command in '/home/ashmu/ros2_ws/RS2/src/my_ur3_controller' returned '0': PYTHONPATH=/home/ashmu/ros2_ws/RS2/build/my_ur3_controller/prefix_override:/usr/lib/python3/dist-packages/colcon_core/task/python/colcon_distutils_commands:/home/ashmu/ros2_ws/RS2/install/my_ur3_controller/lib/python3.10/site-packages:${PYTHONPATH} /usr/bin/python3 -W ignore:setup.py install is deprecated -W ignore:easy_install command is deprecated setup.py egg_info --egg-base ../../build/my_ur3_controller build --build-base /home/ashmu/ros2_ws/RS2/build/my_ur3_controller/build install --record /home/ashmu/ros2_ws/RS2/build/my_ur3_controller/install.log --single-version-externally-managed install_data --force
