[0.075s] DEBUG:colcon:Command line arguments: ['/usr/bin/colcon', 'build']
[0.075s] DEBUG:colcon:Parsed command line arguments: Namespace(log_base=None, log_level=None, verb_name='build', build_base='build', install_base='install', merge_install=False, symlink_install=False, test_result_base=None, continue_on_error=False, executor='parallel', parallel_workers=12, event_handlers=None, ignore_user_meta=False, metas=['./colcon.meta'], base_paths=['.'], packages_ignore=None, packages_ignore_regex=None, paths=None, packages_up_to=None, packages_up_to_regex=None, packages_above=None, packages_above_and_dependencies=None, packages_above_depth=None, packages_select_by_dep=None, packages_skip_by_dep=None, packages_skip_up_to=None, packages_select_build_failed=False, packages_skip_build_finished=False, packages_select_test_failures=False, packages_skip_test_passed=False, packages_select=None, packages_skip=None, packages_select_regex=None, packages_skip_regex=None, packages_start=None, packages_end=None, allow_overriding=[], cmake_args=None, cmake_target=None, cmake_target_skip_unavailable=False, cmake_clean_cache=False, cmake_clean_first=False, cmake_force_configure=False, ament_cmake_args=None, catkin_cmake_args=None, catkin_skip_building_tests=False, mixin_files=None, mixin=None, verb_parser=<colcon_mixin.mixin.mixin_argument.MixinArgumentDecorator object at 0x7101e3f4b850>, verb_extension=<colcon_core.verb.build.BuildVerb object at 0x7101e3f4b220>, main=<bound method BuildVerb.main of <colcon_core.verb.build.BuildVerb object at 0x7101e3f4b220>>, mixin_verb=('build',))
[0.177s] Level 1:colcon.colcon_core.package_discovery:discover_packages(colcon_meta) check parameters
[0.177s] Level 1:colcon.colcon_core.package_discovery:discover_packages(recursive) check parameters
[0.178s] Level 1:colcon.colcon_core.package_discovery:discover_packages(ignore) check parameters
[0.178s] Level 1:colcon.colcon_core.package_discovery:discover_packages(path) check parameters
[0.178s] Level 1:colcon.colcon_core.package_discovery:discover_packages(colcon_meta) discover
[0.178s] Level 1:colcon.colcon_core.package_discovery:discover_packages(recursive) discover
[0.178s] INFO:colcon.colcon_core.package_discovery:Crawling recursively for packages in '/home/ashmu/ros2_ws'
[0.178s] Level 1:colcon.colcon_core.package_identification:_identify(.) by extensions ['ignore', 'ignore_ament_install']
[0.178s] Level 1:colcon.colcon_core.package_identification:_identify(.) by extension 'ignore'
[0.178s] Level 1:colcon.colcon_core.package_identification:_identify(.) by extension 'ignore_ament_install'
[0.178s] Level 1:colcon.colcon_core.package_identification:_identify(.) by extensions ['colcon_pkg']
[0.178s] Level 1:colcon.colcon_core.package_identification:_identify(.) by extension 'colcon_pkg'
[0.178s] Level 1:colcon.colcon_core.package_identification:_identify(.) by extensions ['colcon_meta']
[0.178s] Level 1:colcon.colcon_core.package_identification:_identify(.) by extension 'colcon_meta'
[0.178s] Level 1:colcon.colcon_core.package_identification:_identify(.) by extensions ['ros']
[0.178s] Level 1:colcon.colcon_core.package_identification:_identify(.) by extension 'ros'
[0.185s] Level 1:colcon.colcon_core.package_identification:_identify(.) by extensions ['cmake', 'python']
[0.185s] Level 1:colcon.colcon_core.package_identification:_identify(.) by extension 'cmake'
[0.185s] Level 1:colcon.colcon_core.package_identification:_identify(.) by extension 'python'
[0.185s] Level 1:colcon.colcon_core.package_identification:_identify(.) by extensions ['python_setup_py']
[0.185s] Level 1:colcon.colcon_core.package_identification:_identify(.) by extension 'python_setup_py'
[0.186s] Level 1:colcon.colcon_core.package_identification:_identify(build) by extensions ['ignore', 'ignore_ament_install']
[0.186s] Level 1:colcon.colcon_core.package_identification:_identify(build) by extension 'ignore'
[0.186s] Level 1:colcon.colcon_core.package_identification:_identify(build) ignored
[0.186s] Level 1:colcon.colcon_core.package_identification:_identify(install) by extensions ['ignore', 'ignore_ament_install']
[0.186s] Level 1:colcon.colcon_core.package_identification:_identify(install) by extension 'ignore'
[0.186s] Level 1:colcon.colcon_core.package_identification:_identify(install) ignored
[0.186s] Level 1:colcon.colcon_core.package_identification:_identify(log) by extensions ['ignore', 'ignore_ament_install']
[0.186s] Level 1:colcon.colcon_core.package_identification:_identify(log) by extension 'ignore'
[0.186s] Level 1:colcon.colcon_core.package_identification:_identify(log) ignored
[0.186s] Level 1:colcon.colcon_core.package_identification:_identify(src) by extensions ['ignore', 'ignore_ament_install']
[0.186s] Level 1:colcon.colcon_core.package_identification:_identify(src) by extension 'ignore'
[0.186s] Level 1:colcon.colcon_core.package_identification:_identify(src) by extension 'ignore_ament_install'
[0.186s] Level 1:colcon.colcon_core.package_identification:_identify(src) by extensions ['colcon_pkg']
[0.186s] Level 1:colcon.colcon_core.package_identification:_identify(src) by extension 'colcon_pkg'
[0.186s] Level 1:colcon.colcon_core.package_identification:_identify(src) by extensions ['colcon_meta']
[0.186s] Level 1:colcon.colcon_core.package_identification:_identify(src) by extension 'colcon_meta'
[0.186s] Level 1:colcon.colcon_core.package_identification:_identify(src) by extensions ['ros']
[0.186s] Level 1:colcon.colcon_core.package_identification:_identify(src) by extension 'ros'
[0.186s] Level 1:colcon.colcon_core.package_identification:_identify(src) by extensions ['cmake', 'python']
[0.186s] Level 1:colcon.colcon_core.package_identification:_identify(src) by extension 'cmake'
[0.186s] Level 1:colcon.colcon_core.package_identification:_identify(src) by extension 'python'
[0.186s] Level 1:colcon.colcon_core.package_identification:_identify(src) by extensions ['python_setup_py']
[0.186s] Level 1:colcon.colcon_core.package_identification:_identify(src) by extension 'python_setup_py'
[0.186s] Level 1:colcon.colcon_core.package_identification:_identify(src/Universal_Robots_ROS2_Description) by extensions ['ignore', 'ignore_ament_install']
[0.186s] Level 1:colcon.colcon_core.package_identification:_identify(src/Universal_Robots_ROS2_Description) by extension 'ignore'
[0.186s] Level 1:colcon.colcon_core.package_identification:_identify(src/Universal_Robots_ROS2_Description) by extension 'ignore_ament_install'
[0.186s] Level 1:colcon.colcon_core.package_identification:_identify(src/Universal_Robots_ROS2_Description) by extensions ['colcon_pkg']
[0.186s] Level 1:colcon.colcon_core.package_identification:_identify(src/Universal_Robots_ROS2_Description) by extension 'colcon_pkg'
[0.186s] Level 1:colcon.colcon_core.package_identification:_identify(src/Universal_Robots_ROS2_Description) by extensions ['colcon_meta']
[0.186s] Level 1:colcon.colcon_core.package_identification:_identify(src/Universal_Robots_ROS2_Description) by extension 'colcon_meta'
[0.186s] Level 1:colcon.colcon_core.package_identification:_identify(src/Universal_Robots_ROS2_Description) by extensions ['ros']
[0.186s] Level 1:colcon.colcon_core.package_identification:_identify(src/Universal_Robots_ROS2_Description) by extension 'ros'
[0.188s] DEBUG:colcon.colcon_core.package_identification:Package 'src/Universal_Robots_ROS2_Description' with type 'ros.ament_cmake' and name 'ur_description'
[0.188s] Level 1:colcon.colcon_core.package_identification:_identify(src/Universal_Robots_ROS2_Gazebo_Simulation) by extensions ['ignore', 'ignore_ament_install']
[0.188s] Level 1:colcon.colcon_core.package_identification:_identify(src/Universal_Robots_ROS2_Gazebo_Simulation) by extension 'ignore'
[0.188s] Level 1:colcon.colcon_core.package_identification:_identify(src/Universal_Robots_ROS2_Gazebo_Simulation) by extension 'ignore_ament_install'
[0.188s] Level 1:colcon.colcon_core.package_identification:_identify(src/Universal_Robots_ROS2_Gazebo_Simulation) by extensions ['colcon_pkg']
[0.188s] Level 1:colcon.colcon_core.package_identification:_identify(src/Universal_Robots_ROS2_Gazebo_Simulation) by extension 'colcon_pkg'
[0.188s] Level 1:colcon.colcon_core.package_identification:_identify(src/Universal_Robots_ROS2_Gazebo_Simulation) by extensions ['colcon_meta']
[0.189s] Level 1:colcon.colcon_core.package_identification:_identify(src/Universal_Robots_ROS2_Gazebo_Simulation) by extension 'colcon_meta'
[0.189s] Level 1:colcon.colcon_core.package_identification:_identify(src/Universal_Robots_ROS2_Gazebo_Simulation) by extensions ['ros']
[0.189s] Level 1:colcon.colcon_core.package_identification:_identify(src/Universal_Robots_ROS2_Gazebo_Simulation) by extension 'ros'
[0.189s] Level 1:colcon.colcon_core.package_identification:_identify(src/Universal_Robots_ROS2_Gazebo_Simulation) by extensions ['cmake', 'python']
[0.189s] Level 1:colcon.colcon_core.package_identification:_identify(src/Universal_Robots_ROS2_Gazebo_Simulation) by extension 'cmake'
[0.189s] Level 1:colcon.colcon_core.package_identification:_identify(src/Universal_Robots_ROS2_Gazebo_Simulation) by extension 'python'
[0.189s] Level 1:colcon.colcon_core.package_identification:_identify(src/Universal_Robots_ROS2_Gazebo_Simulation) by extensions ['python_setup_py']
[0.189s] Level 1:colcon.colcon_core.package_identification:_identify(src/Universal_Robots_ROS2_Gazebo_Simulation) by extension 'python_setup_py'
[0.189s] Level 1:colcon.colcon_core.package_identification:_identify(src/Universal_Robots_ROS2_Gazebo_Simulation/ur_simulation_gazebo) by extensions ['ignore', 'ignore_ament_install']
[0.189s] Level 1:colcon.colcon_core.package_identification:_identify(src/Universal_Robots_ROS2_Gazebo_Simulation/ur_simulation_gazebo) by extension 'ignore'
[0.189s] Level 1:colcon.colcon_core.package_identification:_identify(src/Universal_Robots_ROS2_Gazebo_Simulation/ur_simulation_gazebo) by extension 'ignore_ament_install'
[0.189s] Level 1:colcon.colcon_core.package_identification:_identify(src/Universal_Robots_ROS2_Gazebo_Simulation/ur_simulation_gazebo) by extensions ['colcon_pkg']
[0.189s] Level 1:colcon.colcon_core.package_identification:_identify(src/Universal_Robots_ROS2_Gazebo_Simulation/ur_simulation_gazebo) by extension 'colcon_pkg'
[0.189s] Level 1:colcon.colcon_core.package_identification:_identify(src/Universal_Robots_ROS2_Gazebo_Simulation/ur_simulation_gazebo) by extensions ['colcon_meta']
[0.189s] Level 1:colcon.colcon_core.package_identification:_identify(src/Universal_Robots_ROS2_Gazebo_Simulation/ur_simulation_gazebo) by extension 'colcon_meta'
[0.189s] Level 1:colcon.colcon_core.package_identification:_identify(src/Universal_Robots_ROS2_Gazebo_Simulation/ur_simulation_gazebo) by extensions ['ros']
[0.189s] Level 1:colcon.colcon_core.package_identification:_identify(src/Universal_Robots_ROS2_Gazebo_Simulation/ur_simulation_gazebo) by extension 'ros'
[0.189s] DEBUG:colcon.colcon_core.package_identification:Package 'src/Universal_Robots_ROS2_Gazebo_Simulation/ur_simulation_gazebo' with type 'ros.ament_cmake' and name 'ur_simulation_gazebo'
[0.189s] Level 1:colcon.colcon_core.package_identification:_identify(src/pymoveit2) by extensions ['ignore', 'ignore_ament_install']
[0.189s] Level 1:colcon.colcon_core.package_identification:_identify(src/pymoveit2) by extension 'ignore'
[0.189s] Level 1:colcon.colcon_core.package_identification:_identify(src/pymoveit2) by extension 'ignore_ament_install'
[0.189s] Level 1:colcon.colcon_core.package_identification:_identify(src/pymoveit2) by extensions ['colcon_pkg']
[0.190s] Level 1:colcon.colcon_core.package_identification:_identify(src/pymoveit2) by extension 'colcon_pkg'
[0.190s] Level 1:colcon.colcon_core.package_identification:_identify(src/pymoveit2) by extensions ['colcon_meta']
[0.190s] Level 1:colcon.colcon_core.package_identification:_identify(src/pymoveit2) by extension 'colcon_meta'
[0.190s] Level 1:colcon.colcon_core.package_identification:_identify(src/pymoveit2) by extensions ['ros']
[0.190s] Level 1:colcon.colcon_core.package_identification:_identify(src/pymoveit2) by extension 'ros'
[0.190s] DEBUG:colcon.colcon_core.package_identification:Package 'src/pymoveit2' with type 'ros.ament_cmake' and name 'pymoveit2'
[0.190s] Level 1:colcon.colcon_core.package_identification:_identify(src/ur3e-codebase) by extensions ['ignore', 'ignore_ament_install']
[0.190s] Level 1:colcon.colcon_core.package_identification:_identify(src/ur3e-codebase) by extension 'ignore'
[0.190s] Level 1:colcon.colcon_core.package_identification:_identify(src/ur3e-codebase) by extension 'ignore_ament_install'
[0.190s] Level 1:colcon.colcon_core.package_identification:_identify(src/ur3e-codebase) by extensions ['colcon_pkg']
[0.190s] Level 1:colcon.colcon_core.package_identification:_identify(src/ur3e-codebase) by extension 'colcon_pkg'
[0.190s] Level 1:colcon.colcon_core.package_identification:_identify(src/ur3e-codebase) by extensions ['colcon_meta']
[0.190s] Level 1:colcon.colcon_core.package_identification:_identify(src/ur3e-codebase) by extension 'colcon_meta'
[0.190s] Level 1:colcon.colcon_core.package_identification:_identify(src/ur3e-codebase) by extensions ['ros']
[0.190s] Level 1:colcon.colcon_core.package_identification:_identify(src/ur3e-codebase) by extension 'ros'
[0.191s] DEBUG:colcon.colcon_core.package_identification:Package 'src/ur3e-codebase' with type 'ros.ament_python' and name 'ur3e_control_package'
[0.191s] Level 1:colcon.colcon_core.package_discovery:discover_packages(recursive) using defaults
[0.191s] Level 1:colcon.colcon_core.package_discovery:discover_packages(ignore) discover
[0.191s] Level 1:colcon.colcon_core.package_discovery:discover_packages(ignore) using defaults
[0.191s] Level 1:colcon.colcon_core.package_discovery:discover_packages(path) discover
[0.191s] Level 1:colcon.colcon_core.package_discovery:discover_packages(path) using defaults
[0.215s] Level 1:colcon.colcon_core.package_discovery:discover_packages(prefix_path) check parameters
[0.215s] Level 1:colcon.colcon_core.package_discovery:discover_packages(prefix_path) discover
[0.216s] WARNING:colcon.colcon_ros.prefix_path.ament:The path '/home/ashmu/ros2_ws/install/ur3e_motionresponse' in the environment variable AMENT_PREFIX_PATH doesn't exist
[0.216s] WARNING:colcon.colcon_ros.prefix_path.ament:The path '/home/ashmu/ros2_ws/install/ur3e_motion' in the environment variable AMENT_PREFIX_PATH doesn't exist
[0.216s] WARNING:colcon.colcon_ros.prefix_path.ament:The path '/home/ashmu/ros2_ws/install/py_pubsub' in the environment variable AMENT_PREFIX_PATH doesn't exist
[0.216s] WARNING:colcon.colcon_ros.prefix_path.ament:The path '/opt/ros/iron' in the environment variable AMENT_PREFIX_PATH doesn't exist
[0.216s] DEBUG:colcon.colcon_installed_package_information.package_discovery:Found 4 installed packages in /home/ashmu/ros2_ws/install
[0.218s] DEBUG:colcon.colcon_installed_package_information.package_discovery:Found 320 installed packages in /opt/ros/humble
[0.219s] Level 1:colcon.colcon_core.package_discovery:discover_packages(prefix_path) using defaults
[0.247s] Level 5:colcon.colcon_core.verb:set package 'pymoveit2' build argument 'cmake_args' from command line to 'None'
[0.247s] Level 5:colcon.colcon_core.verb:set package 'pymoveit2' build argument 'cmake_target' from command line to 'None'
[0.247s] Level 5:colcon.colcon_core.verb:set package 'pymoveit2' build argument 'cmake_target_skip_unavailable' from command line to 'False'
[0.247s] Level 5:colcon.colcon_core.verb:set package 'pymoveit2' build argument 'cmake_clean_cache' from command line to 'False'
[0.247s] Level 5:colcon.colcon_core.verb:set package 'pymoveit2' build argument 'cmake_clean_first' from command line to 'False'
[0.247s] Level 5:colcon.colcon_core.verb:set package 'pymoveit2' build argument 'cmake_force_configure' from command line to 'False'
[0.247s] Level 5:colcon.colcon_core.verb:set package 'pymoveit2' build argument 'ament_cmake_args' from command line to 'None'
[0.247s] Level 5:colcon.colcon_core.verb:set package 'pymoveit2' build argument 'catkin_cmake_args' from command line to 'None'
[0.247s] Level 5:colcon.colcon_core.verb:set package 'pymoveit2' build argument 'catkin_skip_building_tests' from command line to 'False'
[0.247s] DEBUG:colcon.colcon_core.verb:Building package 'pymoveit2' with the following arguments: {'ament_cmake_args': None, 'build_base': '/home/ashmu/ros2_ws/build/pymoveit2', 'catkin_cmake_args': None, 'catkin_skip_building_tests': False, 'cmake_args': None, 'cmake_clean_cache': False, 'cmake_clean_first': False, 'cmake_force_configure': False, 'cmake_target': None, 'cmake_target_skip_unavailable': False, 'install_base': '/home/ashmu/ros2_ws/install/pymoveit2', 'merge_install': False, 'path': '/home/ashmu/ros2_ws/src/pymoveit2', 'symlink_install': False, 'test_result_base': None}
[0.248s] Level 5:colcon.colcon_core.verb:set package 'ur_description' build argument 'cmake_args' from command line to 'None'
[0.248s] Level 5:colcon.colcon_core.verb:set package 'ur_description' build argument 'cmake_target' from command line to 'None'
[0.248s] Level 5:colcon.colcon_core.verb:set package 'ur_description' build argument 'cmake_target_skip_unavailable' from command line to 'False'
[0.248s] Level 5:colcon.colcon_core.verb:set package 'ur_description' build argument 'cmake_clean_cache' from command line to 'False'
[0.248s] Level 5:colcon.colcon_core.verb:set package 'ur_description' build argument 'cmake_clean_first' from command line to 'False'
[0.248s] Level 5:colcon.colcon_core.verb:set package 'ur_description' build argument 'cmake_force_configure' from command line to 'False'
[0.248s] Level 5:colcon.colcon_core.verb:set package 'ur_description' build argument 'ament_cmake_args' from command line to 'None'
[0.248s] Level 5:colcon.colcon_core.verb:set package 'ur_description' build argument 'catkin_cmake_args' from command line to 'None'
[0.248s] Level 5:colcon.colcon_core.verb:set package 'ur_description' build argument 'catkin_skip_building_tests' from command line to 'False'
[0.248s] DEBUG:colcon.colcon_core.verb:Building package 'ur_description' with the following arguments: {'ament_cmake_args': None, 'build_base': '/home/ashmu/ros2_ws/build/ur_description', 'catkin_cmake_args': None, 'catkin_skip_building_tests': False, 'cmake_args': None, 'cmake_clean_cache': False, 'cmake_clean_first': False, 'cmake_force_configure': False, 'cmake_target': None, 'cmake_target_skip_unavailable': False, 'install_base': '/home/ashmu/ros2_ws/install/ur_description', 'merge_install': False, 'path': '/home/ashmu/ros2_ws/src/Universal_Robots_ROS2_Description', 'symlink_install': False, 'test_result_base': None}
[0.248s] Level 5:colcon.colcon_core.verb:set package 'ur3e_control_package' build argument 'cmake_args' from command line to 'None'
[0.248s] Level 5:colcon.colcon_core.verb:set package 'ur3e_control_package' build argument 'cmake_target' from command line to 'None'
[0.248s] Level 5:colcon.colcon_core.verb:set package 'ur3e_control_package' build argument 'cmake_target_skip_unavailable' from command line to 'False'
[0.248s] Level 5:colcon.colcon_core.verb:set package 'ur3e_control_package' build argument 'cmake_clean_cache' from command line to 'False'
[0.248s] Level 5:colcon.colcon_core.verb:set package 'ur3e_control_package' build argument 'cmake_clean_first' from command line to 'False'
[0.248s] Level 5:colcon.colcon_core.verb:set package 'ur3e_control_package' build argument 'cmake_force_configure' from command line to 'False'
[0.248s] Level 5:colcon.colcon_core.verb:set package 'ur3e_control_package' build argument 'ament_cmake_args' from command line to 'None'
[0.248s] Level 5:colcon.colcon_core.verb:set package 'ur3e_control_package' build argument 'catkin_cmake_args' from command line to 'None'
[0.248s] Level 5:colcon.colcon_core.verb:set package 'ur3e_control_package' build argument 'catkin_skip_building_tests' from command line to 'False'
[0.248s] DEBUG:colcon.colcon_core.verb:Building package 'ur3e_control_package' with the following arguments: {'ament_cmake_args': None, 'build_base': '/home/ashmu/ros2_ws/build/ur3e_control_package', 'catkin_cmake_args': None, 'catkin_skip_building_tests': False, 'cmake_args': None, 'cmake_clean_cache': False, 'cmake_clean_first': False, 'cmake_force_configure': False, 'cmake_target': None, 'cmake_target_skip_unavailable': False, 'install_base': '/home/ashmu/ros2_ws/install/ur3e_control_package', 'merge_install': False, 'path': '/home/ashmu/ros2_ws/src/ur3e-codebase', 'symlink_install': False, 'test_result_base': None}
[0.248s] Level 5:colcon.colcon_core.verb:set package 'ur_simulation_gazebo' build argument 'cmake_args' from command line to 'None'
[0.248s] Level 5:colcon.colcon_core.verb:set package 'ur_simulation_gazebo' build argument 'cmake_target' from command line to 'None'
[0.248s] Level 5:colcon.colcon_core.verb:set package 'ur_simulation_gazebo' build argument 'cmake_target_skip_unavailable' from command line to 'False'
[0.248s] Level 5:colcon.colcon_core.verb:set package 'ur_simulation_gazebo' build argument 'cmake_clean_cache' from command line to 'False'
[0.248s] Level 5:colcon.colcon_core.verb:set package 'ur_simulation_gazebo' build argument 'cmake_clean_first' from command line to 'False'
[0.248s] Level 5:colcon.colcon_core.verb:set package 'ur_simulation_gazebo' build argument 'cmake_force_configure' from command line to 'False'
[0.248s] Level 5:colcon.colcon_core.verb:set package 'ur_simulation_gazebo' build argument 'ament_cmake_args' from command line to 'None'
[0.248s] Level 5:colcon.colcon_core.verb:set package 'ur_simulation_gazebo' build argument 'catkin_cmake_args' from command line to 'None'
[0.248s] Level 5:colcon.colcon_core.verb:set package 'ur_simulation_gazebo' build argument 'catkin_skip_building_tests' from command line to 'False'
[0.248s] DEBUG:colcon.colcon_core.verb:Building package 'ur_simulation_gazebo' with the following arguments: {'ament_cmake_args': None, 'build_base': '/home/ashmu/ros2_ws/build/ur_simulation_gazebo', 'catkin_cmake_args': None, 'catkin_skip_building_tests': False, 'cmake_args': None, 'cmake_clean_cache': False, 'cmake_clean_first': False, 'cmake_force_configure': False, 'cmake_target': None, 'cmake_target_skip_unavailable': False, 'install_base': '/home/ashmu/ros2_ws/install/ur_simulation_gazebo', 'merge_install': False, 'path': '/home/ashmu/ros2_ws/src/Universal_Robots_ROS2_Gazebo_Simulation/ur_simulation_gazebo', 'symlink_install': False, 'test_result_base': None}
[0.248s] INFO:colcon.colcon_core.executor:Executing jobs using 'parallel' executor
[0.249s] DEBUG:colcon.colcon_parallel_executor.executor.parallel:run_until_complete
[0.250s] INFO:colcon.colcon_ros.task.ament_cmake.build:Building ROS package in '/home/ashmu/ros2_ws/src/pymoveit2' with build type 'ament_cmake'
[0.250s] INFO:colcon.colcon_cmake.task.cmake.build:Building CMake package in '/home/ashmu/ros2_ws/src/pymoveit2'
[0.251s] INFO:colcon.colcon_core.plugin_system:Skipping extension 'colcon_core.shell.bat': Not used on non-Windows systems
[0.251s] INFO:colcon.colcon_core.shell:Skip shell extension 'powershell' for command environment: Not usable outside of PowerShell
[0.251s] DEBUG:colcon.colcon_core.shell:Skip shell extension 'dsv' for command environment
[0.254s] INFO:colcon.colcon_ros.task.ament_cmake.build:Building ROS package in '/home/ashmu/ros2_ws/src/Universal_Robots_ROS2_Description' with build type 'ament_cmake'
[0.255s] INFO:colcon.colcon_cmake.task.cmake.build:Building CMake package in '/home/ashmu/ros2_ws/src/Universal_Robots_ROS2_Description'
[0.255s] INFO:colcon.colcon_core.shell:Skip shell extension 'powershell' for command environment: Not usable outside of PowerShell
[0.255s] DEBUG:colcon.colcon_core.shell:Skip shell extension 'dsv' for command environment
[0.260s] DEBUG:colcon.colcon_core.event_handler.log_command:Invoking command in '/home/ashmu/ros2_ws/build/pymoveit2': CMAKE_PREFIX_PATH=${CMAKE_PREFIX_PATH}:/home/ashmu/ros2_ws/install/ur3e_motionresponse:/home/ashmu/ros2_ws/install/ur3e_motion:/home/ashmu/ros2_ws/install/ur3e_control_package:/home/ashmu/ros2_ws/install/py_pubsub:/opt/ros/iron:/opt/ros/humble /usr/bin/cmake /home/ashmu/ros2_ws/src/pymoveit2 -DCMAKE_INSTALL_PREFIX=/home/ashmu/ros2_ws/install/pymoveit2
[0.264s] DEBUG:colcon.colcon_core.event_handler.log_command:Invoking command in '/home/ashmu/ros2_ws/build/ur_description': CMAKE_PREFIX_PATH=${CMAKE_PREFIX_PATH}:/home/ashmu/ros2_ws/install/ur3e_motionresponse:/home/ashmu/ros2_ws/install/ur3e_motion:/home/ashmu/ros2_ws/install/ur3e_control_package:/home/ashmu/ros2_ws/install/py_pubsub:/opt/ros/iron:/opt/ros/humble /usr/bin/cmake /home/ashmu/ros2_ws/src/Universal_Robots_ROS2_Description -DCMAKE_INSTALL_PREFIX=/home/ashmu/ros2_ws/install/ur_description
[0.486s] DEBUG:colcon.colcon_core.event_handler.log_command:Invoked command in '/home/ashmu/ros2_ws/build/pymoveit2' returned '0': CMAKE_PREFIX_PATH=${CMAKE_PREFIX_PATH}:/home/ashmu/ros2_ws/install/ur3e_motionresponse:/home/ashmu/ros2_ws/install/ur3e_motion:/home/ashmu/ros2_ws/install/ur3e_control_package:/home/ashmu/ros2_ws/install/py_pubsub:/opt/ros/iron:/opt/ros/humble /usr/bin/cmake /home/ashmu/ros2_ws/src/pymoveit2 -DCMAKE_INSTALL_PREFIX=/home/ashmu/ros2_ws/install/pymoveit2
[0.487s] DEBUG:colcon.colcon_core.event_handler.log_command:Invoking command in '/home/ashmu/ros2_ws/build/pymoveit2': CMAKE_PREFIX_PATH=${CMAKE_PREFIX_PATH}:/home/ashmu/ros2_ws/install/ur3e_motionresponse:/home/ashmu/ros2_ws/install/ur3e_motion:/home/ashmu/ros2_ws/install/ur3e_control_package:/home/ashmu/ros2_ws/install/py_pubsub:/opt/ros/iron:/opt/ros/humble /usr/bin/cmake --build /home/ashmu/ros2_ws/build/pymoveit2 -- -j12 -l12
[0.783s] DEBUG:colcon.colcon_core.event_handler.log_command:Invoked command in '/home/ashmu/ros2_ws/build/pymoveit2' returned '0': CMAKE_PREFIX_PATH=${CMAKE_PREFIX_PATH}:/home/ashmu/ros2_ws/install/ur3e_motionresponse:/home/ashmu/ros2_ws/install/ur3e_motion:/home/ashmu/ros2_ws/install/ur3e_control_package:/home/ashmu/ros2_ws/install/py_pubsub:/opt/ros/iron:/opt/ros/humble /usr/bin/cmake --build /home/ashmu/ros2_ws/build/pymoveit2 -- -j12 -l12
[0.795s] DEBUG:colcon.colcon_core.event_handler.log_command:Invoking command in '/home/ashmu/ros2_ws/build/pymoveit2': CMAKE_PREFIX_PATH=${CMAKE_PREFIX_PATH}:/home/ashmu/ros2_ws/install/ur3e_motionresponse:/home/ashmu/ros2_ws/install/ur3e_motion:/home/ashmu/ros2_ws/install/ur3e_control_package:/home/ashmu/ros2_ws/install/py_pubsub:/opt/ros/iron:/opt/ros/humble /usr/bin/cmake --install /home/ashmu/ros2_ws/build/pymoveit2
[0.846s] Level 1:colcon.colcon_core.environment:create_environment_scripts_only(pymoveit2)
[0.847s] DEBUG:colcon.colcon_core.event_handler.log_command:Invoked command in '/home/ashmu/ros2_ws/build/pymoveit2' returned '0': CMAKE_PREFIX_PATH=${CMAKE_PREFIX_PATH}:/home/ashmu/ros2_ws/install/ur3e_motionresponse:/home/ashmu/ros2_ws/install/ur3e_motion:/home/ashmu/ros2_ws/install/ur3e_control_package:/home/ashmu/ros2_ws/install/py_pubsub:/opt/ros/iron:/opt/ros/humble /usr/bin/cmake --install /home/ashmu/ros2_ws/build/pymoveit2
[0.849s] Level 1:colcon.colcon_core.environment:checking '/home/ashmu/ros2_ws/install/pymoveit2' for CMake module files
[0.849s] Level 1:colcon.colcon_core.environment:checking '/home/ashmu/ros2_ws/install/pymoveit2' for CMake config files
[0.850s] Level 1:colcon.colcon_core.shell:create_environment_hook('pymoveit2', 'cmake_prefix_path')
[0.850s] INFO:colcon.colcon_core.shell:Creating environment hook '/home/ashmu/ros2_ws/install/pymoveit2/share/pymoveit2/hook/cmake_prefix_path.ps1'
[0.851s] INFO:colcon.colcon_core.shell:Creating environment descriptor '/home/ashmu/ros2_ws/install/pymoveit2/share/pymoveit2/hook/cmake_prefix_path.dsv'
[0.851s] INFO:colcon.colcon_core.shell:Creating environment hook '/home/ashmu/ros2_ws/install/pymoveit2/share/pymoveit2/hook/cmake_prefix_path.sh'
[0.852s] Level 1:colcon.colcon_core.environment:checking '/home/ashmu/ros2_ws/install/pymoveit2/lib'
[0.852s] Level 1:colcon.colcon_core.environment:checking '/home/ashmu/ros2_ws/install/pymoveit2/bin'
[0.852s] Level 1:colcon.colcon_core.environment:checking '/home/ashmu/ros2_ws/install/pymoveit2/lib/pkgconfig/pymoveit2.pc'
[0.853s] Level 1:colcon.colcon_core.environment:checking '/home/ashmu/ros2_ws/install/pymoveit2/lib/python3.10/site-packages'
[0.853s] Level 1:colcon.colcon_core.environment:checking '/home/ashmu/ros2_ws/install/pymoveit2/bin'
[0.853s] INFO:colcon.colcon_core.shell:Creating package script '/home/ashmu/ros2_ws/install/pymoveit2/share/pymoveit2/package.ps1'
[0.854s] INFO:colcon.colcon_core.shell:Creating package descriptor '/home/ashmu/ros2_ws/install/pymoveit2/share/pymoveit2/package.dsv'
[0.854s] INFO:colcon.colcon_core.shell:Creating package script '/home/ashmu/ros2_ws/install/pymoveit2/share/pymoveit2/package.sh'
[0.855s] INFO:colcon.colcon_core.shell:Creating package script '/home/ashmu/ros2_ws/install/pymoveit2/share/pymoveit2/package.bash'
[0.855s] INFO:colcon.colcon_core.shell:Creating package script '/home/ashmu/ros2_ws/install/pymoveit2/share/pymoveit2/package.zsh'
[0.856s] Level 1:colcon.colcon_core.environment:create_file_with_runtime_dependencies(/home/ashmu/ros2_ws/install/pymoveit2/share/colcon-core/packages/pymoveit2)
[0.856s] Level 1:colcon.colcon_core.environment:create_environment_scripts_only(pymoveit2)
[0.856s] Level 1:colcon.colcon_core.environment:checking '/home/ashmu/ros2_ws/install/pymoveit2' for CMake module files
[0.857s] Level 1:colcon.colcon_core.environment:checking '/home/ashmu/ros2_ws/install/pymoveit2' for CMake config files
[0.857s] Level 1:colcon.colcon_core.shell:create_environment_hook('pymoveit2', 'cmake_prefix_path')
[0.858s] INFO:colcon.colcon_core.shell:Creating environment hook '/home/ashmu/ros2_ws/install/pymoveit2/share/pymoveit2/hook/cmake_prefix_path.ps1'
[0.858s] INFO:colcon.colcon_core.shell:Creating environment descriptor '/home/ashmu/ros2_ws/install/pymoveit2/share/pymoveit2/hook/cmake_prefix_path.dsv'
[0.858s] INFO:colcon.colcon_core.shell:Creating environment hook '/home/ashmu/ros2_ws/install/pymoveit2/share/pymoveit2/hook/cmake_prefix_path.sh'
[0.858s] Level 1:colcon.colcon_core.environment:checking '/home/ashmu/ros2_ws/install/pymoveit2/lib'
[0.859s] Level 1:colcon.colcon_core.environment:checking '/home/ashmu/ros2_ws/install/pymoveit2/bin'
[0.859s] Level 1:colcon.colcon_core.environment:checking '/home/ashmu/ros2_ws/install/pymoveit2/lib/pkgconfig/pymoveit2.pc'
[0.859s] Level 1:colcon.colcon_core.environment:checking '/home/ashmu/ros2_ws/install/pymoveit2/lib/python3.10/site-packages'
[0.859s] Level 1:colcon.colcon_core.environment:checking '/home/ashmu/ros2_ws/install/pymoveit2/bin'
[0.859s] INFO:colcon.colcon_core.shell:Creating package script '/home/ashmu/ros2_ws/install/pymoveit2/share/pymoveit2/package.ps1'
[0.859s] INFO:colcon.colcon_core.shell:Creating package descriptor '/home/ashmu/ros2_ws/install/pymoveit2/share/pymoveit2/package.dsv'
[0.860s] INFO:colcon.colcon_core.shell:Creating package script '/home/ashmu/ros2_ws/install/pymoveit2/share/pymoveit2/package.sh'
[0.860s] INFO:colcon.colcon_core.shell:Creating package script '/home/ashmu/ros2_ws/install/pymoveit2/share/pymoveit2/package.bash'
[0.860s] INFO:colcon.colcon_core.shell:Creating package script '/home/ashmu/ros2_ws/install/pymoveit2/share/pymoveit2/package.zsh'
[0.860s] Level 1:colcon.colcon_core.environment:create_file_with_runtime_dependencies(/home/ashmu/ros2_ws/install/pymoveit2/share/colcon-core/packages/pymoveit2)
[0.861s] INFO:colcon.colcon_ros.task.ament_python.build:Building ROS package in '/home/ashmu/ros2_ws/src/ur3e-codebase' with build type 'ament_python'
[0.861s] Level 1:colcon.colcon_core.shell:create_environment_hook('ur3e_control_package', 'ament_prefix_path')
[0.861s] INFO:colcon.colcon_core.shell:Creating environment hook '/home/ashmu/ros2_ws/install/ur3e_control_package/share/ur3e_control_package/hook/ament_prefix_path.ps1'
[0.862s] INFO:colcon.colcon_core.shell:Creating environment descriptor '/home/ashmu/ros2_ws/install/ur3e_control_package/share/ur3e_control_package/hook/ament_prefix_path.dsv'
[0.862s] INFO:colcon.colcon_core.shell:Creating environment hook '/home/ashmu/ros2_ws/install/ur3e_control_package/share/ur3e_control_package/hook/ament_prefix_path.sh'
[0.863s] INFO:colcon.colcon_core.shell:Skip shell extension 'powershell' for command environment: Not usable outside of PowerShell
[0.863s] DEBUG:colcon.colcon_core.shell:Skip shell extension 'dsv' for command environment
[1.045s] INFO:colcon.colcon_core.task.python.build:Building Python package in '/home/ashmu/ros2_ws/src/ur3e-codebase'
[1.046s] INFO:colcon.colcon_core.shell:Skip shell extension 'powershell' for command environment: Not usable outside of PowerShell
[1.046s] DEBUG:colcon.colcon_core.shell:Skip shell extension 'dsv' for command environment
[1.051s] DEBUG:colcon.colcon_core.event_handler.log_command:Invoked command in '/home/ashmu/ros2_ws/build/ur_description' returned '0': CMAKE_PREFIX_PATH=${CMAKE_PREFIX_PATH}:/home/ashmu/ros2_ws/install/ur3e_motionresponse:/home/ashmu/ros2_ws/install/ur3e_motion:/home/ashmu/ros2_ws/install/ur3e_control_package:/home/ashmu/ros2_ws/install/py_pubsub:/opt/ros/iron:/opt/ros/humble /usr/bin/cmake /home/ashmu/ros2_ws/src/Universal_Robots_ROS2_Description -DCMAKE_INSTALL_PREFIX=/home/ashmu/ros2_ws/install/ur_description
[1.052s] DEBUG:colcon.colcon_core.event_handler.log_command:Invoking command in '/home/ashmu/ros2_ws/build/ur_description': CMAKE_PREFIX_PATH=${CMAKE_PREFIX_PATH}:/home/ashmu/ros2_ws/install/ur3e_motionresponse:/home/ashmu/ros2_ws/install/ur3e_motion:/home/ashmu/ros2_ws/install/ur3e_control_package:/home/ashmu/ros2_ws/install/py_pubsub:/opt/ros/iron:/opt/ros/humble /usr/bin/cmake --build /home/ashmu/ros2_ws/build/ur_description -- -j12 -l12
[1.100s] DEBUG:colcon.colcon_core.event_handler.log_command:Invoked command in '/home/ashmu/ros2_ws/build/ur_description' returned '0': CMAKE_PREFIX_PATH=${CMAKE_PREFIX_PATH}:/home/ashmu/ros2_ws/install/ur3e_motionresponse:/home/ashmu/ros2_ws/install/ur3e_motion:/home/ashmu/ros2_ws/install/ur3e_control_package:/home/ashmu/ros2_ws/install/py_pubsub:/opt/ros/iron:/opt/ros/humble /usr/bin/cmake --build /home/ashmu/ros2_ws/build/ur_description -- -j12 -l12
[1.101s] DEBUG:colcon.colcon_core.event_handler.log_command:Invoking command in '/home/ashmu/ros2_ws/build/ur_description': CMAKE_PREFIX_PATH=${CMAKE_PREFIX_PATH}:/home/ashmu/ros2_ws/install/ur3e_motionresponse:/home/ashmu/ros2_ws/install/ur3e_motion:/home/ashmu/ros2_ws/install/ur3e_control_package:/home/ashmu/ros2_ws/install/py_pubsub:/opt/ros/iron:/opt/ros/humble /usr/bin/cmake --install /home/ashmu/ros2_ws/build/ur_description
[1.138s] Level 1:colcon.colcon_core.environment:create_environment_scripts_only(ur_description)
[1.139s] Level 1:colcon.colcon_core.environment:checking '/home/ashmu/ros2_ws/install/ur_description' for CMake module files
[1.139s] DEBUG:colcon.colcon_core.event_handler.log_command:Invoked command in '/home/ashmu/ros2_ws/build/ur_description' returned '0': CMAKE_PREFIX_PATH=${CMAKE_PREFIX_PATH}:/home/ashmu/ros2_ws/install/ur3e_motionresponse:/home/ashmu/ros2_ws/install/ur3e_motion:/home/ashmu/ros2_ws/install/ur3e_control_package:/home/ashmu/ros2_ws/install/py_pubsub:/opt/ros/iron:/opt/ros/humble /usr/bin/cmake --install /home/ashmu/ros2_ws/build/ur_description
[1.139s] Level 1:colcon.colcon_core.environment:checking '/home/ashmu/ros2_ws/install/ur_description' for CMake config files
[1.141s] Level 1:colcon.colcon_core.shell:create_environment_hook('ur_description', 'cmake_prefix_path')
[1.142s] INFO:colcon.colcon_core.shell:Creating environment hook '/home/ashmu/ros2_ws/install/ur_description/share/ur_description/hook/cmake_prefix_path.ps1'
[1.142s] INFO:colcon.colcon_core.shell:Creating environment descriptor '/home/ashmu/ros2_ws/install/ur_description/share/ur_description/hook/cmake_prefix_path.dsv'
[1.142s] INFO:colcon.colcon_core.shell:Creating environment hook '/home/ashmu/ros2_ws/install/ur_description/share/ur_description/hook/cmake_prefix_path.sh'
[1.143s] Level 1:colcon.colcon_core.environment:checking '/home/ashmu/ros2_ws/install/ur_description/bin'
[1.143s] Level 1:colcon.colcon_core.environment:checking '/home/ashmu/ros2_ws/install/ur_description/lib/pkgconfig/ur_description.pc'
[1.143s] Level 1:colcon.colcon_core.environment:checking '/home/ashmu/ros2_ws/install/ur_description/lib/python3.10/site-packages'
[1.143s] Level 1:colcon.colcon_core.environment:checking '/home/ashmu/ros2_ws/install/ur_description/bin'
[1.143s] INFO:colcon.colcon_core.shell:Creating package script '/home/ashmu/ros2_ws/install/ur_description/share/ur_description/package.ps1'
[1.143s] INFO:colcon.colcon_core.shell:Creating package descriptor '/home/ashmu/ros2_ws/install/ur_description/share/ur_description/package.dsv'
[1.144s] INFO:colcon.colcon_core.shell:Creating package script '/home/ashmu/ros2_ws/install/ur_description/share/ur_description/package.sh'
[1.144s] INFO:colcon.colcon_core.shell:Creating package script '/home/ashmu/ros2_ws/install/ur_description/share/ur_description/package.bash'
[1.144s] INFO:colcon.colcon_core.shell:Creating package script '/home/ashmu/ros2_ws/install/ur_description/share/ur_description/package.zsh'
[1.144s] Level 1:colcon.colcon_core.environment:create_file_with_runtime_dependencies(/home/ashmu/ros2_ws/install/ur_description/share/colcon-core/packages/ur_description)
[1.145s] Level 1:colcon.colcon_core.environment:create_environment_scripts_only(ur_description)
[1.145s] Level 1:colcon.colcon_core.environment:checking '/home/ashmu/ros2_ws/install/ur_description' for CMake module files
[1.145s] Level 1:colcon.colcon_core.environment:checking '/home/ashmu/ros2_ws/install/ur_description' for CMake config files
[1.147s] Level 1:colcon.colcon_core.shell:create_environment_hook('ur_description', 'cmake_prefix_path')
[1.147s] INFO:colcon.colcon_core.shell:Creating environment hook '/home/ashmu/ros2_ws/install/ur_description/share/ur_description/hook/cmake_prefix_path.ps1'
[1.147s] INFO:colcon.colcon_core.shell:Creating environment descriptor '/home/ashmu/ros2_ws/install/ur_description/share/ur_description/hook/cmake_prefix_path.dsv'
[1.147s] INFO:colcon.colcon_core.shell:Creating environment hook '/home/ashmu/ros2_ws/install/ur_description/share/ur_description/hook/cmake_prefix_path.sh'
[1.148s] Level 1:colcon.colcon_core.environment:checking '/home/ashmu/ros2_ws/install/ur_description/bin'
[1.148s] Level 1:colcon.colcon_core.environment:checking '/home/ashmu/ros2_ws/install/ur_description/lib/pkgconfig/ur_description.pc'
[1.148s] Level 1:colcon.colcon_core.environment:checking '/home/ashmu/ros2_ws/install/ur_description/lib/python3.10/site-packages'
[1.148s] Level 1:colcon.colcon_core.environment:checking '/home/ashmu/ros2_ws/install/ur_description/bin'
[1.148s] INFO:colcon.colcon_core.shell:Creating package script '/home/ashmu/ros2_ws/install/ur_description/share/ur_description/package.ps1'
[1.148s] INFO:colcon.colcon_core.shell:Creating package descriptor '/home/ashmu/ros2_ws/install/ur_description/share/ur_description/package.dsv'
[1.149s] INFO:colcon.colcon_core.shell:Creating package script '/home/ashmu/ros2_ws/install/ur_description/share/ur_description/package.sh'
[1.149s] INFO:colcon.colcon_core.shell:Creating package script '/home/ashmu/ros2_ws/install/ur_description/share/ur_description/package.bash'
[1.149s] INFO:colcon.colcon_core.shell:Creating package script '/home/ashmu/ros2_ws/install/ur_description/share/ur_description/package.zsh'
[1.149s] Level 1:colcon.colcon_core.environment:create_file_with_runtime_dependencies(/home/ashmu/ros2_ws/install/ur_description/share/colcon-core/packages/ur_description)
[1.150s] INFO:colcon.colcon_ros.task.ament_cmake.build:Building ROS package in '/home/ashmu/ros2_ws/src/Universal_Robots_ROS2_Gazebo_Simulation/ur_simulation_gazebo' with build type 'ament_cmake'
[1.150s] INFO:colcon.colcon_cmake.task.cmake.build:Building CMake package in '/home/ashmu/ros2_ws/src/Universal_Robots_ROS2_Gazebo_Simulation/ur_simulation_gazebo'
[1.150s] INFO:colcon.colcon_core.shell:Skip shell extension 'powershell' for command environment: Not usable outside of PowerShell
[1.150s] DEBUG:colcon.colcon_core.shell:Skip shell extension 'dsv' for command environment
[1.159s] DEBUG:colcon.colcon_core.event_handler.log_command:Invoking command in '/home/ashmu/ros2_ws/build/ur_simulation_gazebo': CMAKE_PREFIX_PATH=${CMAKE_PREFIX_PATH}:/home/ashmu/ros2_ws/install/ur3e_motionresponse:/home/ashmu/ros2_ws/install/ur3e_motion:/home/ashmu/ros2_ws/install/ur3e_control_package:/home/ashmu/ros2_ws/install/py_pubsub:/opt/ros/iron:/opt/ros/humble /usr/bin/cmake /home/ashmu/ros2_ws/src/Universal_Robots_ROS2_Gazebo_Simulation/ur_simulation_gazebo -DCMAKE_INSTALL_PREFIX=/home/ashmu/ros2_ws/install/ur_simulation_gazebo
[1.327s] DEBUG:colcon.colcon_core.event_handler.log_command:Invoking command in '/home/ashmu/ros2_ws/build/ur3e_control_package': CMAKE_PREFIX_PATH=/home/ashmu/ros2_ws/install/pymoveit2:/home/ashmu/ros2_ws/install/ur_description:/home/ashmu/ros2_ws/install/ur_simulation_gazebo PYTHONPATH=/home/ashmu/ros2_ws/build/ur3e_control_package/prefix_override:/usr/lib/python3/dist-packages/colcon_core/task/python/colcon_distutils_commands:/home/ashmu/ros2_ws/install/ur3e_control_package/lib/python3.10/site-packages:${PYTHONPATH} /usr/bin/python3 -W ignore:setup.py install is deprecated -W ignore:easy_install command is deprecated setup.py develop --uninstall --editable --build-directory /home/ashmu/ros2_ws/build/ur3e_control_package/build
[1.363s] DEBUG:colcon.colcon_core.event_handler.log_command:Invoked command in '/home/ashmu/ros2_ws/build/ur_simulation_gazebo' returned '0': CMAKE_PREFIX_PATH=${CMAKE_PREFIX_PATH}:/home/ashmu/ros2_ws/install/ur3e_motionresponse:/home/ashmu/ros2_ws/install/ur3e_motion:/home/ashmu/ros2_ws/install/ur3e_control_package:/home/ashmu/ros2_ws/install/py_pubsub:/opt/ros/iron:/opt/ros/humble /usr/bin/cmake /home/ashmu/ros2_ws/src/Universal_Robots_ROS2_Gazebo_Simulation/ur_simulation_gazebo -DCMAKE_INSTALL_PREFIX=/home/ashmu/ros2_ws/install/ur_simulation_gazebo
[1.363s] DEBUG:colcon.colcon_core.event_handler.log_command:Invoking command in '/home/ashmu/ros2_ws/build/ur_simulation_gazebo': CMAKE_PREFIX_PATH=${CMAKE_PREFIX_PATH}:/home/ashmu/ros2_ws/install/ur3e_motionresponse:/home/ashmu/ros2_ws/install/ur3e_motion:/home/ashmu/ros2_ws/install/ur3e_control_package:/home/ashmu/ros2_ws/install/py_pubsub:/opt/ros/iron:/opt/ros/humble /usr/bin/cmake --build /home/ashmu/ros2_ws/build/ur_simulation_gazebo -- -j12 -l12
[1.407s] DEBUG:colcon.colcon_core.event_handler.log_command:Invoked command in '/home/ashmu/ros2_ws/build/ur_simulation_gazebo' returned '0': CMAKE_PREFIX_PATH=${CMAKE_PREFIX_PATH}:/home/ashmu/ros2_ws/install/ur3e_motionresponse:/home/ashmu/ros2_ws/install/ur3e_motion:/home/ashmu/ros2_ws/install/ur3e_control_package:/home/ashmu/ros2_ws/install/py_pubsub:/opt/ros/iron:/opt/ros/humble /usr/bin/cmake --build /home/ashmu/ros2_ws/build/ur_simulation_gazebo -- -j12 -l12
[1.410s] DEBUG:colcon.colcon_core.event_handler.log_command:Invoking command in '/home/ashmu/ros2_ws/build/ur_simulation_gazebo': CMAKE_PREFIX_PATH=${CMAKE_PREFIX_PATH}:/home/ashmu/ros2_ws/install/ur3e_motionresponse:/home/ashmu/ros2_ws/install/ur3e_motion:/home/ashmu/ros2_ws/install/ur3e_control_package:/home/ashmu/ros2_ws/install/py_pubsub:/opt/ros/iron:/opt/ros/humble /usr/bin/cmake --install /home/ashmu/ros2_ws/build/ur_simulation_gazebo
[1.430s] Level 1:colcon.colcon_core.environment:create_environment_scripts_only(ur_simulation_gazebo)
[1.430s] Level 1:colcon.colcon_core.environment:checking '/home/ashmu/ros2_ws/install/ur_simulation_gazebo' for CMake module files
[1.431s] DEBUG:colcon.colcon_core.event_handler.log_command:Invoked command in '/home/ashmu/ros2_ws/build/ur_simulation_gazebo' returned '0': CMAKE_PREFIX_PATH=${CMAKE_PREFIX_PATH}:/home/ashmu/ros2_ws/install/ur3e_motionresponse:/home/ashmu/ros2_ws/install/ur3e_motion:/home/ashmu/ros2_ws/install/ur3e_control_package:/home/ashmu/ros2_ws/install/py_pubsub:/opt/ros/iron:/opt/ros/humble /usr/bin/cmake --install /home/ashmu/ros2_ws/build/ur_simulation_gazebo
[1.431s] Level 1:colcon.colcon_core.environment:checking '/home/ashmu/ros2_ws/install/ur_simulation_gazebo' for CMake config files
[1.432s] Level 1:colcon.colcon_core.shell:create_environment_hook('ur_simulation_gazebo', 'cmake_prefix_path')
[1.432s] INFO:colcon.colcon_core.shell:Creating environment hook '/home/ashmu/ros2_ws/install/ur_simulation_gazebo/share/ur_simulation_gazebo/hook/cmake_prefix_path.ps1'
[1.432s] INFO:colcon.colcon_core.shell:Creating environment descriptor '/home/ashmu/ros2_ws/install/ur_simulation_gazebo/share/ur_simulation_gazebo/hook/cmake_prefix_path.dsv'
[1.433s] INFO:colcon.colcon_core.shell:Creating environment hook '/home/ashmu/ros2_ws/install/ur_simulation_gazebo/share/ur_simulation_gazebo/hook/cmake_prefix_path.sh'
[1.433s] Level 1:colcon.colcon_core.environment:checking '/home/ashmu/ros2_ws/install/ur_simulation_gazebo/bin'
[1.433s] Level 1:colcon.colcon_core.environment:checking '/home/ashmu/ros2_ws/install/ur_simulation_gazebo/lib/pkgconfig/ur_simulation_gazebo.pc'
[1.433s] Level 1:colcon.colcon_core.environment:checking '/home/ashmu/ros2_ws/install/ur_simulation_gazebo/lib/python3.10/site-packages'
[1.433s] Level 1:colcon.colcon_core.environment:checking '/home/ashmu/ros2_ws/install/ur_simulation_gazebo/bin'
[1.434s] INFO:colcon.colcon_core.shell:Creating package script '/home/ashmu/ros2_ws/install/ur_simulation_gazebo/share/ur_simulation_gazebo/package.ps1'
[1.434s] INFO:colcon.colcon_core.shell:Creating package descriptor '/home/ashmu/ros2_ws/install/ur_simulation_gazebo/share/ur_simulation_gazebo/package.dsv'
[1.434s] INFO:colcon.colcon_core.shell:Creating package script '/home/ashmu/ros2_ws/install/ur_simulation_gazebo/share/ur_simulation_gazebo/package.sh'
[1.435s] INFO:colcon.colcon_core.shell:Creating package script '/home/ashmu/ros2_ws/install/ur_simulation_gazebo/share/ur_simulation_gazebo/package.bash'
[1.435s] INFO:colcon.colcon_core.shell:Creating package script '/home/ashmu/ros2_ws/install/ur_simulation_gazebo/share/ur_simulation_gazebo/package.zsh'
[1.436s] Level 1:colcon.colcon_core.environment:create_file_with_runtime_dependencies(/home/ashmu/ros2_ws/install/ur_simulation_gazebo/share/colcon-core/packages/ur_simulation_gazebo)
[1.436s] Level 1:colcon.colcon_core.environment:create_environment_scripts_only(ur_simulation_gazebo)
[1.436s] Level 1:colcon.colcon_core.environment:checking '/home/ashmu/ros2_ws/install/ur_simulation_gazebo' for CMake module files
[1.437s] Level 1:colcon.colcon_core.environment:checking '/home/ashmu/ros2_ws/install/ur_simulation_gazebo' for CMake config files
[1.437s] Level 1:colcon.colcon_core.shell:create_environment_hook('ur_simulation_gazebo', 'cmake_prefix_path')
[1.437s] INFO:colcon.colcon_core.shell:Creating environment hook '/home/ashmu/ros2_ws/install/ur_simulation_gazebo/share/ur_simulation_gazebo/hook/cmake_prefix_path.ps1'
[1.437s] INFO:colcon.colcon_core.shell:Creating environment descriptor '/home/ashmu/ros2_ws/install/ur_simulation_gazebo/share/ur_simulation_gazebo/hook/cmake_prefix_path.dsv'
[1.438s] INFO:colcon.colcon_core.shell:Creating environment hook '/home/ashmu/ros2_ws/install/ur_simulation_gazebo/share/ur_simulation_gazebo/hook/cmake_prefix_path.sh'
[1.438s] Level 1:colcon.colcon_core.environment:checking '/home/ashmu/ros2_ws/install/ur_simulation_gazebo/bin'
[1.438s] Level 1:colcon.colcon_core.environment:checking '/home/ashmu/ros2_ws/install/ur_simulation_gazebo/lib/pkgconfig/ur_simulation_gazebo.pc'
[1.438s] Level 1:colcon.colcon_core.environment:checking '/home/ashmu/ros2_ws/install/ur_simulation_gazebo/lib/python3.10/site-packages'
[1.438s] Level 1:colcon.colcon_core.environment:checking '/home/ashmu/ros2_ws/install/ur_simulation_gazebo/bin'
[1.438s] INFO:colcon.colcon_core.shell:Creating package script '/home/ashmu/ros2_ws/install/ur_simulation_gazebo/share/ur_simulation_gazebo/package.ps1'
[1.439s] INFO:colcon.colcon_core.shell:Creating package descriptor '/home/ashmu/ros2_ws/install/ur_simulation_gazebo/share/ur_simulation_gazebo/package.dsv'
[1.439s] INFO:colcon.colcon_core.shell:Creating package script '/home/ashmu/ros2_ws/install/ur_simulation_gazebo/share/ur_simulation_gazebo/package.sh'
[1.439s] INFO:colcon.colcon_core.shell:Creating package script '/home/ashmu/ros2_ws/install/ur_simulation_gazebo/share/ur_simulation_gazebo/package.bash'
[1.440s] INFO:colcon.colcon_core.shell:Creating package script '/home/ashmu/ros2_ws/install/ur_simulation_gazebo/share/ur_simulation_gazebo/package.zsh'
[1.440s] Level 1:colcon.colcon_core.environment:create_file_with_runtime_dependencies(/home/ashmu/ros2_ws/install/ur_simulation_gazebo/share/colcon-core/packages/ur_simulation_gazebo)
[1.604s] DEBUG:colcon.colcon_core.event_handler.log_command:Invoked command in '/home/ashmu/ros2_ws/build/ur3e_control_package' returned '0': CMAKE_PREFIX_PATH=/home/ashmu/ros2_ws/install/pymoveit2:/home/ashmu/ros2_ws/install/ur_description:/home/ashmu/ros2_ws/install/ur_simulation_gazebo PYTHONPATH=/home/ashmu/ros2_ws/build/ur3e_control_package/prefix_override:/usr/lib/python3/dist-packages/colcon_core/task/python/colcon_distutils_commands:/home/ashmu/ros2_ws/install/ur3e_control_package/lib/python3.10/site-packages:${PYTHONPATH} /usr/bin/python3 -W ignore:setup.py install is deprecated -W ignore:easy_install command is deprecated setup.py develop --uninstall --editable --build-directory /home/ashmu/ros2_ws/build/ur3e_control_package/build
[1.606s] DEBUG:colcon.colcon_core.event_handler.log_command:Invoking command in '/home/ashmu/ros2_ws/src/ur3e-codebase': CMAKE_PREFIX_PATH=/home/ashmu/ros2_ws/install/pymoveit2:/home/ashmu/ros2_ws/install/ur_description:/home/ashmu/ros2_ws/install/ur_simulation_gazebo PYTHONPATH=/home/ashmu/ros2_ws/build/ur3e_control_package/prefix_override:/usr/lib/python3/dist-packages/colcon_core/task/python/colcon_distutils_commands:/home/ashmu/ros2_ws/install/ur3e_control_package/lib/python3.10/site-packages:${PYTHONPATH} /usr/bin/python3 -W ignore:setup.py install is deprecated -W ignore:easy_install command is deprecated setup.py egg_info --egg-base ../../build/ur3e_control_package build --build-base /home/ashmu/ros2_ws/build/ur3e_control_package/build install --record /home/ashmu/ros2_ws/build/ur3e_control_package/install.log --single-version-externally-managed install_data --force
[1.788s] Level 1:colcon.colcon_core.environment:checking '/home/ashmu/ros2_ws/install/ur3e_control_package' for CMake module files
[1.789s] DEBUG:colcon.colcon_core.event_handler.log_command:Invoked command in '/home/ashmu/ros2_ws/src/ur3e-codebase' returned '0': CMAKE_PREFIX_PATH=/home/ashmu/ros2_ws/install/pymoveit2:/home/ashmu/ros2_ws/install/ur_description:/home/ashmu/ros2_ws/install/ur_simulation_gazebo PYTHONPATH=/home/ashmu/ros2_ws/build/ur3e_control_package/prefix_override:/usr/lib/python3/dist-packages/colcon_core/task/python/colcon_distutils_commands:/home/ashmu/ros2_ws/install/ur3e_control_package/lib/python3.10/site-packages:${PYTHONPATH} /usr/bin/python3 -W ignore:setup.py install is deprecated -W ignore:easy_install command is deprecated setup.py egg_info --egg-base ../../build/ur3e_control_package build --build-base /home/ashmu/ros2_ws/build/ur3e_control_package/build install --record /home/ashmu/ros2_ws/build/ur3e_control_package/install.log --single-version-externally-managed install_data --force
[1.789s] Level 1:colcon.colcon_core.environment:checking '/home/ashmu/ros2_ws/install/ur3e_control_package' for CMake config files
[1.790s] Level 1:colcon.colcon_core.environment:checking '/home/ashmu/ros2_ws/install/ur3e_control_package/lib'
[1.790s] Level 1:colcon.colcon_core.environment:checking '/home/ashmu/ros2_ws/install/ur3e_control_package/bin'
[1.790s] Level 1:colcon.colcon_core.environment:checking '/home/ashmu/ros2_ws/install/ur3e_control_package/lib/pkgconfig/ur3e_control_package.pc'
[1.790s] Level 1:colcon.colcon_core.environment:checking '/home/ashmu/ros2_ws/install/ur3e_control_package/lib/python3.10/site-packages'
[1.790s] Level 1:colcon.colcon_core.shell:create_environment_hook('ur3e_control_package', 'pythonpath')
[1.790s] INFO:colcon.colcon_core.shell:Creating environment hook '/home/ashmu/ros2_ws/install/ur3e_control_package/share/ur3e_control_package/hook/pythonpath.ps1'
[1.791s] INFO:colcon.colcon_core.shell:Creating environment descriptor '/home/ashmu/ros2_ws/install/ur3e_control_package/share/ur3e_control_package/hook/pythonpath.dsv'
[1.791s] INFO:colcon.colcon_core.shell:Creating environment hook '/home/ashmu/ros2_ws/install/ur3e_control_package/share/ur3e_control_package/hook/pythonpath.sh'
[1.791s] Level 1:colcon.colcon_core.environment:checking '/home/ashmu/ros2_ws/install/ur3e_control_package/bin'
[1.791s] Level 1:colcon.colcon_core.environment:create_environment_scripts_only(ur3e_control_package)
[1.792s] INFO:colcon.colcon_core.shell:Creating package script '/home/ashmu/ros2_ws/install/ur3e_control_package/share/ur3e_control_package/package.ps1'
[1.792s] INFO:colcon.colcon_core.shell:Creating package descriptor '/home/ashmu/ros2_ws/install/ur3e_control_package/share/ur3e_control_package/package.dsv'
[1.792s] INFO:colcon.colcon_core.shell:Creating package script '/home/ashmu/ros2_ws/install/ur3e_control_package/share/ur3e_control_package/package.sh'
[1.793s] INFO:colcon.colcon_core.shell:Creating package script '/home/ashmu/ros2_ws/install/ur3e_control_package/share/ur3e_control_package/package.bash'
[1.793s] INFO:colcon.colcon_core.shell:Creating package script '/home/ashmu/ros2_ws/install/ur3e_control_package/share/ur3e_control_package/package.zsh'
[1.793s] Level 1:colcon.colcon_core.environment:create_file_with_runtime_dependencies(/home/ashmu/ros2_ws/install/ur3e_control_package/share/colcon-core/packages/ur3e_control_package)
[1.793s] DEBUG:colcon.colcon_parallel_executor.executor.parallel:closing loop
[1.794s] DEBUG:colcon.colcon_parallel_executor.executor.parallel:loop closed
[1.794s] DEBUG:colcon.colcon_parallel_executor.executor.parallel:run_until_complete finished with '0'
[1.794s] DEBUG:colcon.colcon_core.event_reactor:joining thread
[1.798s] INFO:colcon.colcon_core.plugin_system:Skipping extension 'colcon_notification.desktop_notification.terminal_notifier': Not used on non-Darwin systems
[1.798s] INFO:colcon.colcon_core.plugin_system:Skipping extension 'colcon_notification.desktop_notification.win32': Not used on non-Windows systems
[1.798s] INFO:colcon.colcon_notification.desktop_notification:Sending desktop notification using 'notify2'
[1.808s] DEBUG:colcon.colcon_core.event_reactor:joined thread
[1.808s] INFO:colcon.colcon_core.shell:Creating prefix script '/home/ashmu/ros2_ws/install/local_setup.ps1'
[1.809s] INFO:colcon.colcon_core.shell:Creating prefix util module '/home/ashmu/ros2_ws/install/_local_setup_util_ps1.py'
[1.810s] INFO:colcon.colcon_core.shell:Creating prefix chain script '/home/ashmu/ros2_ws/install/setup.ps1'
[1.811s] INFO:colcon.colcon_core.shell:Creating prefix script '/home/ashmu/ros2_ws/install/local_setup.sh'
[1.811s] INFO:colcon.colcon_core.shell:Creating prefix util module '/home/ashmu/ros2_ws/install/_local_setup_util_sh.py'
[1.811s] INFO:colcon.colcon_core.shell:Creating prefix chain script '/home/ashmu/ros2_ws/install/setup.sh'
[1.813s] INFO:colcon.colcon_core.shell:Creating prefix script '/home/ashmu/ros2_ws/install/local_setup.bash'
[1.813s] INFO:colcon.colcon_core.shell:Creating prefix chain script '/home/ashmu/ros2_ws/install/setup.bash'
[1.814s] INFO:colcon.colcon_core.shell:Creating prefix script '/home/ashmu/ros2_ws/install/local_setup.zsh'
[1.815s] INFO:colcon.colcon_core.shell:Creating prefix chain script '/home/ashmu/ros2_ws/install/setup.zsh'
