[0.009s] Invoking command in '/home/ashmu/ros2_ws/build/ur_description': CMAKE_PREFIX_PATH=/opt/ros/humble /usr/bin/cmake /home/ashmu/ros2_ws/src/Universal_Robots_ROS2_Description -DCMAKE_INSTALL_PREFIX=/home/ashmu/ros2_ws/install/ur_description
[0.018s] -- Found ament_cmake: 1.3.11 (/opt/ros/humble/share/ament_cmake/cmake)
[0.101s] -- Override CMake install command with custom implementation using symlinks instead of copying resources
[0.106s] -- Found ament_cmake_pytest: 1.3.11 (/opt/ros/humble/share/ament_cmake_pytest/cmake)
[0.645s] -- Configuring done
[0.647s] -- Generating done
[0.649s] -- Build files have been written to: /home/ashmu/ros2_ws/build/ur_description
[0.651s] Invoked command in '/home/ashmu/ros2_ws/build/ur_description' returned '0': CMAKE_PREFIX_PATH=/opt/ros/humble /usr/bin/cmake /home/ashmu/ros2_ws/src/Universal_Robots_ROS2_Description -DCMAKE_INSTALL_PREFIX=/home/ashmu/ros2_ws/install/ur_description
[0.652s] Invoking command in '/home/ashmu/ros2_ws/build/ur_description': CMAKE_PREFIX_PATH=/opt/ros/humble /usr/bin/cmake --build /home/ashmu/ros2_ws/build/ur_description -- -j12 -l12
[0.688s] Invoked command in '/home/ashmu/ros2_ws/build/ur_description' returned '0': CMAKE_PREFIX_PATH=/opt/ros/humble /usr/bin/cmake --build /home/ashmu/ros2_ws/build/ur_description -- -j12 -l12
[0.689s] Invoking command in '/home/ashmu/ros2_ws/build/ur_description': CMAKE_PREFIX_PATH=/opt/ros/humble /usr/bin/cmake --install /home/ashmu/ros2_ws/build/ur_description
[0.694s] -- Install configuration: ""
[0.695s] -- Execute custom install script
[0.696s] -- Symlinking: /home/ashmu/ros2_ws/install/ur_description/share/ur_description/config/initial_positions.yaml
[0.703s] -- Symlinking: /home/ashmu/ros2_ws/install/ur_description/share/ur_description/config/ur10/default_kinematics.yaml
[0.712s] -- Symlinking: /home/ashmu/ros2_ws/install/ur_description/share/ur_description/config/ur10/joint_limits.yaml
[0.719s] -- Symlinking: /home/ashmu/ros2_ws/install/ur_description/share/ur_description/config/ur10/physical_parameters.yaml
[0.727s] -- Symlinking: /home/ashmu/ros2_ws/install/ur_description/share/ur_description/config/ur10/visual_parameters.yaml
[0.736s] -- Symlinking: /home/ashmu/ros2_ws/install/ur_description/share/ur_description/config/ur10e/default_kinematics.yaml
[0.747s] -- Symlinking: /home/ashmu/ros2_ws/install/ur_description/share/ur_description/config/ur10e/joint_limits.yaml
[0.756s] -- Symlinking: /home/ashmu/ros2_ws/install/ur_description/share/ur_description/config/ur10e/physical_parameters.yaml
[0.764s] -- Symlinking: /home/ashmu/ros2_ws/install/ur_description/share/ur_description/config/ur10e/visual_parameters.yaml
[0.773s] -- Symlinking: /home/ashmu/ros2_ws/install/ur_description/share/ur_description/config/ur12e/default_kinematics.yaml
[0.782s] -- Symlinking: /home/ashmu/ros2_ws/install/ur_description/share/ur_description/config/ur12e/joint_limits.yaml
[0.790s] -- Symlinking: /home/ashmu/ros2_ws/install/ur_description/share/ur_description/config/ur12e/physical_parameters.yaml
[0.798s] -- Symlinking: /home/ashmu/ros2_ws/install/ur_description/share/ur_description/config/ur12e/visual_parameters.yaml
[0.807s] -- Symlinking: /home/ashmu/ros2_ws/install/ur_description/share/ur_description/config/ur16e/default_kinematics.yaml
[0.815s] -- Symlinking: /home/ashmu/ros2_ws/install/ur_description/share/ur_description/config/ur16e/joint_limits.yaml
[0.823s] -- Symlinking: /home/ashmu/ros2_ws/install/ur_description/share/ur_description/config/ur16e/physical_parameters.yaml
[0.832s] -- Symlinking: /home/ashmu/ros2_ws/install/ur_description/share/ur_description/config/ur16e/visual_parameters.yaml
[0.840s] -- Symlinking: /home/ashmu/ros2_ws/install/ur_description/share/ur_description/config/ur20/default_kinematics.yaml
[0.847s] -- Symlinking: /home/ashmu/ros2_ws/install/ur_description/share/ur_description/config/ur20/joint_limits.yaml
[0.856s] -- Symlinking: /home/ashmu/ros2_ws/install/ur_description/share/ur_description/config/ur20/physical_parameters.yaml
[0.863s] -- Symlinking: /home/ashmu/ros2_ws/install/ur_description/share/ur_description/config/ur20/visual_parameters.yaml
[0.872s] -- Symlinking: /home/ashmu/ros2_ws/install/ur_description/share/ur_description/config/ur3/default_kinematics.yaml
[0.880s] -- Symlinking: /home/ashmu/ros2_ws/install/ur_description/share/ur_description/config/ur3/joint_limits.yaml
[0.888s] -- Symlinking: /home/ashmu/ros2_ws/install/ur_description/share/ur_description/config/ur3/physical_parameters.yaml
[0.896s] -- Symlinking: /home/ashmu/ros2_ws/install/ur_description/share/ur_description/config/ur3/visual_parameters.yaml
[0.904s] -- Symlinking: /home/ashmu/ros2_ws/install/ur_description/share/ur_description/config/ur30/default_kinematics.yaml
[0.911s] -- Symlinking: /home/ashmu/ros2_ws/install/ur_description/share/ur_description/config/ur30/joint_limits.yaml
[0.919s] -- Symlinking: /home/ashmu/ros2_ws/install/ur_description/share/ur_description/config/ur30/physical_parameters.yaml
[0.929s] -- Symlinking: /home/ashmu/ros2_ws/install/ur_description/share/ur_description/config/ur30/visual_parameters.yaml
[0.939s] -- Symlinking: /home/ashmu/ros2_ws/install/ur_description/share/ur_description/config/ur3e/default_kinematics.yaml
[0.947s] -- Symlinking: /home/ashmu/ros2_ws/install/ur_description/share/ur_description/config/ur3e/joint_limits.yaml
[0.956s] -- Symlinking: /home/ashmu/ros2_ws/install/ur_description/share/ur_description/config/ur3e/physical_parameters.yaml
[0.967s] -- Symlinking: /home/ashmu/ros2_ws/install/ur_description/share/ur_description/config/ur3e/visual_parameters.yaml
[0.975s] -- Symlinking: /home/ashmu/ros2_ws/install/ur_description/share/ur_description/config/ur5/default_kinematics.yaml
[0.984s] -- Symlinking: /home/ashmu/ros2_ws/install/ur_description/share/ur_description/config/ur5/joint_limits.yaml
[0.992s] -- Symlinking: /home/ashmu/ros2_ws/install/ur_description/share/ur_description/config/ur5/physical_parameters.yaml
[0.999s] -- Symlinking: /home/ashmu/ros2_ws/install/ur_description/share/ur_description/config/ur5/visual_parameters.yaml
[1.009s] -- Symlinking: /home/ashmu/ros2_ws/install/ur_description/share/ur_description/config/ur5e/default_kinematics.yaml
[1.016s] -- Symlinking: /home/ashmu/ros2_ws/install/ur_description/share/ur_description/config/ur5e/joint_limits.yaml
[1.027s] -- Symlinking: /home/ashmu/ros2_ws/install/ur_description/share/ur_description/config/ur5e/physical_parameters.yaml
[1.036s] -- Symlinking: /home/ashmu/ros2_ws/install/ur_description/share/ur_description/config/ur5e/visual_parameters.yaml
[1.046s] -- Symlinking: /home/ashmu/ros2_ws/install/ur_description/share/ur_description/config/ur7e/default_kinematics.yaml
[1.055s] -- Symlinking: /home/ashmu/ros2_ws/install/ur_description/share/ur_description/config/ur7e/joint_limits.yaml
[1.065s] -- Symlinking: /home/ashmu/ros2_ws/install/ur_description/share/ur_description/config/ur7e/physical_parameters.yaml
[1.075s] -- Symlinking: /home/ashmu/ros2_ws/install/ur_description/share/ur_description/config/ur7e/visual_parameters.yaml
[1.083s] -- Symlinking: /home/ashmu/ros2_ws/install/ur_description/share/ur_description/launch/view_ur.launch.py
[1.094s] -- Symlinking: /home/ashmu/ros2_ws/install/ur_description/share/ur_description/meshes/ur10/collision/base.stl
[1.102s] -- Symlinking: /home/ashmu/ros2_ws/install/ur_description/share/ur_description/meshes/ur10/collision/forearm.stl
[1.111s] -- Symlinking: /home/ashmu/ros2_ws/install/ur_description/share/ur_description/meshes/ur10/collision/shoulder.stl
[1.121s] -- Symlinking: /home/ashmu/ros2_ws/install/ur_description/share/ur_description/meshes/ur10/collision/upperarm.stl
[1.130s] -- Symlinking: /home/ashmu/ros2_ws/install/ur_description/share/ur_description/meshes/ur10/collision/wrist1.stl
[1.140s] -- Symlinking: /home/ashmu/ros2_ws/install/ur_description/share/ur_description/meshes/ur10/collision/wrist2.stl
[1.150s] -- Symlinking: /home/ashmu/ros2_ws/install/ur_description/share/ur_description/meshes/ur10/collision/wrist3.stl
[1.160s] -- Symlinking: /home/ashmu/ros2_ws/install/ur_description/share/ur_description/meshes/ur10/visual/base.dae
[1.168s] -- Symlinking: /home/ashmu/ros2_ws/install/ur_description/share/ur_description/meshes/ur10/visual/forearm.dae
[1.177s] -- Symlinking: /home/ashmu/ros2_ws/install/ur_description/share/ur_description/meshes/ur10/visual/shoulder.dae
[1.184s] -- Symlinking: /home/ashmu/ros2_ws/install/ur_description/share/ur_description/meshes/ur10/visual/upperarm.dae
[1.193s] -- Symlinking: /home/ashmu/ros2_ws/install/ur_description/share/ur_description/meshes/ur10/visual/wrist1.dae
[1.200s] -- Symlinking: /home/ashmu/ros2_ws/install/ur_description/share/ur_description/meshes/ur10/visual/wrist2.dae
[1.207s] -- Symlinking: /home/ashmu/ros2_ws/install/ur_description/share/ur_description/meshes/ur10/visual/wrist3.dae
[1.213s] -- Symlinking: /home/ashmu/ros2_ws/install/ur_description/share/ur_description/meshes/ur10e/collision/base.stl
[1.221s] -- Symlinking: /home/ashmu/ros2_ws/install/ur_description/share/ur_description/meshes/ur10e/collision/forearm.stl
[1.230s] -- Symlinking: /home/ashmu/ros2_ws/install/ur_description/share/ur_description/meshes/ur10e/collision/shoulder.stl
[1.239s] -- Symlinking: /home/ashmu/ros2_ws/install/ur_description/share/ur_description/meshes/ur10e/collision/upperarm.stl
[1.247s] -- Symlinking: /home/ashmu/ros2_ws/install/ur_description/share/ur_description/meshes/ur10e/collision/wrist1.stl
[1.255s] -- Symlinking: /home/ashmu/ros2_ws/install/ur_description/share/ur_description/meshes/ur10e/collision/wrist2.stl
[1.262s] -- Symlinking: /home/ashmu/ros2_ws/install/ur_description/share/ur_description/meshes/ur10e/collision/wrist3.stl
[1.271s] -- Symlinking: /home/ashmu/ros2_ws/install/ur_description/share/ur_description/meshes/ur10e/visual/base.dae
[1.279s] -- Symlinking: /home/ashmu/ros2_ws/install/ur_description/share/ur_description/meshes/ur10e/visual/forearm.dae
[1.288s] -- Symlinking: /home/ashmu/ros2_ws/install/ur_description/share/ur_description/meshes/ur10e/visual/shoulder.dae
[1.297s] -- Symlinking: /home/ashmu/ros2_ws/install/ur_description/share/ur_description/meshes/ur10e/visual/upperarm.dae
[1.306s] -- Symlinking: /home/ashmu/ros2_ws/install/ur_description/share/ur_description/meshes/ur10e/visual/wrist1.dae
[1.315s] -- Symlinking: /home/ashmu/ros2_ws/install/ur_description/share/ur_description/meshes/ur10e/visual/wrist2.dae
[1.323s] -- Symlinking: /home/ashmu/ros2_ws/install/ur_description/share/ur_description/meshes/ur10e/visual/wrist3.dae
[1.332s] -- Symlinking: /home/ashmu/ros2_ws/install/ur_description/share/ur_description/meshes/ur16e/collision/forearm.stl
[1.342s] -- Symlinking: /home/ashmu/ros2_ws/install/ur_description/share/ur_description/meshes/ur16e/collision/upperarm.stl
[1.351s] -- Symlinking: /home/ashmu/ros2_ws/install/ur_description/share/ur_description/meshes/ur16e/visual/forearm.dae
[1.360s] -- Symlinking: /home/ashmu/ros2_ws/install/ur_description/share/ur_description/meshes/ur16e/visual/upperarm.dae
[1.370s] -- Symlinking: /home/ashmu/ros2_ws/install/ur_description/share/ur_description/meshes/ur20/LICENSE.txt
[1.379s] -- Symlinking: /home/ashmu/ros2_ws/install/ur_description/share/ur_description/meshes/ur20/collision/base.stl
[1.389s] -- Symlinking: /home/ashmu/ros2_ws/install/ur_description/share/ur_description/meshes/ur20/collision/forearm.stl
[1.399s] -- Symlinking: /home/ashmu/ros2_ws/install/ur_description/share/ur_description/meshes/ur20/collision/shoulder.stl
[1.409s] -- Symlinking: /home/ashmu/ros2_ws/install/ur_description/share/ur_description/meshes/ur20/collision/upperarm.stl
[1.419s] -- Symlinking: /home/ashmu/ros2_ws/install/ur_description/share/ur_description/meshes/ur20/collision/wrist1.stl
[1.427s] -- Symlinking: /home/ashmu/ros2_ws/install/ur_description/share/ur_description/meshes/ur20/collision/wrist2.stl
[1.436s] -- Symlinking: /home/ashmu/ros2_ws/install/ur_description/share/ur_description/meshes/ur20/collision/wrist3.stl
[1.445s] -- Symlinking: /home/ashmu/ros2_ws/install/ur_description/share/ur_description/meshes/ur20/visual/UR20_DIFF_8bit_2K.png
[1.453s] -- Symlinking: /home/ashmu/ros2_ws/install/ur_description/share/ur_description/meshes/ur20/visual/base.dae
[1.461s] -- Symlinking: /home/ashmu/ros2_ws/install/ur_description/share/ur_description/meshes/ur20/visual/forearm.dae
[1.471s] -- Symlinking: /home/ashmu/ros2_ws/install/ur_description/share/ur_description/meshes/ur20/visual/shoulder.dae
[1.480s] -- Symlinking: /home/ashmu/ros2_ws/install/ur_description/share/ur_description/meshes/ur20/visual/upperarm.dae
[1.490s] -- Symlinking: /home/ashmu/ros2_ws/install/ur_description/share/ur_description/meshes/ur20/visual/wrist1.dae
[1.499s] -- Symlinking: /home/ashmu/ros2_ws/install/ur_description/share/ur_description/meshes/ur20/visual/wrist2.dae
[1.509s] -- Symlinking: /home/ashmu/ros2_ws/install/ur_description/share/ur_description/meshes/ur20/visual/wrist3.dae
[1.518s] -- Symlinking: /home/ashmu/ros2_ws/install/ur_description/share/ur_description/meshes/ur3/collision/base.stl
[1.528s] -- Symlinking: /home/ashmu/ros2_ws/install/ur_description/share/ur_description/meshes/ur3/collision/forearm.stl
[1.540s] -- Symlinking: /home/ashmu/ros2_ws/install/ur_description/share/ur_description/meshes/ur3/collision/shoulder.stl
[1.549s] -- Symlinking: /home/ashmu/ros2_ws/install/ur_description/share/ur_description/meshes/ur3/collision/upperarm.stl
[1.558s] -- Symlinking: /home/ashmu/ros2_ws/install/ur_description/share/ur_description/meshes/ur3/collision/wrist1.stl
[1.567s] -- Symlinking: /home/ashmu/ros2_ws/install/ur_description/share/ur_description/meshes/ur3/collision/wrist2.stl
[1.577s] -- Symlinking: /home/ashmu/ros2_ws/install/ur_description/share/ur_description/meshes/ur3/collision/wrist3.stl
[1.586s] -- Symlinking: /home/ashmu/ros2_ws/install/ur_description/share/ur_description/meshes/ur3/visual/base.dae
[1.594s] -- Symlinking: /home/ashmu/ros2_ws/install/ur_description/share/ur_description/meshes/ur3/visual/forearm.dae
[1.603s] -- Symlinking: /home/ashmu/ros2_ws/install/ur_description/share/ur_description/meshes/ur3/visual/shoulder.dae
[1.612s] -- Symlinking: /home/ashmu/ros2_ws/install/ur_description/share/ur_description/meshes/ur3/visual/upperarm.dae
[1.621s] -- Symlinking: /home/ashmu/ros2_ws/install/ur_description/share/ur_description/meshes/ur3/visual/wrist1.dae
[1.631s] -- Symlinking: /home/ashmu/ros2_ws/install/ur_description/share/ur_description/meshes/ur3/visual/wrist2.dae
[1.642s] -- Symlinking: /home/ashmu/ros2_ws/install/ur_description/share/ur_description/meshes/ur3/visual/wrist3.dae
[1.652s] -- Symlinking: /home/ashmu/ros2_ws/install/ur_description/share/ur_description/meshes/ur30/LICENSE.txt
[1.660s] -- Symlinking: /home/ashmu/ros2_ws/install/ur_description/share/ur_description/meshes/ur30/collision/forearm.stl
[1.667s] -- Symlinking: /home/ashmu/ros2_ws/install/ur_description/share/ur_description/meshes/ur30/collision/upperarm.stl
[1.675s] -- Symlinking: /home/ashmu/ros2_ws/install/ur_description/share/ur_description/meshes/ur30/visual/UR30_DIFF_8bit_2K.png
[1.683s] -- Symlinking: /home/ashmu/ros2_ws/install/ur_description/share/ur_description/meshes/ur30/visual/forearm.dae
[1.692s] -- Symlinking: /home/ashmu/ros2_ws/install/ur_description/share/ur_description/meshes/ur30/visual/upperarm.dae
[1.701s] -- Symlinking: /home/ashmu/ros2_ws/install/ur_description/share/ur_description/meshes/ur3e/collision/base.stl
[1.710s] -- Symlinking: /home/ashmu/ros2_ws/install/ur_description/share/ur_description/meshes/ur3e/collision/forearm.stl
[1.721s] -- Symlinking: /home/ashmu/ros2_ws/install/ur_description/share/ur_description/meshes/ur3e/collision/shoulder.stl
[1.731s] -- Symlinking: /home/ashmu/ros2_ws/install/ur_description/share/ur_description/meshes/ur3e/collision/upperarm.stl
[1.742s] -- Symlinking: /home/ashmu/ros2_ws/install/ur_description/share/ur_description/meshes/ur3e/collision/wrist1.stl
[1.752s] -- Symlinking: /home/ashmu/ros2_ws/install/ur_description/share/ur_description/meshes/ur3e/collision/wrist2.stl
[1.762s] -- Symlinking: /home/ashmu/ros2_ws/install/ur_description/share/ur_description/meshes/ur3e/collision/wrist3.stl
[1.771s] -- Symlinking: /home/ashmu/ros2_ws/install/ur_description/share/ur_description/meshes/ur3e/visual/base.dae
[1.779s] -- Symlinking: /home/ashmu/ros2_ws/install/ur_description/share/ur_description/meshes/ur3e/visual/forearm.dae
[1.787s] -- Symlinking: /home/ashmu/ros2_ws/install/ur_description/share/ur_description/meshes/ur3e/visual/shoulder.dae
[1.794s] -- Symlinking: /home/ashmu/ros2_ws/install/ur_description/share/ur_description/meshes/ur3e/visual/upperarm.dae
[1.803s] -- Symlinking: /home/ashmu/ros2_ws/install/ur_description/share/ur_description/meshes/ur3e/visual/wrist1.dae
[1.812s] -- Symlinking: /home/ashmu/ros2_ws/install/ur_description/share/ur_description/meshes/ur3e/visual/wrist2.dae
[1.820s] -- Symlinking: /home/ashmu/ros2_ws/install/ur_description/share/ur_description/meshes/ur3e/visual/wrist3.dae
[1.829s] -- Symlinking: /home/ashmu/ros2_ws/install/ur_description/share/ur_description/meshes/ur5/collision/base.stl
[1.841s] -- Symlinking: /home/ashmu/ros2_ws/install/ur_description/share/ur_description/meshes/ur5/collision/forearm.stl
[1.850s] -- Symlinking: /home/ashmu/ros2_ws/install/ur_description/share/ur_description/meshes/ur5/collision/shoulder.stl
[1.860s] -- Symlinking: /home/ashmu/ros2_ws/install/ur_description/share/ur_description/meshes/ur5/collision/upperarm.stl
[1.870s] -- Symlinking: /home/ashmu/ros2_ws/install/ur_description/share/ur_description/meshes/ur5/collision/wrist1.stl
[1.879s] -- Symlinking: /home/ashmu/ros2_ws/install/ur_description/share/ur_description/meshes/ur5/collision/wrist2.stl
[1.889s] -- Symlinking: /home/ashmu/ros2_ws/install/ur_description/share/ur_description/meshes/ur5/collision/wrist3.stl
[1.897s] -- Symlinking: /home/ashmu/ros2_ws/install/ur_description/share/ur_description/meshes/ur5/visual/base.dae
[1.906s] -- Symlinking: /home/ashmu/ros2_ws/install/ur_description/share/ur_description/meshes/ur5/visual/forearm.dae
[1.915s] -- Symlinking: /home/ashmu/ros2_ws/install/ur_description/share/ur_description/meshes/ur5/visual/shoulder.dae
[1.924s] -- Symlinking: /home/ashmu/ros2_ws/install/ur_description/share/ur_description/meshes/ur5/visual/upperarm.dae
[1.933s] -- Symlinking: /home/ashmu/ros2_ws/install/ur_description/share/ur_description/meshes/ur5/visual/wrist1.dae
[1.941s] -- Symlinking: /home/ashmu/ros2_ws/install/ur_description/share/ur_description/meshes/ur5/visual/wrist2.dae
[1.949s] -- Symlinking: /home/ashmu/ros2_ws/install/ur_description/share/ur_description/meshes/ur5/visual/wrist3.dae
[1.956s] -- Symlinking: /home/ashmu/ros2_ws/install/ur_description/share/ur_description/meshes/ur5e/collision/base.stl
[1.964s] -- Symlinking: /home/ashmu/ros2_ws/install/ur_description/share/ur_description/meshes/ur5e/collision/forearm.stl
[1.973s] -- Symlinking: /home/ashmu/ros2_ws/install/ur_description/share/ur_description/meshes/ur5e/collision/shoulder.stl
[1.981s] -- Symlinking: /home/ashmu/ros2_ws/install/ur_description/share/ur_description/meshes/ur5e/collision/upperarm.stl
[1.990s] -- Symlinking: /home/ashmu/ros2_ws/install/ur_description/share/ur_description/meshes/ur5e/collision/wrist1.stl
[1.998s] -- Symlinking: /home/ashmu/ros2_ws/install/ur_description/share/ur_description/meshes/ur5e/collision/wrist2.stl
[2.006s] -- Symlinking: /home/ashmu/ros2_ws/install/ur_description/share/ur_description/meshes/ur5e/collision/wrist3.stl
[2.014s] -- Symlinking: /home/ashmu/ros2_ws/install/ur_description/share/ur_description/meshes/ur5e/visual/base.dae
[2.023s] -- Symlinking: /home/ashmu/ros2_ws/install/ur_description/share/ur_description/meshes/ur5e/visual/forearm.dae
[2.031s] -- Symlinking: /home/ashmu/ros2_ws/install/ur_description/share/ur_description/meshes/ur5e/visual/shoulder.dae
[2.042s] -- Symlinking: /home/ashmu/ros2_ws/install/ur_description/share/ur_description/meshes/ur5e/visual/upperarm.dae
[2.049s] -- Symlinking: /home/ashmu/ros2_ws/install/ur_description/share/ur_description/meshes/ur5e/visual/wrist1.dae
[2.057s] -- Symlinking: /home/ashmu/ros2_ws/install/ur_description/share/ur_description/meshes/ur5e/visual/wrist2.dae
[2.065s] -- Symlinking: /home/ashmu/ros2_ws/install/ur_description/share/ur_description/meshes/ur5e/visual/wrist3.dae
[2.071s] -- Symlinking: /home/ashmu/ros2_ws/install/ur_description/share/ur_description/rviz/view_robot.rviz
[2.080s] -- Symlinking: /home/ashmu/ros2_ws/install/ur_description/share/ur_description/urdf/inc/ur_common.xacro
[2.087s] -- Symlinking: /home/ashmu/ros2_ws/install/ur_description/share/ur_description/urdf/inc/ur_transmissions.xacro
[2.095s] -- Symlinking: /home/ashmu/ros2_ws/install/ur_description/share/ur_description/urdf/ur.ros2_control.xacro
[2.103s] -- Symlinking: /home/ashmu/ros2_ws/install/ur_description/share/ur_description/urdf/ur.urdf.xacro
[2.110s] -- Symlinking: /home/ashmu/ros2_ws/install/ur_description/share/ur_description/urdf/ur_macro.xacro
[2.117s] -- Symlinking: /home/ashmu/ros2_ws/install/ur_description/share/ur_description/test/test_ur_urdf_xacro.py
[2.125s] -- Symlinking: /home/ashmu/ros2_ws/install/ur_description/share/ur_description/test/test_view_ur_launch.py
[2.133s] -- Symlinking: /home/ashmu/ros2_ws/install/ur_description/share/ament_index/resource_index/package_run_dependencies/ur_description
[2.142s] -- Symlinking: /home/ashmu/ros2_ws/install/ur_description/share/ament_index/resource_index/parent_prefix_path/ur_description
[2.150s] -- Symlinking: /home/ashmu/ros2_ws/install/ur_description/share/ur_description/environment/ament_prefix_path.sh
[2.158s] -- Symlinking: /home/ashmu/ros2_ws/install/ur_description/share/ur_description/environment/ament_prefix_path.dsv
[2.166s] -- Symlinking: /home/ashmu/ros2_ws/install/ur_description/share/ur_description/environment/path.sh
[2.174s] -- Symlinking: /home/ashmu/ros2_ws/install/ur_description/share/ur_description/environment/path.dsv
[2.182s] -- Symlinking: /home/ashmu/ros2_ws/install/ur_description/share/ur_description/local_setup.bash
[2.191s] -- Symlinking: /home/ashmu/ros2_ws/install/ur_description/share/ur_description/local_setup.sh
[2.199s] -- Symlinking: /home/ashmu/ros2_ws/install/ur_description/share/ur_description/local_setup.zsh
[2.207s] -- Symlinking: /home/ashmu/ros2_ws/install/ur_description/share/ur_description/local_setup.dsv
[2.215s] -- Symlinking: /home/ashmu/ros2_ws/install/ur_description/share/ur_description/package.dsv
[2.223s] -- Symlinking: /home/ashmu/ros2_ws/install/ur_description/share/ament_index/resource_index/packages/ur_description
[2.231s] -- Symlinking: /home/ashmu/ros2_ws/install/ur_description/share/ur_description/cmake/ur_descriptionConfig.cmake
[2.239s] -- Symlinking: /home/ashmu/ros2_ws/install/ur_description/share/ur_description/cmake/ur_descriptionConfig-version.cmake
[2.247s] -- Symlinking: /home/ashmu/ros2_ws/install/ur_description/share/ur_description/package.xml
