running egg_info
writing ../../build/selfie_taker/selfie_taker.egg-info/PKG-INFO
writing dependency_links to ../../build/selfie_taker/selfie_taker.egg-info/dependency_links.txt
writing entry points to ../../build/selfie_taker/selfie_taker.egg-info/entry_points.txt
writing requirements to ../../build/selfie_taker/selfie_taker.egg-info/requires.txt
writing top-level names to ../../build/selfie_taker/selfie_taker.egg-info/top_level.txt
reading manifest file '../../build/selfie_taker/selfie_taker.egg-info/SOURCES.txt'
writing manifest file '../../build/selfie_taker/selfie_taker.egg-info/SOURCES.txt'
running build
running build_py
copying selfie_taker/Processor.py -> /home/ashmu/ros2_ws/RS2/build/selfie_taker/build/lib/selfie_taker
copying selfie_taker/faceDetector.py -> /home/ashmu/ros2_ws/RS2/build/selfie_taker/build/lib/selfie_taker
running install
running install_lib
copying /home/ashmu/ros2_ws/RS2/build/selfie_taker/build/lib/selfie_taker/Processor.py -> /home/ashmu/ros2_ws/RS2/install/selfie_taker/lib/python3.10/site-packages/selfie_taker
copying /home/ashmu/ros2_ws/RS2/build/selfie_taker/build/lib/selfie_taker/faceDetector.py -> /home/ashmu/ros2_ws/RS2/install/selfie_taker/lib/python3.10/site-packages/selfie_taker
byte-compiling /home/ashmu/ros2_ws/RS2/install/selfie_taker/lib/python3.10/site-packages/selfie_taker/Processor.py to Processor.cpython-310.pyc
byte-compiling /home/ashmu/ros2_ws/RS2/install/selfie_taker/lib/python3.10/site-packages/selfie_taker/faceDetector.py to faceDetector.cpython-310.pyc
running install_data
running install_egg_info
removing '/home/ashmu/ros2_ws/RS2/install/selfie_taker/lib/python3.10/site-packages/selfie_taker-0.0.0-py3.10.egg-info' (and everything under it)
Copying ../../build/selfie_taker/selfie_taker.egg-info to /home/ashmu/ros2_ws/RS2/install/selfie_taker/lib/python3.10/site-packages/selfie_taker-0.0.0-py3.10.egg-info
running install_scripts
Installing take_selfie script to /home/ashmu/ros2_ws/RS2/install/selfie_taker/lib/selfie_taker
writing list of installed files to '/home/ashmu/ros2_ws/RS2/build/selfie_taker/install.log'
