[0.450s] Invoking command in '/home/ashmu/ros2_ws/RS2/src/svg_waypoint_publisher': PYTHONPATH=/home/ashmu/ros2_ws/RS2/build/svg_waypoint_publisher/prefix_override:/usr/lib/python3/dist-packages/colcon_core/task/python/colcon_distutils_commands:/home/ashmu/ros2_ws/RS2/install/svg_waypoint_publisher/lib/python3.10/site-packages:${PYTHONPATH} /usr/bin/python3 -W ignore:setup.py install is deprecated -W ignore:easy_install command is deprecated setup.py egg_info --egg-base ../../build/svg_waypoint_publisher build --build-base /home/ashmu/ros2_ws/RS2/build/svg_waypoint_publisher/build install --record /home/ashmu/ros2_ws/RS2/build/svg_waypoint_publisher/install.log --single-version-externally-managed install_data
[0.624s] running egg_info
[0.624s] writing ../../build/svg_waypoint_publisher/svg_waypoint_publisher.egg-info/PKG-INFO
[0.625s] writing dependency_links to ../../build/svg_waypoint_publisher/svg_waypoint_publisher.egg-info/dependency_links.txt
[0.625s] writing entry points to ../../build/svg_waypoint_publisher/svg_waypoint_publisher.egg-info/entry_points.txt
[0.625s] writing requirements to ../../build/svg_waypoint_publisher/svg_waypoint_publisher.egg-info/requires.txt
[0.625s] writing top-level names to ../../build/svg_waypoint_publisher/svg_waypoint_publisher.egg-info/top_level.txt
[0.626s] reading manifest file '../../build/svg_waypoint_publisher/svg_waypoint_publisher.egg-info/SOURCES.txt'
[0.626s] writing manifest file '../../build/svg_waypoint_publisher/svg_waypoint_publisher.egg-info/SOURCES.txt'
[0.626s] running build
[0.626s] running build_py
[0.626s] copying svg_waypoint_publisher/waypoint_publisher.py -> /home/ashmu/ros2_ws/RS2/build/svg_waypoint_publisher/build/lib/svg_waypoint_publisher
[0.627s] running install
[0.627s] running install_lib
[0.627s] copying /home/ashmu/ros2_ws/RS2/build/svg_waypoint_publisher/build/lib/svg_waypoint_publisher/waypoint_publisher.py -> /home/ashmu/ros2_ws/RS2/install/svg_waypoint_publisher/lib/python3.10/site-packages/svg_waypoint_publisher
[0.628s] byte-compiling /home/ashmu/ros2_ws/RS2/install/svg_waypoint_publisher/lib/python3.10/site-packages/svg_waypoint_publisher/waypoint_publisher.py to waypoint_publisher.cpython-310.pyc
[0.629s] running install_data
[0.629s] running install_egg_info
[0.630s] removing '/home/ashmu/ros2_ws/RS2/install/svg_waypoint_publisher/lib/python3.10/site-packages/svg_waypoint_publisher-0.0.0-py3.10.egg-info' (and everything under it)
[0.631s] Copying ../../build/svg_waypoint_publisher/svg_waypoint_publisher.egg-info to /home/ashmu/ros2_ws/RS2/install/svg_waypoint_publisher/lib/python3.10/site-packages/svg_waypoint_publisher-0.0.0-py3.10.egg-info
[0.631s] running install_scripts
[0.647s] Installing svg_waypoint_publisher script to /home/ashmu/ros2_ws/RS2/install/svg_waypoint_publisher/lib/svg_waypoint_publisher
[0.647s] writing list of installed files to '/home/ashmu/ros2_ws/RS2/build/svg_waypoint_publisher/install.log'
[0.662s] Invoked command in '/home/ashmu/ros2_ws/RS2/src/svg_waypoint_publisher' returned '0': PYTHONPATH=/home/ashmu/ros2_ws/RS2/build/svg_waypoint_publisher/prefix_override:/usr/lib/python3/dist-packages/colcon_core/task/python/colcon_distutils_commands:/home/ashmu/ros2_ws/RS2/install/svg_waypoint_publisher/lib/python3.10/site-packages:${PYTHONPATH} /usr/bin/python3 -W ignore:setup.py install is deprecated -W ignore:easy_install command is deprecated setup.py egg_info --egg-base ../../build/svg_waypoint_publisher build --build-base /home/ashmu/ros2_ws/RS2/build/svg_waypoint_publisher/build install --record /home/ashmu/ros2_ws/RS2/build/svg_waypoint_publisher/install.log --single-version-externally-managed install_data
