-- Found ament_cmake: 1.3.11 (/opt/ros/humble/share/ament_cmake/cmake)
-- Found rclpy: 3.3.16 (/opt/ros/humble/share/rclpy/cmake)
-- Found visualization_msgs: 4.8.0 (/opt/ros/humble/share/visualization_msgs/cmake)
-- Found rosidl_generator_c: 3.1.6 (/opt/ros/humble/share/rosidl_generator_c/cmake)
-- Found rosidl_adapter: 3.1.6 (/opt/ros/humble/share/rosidl_adapter/cmake)
-- Found rosidl_generator_cpp: 3.1.6 (/opt/ros/humble/share/rosidl_generator_cpp/cmake)
-- Using all available rosidl_typesupport_c: rosidl_typesupport_fastrtps_c;rosidl_typesupport_introspection_c
-- Using all available rosidl_typesupport_cpp: rosidl_typesupport_fastrtps_cpp;rosidl_typesupport_introspection_cpp
-- Configuring done
-- Generating done
-- Build files have been written to: /home/ashmu/ros2_ws/RS2/build/svg_generation
Built target ament_cmake_python_copy_svg_generation_setup
Built target ament_cmake_python_copy_svg_generation
running egg_info
writing svg_generation.egg-info/PKG-INFO
writing dependency_links to svg_generation.egg-info/dependency_links.txt
writing top-level names to svg_generation.egg-info/top_level.txt
reading manifest file 'svg_generation.egg-info/SOURCES.txt'
writing manifest file 'svg_generation.egg-info/SOURCES.txt'
Built target ament_cmake_python_build_svg_generation_egg
-- Install configuration: ""
