[0.007s] Invoking command in '/home/ashmu/ros2_ws/RS2/build/svg_generation': /usr/bin/cmake --build /home/ashmu/ros2_ws/RS2/build/svg_generation -- -j12 -l12
[0.029s] -- Found ament_cmake: 1.3.11 (/opt/ros/humble/share/ament_cmake/cmake)
[0.106s] -- Found rclpy: 3.3.16 (/opt/ros/humble/share/rclpy/cmake)
[0.106s] -- Found visualization_msgs: 4.8.0 (/opt/ros/humble/share/visualization_msgs/cmake)
[0.120s] -- Found rosidl_generator_c: 3.1.6 (/opt/ros/humble/share/rosidl_generator_c/cmake)
[0.121s] -- Found rosidl_adapter: 3.1.6 (/opt/ros/humble/share/rosidl_adapter/cmake)
[0.125s] -- Found rosidl_generator_cpp: 3.1.6 (/opt/ros/humble/share/rosidl_generator_cpp/cmake)
[0.131s] -- Using all available rosidl_typesupport_c: rosidl_typesupport_fastrtps_c;rosidl_typesupport_introspection_c
[0.138s] -- Using all available rosidl_typesupport_cpp: rosidl_typesupport_fastrtps_cpp;rosidl_typesupport_introspection_cpp
[0.254s] -- Configuring done
[0.257s] -- Generating done
[0.259s] -- Build files have been written to: /home/ashmu/ros2_ws/RS2/build/svg_generation
[0.290s] Built target ament_cmake_python_copy_svg_generation_setup
[0.294s] Built target ament_cmake_python_copy_svg_generation
[0.432s] running egg_info
[0.432s] writing svg_generation.egg-info/PKG-INFO
[0.432s] writing dependency_links to svg_generation.egg-info/dependency_links.txt
[0.432s] writing top-level names to svg_generation.egg-info/top_level.txt
[0.434s] reading manifest file 'svg_generation.egg-info/SOURCES.txt'
[0.434s] writing manifest file 'svg_generation.egg-info/SOURCES.txt'
[0.459s] Built target ament_cmake_python_build_svg_generation_egg
[0.468s] Invoked command in '/home/ashmu/ros2_ws/RS2/build/svg_generation' returned '0': /usr/bin/cmake --build /home/ashmu/ros2_ws/RS2/build/svg_generation -- -j12 -l12
[0.477s] Invoking command in '/home/ashmu/ros2_ws/RS2/build/svg_generation': /usr/bin/cmake --install /home/ashmu/ros2_ws/RS2/build/svg_generation
[0.484s] -- Install configuration: ""
[0.484s] [31mCMake Error at cmake_install.cmake:46 (file):
[0.484s]   file INSTALL cannot find
[0.484s]   "/home/ashmu/ros2_ws/RS2/src/svg_generation/scripts/svg_reader.py": No such
[0.484s]   file or directory.
[0.484s] 
[0.484s] [0m
[0.485s] Invoked command in '/home/ashmu/ros2_ws/RS2/build/svg_generation' returned '1': /usr/bin/cmake --install /home/ashmu/ros2_ws/RS2/build/svg_generation
