[0.344s] Invoking command in '/home/ashmu/ros2_ws/src/ur3e-codebase': CMAKE_PREFIX_PATH=/home/ashmu/ros2_ws/install/pymoveit2:/home/ashmu/ros2_ws/install/ur_description:/home/ashmu/ros2_ws/install/ur_simulation_gazebo PYTHONPATH=/home/ashmu/ros2_ws/build/ur3e_control_package/prefix_override:/usr/lib/python3/dist-packages/colcon_core/task/python/colcon_distutils_commands:/home/ashmu/ros2_ws/install/ur3e_control_package/lib/python3.10/site-packages:${PYTHONPATH} /usr/bin/python3 -W ignore:setup.py install is deprecated -W ignore:easy_install command is deprecated setup.py egg_info --egg-base ../../build/ur3e_control_package build --build-base /home/ashmu/ros2_ws/build/ur3e_control_package/build install --record /home/ashmu/ros2_ws/build/ur3e_control_package/install.log --single-version-externally-managed install_data
[0.477s] running egg_info
[0.478s] writing ../../build/ur3e_control_package/ur3e_control_package.egg-info/PKG-INFO
[0.478s] writing dependency_links to ../../build/ur3e_control_package/ur3e_control_package.egg-info/dependency_links.txt
[0.478s] writing entry points to ../../build/ur3e_control_package/ur3e_control_package.egg-info/entry_points.txt
[0.478s] writing requirements to ../../build/ur3e_control_package/ur3e_control_package.egg-info/requires.txt
[0.478s] writing top-level names to ../../build/ur3e_control_package/ur3e_control_package.egg-info/top_level.txt
[0.479s] reading manifest file '../../build/ur3e_control_package/ur3e_control_package.egg-info/SOURCES.txt'
[0.479s] adding license file 'LICENSE'
[0.479s] writing manifest file '../../build/ur3e_control_package/ur3e_control_package.egg-info/SOURCES.txt'
[0.479s] running build
[0.479s] running build_py
[0.480s] running install
[0.480s] running install_lib
[0.481s] running install_data
[0.481s] running install_egg_info
[0.482s] removing '/home/ashmu/ros2_ws/install/ur3e_control_package/lib/python3.10/site-packages/ur3e_control_package-0.0.0-py3.10.egg-info' (and everything under it)
[0.482s] Copying ../../build/ur3e_control_package/ur3e_control_package.egg-info to /home/ashmu/ros2_ws/install/ur3e_control_package/lib/python3.10/site-packages/ur3e_control_package-0.0.0-py3.10.egg-info
[0.482s] running install_scripts
[0.494s] Installing initials_demo script to /home/ashmu/ros2_ws/install/ur3e_control_package/lib/ur3e_control_package
[0.494s] Installing move_command script to /home/ashmu/ros2_ws/install/ur3e_control_package/lib/ur3e_control_package
[0.494s] Installing spawn_entities script to /home/ashmu/ros2_ws/install/ur3e_control_package/lib/ur3e_control_package
[0.494s] writing list of installed files to '/home/ashmu/ros2_ws/build/ur3e_control_package/install.log'
[0.508s] Invoked command in '/home/ashmu/ros2_ws/src/ur3e-codebase' returned '0': CMAKE_PREFIX_PATH=/home/ashmu/ros2_ws/install/pymoveit2:/home/ashmu/ros2_ws/install/ur_description:/home/ashmu/ros2_ws/install/ur_simulation_gazebo PYTHONPATH=/home/ashmu/ros2_ws/build/ur3e_control_package/prefix_override:/usr/lib/python3/dist-packages/colcon_core/task/python/colcon_distutils_commands:/home/ashmu/ros2_ws/install/ur3e_control_package/lib/python3.10/site-packages:${PYTHONPATH} /usr/bin/python3 -W ignore:setup.py install is deprecated -W ignore:easy_install command is deprecated setup.py egg_info --egg-base ../../build/ur3e_control_package build --build-base /home/ashmu/ros2_ws/build/ur3e_control_package/build install --record /home/ashmu/ros2_ws/build/ur3e_control_package/install.log --single-version-externally-managed install_data
