[0.011s] Invoking command in '/home/ashmu/ros2_ws/build/pymoveit2': CMAKE_PREFIX_PATH=/opt/ros/humble /usr/bin/cmake /home/ashmu/ros2_ws/src/pymoveit2 -DCMAKE_INSTALL_PREFIX=/home/ashmu/ros2_ws/install/pymoveit2
[0.021s] -- Found ament_cmake: 1.3.11 (/opt/ros/humble/share/ament_cmake/cmake)
[0.105s] -- Override CMake install command with custom implementation using symlinks instead of copying resources
[0.220s] -- Configuring done
[0.224s] -- Generating done
[0.226s] -- Build files have been written to: /home/ashmu/ros2_ws/build/pymoveit2
[0.229s] Invoked command in '/home/ashmu/ros2_ws/build/pymoveit2' returned '0': CMAKE_PREFIX_PATH=/opt/ros/humble /usr/bin/cmake /home/ashmu/ros2_ws/src/pymoveit2 -DCMAKE_INSTALL_PREFIX=/home/ashmu/ros2_ws/install/pymoveit2
[0.230s] Invoking command in '/home/ashmu/ros2_ws/build/pymoveit2': CMAKE_PREFIX_PATH=/opt/ros/humble /usr/bin/cmake --build /home/ashmu/ros2_ws/build/pymoveit2 -- -j12 -l12
[0.287s] Built target ament_cmake_python_symlink_pymoveit2
[0.461s] running egg_info
[0.462s] writing pymoveit2.egg-info/PKG-INFO
[0.462s] writing dependency_links to pymoveit2.egg-info/dependency_links.txt
[0.462s] writing top-level names to pymoveit2.egg-info/top_level.txt
[0.463s] reading manifest file 'pymoveit2.egg-info/SOURCES.txt'
[0.464s] writing manifest file 'pymoveit2.egg-info/SOURCES.txt'
[0.489s] Built target ament_cmake_python_build_pymoveit2_egg
[0.504s] Invoked command in '/home/ashmu/ros2_ws/build/pymoveit2' returned '0': CMAKE_PREFIX_PATH=/opt/ros/humble /usr/bin/cmake --build /home/ashmu/ros2_ws/build/pymoveit2 -- -j12 -l12
[0.513s] Invoking command in '/home/ashmu/ros2_ws/build/pymoveit2': CMAKE_PREFIX_PATH=/opt/ros/humble /usr/bin/cmake --install /home/ashmu/ros2_ws/build/pymoveit2
[0.520s] -- Install configuration: ""
[0.521s] -- Execute custom install script
[0.521s] -- Symlinking: /home/ashmu/ros2_ws/install/pymoveit2/share/pymoveit2/environment/pythonpath.sh
[0.531s] -- Symlinking: /home/ashmu/ros2_ws/install/pymoveit2/share/pymoveit2/environment/pythonpath.dsv
[0.540s] -- Symlinking: /home/ashmu/ros2_ws/install/pymoveit2/local/lib/python3.10/dist-packages/pymoveit2-4.0.0-py3.10.egg-info/PKG-INFO
[0.549s] -- Symlinking: /home/ashmu/ros2_ws/install/pymoveit2/local/lib/python3.10/dist-packages/pymoveit2-4.0.0-py3.10.egg-info/SOURCES.txt
[0.558s] -- Symlinking: /home/ashmu/ros2_ws/install/pymoveit2/local/lib/python3.10/dist-packages/pymoveit2-4.0.0-py3.10.egg-info/dependency_links.txt
[0.567s] -- Symlinking: /home/ashmu/ros2_ws/install/pymoveit2/local/lib/python3.10/dist-packages/pymoveit2-4.0.0-py3.10.egg-info/top_level.txt
[0.576s] -- Symlinking: /home/ashmu/ros2_ws/install/pymoveit2/local/lib/python3.10/dist-packages/pymoveit2/__init__.py
[0.585s] -- Symlinking: /home/ashmu/ros2_ws/install/pymoveit2/local/lib/python3.10/dist-packages/pymoveit2/gripper_command.py
[0.594s] -- Symlinking: /home/ashmu/ros2_ws/install/pymoveit2/local/lib/python3.10/dist-packages/pymoveit2/gripper_interface.py
[0.603s] -- Symlinking: /home/ashmu/ros2_ws/install/pymoveit2/local/lib/python3.10/dist-packages/pymoveit2/moveit2.py
[0.612s] -- Symlinking: /home/ashmu/ros2_ws/install/pymoveit2/local/lib/python3.10/dist-packages/pymoveit2/moveit2_gripper.py
[0.621s] -- Symlinking: /home/ashmu/ros2_ws/install/pymoveit2/local/lib/python3.10/dist-packages/pymoveit2/moveit2_servo.py
[0.631s] -- Symlinking: /home/ashmu/ros2_ws/install/pymoveit2/local/lib/python3.10/dist-packages/pymoveit2/robots/__init__.py
[0.641s] -- Symlinking: /home/ashmu/ros2_ws/install/pymoveit2/local/lib/python3.10/dist-packages/pymoveit2/robots/crane_x7.py
[0.651s] -- Symlinking: /home/ashmu/ros2_ws/install/pymoveit2/local/lib/python3.10/dist-packages/pymoveit2/robots/kinova.py
[0.659s] -- Symlinking: /home/ashmu/ros2_ws/install/pymoveit2/local/lib/python3.10/dist-packages/pymoveit2/robots/lbr.py
[0.667s] -- Symlinking: /home/ashmu/ros2_ws/install/pymoveit2/local/lib/python3.10/dist-packages/pymoveit2/robots/panda.py
[0.673s] -- Symlinking: /home/ashmu/ros2_ws/install/pymoveit2/local/lib/python3.10/dist-packages/pymoveit2/robots/phantomx_pincher.py
[0.682s] -- Symlinking: /home/ashmu/ros2_ws/install/pymoveit2/local/lib/python3.10/dist-packages/pymoveit2/robots/ur3e.py
[0.689s] -- Symlinking: /home/ashmu/ros2_ws/install/pymoveit2/lib/pymoveit2/ex_allow_collisions.py
[0.699s] -- Symlinking: /home/ashmu/ros2_ws/install/pymoveit2/lib/pymoveit2/ex_clear_planning_scene.py
[0.707s] -- Symlinking: /home/ashmu/ros2_ws/install/pymoveit2/lib/pymoveit2/ex_collision_mesh.py
[0.716s] -- Symlinking: /home/ashmu/ros2_ws/install/pymoveit2/lib/pymoveit2/ex_collision_primitive.py
[0.724s] -- Symlinking: /home/ashmu/ros2_ws/install/pymoveit2/lib/pymoveit2/ex_fk.py
[0.733s] -- Symlinking: /home/ashmu/ros2_ws/install/pymoveit2/lib/pymoveit2/ex_gripper.py
[0.743s] -- Symlinking: /home/ashmu/ros2_ws/install/pymoveit2/lib/pymoveit2/ex_ik.py
[0.750s] -- Symlinking: /home/ashmu/ros2_ws/install/pymoveit2/lib/pymoveit2/ex_joint_goal.py
[0.759s] -- Symlinking: /home/ashmu/ros2_ws/install/pymoveit2/lib/pymoveit2/ex_orientation_path_constraint.py
[0.767s] -- Symlinking: /home/ashmu/ros2_ws/install/pymoveit2/lib/pymoveit2/ex_pose_goal.py
[0.775s] -- Symlinking: /home/ashmu/ros2_ws/install/pymoveit2/lib/pymoveit2/ex_servo.py
[0.784s] -- Symlinking: /home/ashmu/ros2_ws/install/pymoveit2/share/ament_index/resource_index/package_run_dependencies/pymoveit2
[0.793s] -- Symlinking: /home/ashmu/ros2_ws/install/pymoveit2/share/ament_index/resource_index/parent_prefix_path/pymoveit2
[0.802s] -- Symlinking: /home/ashmu/ros2_ws/install/pymoveit2/share/pymoveit2/environment/ament_prefix_path.sh
[0.811s] -- Symlinking: /home/ashmu/ros2_ws/install/pymoveit2/share/pymoveit2/environment/ament_prefix_path.dsv
[0.818s] -- Symlinking: /home/ashmu/ros2_ws/install/pymoveit2/share/pymoveit2/environment/path.sh
[0.827s] -- Symlinking: /home/ashmu/ros2_ws/install/pymoveit2/share/pymoveit2/environment/path.dsv
[0.835s] -- Symlinking: /home/ashmu/ros2_ws/install/pymoveit2/share/pymoveit2/local_setup.bash
[0.843s] -- Symlinking: /home/ashmu/ros2_ws/install/pymoveit2/share/pymoveit2/local_setup.sh
[0.851s] -- Symlinking: /home/ashmu/ros2_ws/install/pymoveit2/share/pymoveit2/local_setup.zsh
[0.859s] -- Symlinking: /home/ashmu/ros2_ws/install/pymoveit2/share/pymoveit2/local_setup.dsv
[0.867s] -- Symlinking: /home/ashmu/ros2_ws/install/pymoveit2/share/pymoveit2/package.dsv
[0.874s] -- Symlinking: /home/ashmu/ros2_ws/install/pymoveit2/share/ament_index/resource_index/packages/pymoveit2
[0.884s] -- Symlinking: /home/ashmu/ros2_ws/install/pymoveit2/share/pymoveit2/cmake/pymoveit2Config.cmake
[0.893s] -- Symlinking: /home/ashmu/ros2_ws/install/pymoveit2/share/pymoveit2/cmake/pymoveit2Config-version.cmake
[0.903s] -- Symlinking: /home/ashmu/ros2_ws/install/pymoveit2/share/pymoveit2/package.xml
[0.963s] Listing '/home/ashmu/ros2_ws/install/pymoveit2/local/lib/python3.10/dist-packages/pymoveit2'...
[0.963s] Compiling '/home/ashmu/ros2_ws/install/pymoveit2/local/lib/python3.10/dist-packages/pymoveit2/__init__.py'...
[0.963s] Compiling '/home/ashmu/ros2_ws/install/pymoveit2/local/lib/python3.10/dist-packages/pymoveit2/gripper_command.py'...
[0.963s] Compiling '/home/ashmu/ros2_ws/install/pymoveit2/local/lib/python3.10/dist-packages/pymoveit2/gripper_interface.py'...
[0.963s] Compiling '/home/ashmu/ros2_ws/install/pymoveit2/local/lib/python3.10/dist-packages/pymoveit2/moveit2.py'...
[0.963s] Compiling '/home/ashmu/ros2_ws/install/pymoveit2/local/lib/python3.10/dist-packages/pymoveit2/moveit2_gripper.py'...
[0.963s] Compiling '/home/ashmu/ros2_ws/install/pymoveit2/local/lib/python3.10/dist-packages/pymoveit2/moveit2_servo.py'...
[0.963s] Listing '/home/ashmu/ros2_ws/install/pymoveit2/local/lib/python3.10/dist-packages/pymoveit2/robots'...
[0.963s] Compiling '/home/ashmu/ros2_ws/install/pymoveit2/local/lib/python3.10/dist-packages/pymoveit2/robots/__init__.py'...
[0.963s] Compiling '/home/ashmu/ros2_ws/install/pymoveit2/local/lib/python3.10/dist-packages/pymoveit2/robots/crane_x7.py'...
[0.963s] Compiling '/home/ashmu/ros2_ws/install/pymoveit2/local/lib/python3.10/dist-packages/pymoveit2/robots/kinova.py'...
[0.963s] Compiling '/home/ashmu/ros2_ws/install/pymoveit2/local/lib/python3.10/dist-packages/pymoveit2/robots/lbr.py'...
[0.963s] Compiling '/home/ashmu/ros2_ws/install/pymoveit2/local/lib/python3.10/dist-packages/pymoveit2/robots/panda.py'...
[0.964s] Compiling '/home/ashmu/ros2_ws/install/pymoveit2/local/lib/python3.10/dist-packages/pymoveit2/robots/phantomx_pincher.py'...
[0.964s] Compiling '/home/ashmu/ros2_ws/install/pymoveit2/local/lib/python3.10/dist-packages/pymoveit2/robots/ur3e.py'...
[0.969s] Invoked command in '/home/ashmu/ros2_ws/build/pymoveit2' returned '0': CMAKE_PREFIX_PATH=/opt/ros/humble /usr/bin/cmake --install /home/ashmu/ros2_ws/build/pymoveit2
