[0.616s] Invoking command in '/home/ashmu/ros2_ws/src/build/moving_ur3e': PYTHONPATH=/home/ashmu/ros2_ws/src/build/moving_ur3e/prefix_override:/usr/lib/python3/dist-packages/colcon_core/task/python/colcon_distutils_commands:/home/ashmu/ros2_ws/src/install/moving_ur3e/lib/python3.10/site-packages:${PYTHONPATH} /usr/bin/python3 -W ignore:setup.py install is deprecated -W ignore:easy_install command is deprecated setup.py develop --editable --build-directory /home/ashmu/ros2_ws/src/build/moving_ur3e/build --no-deps symlink_data
[0.800s] running develop
[0.906s] running egg_info
[0.906s] writing moving_ur3e.egg-info/PKG-INFO
[0.906s] writing dependency_links to moving_ur3e.egg-info/dependency_links.txt
[0.907s] writing entry points to moving_ur3e.egg-info/entry_points.txt
[0.907s] writing requirements to moving_ur3e.egg-info/requires.txt
[0.907s] writing top-level names to moving_ur3e.egg-info/top_level.txt
[0.909s] reading manifest file 'moving_ur3e.egg-info/SOURCES.txt'
[0.909s] writing manifest file 'moving_ur3e.egg-info/SOURCES.txt'
[0.911s] running build_ext
[0.911s] Creating /home/ashmu/ros2_ws/src/install/moving_ur3e/lib/python3.10/site-packages/moving-ur3e.egg-link (link to .)
[0.911s] Installing troll_mover script to /home/ashmu/ros2_ws/src/install/moving_ur3e/lib/moving_ur3e
[0.912s] 
[0.912s] Installed /home/ashmu/ros2_ws/src/build/moving_ur3e
[0.912s] running symlink_data
[0.912s] creating /home/ashmu/ros2_ws/src/install/moving_ur3e/share/ament_index
[0.912s] creating /home/ashmu/ros2_ws/src/install/moving_ur3e/share/ament_index/resource_index
[0.912s] creating /home/ashmu/ros2_ws/src/install/moving_ur3e/share/ament_index/resource_index/packages
[0.912s] symbolically linking /home/ashmu/ros2_ws/src/build/moving_ur3e/resource/moving_ur3e -> /home/ashmu/ros2_ws/src/install/moving_ur3e/share/ament_index/resource_index/packages
[0.912s] symbolically linking /home/ashmu/ros2_ws/src/build/moving_ur3e/package.xml -> /home/ashmu/ros2_ws/src/install/moving_ur3e/share/moving_ur3e
[0.960s] Invoked command in '/home/ashmu/ros2_ws/src/build/moving_ur3e' returned '0': PYTHONPATH=/home/ashmu/ros2_ws/src/build/moving_ur3e/prefix_override:/usr/lib/python3/dist-packages/colcon_core/task/python/colcon_distutils_commands:/home/ashmu/ros2_ws/src/install/moving_ur3e/lib/python3.10/site-packages:${PYTHONPATH} /usr/bin/python3 -W ignore:setup.py install is deprecated -W ignore:easy_install command is deprecated setup.py develop --editable --build-directory /home/ashmu/ros2_ws/src/build/moving_ur3e/build --no-deps symlink_data
