[1.733s] Invoking command in '/home/ashmu/ros2_ws/RS2/src/selfie_taker': PYTHONPATH=/home/ashmu/ros2_ws/RS2/build/selfie_taker/prefix_override:/usr/lib/python3/dist-packages/colcon_core/task/python/colcon_distutils_commands:/home/ashmu/ros2_ws/RS2/install/selfie_taker/lib/python3.10/site-packages:${PYTHONPATH} /usr/bin/python3 -W ignore:setup.py install is deprecated -W ignore:easy_install command is deprecated setup.py egg_info --egg-base ../../build/selfie_taker build --build-base /home/ashmu/ros2_ws/RS2/build/selfie_taker/build install --record /home/ashmu/ros2_ws/RS2/build/selfie_taker/install.log --single-version-externally-managed install_data
[2.151s] running egg_info
[2.153s] writing ../../build/selfie_taker/selfie_taker.egg-info/PKG-INFO
[2.153s] writing dependency_links to ../../build/selfie_taker/selfie_taker.egg-info/dependency_links.txt
[2.154s] writing entry points to ../../build/selfie_taker/selfie_taker.egg-info/entry_points.txt
[2.154s] writing requirements to ../../build/selfie_taker/selfie_taker.egg-info/requires.txt
[2.154s] writing top-level names to ../../build/selfie_taker/selfie_taker.egg-info/top_level.txt
[2.157s] reading manifest file '../../build/selfie_taker/selfie_taker.egg-info/SOURCES.txt'
[2.158s] writing manifest file '../../build/selfie_taker/selfie_taker.egg-info/SOURCES.txt'
[2.158s] running build
[2.158s] running build_py
[2.159s] running install
[2.159s] running install_lib
[2.161s] running install_data
[2.162s] running install_egg_info
[2.164s] removing '/home/ashmu/ros2_ws/RS2/install/selfie_taker/lib/python3.10/site-packages/selfie_taker-0.0.0-py3.10.egg-info' (and everything under it)
[2.165s] Copying ../../build/selfie_taker/selfie_taker.egg-info to /home/ashmu/ros2_ws/RS2/install/selfie_taker/lib/python3.10/site-packages/selfie_taker-0.0.0-py3.10.egg-info
[2.167s] running install_scripts
[2.201s] Installing take_selfie script to /home/ashmu/ros2_ws/RS2/install/selfie_taker/lib/selfie_taker
[2.201s] writing list of installed files to '/home/ashmu/ros2_ws/RS2/build/selfie_taker/install.log'
[2.245s] Invoked command in '/home/ashmu/ros2_ws/RS2/src/selfie_taker' returned '0': PYTHONPATH=/home/ashmu/ros2_ws/RS2/build/selfie_taker/prefix_override:/usr/lib/python3/dist-packages/colcon_core/task/python/colcon_distutils_commands:/home/ashmu/ros2_ws/RS2/install/selfie_taker/lib/python3.10/site-packages:${PYTHONPATH} /usr/bin/python3 -W ignore:setup.py install is deprecated -W ignore:easy_install command is deprecated setup.py egg_info --egg-base ../../build/selfie_taker build --build-base /home/ashmu/ros2_ws/RS2/build/selfie_taker/build install --record /home/ashmu/ros2_ws/RS2/build/selfie_taker/install.log --single-version-externally-managed install_data
