[0.550s] Invoking command in '/home/ashmu/ros2_ws/build/ur3e_control_package': CMAKE_PREFIX_PATH=/home/ashmu/ros2_ws/install/pymoveit2:/home/ashmu/ros2_ws/install/ur_simulation_gazebo:/home/ashmu/ros2_ws/install/ur_description PYTHONPATH=/home/ashmu/ros2_ws/build/ur3e_control_package/prefix_override:/usr/lib/python3/dist-packages/colcon_core/task/python/colcon_distutils_commands:/home/ashmu/ros2_ws/install/ur3e_control_package/lib/python3.10/site-packages:${PYTHONPATH} /usr/bin/python3 -W ignore:setup.py install is deprecated -W ignore:easy_install command is deprecated setup.py develop --editable --build-directory /home/ashmu/ros2_ws/build/ur3e_control_package/build --no-deps symlink_data
[0.779s] running develop
[0.901s] running egg_info
[0.901s] creating ur3e_control_package.egg-info
[0.901s] writing ur3e_control_package.egg-info/PKG-INFO
[0.901s] writing dependency_links to ur3e_control_package.egg-info/dependency_links.txt
[0.901s] writing entry points to ur3e_control_package.egg-info/entry_points.txt
[0.901s] writing requirements to ur3e_control_package.egg-info/requires.txt
[0.901s] writing top-level names to ur3e_control_package.egg-info/top_level.txt
[0.901s] writing manifest file 'ur3e_control_package.egg-info/SOURCES.txt'
[0.903s] reading manifest file 'ur3e_control_package.egg-info/SOURCES.txt'
[0.903s] writing manifest file 'ur3e_control_package.egg-info/SOURCES.txt'
[0.905s] running build_ext
[0.905s] Creating /home/ashmu/ros2_ws/install/ur3e_control_package/lib/python3.10/site-packages/ur3e-control-package.egg-link (link to .)
[0.905s] Installing initials_demo script to /home/ashmu/ros2_ws/install/ur3e_control_package/lib/ur3e_control_package
[0.906s] Installing move_command script to /home/ashmu/ros2_ws/install/ur3e_control_package/lib/ur3e_control_package
[0.906s] Installing spawn_entities script to /home/ashmu/ros2_ws/install/ur3e_control_package/lib/ur3e_control_package
[0.906s] 
[0.906s] Installed /home/ashmu/ros2_ws/build/ur3e_control_package
[0.906s] running symlink_data
[0.906s] creating /home/ashmu/ros2_ws/install/ur3e_control_package/share/ament_index
[0.906s] creating /home/ashmu/ros2_ws/install/ur3e_control_package/share/ament_index/resource_index
[0.906s] creating /home/ashmu/ros2_ws/install/ur3e_control_package/share/ament_index/resource_index/packages
[0.906s] symbolically linking /home/ashmu/ros2_ws/build/ur3e_control_package/resource/ur3e_control_package -> /home/ashmu/ros2_ws/install/ur3e_control_package/share/ament_index/resource_index/packages
[0.906s] symbolically linking /home/ashmu/ros2_ws/build/ur3e_control_package/package.xml -> /home/ashmu/ros2_ws/install/ur3e_control_package/share/ur3e_control_package
[0.907s] creating /home/ashmu/ros2_ws/install/ur3e_control_package/share/ur3e_control_package/launch
[0.931s] Invoked command in '/home/ashmu/ros2_ws/build/ur3e_control_package' returned '0': CMAKE_PREFIX_PATH=/home/ashmu/ros2_ws/install/pymoveit2:/home/ashmu/ros2_ws/install/ur_simulation_gazebo:/home/ashmu/ros2_ws/install/ur_description PYTHONPATH=/home/ashmu/ros2_ws/build/ur3e_control_package/prefix_override:/usr/lib/python3/dist-packages/colcon_core/task/python/colcon_distutils_commands:/home/ashmu/ros2_ws/install/ur3e_control_package/lib/python3.10/site-packages:${PYTHONPATH} /usr/bin/python3 -W ignore:setup.py install is deprecated -W ignore:easy_install command is deprecated setup.py develop --editable --build-directory /home/ashmu/ros2_ws/build/ur3e_control_package/build --no-deps symlink_data
