-- The C compiler identification is GNU 11.4.0
-- The CXX compiler identification is GNU 11.4.0
-- Detecting C compiler ABI info
-- Detecting C compiler ABI info - done
-- Check for working C compiler: /usr/bin/cc - skipped
-- Detecting C compile features
-- Detecting C compile features - done
-- Detecting CXX compiler ABI info
-- Detecting CXX compiler ABI info - done
-- Check for working CXX compiler: /usr/bin/c++ - skipped
-- Detecting CXX compile features
-- Detecting CXX compile features - done
-- Found ament_cmake: 1.3.11 (/opt/ros/humble/share/ament_cmake/cmake)
-- Found Python3: /usr/bin/python3 (found version "3.10.12") found components: Interpreter 
-- Override CMake install command with custom implementation using symlinks instead of copying resources
-- Configuring done
-- Generating done
-- Build files have been written to: /home/ashmu/ros2_ws/build/pymoveit2
Built target ament_cmake_python_symlink_pymoveit2
running egg_info
creating pymoveit2.egg-info
writing pymoveit2.egg-info/PKG-INFO
writing dependency_links to pymoveit2.egg-info/dependency_links.txt
writing top-level names to pymoveit2.egg-info/top_level.txt
writing manifest file 'pymoveit2.egg-info/SOURCES.txt'
reading manifest file 'pymoveit2.egg-info/SOURCES.txt'
writing manifest file 'pymoveit2.egg-info/SOURCES.txt'
Built target ament_cmake_python_build_pymoveit2_egg
