[0.013s] Invoking command in '/home/ashmu/ros2_ws/build/pymoveit2': CMAKE_PREFIX_PATH=/opt/ros/humble /usr/bin/cmake /home/ashmu/ros2_ws/src/pymoveit2 -DAMENT_CMAKE_SYMLINK_INSTALL=1 -DCMAKE_INSTALL_PREFIX=/home/ashmu/ros2_ws/install/pymoveit2
[0.061s] -- The C compiler identification is GNU 11.4.0
[0.105s] -- The CXX compiler identification is GNU 11.4.0
[0.110s] -- Detecting C compiler ABI info
[0.173s] -- Detecting C compiler ABI info - done
[0.180s] -- Check for working C compiler: /usr/bin/cc - skipped
[0.180s] -- Detecting C compile features
[0.181s] -- Detecting C compile features - done
[0.185s] -- Detecting CXX compiler ABI info
[0.256s] -- Detecting CXX compiler ABI info - done
[0.261s] -- Check for working CXX compiler: /usr/bin/c++ - skipped
[0.261s] -- Detecting CXX compile features
[0.261s] -- Detecting CXX compile features - done
[0.264s] -- Found ament_cmake: 1.3.11 (/opt/ros/humble/share/ament_cmake/cmake)
[0.393s] -- Found Python3: /usr/bin/python3 (found version "3.10.12") found components: Interpreter 
[0.449s] -- Override CMake install command with custom implementation using symlinks instead of copying resources
[0.596s] -- Configuring done
[0.599s] -- Generating done
[0.601s] -- Build files have been written to: /home/ashmu/ros2_ws/build/pymoveit2
[0.606s] Invoked command in '/home/ashmu/ros2_ws/build/pymoveit2' returned '0': CMAKE_PREFIX_PATH=/opt/ros/humble /usr/bin/cmake /home/ashmu/ros2_ws/src/pymoveit2 -DAMENT_CMAKE_SYMLINK_INSTALL=1 -DCMAKE_INSTALL_PREFIX=/home/ashmu/ros2_ws/install/pymoveit2
[0.608s] Invoking command in '/home/ashmu/ros2_ws/build/pymoveit2': CMAKE_PREFIX_PATH=/opt/ros/humble /usr/bin/cmake --build /home/ashmu/ros2_ws/build/pymoveit2 -- -j12 -l12
[0.668s] Built target ament_cmake_python_symlink_pymoveit2
[0.858s] running egg_info
[0.858s] creating pymoveit2.egg-info
[0.859s] writing pymoveit2.egg-info/PKG-INFO
[0.859s] writing dependency_links to pymoveit2.egg-info/dependency_links.txt
[0.859s] writing top-level names to pymoveit2.egg-info/top_level.txt
[0.859s] writing manifest file 'pymoveit2.egg-info/SOURCES.txt'
[0.862s] reading manifest file 'pymoveit2.egg-info/SOURCES.txt'
[0.862s] writing manifest file 'pymoveit2.egg-info/SOURCES.txt'
[0.893s] Built target ament_cmake_python_build_pymoveit2_egg
