[0.028s] Invoking command in '/home/ashmu/ros2_ws/build/pymoveit2': CMAKE_PREFIX_PATH=${CMAKE_PREFIX_PATH}:/home/ashmu/ros2_ws/install/ur3e_control_package:/home/ashmu/ros2_ws/install/moving_ur3e:/opt/ros/humble /usr/bin/cmake --build /home/ashmu/ros2_ws/build/pymoveit2 -- -j12 -l12
[0.117s] Built target ament_cmake_python_symlink_pymoveit2
[0.416s] running egg_info
[0.417s] writing pymoveit2.egg-info/PKG-INFO
[0.418s] writing dependency_links to pymoveit2.egg-info/dependency_links.txt
[0.418s] writing top-level names to pymoveit2.egg-info/top_level.txt
[0.421s] reading manifest file 'pymoveit2.egg-info/SOURCES.txt'
[0.423s] writing manifest file 'pymoveit2.egg-info/SOURCES.txt'
[0.463s] Built target ament_cmake_python_build_pymoveit2_egg
[0.497s] Invoked command in '/home/ashmu/ros2_ws/build/pymoveit2' returned '0': CMAKE_PREFIX_PATH=${CMAKE_PREFIX_PATH}:/home/ashmu/ros2_ws/install/ur3e_control_package:/home/ashmu/ros2_ws/install/moving_ur3e:/opt/ros/humble /usr/bin/cmake --build /home/ashmu/ros2_ws/build/pymoveit2 -- -j12 -l12
[0.499s] Invoking command in '/home/ashmu/ros2_ws/build/pymoveit2': CMAKE_PREFIX_PATH=${CMAKE_PREFIX_PATH}:/home/ashmu/ros2_ws/install/ur3e_control_package:/home/ashmu/ros2_ws/install/moving_ur3e:/opt/ros/humble /usr/bin/cmake --install /home/ashmu/ros2_ws/build/pymoveit2
[0.512s] -- Install configuration: ""
[0.513s] -- Execute custom install script
[0.513s] -- Up-to-date symlink: /home/ashmu/ros2_ws/install/pymoveit2/share/pymoveit2/environment/pythonpath.sh
[0.514s] -- Up-to-date symlink: /home/ashmu/ros2_ws/install/pymoveit2/share/pymoveit2/environment/pythonpath.dsv
[0.514s] -- Up-to-date symlink: /home/ashmu/ros2_ws/install/pymoveit2/local/lib/python3.10/dist-packages/pymoveit2-4.0.0-py3.10.egg-info/PKG-INFO
[0.514s] -- Up-to-date symlink: /home/ashmu/ros2_ws/install/pymoveit2/local/lib/python3.10/dist-packages/pymoveit2-4.0.0-py3.10.egg-info/SOURCES.txt
[0.515s] -- Up-to-date symlink: /home/ashmu/ros2_ws/install/pymoveit2/local/lib/python3.10/dist-packages/pymoveit2-4.0.0-py3.10.egg-info/dependency_links.txt
[0.515s] -- Up-to-date symlink: /home/ashmu/ros2_ws/install/pymoveit2/local/lib/python3.10/dist-packages/pymoveit2-4.0.0-py3.10.egg-info/top_level.txt
[0.516s] -- Up-to-date symlink: /home/ashmu/ros2_ws/install/pymoveit2/local/lib/python3.10/dist-packages/pymoveit2/__init__.py
[0.516s] -- Up-to-date symlink: /home/ashmu/ros2_ws/install/pymoveit2/local/lib/python3.10/dist-packages/pymoveit2/gripper_command.py
[0.516s] -- Up-to-date symlink: /home/ashmu/ros2_ws/install/pymoveit2/local/lib/python3.10/dist-packages/pymoveit2/gripper_interface.py
[0.516s] -- Up-to-date symlink: /home/ashmu/ros2_ws/install/pymoveit2/local/lib/python3.10/dist-packages/pymoveit2/moveit2.py
[0.516s] -- Up-to-date symlink: /home/ashmu/ros2_ws/install/pymoveit2/local/lib/python3.10/dist-packages/pymoveit2/moveit2_gripper.py
[0.516s] -- Up-to-date symlink: /home/ashmu/ros2_ws/install/pymoveit2/local/lib/python3.10/dist-packages/pymoveit2/moveit2_servo.py
[0.517s] -- Up-to-date symlink: /home/ashmu/ros2_ws/install/pymoveit2/local/lib/python3.10/dist-packages/pymoveit2/robots/__init__.py
[0.517s] -- Up-to-date symlink: /home/ashmu/ros2_ws/install/pymoveit2/local/lib/python3.10/dist-packages/pymoveit2/robots/crane_x7.py
[0.517s] -- Up-to-date symlink: /home/ashmu/ros2_ws/install/pymoveit2/local/lib/python3.10/dist-packages/pymoveit2/robots/kinova.py
[0.517s] -- Up-to-date symlink: /home/ashmu/ros2_ws/install/pymoveit2/local/lib/python3.10/dist-packages/pymoveit2/robots/lbr.py
[0.517s] -- Up-to-date symlink: /home/ashmu/ros2_ws/install/pymoveit2/local/lib/python3.10/dist-packages/pymoveit2/robots/panda.py
[0.517s] -- Up-to-date symlink: /home/ashmu/ros2_ws/install/pymoveit2/local/lib/python3.10/dist-packages/pymoveit2/robots/phantomx_pincher.py
[0.517s] -- Up-to-date symlink: /home/ashmu/ros2_ws/install/pymoveit2/local/lib/python3.10/dist-packages/pymoveit2/robots/ur3e.py
[0.518s] -- Up-to-date symlink: /home/ashmu/ros2_ws/install/pymoveit2/lib/pymoveit2/ex_allow_collisions.py
[0.518s] -- Up-to-date symlink: /home/ashmu/ros2_ws/install/pymoveit2/lib/pymoveit2/ex_clear_planning_scene.py
[0.518s] -- Up-to-date symlink: /home/ashmu/ros2_ws/install/pymoveit2/lib/pymoveit2/ex_collision_mesh.py
[0.518s] -- Up-to-date symlink: /home/ashmu/ros2_ws/install/pymoveit2/lib/pymoveit2/ex_collision_primitive.py
[0.518s] -- Up-to-date symlink: /home/ashmu/ros2_ws/install/pymoveit2/lib/pymoveit2/ex_fk.py
[0.519s] -- Up-to-date symlink: /home/ashmu/ros2_ws/install/pymoveit2/lib/pymoveit2/ex_gripper.py
[0.519s] -- Up-to-date symlink: /home/ashmu/ros2_ws/install/pymoveit2/lib/pymoveit2/ex_ik.py
[0.519s] -- Up-to-date symlink: /home/ashmu/ros2_ws/install/pymoveit2/lib/pymoveit2/ex_joint_goal.py
[0.519s] -- Up-to-date symlink: /home/ashmu/ros2_ws/install/pymoveit2/lib/pymoveit2/ex_orientation_path_constraint.py
[0.519s] -- Up-to-date symlink: /home/ashmu/ros2_ws/install/pymoveit2/lib/pymoveit2/ex_pose_goal.py
[0.519s] -- Up-to-date symlink: /home/ashmu/ros2_ws/install/pymoveit2/lib/pymoveit2/ex_servo.py
[0.520s] -- Up-to-date symlink: /home/ashmu/ros2_ws/install/pymoveit2/share/ament_index/resource_index/package_run_dependencies/pymoveit2
[0.520s] -- Up-to-date symlink: /home/ashmu/ros2_ws/install/pymoveit2/share/ament_index/resource_index/parent_prefix_path/pymoveit2
[0.520s] -- Up-to-date symlink: /home/ashmu/ros2_ws/install/pymoveit2/share/pymoveit2/environment/ament_prefix_path.sh
[0.520s] -- Up-to-date symlink: /home/ashmu/ros2_ws/install/pymoveit2/share/pymoveit2/environment/ament_prefix_path.dsv
[0.520s] -- Up-to-date symlink: /home/ashmu/ros2_ws/install/pymoveit2/share/pymoveit2/environment/path.sh
[0.521s] -- Up-to-date symlink: /home/ashmu/ros2_ws/install/pymoveit2/share/pymoveit2/environment/path.dsv
[0.521s] -- Up-to-date symlink: /home/ashmu/ros2_ws/install/pymoveit2/share/pymoveit2/local_setup.bash
[0.521s] -- Up-to-date symlink: /home/ashmu/ros2_ws/install/pymoveit2/share/pymoveit2/local_setup.sh
[0.522s] -- Up-to-date symlink: /home/ashmu/ros2_ws/install/pymoveit2/share/pymoveit2/local_setup.zsh
[0.522s] -- Up-to-date symlink: /home/ashmu/ros2_ws/install/pymoveit2/share/pymoveit2/local_setup.dsv
[0.522s] -- Symlinking: /home/ashmu/ros2_ws/install/pymoveit2/share/pymoveit2/package.dsv
[0.537s] -- Up-to-date symlink: /home/ashmu/ros2_ws/install/pymoveit2/share/ament_index/resource_index/packages/pymoveit2
[0.537s] -- Up-to-date symlink: /home/ashmu/ros2_ws/install/pymoveit2/share/pymoveit2/cmake/pymoveit2Config.cmake
[0.537s] -- Up-to-date symlink: /home/ashmu/ros2_ws/install/pymoveit2/share/pymoveit2/cmake/pymoveit2Config-version.cmake
[0.537s] -- Up-to-date symlink: /home/ashmu/ros2_ws/install/pymoveit2/share/pymoveit2/package.xml
[0.585s] Listing '/home/ashmu/ros2_ws/install/pymoveit2/local/lib/python3.10/dist-packages/pymoveit2'...
[0.585s] Listing '/home/ashmu/ros2_ws/install/pymoveit2/local/lib/python3.10/dist-packages/pymoveit2/robots'...
[0.595s] Invoked command in '/home/ashmu/ros2_ws/build/pymoveit2' returned '0': CMAKE_PREFIX_PATH=${CMAKE_PREFIX_PATH}:/home/ashmu/ros2_ws/install/ur3e_control_package:/home/ashmu/ros2_ws/install/moving_ur3e:/opt/ros/humble /usr/bin/cmake --install /home/ashmu/ros2_ws/build/pymoveit2
