[0.611s] Invoking command in '/home/ashmu/ros2_ws/RS2/src/ur3e_spawn_pkg': PYTHONPATH=/home/ashmu/ros2_ws/RS2/build/ur3e_spawn_pkg/prefix_override:/usr/lib/python3/dist-packages/colcon_core/task/python/colcon_distutils_commands:/home/ashmu/ros2_ws/RS2/install/ur3e_spawn_pkg/lib/python3.10/site-packages:${PYTHONPATH} /usr/bin/python3 -W ignore:setup.py install is deprecated -W ignore:easy_install command is deprecated setup.py egg_info --egg-base ../../build/ur3e_spawn_pkg build --build-base /home/ashmu/ros2_ws/RS2/build/ur3e_spawn_pkg/build install --record /home/ashmu/ros2_ws/RS2/build/ur3e_spawn_pkg/install.log --single-version-externally-managed install_data
[0.755s] running egg_info
[0.755s] writing ../../build/ur3e_spawn_pkg/ur3e_spawn_pkg.egg-info/PKG-INFO
[0.755s] writing dependency_links to ../../build/ur3e_spawn_pkg/ur3e_spawn_pkg.egg-info/dependency_links.txt
[0.756s] writing entry points to ../../build/ur3e_spawn_pkg/ur3e_spawn_pkg.egg-info/entry_points.txt
[0.756s] writing requirements to ../../build/ur3e_spawn_pkg/ur3e_spawn_pkg.egg-info/requires.txt
[0.756s] writing top-level names to ../../build/ur3e_spawn_pkg/ur3e_spawn_pkg.egg-info/top_level.txt
[0.756s] reading manifest file '../../build/ur3e_spawn_pkg/ur3e_spawn_pkg.egg-info/SOURCES.txt'
[0.757s] writing manifest file '../../build/ur3e_spawn_pkg/ur3e_spawn_pkg.egg-info/SOURCES.txt'
[0.757s] running build
[0.757s] running install
[0.757s] running install_data
[0.757s] copying launch/spawn_ur3e.launch.py -> /home/ashmu/ros2_ws/RS2/install/ur3e_spawn_pkg/share/ur3e_spawn_pkg/launch
[0.758s] running install_egg_info
[0.760s] removing '/home/ashmu/ros2_ws/RS2/install/ur3e_spawn_pkg/lib/python3.10/site-packages/ur3e_spawn_pkg-0.0.0-py3.10.egg-info' (and everything under it)
[0.760s] Copying ../../build/ur3e_spawn_pkg/ur3e_spawn_pkg.egg-info to /home/ashmu/ros2_ws/RS2/install/ur3e_spawn_pkg/lib/python3.10/site-packages/ur3e_spawn_pkg-0.0.0-py3.10.egg-info
[0.761s] running install_scripts
[0.776s] Installing spawn_ur3e script to /home/ashmu/ros2_ws/RS2/install/ur3e_spawn_pkg/lib/ur3e_spawn_pkg
[0.777s] writing list of installed files to '/home/ashmu/ros2_ws/RS2/build/ur3e_spawn_pkg/install.log'
[0.798s] Invoked command in '/home/ashmu/ros2_ws/RS2/src/ur3e_spawn_pkg' returned '0': PYTHONPATH=/home/ashmu/ros2_ws/RS2/build/ur3e_spawn_pkg/prefix_override:/usr/lib/python3/dist-packages/colcon_core/task/python/colcon_distutils_commands:/home/ashmu/ros2_ws/RS2/install/ur3e_spawn_pkg/lib/python3.10/site-packages:${PYTHONPATH} /usr/bin/python3 -W ignore:setup.py install is deprecated -W ignore:easy_install command is deprecated setup.py egg_info --egg-base ../../build/ur3e_spawn_pkg build --build-base /home/ashmu/ros2_ws/RS2/build/ur3e_spawn_pkg/build install --record /home/ashmu/ros2_ws/RS2/build/ur3e_spawn_pkg/install.log --single-version-externally-managed install_data
