[3.639s] Invoking command in '/home/ashmu/ros2_ws/RS2/src/svg_waypoint_publisher': PYTHONPATH=/home/ashmu/ros2_ws/RS2/build/svg_waypoint_publisher/prefix_override:/usr/lib/python3/dist-packages/colcon_core/task/python/colcon_distutils_commands:/home/ashmu/ros2_ws/RS2/install/svg_waypoint_publisher/lib/python3.10/site-packages:${PYTHONPATH} /usr/bin/python3 -W ignore:setup.py install is deprecated -W ignore:easy_install command is deprecated setup.py egg_info --egg-base ../../build/svg_waypoint_publisher build --build-base /home/ashmu/ros2_ws/RS2/build/svg_waypoint_publisher/build install --record /home/ashmu/ros2_ws/RS2/build/svg_waypoint_publisher/install.log --single-version-externally-managed install_data
[4.564s] running egg_info
[4.567s] writing ../../build/svg_waypoint_publisher/svg_waypoint_publisher.egg-info/PKG-INFO
[4.568s] writing dependency_links to ../../build/svg_waypoint_publisher/svg_waypoint_publisher.egg-info/dependency_links.txt
[4.569s] writing entry points to ../../build/svg_waypoint_publisher/svg_waypoint_publisher.egg-info/entry_points.txt
[4.569s] writing requirements to ../../build/svg_waypoint_publisher/svg_waypoint_publisher.egg-info/requires.txt
[4.570s] writing top-level names to ../../build/svg_waypoint_publisher/svg_waypoint_publisher.egg-info/top_level.txt
[4.575s] reading manifest file '../../build/svg_waypoint_publisher/svg_waypoint_publisher.egg-info/SOURCES.txt'
[4.579s] writing manifest file '../../build/svg_waypoint_publisher/svg_waypoint_publisher.egg-info/SOURCES.txt'
[4.579s] running build
[4.580s] running build_py
[4.580s] running install
[4.581s] running install_lib
[4.586s] running install_data
[4.586s] running install_egg_info
[4.594s] removing '/home/ashmu/ros2_ws/RS2/install/svg_waypoint_publisher/lib/python3.10/site-packages/svg_waypoint_publisher-0.0.0-py3.10.egg-info' (and everything under it)
[4.596s] Copying ../../build/svg_waypoint_publisher/svg_waypoint_publisher.egg-info to /home/ashmu/ros2_ws/RS2/install/svg_waypoint_publisher/lib/python3.10/site-packages/svg_waypoint_publisher-0.0.0-py3.10.egg-info
[4.599s] running install_scripts
[4.679s] Installing svg_waypoint_publisher script to /home/ashmu/ros2_ws/RS2/install/svg_waypoint_publisher/lib/svg_waypoint_publisher
[4.680s] writing list of installed files to '/home/ashmu/ros2_ws/RS2/build/svg_waypoint_publisher/install.log'
[4.763s] Invoked command in '/home/ashmu/ros2_ws/RS2/src/svg_waypoint_publisher' returned '0': PYTHONPATH=/home/ashmu/ros2_ws/RS2/build/svg_waypoint_publisher/prefix_override:/usr/lib/python3/dist-packages/colcon_core/task/python/colcon_distutils_commands:/home/ashmu/ros2_ws/RS2/install/svg_waypoint_publisher/lib/python3.10/site-packages:${PYTHONPATH} /usr/bin/python3 -W ignore:setup.py install is deprecated -W ignore:easy_install command is deprecated setup.py egg_info --egg-base ../../build/svg_waypoint_publisher build --build-base /home/ashmu/ros2_ws/RS2/build/svg_waypoint_publisher/build install --record /home/ashmu/ros2_ws/RS2/build/svg_waypoint_publisher/install.log --single-version-externally-managed install_data
