[1.051s] Invoking command in '/home/ashmu/ros2_ws/RS2/build/ur3e_controller': CMAKE_PREFIX_PATH=${CMAKE_PREFIX_PATH}:/home/ashmu/ros2_ws/RS2/install/svg_waypoint_publisher:/home/ashmu/ros2_ws/RS2/install/svg_command_subscriber:/home/ashmu/ros2_ws/RS2/install/selfie_taker:/home/ashmu/ros2_ws/install/svg_waypoint_publisher:/home/ashmu/ros2_ws/install/svg_command_subscriber:/home/ashmu/ros2_ws/install/selfie_taker:/home/ashmu/ros2_ws/install/rqt_joint_trajectory_controller:/home/ashmu/ros2_ws/install/rqt_controller_manager:/home/ashmu/ros2_ws/install/ros2controlcli:/home/ashmu/ros2_ws/install/ros2_controllers_test_nodes:/opt/ros/humble /usr/bin/cmake --build /home/ashmu/ros2_ws/RS2/build/ur3e_controller -- -j12 -l12
[1.217s] [100%] Built target ur_node
[1.247s] Invoked command in '/home/ashmu/ros2_ws/RS2/build/ur3e_controller' returned '0': CMAKE_PREFIX_PATH=${CMAKE_PREFIX_PATH}:/home/ashmu/ros2_ws/RS2/install/svg_waypoint_publisher:/home/ashmu/ros2_ws/RS2/install/svg_command_subscriber:/home/ashmu/ros2_ws/RS2/install/selfie_taker:/home/ashmu/ros2_ws/install/svg_waypoint_publisher:/home/ashmu/ros2_ws/install/svg_command_subscriber:/home/ashmu/ros2_ws/install/selfie_taker:/home/ashmu/ros2_ws/install/rqt_joint_trajectory_controller:/home/ashmu/ros2_ws/install/rqt_controller_manager:/home/ashmu/ros2_ws/install/ros2controlcli:/home/ashmu/ros2_ws/install/ros2_controllers_test_nodes:/opt/ros/humble /usr/bin/cmake --build /home/ashmu/ros2_ws/RS2/build/ur3e_controller -- -j12 -l12
[1.278s] Invoking command in '/home/ashmu/ros2_ws/RS2/build/ur3e_controller': CMAKE_PREFIX_PATH=${CMAKE_PREFIX_PATH}:/home/ashmu/ros2_ws/RS2/install/svg_waypoint_publisher:/home/ashmu/ros2_ws/RS2/install/svg_command_subscriber:/home/ashmu/ros2_ws/RS2/install/selfie_taker:/home/ashmu/ros2_ws/install/svg_waypoint_publisher:/home/ashmu/ros2_ws/install/svg_command_subscriber:/home/ashmu/ros2_ws/install/selfie_taker:/home/ashmu/ros2_ws/install/rqt_joint_trajectory_controller:/home/ashmu/ros2_ws/install/rqt_controller_manager:/home/ashmu/ros2_ws/install/ros2controlcli:/home/ashmu/ros2_ws/install/ros2_controllers_test_nodes:/opt/ros/humble /usr/bin/cmake --install /home/ashmu/ros2_ws/RS2/build/ur3e_controller
[1.301s] -- Install configuration: ""
[1.301s] -- Up-to-date: /home/ashmu/ros2_ws/RS2/install/ur3e_controller/lib/ur3e_controller/ur_node
[1.302s] -- Up-to-date: /home/ashmu/ros2_ws/RS2/install/ur3e_controller/share/ament_index/resource_index/package_run_dependencies/ur3e_controller
[1.302s] -- Up-to-date: /home/ashmu/ros2_ws/RS2/install/ur3e_controller/share/ament_index/resource_index/parent_prefix_path/ur3e_controller
[1.302s] -- Up-to-date: /home/ashmu/ros2_ws/RS2/install/ur3e_controller/share/ur3e_controller/environment/ament_prefix_path.sh
[1.302s] -- Up-to-date: /home/ashmu/ros2_ws/RS2/install/ur3e_controller/share/ur3e_controller/environment/ament_prefix_path.dsv
[1.302s] -- Up-to-date: /home/ashmu/ros2_ws/RS2/install/ur3e_controller/share/ur3e_controller/environment/path.sh
[1.303s] -- Up-to-date: /home/ashmu/ros2_ws/RS2/install/ur3e_controller/share/ur3e_controller/environment/path.dsv
[1.303s] -- Up-to-date: /home/ashmu/ros2_ws/RS2/install/ur3e_controller/share/ur3e_controller/local_setup.bash
[1.303s] -- Up-to-date: /home/ashmu/ros2_ws/RS2/install/ur3e_controller/share/ur3e_controller/local_setup.sh
[1.303s] -- Up-to-date: /home/ashmu/ros2_ws/RS2/install/ur3e_controller/share/ur3e_controller/local_setup.zsh
[1.303s] -- Up-to-date: /home/ashmu/ros2_ws/RS2/install/ur3e_controller/share/ur3e_controller/local_setup.dsv
[1.303s] -- Installing: /home/ashmu/ros2_ws/RS2/install/ur3e_controller/share/ur3e_controller/package.dsv
[1.304s] -- Up-to-date: /home/ashmu/ros2_ws/RS2/install/ur3e_controller/share/ament_index/resource_index/packages/ur3e_controller
[1.304s] -- Up-to-date: /home/ashmu/ros2_ws/RS2/install/ur3e_controller/share/ur3e_controller/cmake/ur3e_controllerConfig.cmake
[1.304s] -- Up-to-date: /home/ashmu/ros2_ws/RS2/install/ur3e_controller/share/ur3e_controller/cmake/ur3e_controllerConfig-version.cmake
[1.304s] -- Up-to-date: /home/ashmu/ros2_ws/RS2/install/ur3e_controller/share/ur3e_controller/package.xml
[1.308s] Invoked command in '/home/ashmu/ros2_ws/RS2/build/ur3e_controller' returned '0': CMAKE_PREFIX_PATH=${CMAKE_PREFIX_PATH}:/home/ashmu/ros2_ws/RS2/install/svg_waypoint_publisher:/home/ashmu/ros2_ws/RS2/install/svg_command_subscriber:/home/ashmu/ros2_ws/RS2/install/selfie_taker:/home/ashmu/ros2_ws/install/svg_waypoint_publisher:/home/ashmu/ros2_ws/install/svg_command_subscriber:/home/ashmu/ros2_ws/install/selfie_taker:/home/ashmu/ros2_ws/install/rqt_joint_trajectory_controller:/home/ashmu/ros2_ws/install/rqt_controller_manager:/home/ashmu/ros2_ws/install/ros2controlcli:/home/ashmu/ros2_ws/install/ros2_controllers_test_nodes:/opt/ros/humble /usr/bin/cmake --install /home/ashmu/ros2_ws/RS2/build/ur3e_controller
