[0.928s] Invoking command in '/home/ashmu/ros2_ws/src/ur3e-codebase': CMAKE_PREFIX_PATH=/home/ashmu/ros2_ws/install/pymoveit2:/home/ashmu/ros2_ws/install/ur_simulation_gazebo:/home/ashmu/ros2_ws/install/ur_description PYTHONPATH=/home/ashmu/ros2_ws/build/ur3e_control_package/prefix_override:/usr/lib/python3/dist-packages/colcon_core/task/python/colcon_distutils_commands:/home/ashmu/ros2_ws/install/ur3e_control_package/lib/python3.10/site-packages:${PYTHONPATH} /usr/bin/python3 -W ignore:setup.py install is deprecated -W ignore:easy_install command is deprecated setup.py egg_info --egg-base ../../build/ur3e_control_package build --build-base /home/ashmu/ros2_ws/build/ur3e_control_package/build install --record /home/ashmu/ros2_ws/build/ur3e_control_package/install.log --single-version-externally-managed install_data
[1.400s] running egg_info
[1.401s] writing ../../build/ur3e_control_package/ur3e_control_package.egg-info/PKG-INFO
[1.401s] writing dependency_links to ../../build/ur3e_control_package/ur3e_control_package.egg-info/dependency_links.txt
[1.401s] writing entry points to ../../build/ur3e_control_package/ur3e_control_package.egg-info/entry_points.txt
[1.402s] writing requirements to ../../build/ur3e_control_package/ur3e_control_package.egg-info/requires.txt
[1.402s] writing top-level names to ../../build/ur3e_control_package/ur3e_control_package.egg-info/top_level.txt
[1.405s] reading manifest file '../../build/ur3e_control_package/ur3e_control_package.egg-info/SOURCES.txt'
[1.406s] adding license file 'LICENSE'
[1.407s] writing manifest file '../../build/ur3e_control_package/ur3e_control_package.egg-info/SOURCES.txt'
[1.407s] running build
[1.407s] running build_py
[1.408s] running install
[1.409s] running install_lib
[1.411s] running install_data
[1.411s] running install_egg_info
[1.414s] removing '/home/ashmu/ros2_ws/install/ur3e_control_package/lib/python3.10/site-packages/ur3e_control_package-0.0.0-py3.10.egg-info' (and everything under it)
[1.414s] Copying ../../build/ur3e_control_package/ur3e_control_package.egg-info to /home/ashmu/ros2_ws/install/ur3e_control_package/lib/python3.10/site-packages/ur3e_control_package-0.0.0-py3.10.egg-info
[1.416s] running install_scripts
[1.445s] Installing initials_demo script to /home/ashmu/ros2_ws/install/ur3e_control_package/lib/ur3e_control_package
[1.445s] Installing move_command script to /home/ashmu/ros2_ws/install/ur3e_control_package/lib/ur3e_control_package
[1.445s] Installing spawn_entities script to /home/ashmu/ros2_ws/install/ur3e_control_package/lib/ur3e_control_package
[1.445s] writing list of installed files to '/home/ashmu/ros2_ws/build/ur3e_control_package/install.log'
[1.488s] Invoked command in '/home/ashmu/ros2_ws/src/ur3e-codebase' returned '0': CMAKE_PREFIX_PATH=/home/ashmu/ros2_ws/install/pymoveit2:/home/ashmu/ros2_ws/install/ur_simulation_gazebo:/home/ashmu/ros2_ws/install/ur_description PYTHONPATH=/home/ashmu/ros2_ws/build/ur3e_control_package/prefix_override:/usr/lib/python3/dist-packages/colcon_core/task/python/colcon_distutils_commands:/home/ashmu/ros2_ws/install/ur3e_control_package/lib/python3.10/site-packages:${PYTHONPATH} /usr/bin/python3 -W ignore:setup.py install is deprecated -W ignore:easy_install command is deprecated setup.py egg_info --egg-base ../../build/ur3e_control_package build --build-base /home/ashmu/ros2_ws/build/ur3e_control_package/build install --record /home/ashmu/ros2_ws/build/ur3e_control_package/install.log --single-version-externally-managed install_data
