[0.483s] Invoking command in '/home/ashmu/ros2_ws/build/ur3e_control_package': PYTHONPATH=/home/ashmu/ros2_ws/build/ur3e_control_package/prefix_override:/usr/lib/python3/dist-packages/colcon_core/task/python/colcon_distutils_commands:/home/ashmu/ros2_ws/install/ur3e_control_package/lib/python3.10/site-packages:${PYTHONPATH} /usr/bin/python3 -W ignore:setup.py install is deprecated -W ignore:easy_install command is deprecated setup.py develop --editable --build-directory /home/ashmu/ros2_ws/build/ur3e_control_package/build --no-deps symlink_data
[0.658s] running develop
[0.759s] running egg_info
[0.760s] creating ur3e_control_package.egg-info
[0.760s] writing ur3e_control_package.egg-info/PKG-INFO
[0.760s] writing dependency_links to ur3e_control_package.egg-info/dependency_links.txt
[0.760s] writing entry points to ur3e_control_package.egg-info/entry_points.txt
[0.760s] writing requirements to ur3e_control_package.egg-info/requires.txt
[0.760s] writing top-level names to ur3e_control_package.egg-info/top_level.txt
[0.760s] writing manifest file 'ur3e_control_package.egg-info/SOURCES.txt'
[0.762s] reading manifest file 'ur3e_control_package.egg-info/SOURCES.txt'
[0.763s] writing manifest file 'ur3e_control_package.egg-info/SOURCES.txt'
[0.764s] running build_ext
[0.764s] Creating /home/ashmu/ros2_ws/install/ur3e_control_package/lib/python3.10/site-packages/ur3e-control-package.egg-link (link to .)
[0.765s] Installing initials_demo script to /home/ashmu/ros2_ws/install/ur3e_control_package/lib/ur3e_control_package
[0.765s] Installing move_command script to /home/ashmu/ros2_ws/install/ur3e_control_package/lib/ur3e_control_package
[0.765s] Installing spawn_entities script to /home/ashmu/ros2_ws/install/ur3e_control_package/lib/ur3e_control_package
[0.765s] 
[0.766s] Installed /home/ashmu/ros2_ws/build/ur3e_control_package
[0.766s] running symlink_data
[0.766s] creating /home/ashmu/ros2_ws/install/ur3e_control_package/share/ament_index
[0.766s] creating /home/ashmu/ros2_ws/install/ur3e_control_package/share/ament_index/resource_index
[0.766s] creating /home/ashmu/ros2_ws/install/ur3e_control_package/share/ament_index/resource_index/packages
[0.766s] symbolically linking /home/ashmu/ros2_ws/build/ur3e_control_package/resource/ur3e_control_package -> /home/ashmu/ros2_ws/install/ur3e_control_package/share/ament_index/resource_index/packages
[0.766s] symbolically linking /home/ashmu/ros2_ws/build/ur3e_control_package/package.xml -> /home/ashmu/ros2_ws/install/ur3e_control_package/share/ur3e_control_package
[0.766s] creating /home/ashmu/ros2_ws/install/ur3e_control_package/share/ur3e_control_package/launch
[0.793s] Invoked command in '/home/ashmu/ros2_ws/build/ur3e_control_package' returned '0': PYTHONPATH=/home/ashmu/ros2_ws/build/ur3e_control_package/prefix_override:/usr/lib/python3/dist-packages/colcon_core/task/python/colcon_distutils_commands:/home/ashmu/ros2_ws/install/ur3e_control_package/lib/python3.10/site-packages:${PYTHONPATH} /usr/bin/python3 -W ignore:setup.py install is deprecated -W ignore:easy_install command is deprecated setup.py develop --editable --build-directory /home/ashmu/ros2_ws/build/ur3e_control_package/build --no-deps symlink_data
