[0.560s] Invoking command in '/home/ashmu/ros2_ws/RS2/src/svg_waypoint_publisher': PYTHONPATH=/home/ashmu/ros2_ws/RS2/build/svg_waypoint_publisher/prefix_override:/usr/lib/python3/dist-packages/colcon_core/task/python/colcon_distutils_commands:/home/ashmu/ros2_ws/RS2/install/svg_waypoint_publisher/lib/python3.10/site-packages:${PYTHONPATH} /usr/bin/python3 -W ignore:setup.py install is deprecated -W ignore:easy_install command is deprecated setup.py egg_info --egg-base ../../build/svg_waypoint_publisher build --build-base /home/ashmu/ros2_ws/RS2/build/svg_waypoint_publisher/build install --record /home/ashmu/ros2_ws/RS2/build/svg_waypoint_publisher/install.log --single-version-externally-managed install_data
[0.746s] running egg_info
[0.747s] writing ../../build/svg_waypoint_publisher/svg_waypoint_publisher.egg-info/PKG-INFO
[0.747s] writing dependency_links to ../../build/svg_waypoint_publisher/svg_waypoint_publisher.egg-info/dependency_links.txt
[0.747s] writing entry points to ../../build/svg_waypoint_publisher/svg_waypoint_publisher.egg-info/entry_points.txt
[0.748s] writing requirements to ../../build/svg_waypoint_publisher/svg_waypoint_publisher.egg-info/requires.txt
[0.748s] writing top-level names to ../../build/svg_waypoint_publisher/svg_waypoint_publisher.egg-info/top_level.txt
[0.749s] reading manifest file '../../build/svg_waypoint_publisher/svg_waypoint_publisher.egg-info/SOURCES.txt'
[0.750s] writing manifest file '../../build/svg_waypoint_publisher/svg_waypoint_publisher.egg-info/SOURCES.txt'
[0.750s] running build
[0.750s] running build_py
[0.750s] copying svg_waypoint_publisher/waypoint_publisher.py -> /home/ashmu/ros2_ws/RS2/build/svg_waypoint_publisher/build/lib/svg_waypoint_publisher
[0.750s] running install
[0.751s] running install_lib
[0.751s] copying /home/ashmu/ros2_ws/RS2/build/svg_waypoint_publisher/build/lib/svg_waypoint_publisher/waypoint_publisher.py -> /home/ashmu/ros2_ws/RS2/install/svg_waypoint_publisher/lib/python3.10/site-packages/svg_waypoint_publisher
[0.751s] byte-compiling /home/ashmu/ros2_ws/RS2/install/svg_waypoint_publisher/lib/python3.10/site-packages/svg_waypoint_publisher/waypoint_publisher.py to waypoint_publisher.cpython-310.pyc
[0.752s] running install_data
[0.752s] running install_egg_info
[0.754s] removing '/home/ashmu/ros2_ws/RS2/install/svg_waypoint_publisher/lib/python3.10/site-packages/svg_waypoint_publisher-0.0.0-py3.10.egg-info' (and everything under it)
[0.754s] Copying ../../build/svg_waypoint_publisher/svg_waypoint_publisher.egg-info to /home/ashmu/ros2_ws/RS2/install/svg_waypoint_publisher/lib/python3.10/site-packages/svg_waypoint_publisher-0.0.0-py3.10.egg-info
[0.755s] running install_scripts
[0.775s] Installing svg_waypoint_publisher script to /home/ashmu/ros2_ws/RS2/install/svg_waypoint_publisher/lib/svg_waypoint_publisher
[0.775s] writing list of installed files to '/home/ashmu/ros2_ws/RS2/build/svg_waypoint_publisher/install.log'
[0.806s] Invoked command in '/home/ashmu/ros2_ws/RS2/src/svg_waypoint_publisher' returned '0': PYTHONPATH=/home/ashmu/ros2_ws/RS2/build/svg_waypoint_publisher/prefix_override:/usr/lib/python3/dist-packages/colcon_core/task/python/colcon_distutils_commands:/home/ashmu/ros2_ws/RS2/install/svg_waypoint_publisher/lib/python3.10/site-packages:${PYTHONPATH} /usr/bin/python3 -W ignore:setup.py install is deprecated -W ignore:easy_install command is deprecated setup.py egg_info --egg-base ../../build/svg_waypoint_publisher build --build-base /home/ashmu/ros2_ws/RS2/build/svg_waypoint_publisher/build install --record /home/ashmu/ros2_ws/RS2/build/svg_waypoint_publisher/install.log --single-version-externally-managed install_data
