[0.889s] Invoking command in '/home/ashmu/ros2_ws/build/moving_ur3e': PYTHONPATH=/home/ashmu/ros2_ws/build/moving_ur3e/prefix_override:/usr/lib/python3/dist-packages/colcon_core/task/python/colcon_distutils_commands:/home/ashmu/ros2_ws/install/moving_ur3e/lib/python3.10/site-packages:${PYTHONPATH} /usr/bin/python3 -W ignore:setup.py install is deprecated -W ignore:easy_install command is deprecated setup.py develop --uninstall --editable --build-directory /home/ashmu/ros2_ws/build/moving_ur3e/build
[1.265s] running develop
[1.501s] Removing /home/ashmu/ros2_ws/install/moving_ur3e/lib/python3.10/site-packages/moving-ur3e.egg-link (link to .)
[1.566s] Invoked command in '/home/ashmu/ros2_ws/build/moving_ur3e' returned '0': PYTHONPATH=/home/ashmu/ros2_ws/build/moving_ur3e/prefix_override:/usr/lib/python3/dist-packages/colcon_core/task/python/colcon_distutils_commands:/home/ashmu/ros2_ws/install/moving_ur3e/lib/python3.10/site-packages:${PYTHONPATH} /usr/bin/python3 -W ignore:setup.py install is deprecated -W ignore:easy_install command is deprecated setup.py develop --uninstall --editable --build-directory /home/ashmu/ros2_ws/build/moving_ur3e/build
[1.569s] Invoking command in '/home/ashmu/ros2_ws/src/moving_ur3e': PYTHONPATH=/home/ashmu/ros2_ws/build/moving_ur3e/prefix_override:/usr/lib/python3/dist-packages/colcon_core/task/python/colcon_distutils_commands:/home/ashmu/ros2_ws/install/moving_ur3e/lib/python3.10/site-packages:${PYTHONPATH} /usr/bin/python3 -W ignore:setup.py install is deprecated -W ignore:easy_install command is deprecated setup.py egg_info --egg-base ../../build/moving_ur3e build --build-base /home/ashmu/ros2_ws/build/moving_ur3e/build install --record /home/ashmu/ros2_ws/build/moving_ur3e/install.log --single-version-externally-managed install_data --force
[1.900s] running egg_info
[1.901s] writing ../../build/moving_ur3e/moving_ur3e.egg-info/PKG-INFO
[1.901s] writing dependency_links to ../../build/moving_ur3e/moving_ur3e.egg-info/dependency_links.txt
[1.901s] writing entry points to ../../build/moving_ur3e/moving_ur3e.egg-info/entry_points.txt
[1.901s] writing requirements to ../../build/moving_ur3e/moving_ur3e.egg-info/requires.txt
[1.902s] writing top-level names to ../../build/moving_ur3e/moving_ur3e.egg-info/top_level.txt
[1.904s] reading manifest file '../../build/moving_ur3e/moving_ur3e.egg-info/SOURCES.txt'
[1.905s] adding license file 'LICENSE'
[1.905s] writing manifest file '../../build/moving_ur3e/moving_ur3e.egg-info/SOURCES.txt'
[1.906s] running build
[1.906s] running build_py
[1.906s] creating /home/ashmu/ros2_ws/build/moving_ur3e/build
[1.906s] creating /home/ashmu/ros2_ws/build/moving_ur3e/build/lib
[1.906s] creating /home/ashmu/ros2_ws/build/moving_ur3e/build/lib/moving_ur3e
[1.906s] copying moving_ur3e/__init__.py -> /home/ashmu/ros2_ws/build/moving_ur3e/build/lib/moving_ur3e
[1.907s] running install
[1.907s] running install_lib
[1.908s] creating /home/ashmu/ros2_ws/install/moving_ur3e/lib/python3.10/site-packages/moving_ur3e
[1.908s] copying /home/ashmu/ros2_ws/build/moving_ur3e/build/lib/moving_ur3e/__init__.py -> /home/ashmu/ros2_ws/install/moving_ur3e/lib/python3.10/site-packages/moving_ur3e
[1.909s] byte-compiling /home/ashmu/ros2_ws/install/moving_ur3e/lib/python3.10/site-packages/moving_ur3e/__init__.py to __init__.cpython-310.pyc
[1.909s] running install_data
[1.910s] copying resource/moving_ur3e -> /home/ashmu/ros2_ws/install/moving_ur3e/share/ament_index/resource_index/packages
[1.910s] copying package.xml -> /home/ashmu/ros2_ws/install/moving_ur3e/share/moving_ur3e
[1.910s] running install_egg_info
[1.914s] Copying ../../build/moving_ur3e/moving_ur3e.egg-info to /home/ashmu/ros2_ws/install/moving_ur3e/lib/python3.10/site-packages/moving_ur3e-0.0.0-py3.10.egg-info
[1.916s] running install_scripts
[1.947s] Installing troll_mover script to /home/ashmu/ros2_ws/install/moving_ur3e/lib/moving_ur3e
[1.947s] writing list of installed files to '/home/ashmu/ros2_ws/build/moving_ur3e/install.log'
[1.987s] Invoked command in '/home/ashmu/ros2_ws/src/moving_ur3e' returned '0': PYTHONPATH=/home/ashmu/ros2_ws/build/moving_ur3e/prefix_override:/usr/lib/python3/dist-packages/colcon_core/task/python/colcon_distutils_commands:/home/ashmu/ros2_ws/install/moving_ur3e/lib/python3.10/site-packages:${PYTHONPATH} /usr/bin/python3 -W ignore:setup.py install is deprecated -W ignore:easy_install command is deprecated setup.py egg_info --egg-base ../../build/moving_ur3e build --build-base /home/ashmu/ros2_ws/build/moving_ur3e/build install --record /home/ashmu/ros2_ws/build/moving_ur3e/install.log --single-version-externally-managed install_data --force
