[0.011s] Invoking command in '/home/ashmu/ros2_ws/build/pymoveit2': CMAKE_PREFIX_PATH=${CMAKE_PREFIX_PATH}:/home/ashmu/ros2_ws/install/ur3e_motionresponse:/home/ashmu/ros2_ws/install/ur3e_motion:/home/ashmu/ros2_ws/install/ur3e_control_package:/home/ashmu/ros2_ws/install/py_pubsub:/opt/ros/iron:/opt/ros/humble /usr/bin/cmake /home/ashmu/ros2_ws/src/pymoveit2 -DAMENT_CMAKE_SYMLINK_INSTALL=1 -DCMAKE_INSTALL_PREFIX=/home/ashmu/ros2_ws/install/pymoveit2
[0.061s] -- The C compiler identification is GNU 11.4.0
[0.116s] -- The CXX compiler identification is GNU 11.4.0
[0.124s] -- Detecting C compiler ABI info
[0.194s] -- Detecting C compiler ABI info - done
[0.199s] -- Check for working C compiler: /usr/bin/cc - skipped
[0.200s] -- Detecting C compile features
[0.200s] -- Detecting C compile features - done
[0.202s] -- Detecting CXX compiler ABI info
[0.282s] -- Detecting CXX compiler ABI info - done
[0.287s] -- Check for working CXX compiler: /usr/bin/c++ - skipped
[0.287s] -- Detecting CXX compile features
[0.288s] -- Detecting CXX compile features - done
[0.290s] -- Found ament_cmake: 1.3.11 (/opt/ros/humble/share/ament_cmake/cmake)
[0.424s] -- Found Python3: /usr/bin/python3 (found version "3.10.12") found components: Interpreter 
[0.478s] -- Override CMake install command with custom implementation using symlinks instead of copying resources
[0.627s] -- Configuring done
[0.631s] -- Generating done
[0.632s] -- Build files have been written to: /home/ashmu/ros2_ws/build/pymoveit2
[0.640s] Invoked command in '/home/ashmu/ros2_ws/build/pymoveit2' returned '0': CMAKE_PREFIX_PATH=${CMAKE_PREFIX_PATH}:/home/ashmu/ros2_ws/install/ur3e_motionresponse:/home/ashmu/ros2_ws/install/ur3e_motion:/home/ashmu/ros2_ws/install/ur3e_control_package:/home/ashmu/ros2_ws/install/py_pubsub:/opt/ros/iron:/opt/ros/humble /usr/bin/cmake /home/ashmu/ros2_ws/src/pymoveit2 -DAMENT_CMAKE_SYMLINK_INSTALL=1 -DCMAKE_INSTALL_PREFIX=/home/ashmu/ros2_ws/install/pymoveit2
[0.642s] Invoking command in '/home/ashmu/ros2_ws/build/pymoveit2': CMAKE_PREFIX_PATH=${CMAKE_PREFIX_PATH}:/home/ashmu/ros2_ws/install/ur3e_motionresponse:/home/ashmu/ros2_ws/install/ur3e_motion:/home/ashmu/ros2_ws/install/ur3e_control_package:/home/ashmu/ros2_ws/install/py_pubsub:/opt/ros/iron:/opt/ros/humble /usr/bin/cmake --build /home/ashmu/ros2_ws/build/pymoveit2 -- -j12 -l12
[0.710s] Built target ament_cmake_python_symlink_pymoveit2
[0.877s] running egg_info
[0.877s] creating pymoveit2.egg-info
[0.877s] writing pymoveit2.egg-info/PKG-INFO
[0.877s] writing dependency_links to pymoveit2.egg-info/dependency_links.txt
[0.878s] writing top-level names to pymoveit2.egg-info/top_level.txt
[0.878s] writing manifest file 'pymoveit2.egg-info/SOURCES.txt'
[0.879s] reading manifest file 'pymoveit2.egg-info/SOURCES.txt'
[0.879s] writing manifest file 'pymoveit2.egg-info/SOURCES.txt'
[0.913s] Built target ament_cmake_python_build_pymoveit2_egg
[0.928s] Invoked command in '/home/ashmu/ros2_ws/build/pymoveit2' returned '0': CMAKE_PREFIX_PATH=${CMAKE_PREFIX_PATH}:/home/ashmu/ros2_ws/install/ur3e_motionresponse:/home/ashmu/ros2_ws/install/ur3e_motion:/home/ashmu/ros2_ws/install/ur3e_control_package:/home/ashmu/ros2_ws/install/py_pubsub:/opt/ros/iron:/opt/ros/humble /usr/bin/cmake --build /home/ashmu/ros2_ws/build/pymoveit2 -- -j12 -l12
[0.941s] Invoking command in '/home/ashmu/ros2_ws/build/pymoveit2': CMAKE_PREFIX_PATH=${CMAKE_PREFIX_PATH}:/home/ashmu/ros2_ws/install/ur3e_motionresponse:/home/ashmu/ros2_ws/install/ur3e_motion:/home/ashmu/ros2_ws/install/ur3e_control_package:/home/ashmu/ros2_ws/install/py_pubsub:/opt/ros/iron:/opt/ros/humble /usr/bin/cmake --install /home/ashmu/ros2_ws/build/pymoveit2
[0.949s] -- Install configuration: ""
[0.950s] -- Execute custom install script
[0.950s] -- Symlinking: /home/ashmu/ros2_ws/install/pymoveit2/share/pymoveit2/environment/pythonpath.sh
[0.960s] -- Symlinking: /home/ashmu/ros2_ws/install/pymoveit2/share/pymoveit2/environment/pythonpath.dsv
[0.971s] -- Symlinking: /home/ashmu/ros2_ws/install/pymoveit2/local/lib/python3.10/dist-packages/pymoveit2-4.0.0-py3.10.egg-info/PKG-INFO
[0.981s] -- Symlinking: /home/ashmu/ros2_ws/install/pymoveit2/local/lib/python3.10/dist-packages/pymoveit2-4.0.0-py3.10.egg-info/SOURCES.txt
[0.991s] -- Symlinking: /home/ashmu/ros2_ws/install/pymoveit2/local/lib/python3.10/dist-packages/pymoveit2-4.0.0-py3.10.egg-info/dependency_links.txt
[1.001s] -- Symlinking: /home/ashmu/ros2_ws/install/pymoveit2/local/lib/python3.10/dist-packages/pymoveit2-4.0.0-py3.10.egg-info/top_level.txt
[1.012s] -- Symlinking: /home/ashmu/ros2_ws/install/pymoveit2/local/lib/python3.10/dist-packages/pymoveit2/__init__.py
[1.023s] -- Symlinking: /home/ashmu/ros2_ws/install/pymoveit2/local/lib/python3.10/dist-packages/pymoveit2/gripper_command.py
[1.033s] -- Symlinking: /home/ashmu/ros2_ws/install/pymoveit2/local/lib/python3.10/dist-packages/pymoveit2/gripper_interface.py
[1.045s] -- Symlinking: /home/ashmu/ros2_ws/install/pymoveit2/local/lib/python3.10/dist-packages/pymoveit2/moveit2.py
[1.054s] -- Symlinking: /home/ashmu/ros2_ws/install/pymoveit2/local/lib/python3.10/dist-packages/pymoveit2/moveit2_gripper.py
[1.064s] -- Symlinking: /home/ashmu/ros2_ws/install/pymoveit2/local/lib/python3.10/dist-packages/pymoveit2/moveit2_servo.py
[1.075s] -- Symlinking: /home/ashmu/ros2_ws/install/pymoveit2/local/lib/python3.10/dist-packages/pymoveit2/robots/__init__.py
[1.083s] -- Symlinking: /home/ashmu/ros2_ws/install/pymoveit2/local/lib/python3.10/dist-packages/pymoveit2/robots/crane_x7.py
[1.094s] -- Symlinking: /home/ashmu/ros2_ws/install/pymoveit2/local/lib/python3.10/dist-packages/pymoveit2/robots/kinova.py
[1.102s] -- Symlinking: /home/ashmu/ros2_ws/install/pymoveit2/local/lib/python3.10/dist-packages/pymoveit2/robots/lbr.py
[1.112s] -- Symlinking: /home/ashmu/ros2_ws/install/pymoveit2/local/lib/python3.10/dist-packages/pymoveit2/robots/panda.py
[1.122s] -- Symlinking: /home/ashmu/ros2_ws/install/pymoveit2/local/lib/python3.10/dist-packages/pymoveit2/robots/phantomx_pincher.py
[1.131s] -- Symlinking: /home/ashmu/ros2_ws/install/pymoveit2/local/lib/python3.10/dist-packages/pymoveit2/robots/ur3e.py
[1.142s] -- Symlinking: /home/ashmu/ros2_ws/install/pymoveit2/lib/pymoveit2/ex_allow_collisions.py
[1.151s] -- Symlinking: /home/ashmu/ros2_ws/install/pymoveit2/lib/pymoveit2/ex_clear_planning_scene.py
[1.160s] -- Symlinking: /home/ashmu/ros2_ws/install/pymoveit2/lib/pymoveit2/ex_collision_mesh.py
[1.170s] -- Symlinking: /home/ashmu/ros2_ws/install/pymoveit2/lib/pymoveit2/ex_collision_primitive.py
[1.179s] -- Symlinking: /home/ashmu/ros2_ws/install/pymoveit2/lib/pymoveit2/ex_fk.py
[1.187s] -- Symlinking: /home/ashmu/ros2_ws/install/pymoveit2/lib/pymoveit2/ex_gripper.py
[1.196s] -- Symlinking: /home/ashmu/ros2_ws/install/pymoveit2/lib/pymoveit2/ex_ik.py
[1.205s] -- Symlinking: /home/ashmu/ros2_ws/install/pymoveit2/lib/pymoveit2/ex_joint_goal.py
[1.213s] -- Symlinking: /home/ashmu/ros2_ws/install/pymoveit2/lib/pymoveit2/ex_orientation_path_constraint.py
[1.222s] -- Symlinking: /home/ashmu/ros2_ws/install/pymoveit2/lib/pymoveit2/ex_pose_goal.py
[1.232s] -- Symlinking: /home/ashmu/ros2_ws/install/pymoveit2/lib/pymoveit2/ex_servo.py
[1.243s] -- Symlinking: /home/ashmu/ros2_ws/install/pymoveit2/share/ament_index/resource_index/package_run_dependencies/pymoveit2
[1.251s] -- Symlinking: /home/ashmu/ros2_ws/install/pymoveit2/share/ament_index/resource_index/parent_prefix_path/pymoveit2
[1.259s] -- Symlinking: /home/ashmu/ros2_ws/install/pymoveit2/share/pymoveit2/environment/ament_prefix_path.sh
[1.268s] -- Symlinking: /home/ashmu/ros2_ws/install/pymoveit2/share/pymoveit2/environment/ament_prefix_path.dsv
[1.276s] -- Symlinking: /home/ashmu/ros2_ws/install/pymoveit2/share/pymoveit2/environment/path.sh
[1.286s] -- Symlinking: /home/ashmu/ros2_ws/install/pymoveit2/share/pymoveit2/environment/path.dsv
[1.295s] -- Symlinking: /home/ashmu/ros2_ws/install/pymoveit2/share/pymoveit2/local_setup.bash
[1.304s] -- Symlinking: /home/ashmu/ros2_ws/install/pymoveit2/share/pymoveit2/local_setup.sh
[1.314s] -- Symlinking: /home/ashmu/ros2_ws/install/pymoveit2/share/pymoveit2/local_setup.zsh
[1.323s] -- Symlinking: /home/ashmu/ros2_ws/install/pymoveit2/share/pymoveit2/local_setup.dsv
[1.332s] -- Symlinking: /home/ashmu/ros2_ws/install/pymoveit2/share/pymoveit2/package.dsv
[1.343s] -- Symlinking: /home/ashmu/ros2_ws/install/pymoveit2/share/ament_index/resource_index/packages/pymoveit2
[1.352s] -- Symlinking: /home/ashmu/ros2_ws/install/pymoveit2/share/pymoveit2/cmake/pymoveit2Config.cmake
[1.360s] -- Symlinking: /home/ashmu/ros2_ws/install/pymoveit2/share/pymoveit2/cmake/pymoveit2Config-version.cmake
[1.369s] -- Symlinking: /home/ashmu/ros2_ws/install/pymoveit2/share/pymoveit2/package.xml
[1.414s] Listing '/home/ashmu/ros2_ws/install/pymoveit2/local/lib/python3.10/dist-packages/pymoveit2'...
[1.414s] Compiling '/home/ashmu/ros2_ws/install/pymoveit2/local/lib/python3.10/dist-packages/pymoveit2/__init__.py'...
[1.414s] Compiling '/home/ashmu/ros2_ws/install/pymoveit2/local/lib/python3.10/dist-packages/pymoveit2/gripper_command.py'...
[1.414s] Compiling '/home/ashmu/ros2_ws/install/pymoveit2/local/lib/python3.10/dist-packages/pymoveit2/gripper_interface.py'...
[1.414s] Compiling '/home/ashmu/ros2_ws/install/pymoveit2/local/lib/python3.10/dist-packages/pymoveit2/moveit2.py'...
[1.414s] Compiling '/home/ashmu/ros2_ws/install/pymoveit2/local/lib/python3.10/dist-packages/pymoveit2/moveit2_gripper.py'...
[1.414s] Compiling '/home/ashmu/ros2_ws/install/pymoveit2/local/lib/python3.10/dist-packages/pymoveit2/moveit2_servo.py'...
[1.414s] Listing '/home/ashmu/ros2_ws/install/pymoveit2/local/lib/python3.10/dist-packages/pymoveit2/robots'...
[1.415s] Compiling '/home/ashmu/ros2_ws/install/pymoveit2/local/lib/python3.10/dist-packages/pymoveit2/robots/__init__.py'...
[1.415s] Compiling '/home/ashmu/ros2_ws/install/pymoveit2/local/lib/python3.10/dist-packages/pymoveit2/robots/crane_x7.py'...
[1.415s] Compiling '/home/ashmu/ros2_ws/install/pymoveit2/local/lib/python3.10/dist-packages/pymoveit2/robots/kinova.py'...
[1.415s] Compiling '/home/ashmu/ros2_ws/install/pymoveit2/local/lib/python3.10/dist-packages/pymoveit2/robots/lbr.py'...
[1.415s] Compiling '/home/ashmu/ros2_ws/install/pymoveit2/local/lib/python3.10/dist-packages/pymoveit2/robots/panda.py'...
[1.415s] Compiling '/home/ashmu/ros2_ws/install/pymoveit2/local/lib/python3.10/dist-packages/pymoveit2/robots/phantomx_pincher.py'...
[1.415s] Compiling '/home/ashmu/ros2_ws/install/pymoveit2/local/lib/python3.10/dist-packages/pymoveit2/robots/ur3e.py'...
[1.420s] Invoked command in '/home/ashmu/ros2_ws/build/pymoveit2' returned '0': CMAKE_PREFIX_PATH=${CMAKE_PREFIX_PATH}:/home/ashmu/ros2_ws/install/ur3e_motionresponse:/home/ashmu/ros2_ws/install/ur3e_motion:/home/ashmu/ros2_ws/install/ur3e_control_package:/home/ashmu/ros2_ws/install/py_pubsub:/opt/ros/iron:/opt/ros/humble /usr/bin/cmake --install /home/ashmu/ros2_ws/build/pymoveit2
