[0.842s] Invoking command in '/home/ashmu/ros2_ws/RS2/build/ur3e_controller': CMAKE_PREFIX_PATH=${CMAKE_PREFIX_PATH}:/home/ashmu/ros2_ws/RS2/install/svg_waypoint_publisher:/home/ashmu/ros2_ws/RS2/install/svg_command_subscriber:/home/ashmu/ros2_ws/RS2/install/selfie_taker:/home/ashmu/ros2_ws/install/svg_waypoint_publisher:/home/ashmu/ros2_ws/install/svg_command_subscriber:/home/ashmu/ros2_ws/install/selfie_taker:/home/ashmu/ros2_ws/install/rqt_joint_trajectory_controller:/home/ashmu/ros2_ws/install/rqt_controller_manager:/home/ashmu/ros2_ws/install/ros2controlcli:/home/ashmu/ros2_ws/install/ros2_controllers_test_nodes:/opt/ros/humble /usr/bin/cmake --build /home/ashmu/ros2_ws/RS2/build/ur3e_controller -- -j12 -l12
[0.974s] [ 50%] [32mBuilding CXX object CMakeFiles/ur_node.dir/src/ur_node.cpp.o[0m
[14.000s] [100%] [32m[1mLinking CXX executable ur_node[0m
[14.629s] [100%] Built target ur_node
[14.648s] Invoked command in '/home/ashmu/ros2_ws/RS2/build/ur3e_controller' returned '0': CMAKE_PREFIX_PATH=${CMAKE_PREFIX_PATH}:/home/ashmu/ros2_ws/RS2/install/svg_waypoint_publisher:/home/ashmu/ros2_ws/RS2/install/svg_command_subscriber:/home/ashmu/ros2_ws/RS2/install/selfie_taker:/home/ashmu/ros2_ws/install/svg_waypoint_publisher:/home/ashmu/ros2_ws/install/svg_command_subscriber:/home/ashmu/ros2_ws/install/selfie_taker:/home/ashmu/ros2_ws/install/rqt_joint_trajectory_controller:/home/ashmu/ros2_ws/install/rqt_controller_manager:/home/ashmu/ros2_ws/install/ros2controlcli:/home/ashmu/ros2_ws/install/ros2_controllers_test_nodes:/opt/ros/humble /usr/bin/cmake --build /home/ashmu/ros2_ws/RS2/build/ur3e_controller -- -j12 -l12
[14.665s] Invoking command in '/home/ashmu/ros2_ws/RS2/build/ur3e_controller': CMAKE_PREFIX_PATH=${CMAKE_PREFIX_PATH}:/home/ashmu/ros2_ws/RS2/install/svg_waypoint_publisher:/home/ashmu/ros2_ws/RS2/install/svg_command_subscriber:/home/ashmu/ros2_ws/RS2/install/selfie_taker:/home/ashmu/ros2_ws/install/svg_waypoint_publisher:/home/ashmu/ros2_ws/install/svg_command_subscriber:/home/ashmu/ros2_ws/install/selfie_taker:/home/ashmu/ros2_ws/install/rqt_joint_trajectory_controller:/home/ashmu/ros2_ws/install/rqt_controller_manager:/home/ashmu/ros2_ws/install/ros2controlcli:/home/ashmu/ros2_ws/install/ros2_controllers_test_nodes:/opt/ros/humble /usr/bin/cmake --install /home/ashmu/ros2_ws/RS2/build/ur3e_controller
[14.674s] -- Install configuration: ""
[14.675s] -- Installing: /home/ashmu/ros2_ws/RS2/install/ur3e_controller/lib/ur3e_controller/ur_node
[14.679s] -- Set runtime path of "/home/ashmu/ros2_ws/RS2/install/ur3e_controller/lib/ur3e_controller/ur_node" to ""
[14.679s] -- Up-to-date: /home/ashmu/ros2_ws/RS2/install/ur3e_controller/share/ament_index/resource_index/package_run_dependencies/ur3e_controller
[14.680s] -- Up-to-date: /home/ashmu/ros2_ws/RS2/install/ur3e_controller/share/ament_index/resource_index/parent_prefix_path/ur3e_controller
[14.680s] -- Up-to-date: /home/ashmu/ros2_ws/RS2/install/ur3e_controller/share/ur3e_controller/environment/ament_prefix_path.sh
[14.680s] -- Up-to-date: /home/ashmu/ros2_ws/RS2/install/ur3e_controller/share/ur3e_controller/environment/ament_prefix_path.dsv
[14.680s] -- Up-to-date: /home/ashmu/ros2_ws/RS2/install/ur3e_controller/share/ur3e_controller/environment/path.sh
[14.680s] -- Up-to-date: /home/ashmu/ros2_ws/RS2/install/ur3e_controller/share/ur3e_controller/environment/path.dsv
[14.680s] -- Up-to-date: /home/ashmu/ros2_ws/RS2/install/ur3e_controller/share/ur3e_controller/local_setup.bash
[14.680s] -- Up-to-date: /home/ashmu/ros2_ws/RS2/install/ur3e_controller/share/ur3e_controller/local_setup.sh
[14.680s] -- Up-to-date: /home/ashmu/ros2_ws/RS2/install/ur3e_controller/share/ur3e_controller/local_setup.zsh
[14.680s] -- Up-to-date: /home/ashmu/ros2_ws/RS2/install/ur3e_controller/share/ur3e_controller/local_setup.dsv
[14.680s] -- Installing: /home/ashmu/ros2_ws/RS2/install/ur3e_controller/share/ur3e_controller/package.dsv
[14.680s] -- Up-to-date: /home/ashmu/ros2_ws/RS2/install/ur3e_controller/share/ament_index/resource_index/packages/ur3e_controller
[14.680s] -- Up-to-date: /home/ashmu/ros2_ws/RS2/install/ur3e_controller/share/ur3e_controller/cmake/ur3e_controllerConfig.cmake
[14.680s] -- Up-to-date: /home/ashmu/ros2_ws/RS2/install/ur3e_controller/share/ur3e_controller/cmake/ur3e_controllerConfig-version.cmake
[14.680s] -- Up-to-date: /home/ashmu/ros2_ws/RS2/install/ur3e_controller/share/ur3e_controller/package.xml
[14.683s] Invoked command in '/home/ashmu/ros2_ws/RS2/build/ur3e_controller' returned '0': CMAKE_PREFIX_PATH=${CMAKE_PREFIX_PATH}:/home/ashmu/ros2_ws/RS2/install/svg_waypoint_publisher:/home/ashmu/ros2_ws/RS2/install/svg_command_subscriber:/home/ashmu/ros2_ws/RS2/install/selfie_taker:/home/ashmu/ros2_ws/install/svg_waypoint_publisher:/home/ashmu/ros2_ws/install/svg_command_subscriber:/home/ashmu/ros2_ws/install/selfie_taker:/home/ashmu/ros2_ws/install/rqt_joint_trajectory_controller:/home/ashmu/ros2_ws/install/rqt_controller_manager:/home/ashmu/ros2_ws/install/ros2controlcli:/home/ashmu/ros2_ws/install/ros2_controllers_test_nodes:/opt/ros/humble /usr/bin/cmake --install /home/ashmu/ros2_ws/RS2/build/ur3e_controller
