[0.009s] Invoking command in '/home/ashmu/ros2_ws/build/pymoveit2': CMAKE_PREFIX_PATH=${CMAKE_PREFIX_PATH}:/home/ashmu/ros2_ws/install/ur3e_motionresponse:/home/ashmu/ros2_ws/install/ur3e_motion:/home/ashmu/ros2_ws/install/ur3e_control_package:/home/ashmu/ros2_ws/install/py_pubsub:/opt/ros/iron:/opt/ros/humble /usr/bin/cmake /home/ashmu/ros2_ws/src/pymoveit2 -DCMAKE_INSTALL_PREFIX=/home/ashmu/ros2_ws/install/pymoveit2
[0.024s] -- Found ament_cmake: 1.3.11 (/opt/ros/humble/share/ament_cmake/cmake)
[0.118s] -- Override CMake install command with custom implementation using symlinks instead of copying resources
[0.222s] -- Configuring done
[0.226s] -- Generating done
[0.228s] -- Build files have been written to: /home/ashmu/ros2_ws/build/pymoveit2
[0.236s] Invoked command in '/home/ashmu/ros2_ws/build/pymoveit2' returned '0': CMAKE_PREFIX_PATH=${CMAKE_PREFIX_PATH}:/home/ashmu/ros2_ws/install/ur3e_motionresponse:/home/ashmu/ros2_ws/install/ur3e_motion:/home/ashmu/ros2_ws/install/ur3e_control_package:/home/ashmu/ros2_ws/install/py_pubsub:/opt/ros/iron:/opt/ros/humble /usr/bin/cmake /home/ashmu/ros2_ws/src/pymoveit2 -DCMAKE_INSTALL_PREFIX=/home/ashmu/ros2_ws/install/pymoveit2
[0.236s] Invoking command in '/home/ashmu/ros2_ws/build/pymoveit2': CMAKE_PREFIX_PATH=${CMAKE_PREFIX_PATH}:/home/ashmu/ros2_ws/install/ur3e_motionresponse:/home/ashmu/ros2_ws/install/ur3e_motion:/home/ashmu/ros2_ws/install/ur3e_control_package:/home/ashmu/ros2_ws/install/py_pubsub:/opt/ros/iron:/opt/ros/humble /usr/bin/cmake --build /home/ashmu/ros2_ws/build/pymoveit2 -- -j12 -l12
[0.297s] Built target ament_cmake_python_symlink_pymoveit2
[0.477s] running egg_info
[0.477s] writing pymoveit2.egg-info/PKG-INFO
[0.478s] writing dependency_links to pymoveit2.egg-info/dependency_links.txt
[0.478s] writing top-level names to pymoveit2.egg-info/top_level.txt
[0.479s] reading manifest file 'pymoveit2.egg-info/SOURCES.txt'
[0.480s] writing manifest file 'pymoveit2.egg-info/SOURCES.txt'
[0.518s] Built target ament_cmake_python_build_pymoveit2_egg
[0.532s] Invoked command in '/home/ashmu/ros2_ws/build/pymoveit2' returned '0': CMAKE_PREFIX_PATH=${CMAKE_PREFIX_PATH}:/home/ashmu/ros2_ws/install/ur3e_motionresponse:/home/ashmu/ros2_ws/install/ur3e_motion:/home/ashmu/ros2_ws/install/ur3e_control_package:/home/ashmu/ros2_ws/install/py_pubsub:/opt/ros/iron:/opt/ros/humble /usr/bin/cmake --build /home/ashmu/ros2_ws/build/pymoveit2 -- -j12 -l12
[0.545s] Invoking command in '/home/ashmu/ros2_ws/build/pymoveit2': CMAKE_PREFIX_PATH=${CMAKE_PREFIX_PATH}:/home/ashmu/ros2_ws/install/ur3e_motionresponse:/home/ashmu/ros2_ws/install/ur3e_motion:/home/ashmu/ros2_ws/install/ur3e_control_package:/home/ashmu/ros2_ws/install/py_pubsub:/opt/ros/iron:/opt/ros/humble /usr/bin/cmake --install /home/ashmu/ros2_ws/build/pymoveit2
[0.552s] -- Install configuration: ""
[0.552s] -- Execute custom install script
[0.553s] -- Up-to-date symlink: /home/ashmu/ros2_ws/install/pymoveit2/share/pymoveit2/environment/pythonpath.sh
[0.553s] -- Up-to-date symlink: /home/ashmu/ros2_ws/install/pymoveit2/share/pymoveit2/environment/pythonpath.dsv
[0.553s] -- Up-to-date symlink: /home/ashmu/ros2_ws/install/pymoveit2/local/lib/python3.10/dist-packages/pymoveit2-4.0.0-py3.10.egg-info/PKG-INFO
[0.553s] -- Up-to-date symlink: /home/ashmu/ros2_ws/install/pymoveit2/local/lib/python3.10/dist-packages/pymoveit2-4.0.0-py3.10.egg-info/SOURCES.txt
[0.553s] -- Up-to-date symlink: /home/ashmu/ros2_ws/install/pymoveit2/local/lib/python3.10/dist-packages/pymoveit2-4.0.0-py3.10.egg-info/dependency_links.txt
[0.553s] -- Up-to-date symlink: /home/ashmu/ros2_ws/install/pymoveit2/local/lib/python3.10/dist-packages/pymoveit2-4.0.0-py3.10.egg-info/top_level.txt
[0.553s] -- Up-to-date symlink: /home/ashmu/ros2_ws/install/pymoveit2/local/lib/python3.10/dist-packages/pymoveit2/__init__.py
[0.554s] -- Up-to-date symlink: /home/ashmu/ros2_ws/install/pymoveit2/local/lib/python3.10/dist-packages/pymoveit2/gripper_command.py
[0.554s] -- Up-to-date symlink: /home/ashmu/ros2_ws/install/pymoveit2/local/lib/python3.10/dist-packages/pymoveit2/gripper_interface.py
[0.554s] -- Up-to-date symlink: /home/ashmu/ros2_ws/install/pymoveit2/local/lib/python3.10/dist-packages/pymoveit2/moveit2.py
[0.554s] -- Up-to-date symlink: /home/ashmu/ros2_ws/install/pymoveit2/local/lib/python3.10/dist-packages/pymoveit2/moveit2_gripper.py
[0.554s] -- Up-to-date symlink: /home/ashmu/ros2_ws/install/pymoveit2/local/lib/python3.10/dist-packages/pymoveit2/moveit2_servo.py
[0.554s] -- Up-to-date symlink: /home/ashmu/ros2_ws/install/pymoveit2/local/lib/python3.10/dist-packages/pymoveit2/robots/__init__.py
[0.554s] -- Up-to-date symlink: /home/ashmu/ros2_ws/install/pymoveit2/local/lib/python3.10/dist-packages/pymoveit2/robots/crane_x7.py
[0.554s] -- Up-to-date symlink: /home/ashmu/ros2_ws/install/pymoveit2/local/lib/python3.10/dist-packages/pymoveit2/robots/kinova.py
[0.554s] -- Up-to-date symlink: /home/ashmu/ros2_ws/install/pymoveit2/local/lib/python3.10/dist-packages/pymoveit2/robots/lbr.py
[0.554s] -- Up-to-date symlink: /home/ashmu/ros2_ws/install/pymoveit2/local/lib/python3.10/dist-packages/pymoveit2/robots/panda.py
[0.554s] -- Up-to-date symlink: /home/ashmu/ros2_ws/install/pymoveit2/local/lib/python3.10/dist-packages/pymoveit2/robots/phantomx_pincher.py
[0.554s] -- Up-to-date symlink: /home/ashmu/ros2_ws/install/pymoveit2/local/lib/python3.10/dist-packages/pymoveit2/robots/ur3e.py
[0.554s] -- Up-to-date symlink: /home/ashmu/ros2_ws/install/pymoveit2/lib/pymoveit2/ex_allow_collisions.py
[0.554s] -- Up-to-date symlink: /home/ashmu/ros2_ws/install/pymoveit2/lib/pymoveit2/ex_clear_planning_scene.py
[0.555s] -- Up-to-date symlink: /home/ashmu/ros2_ws/install/pymoveit2/lib/pymoveit2/ex_collision_mesh.py
[0.555s] -- Up-to-date symlink: /home/ashmu/ros2_ws/install/pymoveit2/lib/pymoveit2/ex_collision_primitive.py
[0.555s] -- Up-to-date symlink: /home/ashmu/ros2_ws/install/pymoveit2/lib/pymoveit2/ex_fk.py
[0.555s] -- Up-to-date symlink: /home/ashmu/ros2_ws/install/pymoveit2/lib/pymoveit2/ex_gripper.py
[0.555s] -- Up-to-date symlink: /home/ashmu/ros2_ws/install/pymoveit2/lib/pymoveit2/ex_ik.py
[0.555s] -- Up-to-date symlink: /home/ashmu/ros2_ws/install/pymoveit2/lib/pymoveit2/ex_joint_goal.py
[0.555s] -- Up-to-date symlink: /home/ashmu/ros2_ws/install/pymoveit2/lib/pymoveit2/ex_orientation_path_constraint.py
[0.555s] -- Up-to-date symlink: /home/ashmu/ros2_ws/install/pymoveit2/lib/pymoveit2/ex_pose_goal.py
[0.555s] -- Up-to-date symlink: /home/ashmu/ros2_ws/install/pymoveit2/lib/pymoveit2/ex_servo.py
[0.555s] -- Up-to-date symlink: /home/ashmu/ros2_ws/install/pymoveit2/share/ament_index/resource_index/package_run_dependencies/pymoveit2
[0.555s] -- Up-to-date symlink: /home/ashmu/ros2_ws/install/pymoveit2/share/ament_index/resource_index/parent_prefix_path/pymoveit2
[0.555s] -- Up-to-date symlink: /home/ashmu/ros2_ws/install/pymoveit2/share/pymoveit2/environment/ament_prefix_path.sh
[0.556s] -- Up-to-date symlink: /home/ashmu/ros2_ws/install/pymoveit2/share/pymoveit2/environment/ament_prefix_path.dsv
[0.556s] -- Up-to-date symlink: /home/ashmu/ros2_ws/install/pymoveit2/share/pymoveit2/environment/path.sh
[0.556s] -- Up-to-date symlink: /home/ashmu/ros2_ws/install/pymoveit2/share/pymoveit2/environment/path.dsv
[0.556s] -- Up-to-date symlink: /home/ashmu/ros2_ws/install/pymoveit2/share/pymoveit2/local_setup.bash
[0.556s] -- Up-to-date symlink: /home/ashmu/ros2_ws/install/pymoveit2/share/pymoveit2/local_setup.sh
[0.556s] -- Up-to-date symlink: /home/ashmu/ros2_ws/install/pymoveit2/share/pymoveit2/local_setup.zsh
[0.556s] -- Up-to-date symlink: /home/ashmu/ros2_ws/install/pymoveit2/share/pymoveit2/local_setup.dsv
[0.556s] -- Symlinking: /home/ashmu/ros2_ws/install/pymoveit2/share/pymoveit2/package.dsv
[0.565s] -- Up-to-date symlink: /home/ashmu/ros2_ws/install/pymoveit2/share/ament_index/resource_index/packages/pymoveit2
[0.566s] -- Up-to-date symlink: /home/ashmu/ros2_ws/install/pymoveit2/share/pymoveit2/cmake/pymoveit2Config.cmake
[0.566s] -- Up-to-date symlink: /home/ashmu/ros2_ws/install/pymoveit2/share/pymoveit2/cmake/pymoveit2Config-version.cmake
[0.566s] -- Up-to-date symlink: /home/ashmu/ros2_ws/install/pymoveit2/share/pymoveit2/package.xml
[0.590s] Listing '/home/ashmu/ros2_ws/install/pymoveit2/local/lib/python3.10/dist-packages/pymoveit2'...
[0.590s] Listing '/home/ashmu/ros2_ws/install/pymoveit2/local/lib/python3.10/dist-packages/pymoveit2/robots'...
[0.596s] Invoked command in '/home/ashmu/ros2_ws/build/pymoveit2' returned '0': CMAKE_PREFIX_PATH=${CMAKE_PREFIX_PATH}:/home/ashmu/ros2_ws/install/ur3e_motionresponse:/home/ashmu/ros2_ws/install/ur3e_motion:/home/ashmu/ros2_ws/install/ur3e_control_package:/home/ashmu/ros2_ws/install/py_pubsub:/opt/ros/iron:/opt/ros/humble /usr/bin/cmake --install /home/ashmu/ros2_ws/build/pymoveit2
