[0.070s] Invoking command in '/home/ashmu/ros2_ws/build/pymoveit2': CMAKE_PREFIX_PATH=${CMAKE_PREFIX_PATH}:/home/ashmu/ros2_ws/install/ur3e_control_package:/home/ashmu/ros2_ws/install/moving_ur3e:/opt/ros/humble /usr/bin/cmake --build /home/ashmu/ros2_ws/build/pymoveit2 -- -j12 -l12
[0.266s] Built target ament_cmake_python_symlink_pymoveit2
[0.972s] running egg_info
[0.973s] writing pymoveit2.egg-info/PKG-INFO
[0.975s] writing dependency_links to pymoveit2.egg-info/dependency_links.txt
[0.975s] writing top-level names to pymoveit2.egg-info/top_level.txt
[0.982s] reading manifest file 'pymoveit2.egg-info/SOURCES.txt'
[0.985s] writing manifest file 'pymoveit2.egg-info/SOURCES.txt'
[1.096s] Built target ament_cmake_python_build_pymoveit2_egg
[1.261s] Invoked command in '/home/ashmu/ros2_ws/build/pymoveit2' returned '0': CMAKE_PREFIX_PATH=${CMAKE_PREFIX_PATH}:/home/ashmu/ros2_ws/install/ur3e_control_package:/home/ashmu/ros2_ws/install/moving_ur3e:/opt/ros/humble /usr/bin/cmake --build /home/ashmu/ros2_ws/build/pymoveit2 -- -j12 -l12
[1.262s] Invoking command in '/home/ashmu/ros2_ws/build/pymoveit2': CMAKE_PREFIX_PATH=${CMAKE_PREFIX_PATH}:/home/ashmu/ros2_ws/install/ur3e_control_package:/home/ashmu/ros2_ws/install/moving_ur3e:/opt/ros/humble /usr/bin/cmake --install /home/ashmu/ros2_ws/build/pymoveit2
[1.375s] -- Install configuration: ""
[1.379s] -- Execute custom install script
[1.383s] -- Up-to-date symlink: /home/ashmu/ros2_ws/install/pymoveit2/share/pymoveit2/environment/pythonpath.sh
[1.384s] -- Up-to-date symlink: /home/ashmu/ros2_ws/install/pymoveit2/share/pymoveit2/environment/pythonpath.dsv
[1.387s] -- Up-to-date symlink: /home/ashmu/ros2_ws/install/pymoveit2/local/lib/python3.10/dist-packages/pymoveit2-4.0.0-py3.10.egg-info/PKG-INFO
[1.388s] -- Up-to-date symlink: /home/ashmu/ros2_ws/install/pymoveit2/local/lib/python3.10/dist-packages/pymoveit2-4.0.0-py3.10.egg-info/SOURCES.txt
[1.388s] -- Up-to-date symlink: /home/ashmu/ros2_ws/install/pymoveit2/local/lib/python3.10/dist-packages/pymoveit2-4.0.0-py3.10.egg-info/dependency_links.txt
[1.388s] -- Up-to-date symlink: /home/ashmu/ros2_ws/install/pymoveit2/local/lib/python3.10/dist-packages/pymoveit2-4.0.0-py3.10.egg-info/top_level.txt
[1.392s] -- Up-to-date symlink: /home/ashmu/ros2_ws/install/pymoveit2/local/lib/python3.10/dist-packages/pymoveit2/__init__.py
[1.392s] -- Up-to-date symlink: /home/ashmu/ros2_ws/install/pymoveit2/local/lib/python3.10/dist-packages/pymoveit2/gripper_command.py
[1.395s] -- Up-to-date symlink: /home/ashmu/ros2_ws/install/pymoveit2/local/lib/python3.10/dist-packages/pymoveit2/gripper_interface.py
[1.396s] -- Up-to-date symlink: /home/ashmu/ros2_ws/install/pymoveit2/local/lib/python3.10/dist-packages/pymoveit2/moveit2.py
[1.396s] -- Up-to-date symlink: /home/ashmu/ros2_ws/install/pymoveit2/local/lib/python3.10/dist-packages/pymoveit2/moveit2_gripper.py
[1.397s] -- Up-to-date symlink: /home/ashmu/ros2_ws/install/pymoveit2/local/lib/python3.10/dist-packages/pymoveit2/moveit2_servo.py
[1.400s] -- Up-to-date symlink: /home/ashmu/ros2_ws/install/pymoveit2/local/lib/python3.10/dist-packages/pymoveit2/robots/__init__.py
[1.401s] -- Up-to-date symlink: /home/ashmu/ros2_ws/install/pymoveit2/local/lib/python3.10/dist-packages/pymoveit2/robots/crane_x7.py
[1.402s] -- Up-to-date symlink: /home/ashmu/ros2_ws/install/pymoveit2/local/lib/python3.10/dist-packages/pymoveit2/robots/kinova.py
[1.402s] -- Up-to-date symlink: /home/ashmu/ros2_ws/install/pymoveit2/local/lib/python3.10/dist-packages/pymoveit2/robots/lbr.py
[1.402s] -- Up-to-date symlink: /home/ashmu/ros2_ws/install/pymoveit2/local/lib/python3.10/dist-packages/pymoveit2/robots/panda.py
[1.403s] -- Up-to-date symlink: /home/ashmu/ros2_ws/install/pymoveit2/local/lib/python3.10/dist-packages/pymoveit2/robots/phantomx_pincher.py
[1.407s] -- Up-to-date symlink: /home/ashmu/ros2_ws/install/pymoveit2/local/lib/python3.10/dist-packages/pymoveit2/robots/ur3e.py
[1.407s] -- Up-to-date symlink: /home/ashmu/ros2_ws/install/pymoveit2/lib/pymoveit2/ex_allow_collisions.py
[1.409s] -- Up-to-date symlink: /home/ashmu/ros2_ws/install/pymoveit2/lib/pymoveit2/ex_clear_planning_scene.py
[1.411s] -- Up-to-date symlink: /home/ashmu/ros2_ws/install/pymoveit2/lib/pymoveit2/ex_collision_mesh.py
[1.413s] -- Up-to-date symlink: /home/ashmu/ros2_ws/install/pymoveit2/lib/pymoveit2/ex_collision_primitive.py
[1.415s] -- Up-to-date symlink: /home/ashmu/ros2_ws/install/pymoveit2/lib/pymoveit2/ex_fk.py
[1.415s] -- Up-to-date symlink: /home/ashmu/ros2_ws/install/pymoveit2/lib/pymoveit2/ex_gripper.py
[1.418s] -- Up-to-date symlink: /home/ashmu/ros2_ws/install/pymoveit2/lib/pymoveit2/ex_ik.py
[1.419s] -- Up-to-date symlink: /home/ashmu/ros2_ws/install/pymoveit2/lib/pymoveit2/ex_joint_goal.py
[1.419s] -- Up-to-date symlink: /home/ashmu/ros2_ws/install/pymoveit2/lib/pymoveit2/ex_orientation_path_constraint.py
[1.419s] -- Up-to-date symlink: /home/ashmu/ros2_ws/install/pymoveit2/lib/pymoveit2/ex_pose_goal.py
[1.419s] -- Up-to-date symlink: /home/ashmu/ros2_ws/install/pymoveit2/lib/pymoveit2/ex_servo.py
[1.420s] -- Up-to-date symlink: /home/ashmu/ros2_ws/install/pymoveit2/share/ament_index/resource_index/package_run_dependencies/pymoveit2
[1.421s] -- Up-to-date symlink: /home/ashmu/ros2_ws/install/pymoveit2/share/ament_index/resource_index/parent_prefix_path/pymoveit2
[1.422s] -- Up-to-date symlink: /home/ashmu/ros2_ws/install/pymoveit2/share/pymoveit2/environment/ament_prefix_path.sh
[1.423s] -- Up-to-date symlink: /home/ashmu/ros2_ws/install/pymoveit2/share/pymoveit2/environment/ament_prefix_path.dsv
[1.424s] -- Up-to-date symlink: /home/ashmu/ros2_ws/install/pymoveit2/share/pymoveit2/environment/path.sh
[1.424s] -- Up-to-date symlink: /home/ashmu/ros2_ws/install/pymoveit2/share/pymoveit2/environment/path.dsv
[1.424s] -- Up-to-date symlink: /home/ashmu/ros2_ws/install/pymoveit2/share/pymoveit2/local_setup.bash
[1.424s] -- Up-to-date symlink: /home/ashmu/ros2_ws/install/pymoveit2/share/pymoveit2/local_setup.sh
[1.424s] -- Up-to-date symlink: /home/ashmu/ros2_ws/install/pymoveit2/share/pymoveit2/local_setup.zsh
[1.425s] -- Up-to-date symlink: /home/ashmu/ros2_ws/install/pymoveit2/share/pymoveit2/local_setup.dsv
[1.425s] -- Symlinking: /home/ashmu/ros2_ws/install/pymoveit2/share/pymoveit2/package.dsv
[1.457s] -- Up-to-date symlink: /home/ashmu/ros2_ws/install/pymoveit2/share/ament_index/resource_index/packages/pymoveit2
[1.457s] -- Up-to-date symlink: /home/ashmu/ros2_ws/install/pymoveit2/share/pymoveit2/cmake/pymoveit2Config.cmake
[1.458s] -- Up-to-date symlink: /home/ashmu/ros2_ws/install/pymoveit2/share/pymoveit2/cmake/pymoveit2Config-version.cmake
[1.459s] -- Up-to-date symlink: /home/ashmu/ros2_ws/install/pymoveit2/share/pymoveit2/package.xml
[1.677s] Listing '/home/ashmu/ros2_ws/install/pymoveit2/local/lib/python3.10/dist-packages/pymoveit2'...
[1.678s] Listing '/home/ashmu/ros2_ws/install/pymoveit2/local/lib/python3.10/dist-packages/pymoveit2/robots'...
[1.807s] Invoked command in '/home/ashmu/ros2_ws/build/pymoveit2' returned '0': CMAKE_PREFIX_PATH=${CMAKE_PREFIX_PATH}:/home/ashmu/ros2_ws/install/ur3e_control_package:/home/ashmu/ros2_ws/install/moving_ur3e:/opt/ros/humble /usr/bin/cmake --install /home/ashmu/ros2_ws/build/pymoveit2
