[0.544s] Invoking command in '/home/ashmu/ros2_ws/RS2/build/ur3e_controller': CMAKE_PREFIX_PATH=${CMAKE_PREFIX_PATH}:/home/ashmu/ros2_ws/RS2/install/svg_waypoint_publisher:/home/ashmu/ros2_ws/RS2/install/svg_command_subscriber:/home/ashmu/ros2_ws/RS2/install/selfie_taker:/home/ashmu/ros2_ws/install/svg_waypoint_publisher:/home/ashmu/ros2_ws/install/svg_command_subscriber:/home/ashmu/ros2_ws/install/selfie_taker:/home/ashmu/ros2_ws/install/rqt_joint_trajectory_controller:/home/ashmu/ros2_ws/install/rqt_controller_manager:/home/ashmu/ros2_ws/install/ros2controlcli:/home/ashmu/ros2_ws/install/ros2_controllers_test_nodes:/opt/ros/humble /usr/bin/cmake /home/ashmu/ros2_ws/RS2/src/ur3e_controller -DCMAKE_INSTALL_PREFIX=/home/ashmu/ros2_ws/RS2/install/ur3e_controller
[0.657s] -- The C compiler identification is GNU 11.4.0
[0.743s] -- The CXX compiler identification is GNU 11.4.0
[0.755s] -- Detecting C compiler ABI info
[0.847s] -- Detecting C compiler ABI info - done
[0.854s] -- Check for working C compiler: /usr/bin/cc - skipped
[0.855s] -- Detecting C compile features
[0.855s] -- Detecting C compile features - done
[0.859s] -- Detecting CXX compiler ABI info
[0.963s] -- Detecting CXX compiler ABI info - done
[0.969s] -- Check for working CXX compiler: /usr/bin/c++ - skipped
[0.969s] -- Detecting CXX compile features
[0.969s] -- Detecting CXX compile features - done
[0.983s] -- Found ament_cmake: 1.3.11 (/opt/ros/humble/share/ament_cmake/cmake)
[1.161s] -- Found Python3: /usr/bin/python3 (found version "3.10.12") found components: Interpreter 
[1.322s] -- Found moveit_ros_planning_interface: 2.5.8 (/opt/ros/humble/share/moveit_ros_planning_interface/cmake)
[1.581s] -- Found Boost: /usr/lib/x86_64-linux-gnu/cmake/Boost-1.74.0/BoostConfig.cmake (found version "1.74.0") found components: date_time filesystem program_options system thread 
[1.686s] -- Found rosidl_generator_c: 3.1.6 (/opt/ros/humble/share/rosidl_generator_c/cmake)
[1.701s] -- Found rosidl_adapter: 3.1.6 (/opt/ros/humble/share/rosidl_adapter/cmake)
[1.722s] -- Found rosidl_generator_cpp: 3.1.6 (/opt/ros/humble/share/rosidl_generator_cpp/cmake)
[1.745s] -- Using all available rosidl_typesupport_c: rosidl_typesupport_fastrtps_c;rosidl_typesupport_introspection_c
[1.777s] -- Using all available rosidl_typesupport_cpp: rosidl_typesupport_fastrtps_cpp;rosidl_typesupport_introspection_cpp
[2.032s] -- Found Boost: /usr/lib/x86_64-linux-gnu/cmake/Boost-1.74.0/BoostConfig.cmake (found version "1.74.0") found components: chrono date_time filesystem iostreams program_options regex serialization system thread 
[2.140s] -- Found parameter_traits: 0.4.0 (/opt/ros/humble/share/parameter_traits/cmake)
[2.238s] -- Found rmw_implementation_cmake: 6.1.2 (/opt/ros/humble/share/rmw_implementation_cmake/cmake)
[2.247s] -- Found rmw_fastrtps_cpp: 6.2.7 (/opt/ros/humble/share/rmw_fastrtps_cpp/cmake)
[2.408s] -- Found OpenSSL: /usr/lib/x86_64-linux-gnu/libcrypto.so (found version "3.0.2")  
[2.441s] -- Found FastRTPS: /opt/ros/humble/include  
[2.489s] -- Using RMW implementation 'rmw_fastrtps_cpp' as default
[2.515s] -- Found Threads: TRUE  
[2.581s] -- Found Eigen3: TRUE (found version "3.4.0") 
[2.588s] -- Found rclcpp_lifecycle: 16.0.12 (/opt/ros/humble/share/rclcpp_lifecycle/cmake)
[2.627s] -- Found Boost: /usr/lib/x86_64-linux-gnu/cmake/Boost-1.74.0/BoostConfig.cmake (found version "1.74.0") found components: filesystem 
[2.787s] -- library: /usr/lib/x86_64-linux-gnu/libcurl.so
[2.837s] -- Ensuring Eigen3 include directory is part of orocos-kdl CMake target
[3.080s] -- Found Boost: /usr/lib/x86_64-linux-gnu/cmake/Boost-1.74.0/BoostConfig.cmake (found version "1.74.0") found components: system filesystem date_time program_options thread chrono 
[3.115s] -- Found Boost: /usr/lib/x86_64-linux-gnu/cmake/Boost-1.74.0/BoostConfig.cmake (found version "1.74.0") found components: thread system filesystem regex date_time program_options 
[3.143s] -- Found Boost: /usr/lib/x86_64-linux-gnu/cmake/Boost-1.74.0/BoostConfig.cmake (found version "1.74.0") found components: system filesystem date_time program_options thread 
[3.179s] -- Found ament_lint_auto: 0.12.12 (/opt/ros/humble/share/ament_lint_auto/cmake)
[3.293s] -- Added test 'cppcheck' to perform static code analysis on C / C++ code
[3.293s] -- Configured cppcheck include dirs: $<BUILD_INTERFACE:/home/ashmu/ros2_ws/RS2/src/ur3e_controller/include>
[3.293s] -- Configured cppcheck exclude dirs and/or files: 
[3.297s] -- Added test 'lint_cmake' to check CMake code style
[3.305s] -- Added test 'uncrustify' to check C / C++ code style
[3.305s] -- Configured uncrustify additional arguments: 
[3.307s] -- Added test 'xmllint' to check XML markup files
[3.309s] -- Configuring done
[3.343s] -- Generating done
[3.348s] -- Build files have been written to: /home/ashmu/ros2_ws/RS2/build/ur3e_controller
[3.360s] Invoked command in '/home/ashmu/ros2_ws/RS2/build/ur3e_controller' returned '0': CMAKE_PREFIX_PATH=${CMAKE_PREFIX_PATH}:/home/ashmu/ros2_ws/RS2/install/svg_waypoint_publisher:/home/ashmu/ros2_ws/RS2/install/svg_command_subscriber:/home/ashmu/ros2_ws/RS2/install/selfie_taker:/home/ashmu/ros2_ws/install/svg_waypoint_publisher:/home/ashmu/ros2_ws/install/svg_command_subscriber:/home/ashmu/ros2_ws/install/selfie_taker:/home/ashmu/ros2_ws/install/rqt_joint_trajectory_controller:/home/ashmu/ros2_ws/install/rqt_controller_manager:/home/ashmu/ros2_ws/install/ros2controlcli:/home/ashmu/ros2_ws/install/ros2_controllers_test_nodes:/opt/ros/humble /usr/bin/cmake /home/ashmu/ros2_ws/RS2/src/ur3e_controller -DCMAKE_INSTALL_PREFIX=/home/ashmu/ros2_ws/RS2/install/ur3e_controller
[3.361s] Invoking command in '/home/ashmu/ros2_ws/RS2/build/ur3e_controller': CMAKE_PREFIX_PATH=${CMAKE_PREFIX_PATH}:/home/ashmu/ros2_ws/RS2/install/svg_waypoint_publisher:/home/ashmu/ros2_ws/RS2/install/svg_command_subscriber:/home/ashmu/ros2_ws/RS2/install/selfie_taker:/home/ashmu/ros2_ws/install/svg_waypoint_publisher:/home/ashmu/ros2_ws/install/svg_command_subscriber:/home/ashmu/ros2_ws/install/selfie_taker:/home/ashmu/ros2_ws/install/rqt_joint_trajectory_controller:/home/ashmu/ros2_ws/install/rqt_controller_manager:/home/ashmu/ros2_ws/install/ros2controlcli:/home/ashmu/ros2_ws/install/ros2_controllers_test_nodes:/opt/ros/humble /usr/bin/cmake --build /home/ashmu/ros2_ws/RS2/build/ur3e_controller -- -j12 -l12
[3.439s] [ 50%] [32mBuilding CXX object CMakeFiles/ur_node.dir/src/ur_node.cpp.o[0m
[12.468s] [100%] [32m[1mLinking CXX executable ur_node[0m
[13.088s] [100%] Built target ur_node
[13.101s] Invoked command in '/home/ashmu/ros2_ws/RS2/build/ur3e_controller' returned '0': CMAKE_PREFIX_PATH=${CMAKE_PREFIX_PATH}:/home/ashmu/ros2_ws/RS2/install/svg_waypoint_publisher:/home/ashmu/ros2_ws/RS2/install/svg_command_subscriber:/home/ashmu/ros2_ws/RS2/install/selfie_taker:/home/ashmu/ros2_ws/install/svg_waypoint_publisher:/home/ashmu/ros2_ws/install/svg_command_subscriber:/home/ashmu/ros2_ws/install/selfie_taker:/home/ashmu/ros2_ws/install/rqt_joint_trajectory_controller:/home/ashmu/ros2_ws/install/rqt_controller_manager:/home/ashmu/ros2_ws/install/ros2controlcli:/home/ashmu/ros2_ws/install/ros2_controllers_test_nodes:/opt/ros/humble /usr/bin/cmake --build /home/ashmu/ros2_ws/RS2/build/ur3e_controller -- -j12 -l12
[13.114s] Invoking command in '/home/ashmu/ros2_ws/RS2/build/ur3e_controller': CMAKE_PREFIX_PATH=${CMAKE_PREFIX_PATH}:/home/ashmu/ros2_ws/RS2/install/svg_waypoint_publisher:/home/ashmu/ros2_ws/RS2/install/svg_command_subscriber:/home/ashmu/ros2_ws/RS2/install/selfie_taker:/home/ashmu/ros2_ws/install/svg_waypoint_publisher:/home/ashmu/ros2_ws/install/svg_command_subscriber:/home/ashmu/ros2_ws/install/selfie_taker:/home/ashmu/ros2_ws/install/rqt_joint_trajectory_controller:/home/ashmu/ros2_ws/install/rqt_controller_manager:/home/ashmu/ros2_ws/install/ros2controlcli:/home/ashmu/ros2_ws/install/ros2_controllers_test_nodes:/opt/ros/humble /usr/bin/cmake --install /home/ashmu/ros2_ws/RS2/build/ur3e_controller
[13.124s] -- Install configuration: ""
[13.124s] -- Installing: /home/ashmu/ros2_ws/RS2/install/ur3e_controller/lib/ur3e_controller/ur_node
[13.127s] -- Set runtime path of "/home/ashmu/ros2_ws/RS2/install/ur3e_controller/lib/ur3e_controller/ur_node" to ""
[13.128s] -- Installing: /home/ashmu/ros2_ws/RS2/install/ur3e_controller/share/ament_index/resource_index/package_run_dependencies/ur3e_controller
[13.128s] -- Installing: /home/ashmu/ros2_ws/RS2/install/ur3e_controller/share/ament_index/resource_index/parent_prefix_path/ur3e_controller
[13.128s] -- Installing: /home/ashmu/ros2_ws/RS2/install/ur3e_controller/share/ur3e_controller/environment/ament_prefix_path.sh
[13.128s] -- Installing: /home/ashmu/ros2_ws/RS2/install/ur3e_controller/share/ur3e_controller/environment/ament_prefix_path.dsv
[13.128s] -- Installing: /home/ashmu/ros2_ws/RS2/install/ur3e_controller/share/ur3e_controller/environment/path.sh
[13.128s] -- Installing: /home/ashmu/ros2_ws/RS2/install/ur3e_controller/share/ur3e_controller/environment/path.dsv
[13.128s] -- Installing: /home/ashmu/ros2_ws/RS2/install/ur3e_controller/share/ur3e_controller/local_setup.bash
[13.128s] -- Installing: /home/ashmu/ros2_ws/RS2/install/ur3e_controller/share/ur3e_controller/local_setup.sh
[13.128s] -- Installing: /home/ashmu/ros2_ws/RS2/install/ur3e_controller/share/ur3e_controller/local_setup.zsh
[13.129s] -- Installing: /home/ashmu/ros2_ws/RS2/install/ur3e_controller/share/ur3e_controller/local_setup.dsv
[13.129s] -- Installing: /home/ashmu/ros2_ws/RS2/install/ur3e_controller/share/ur3e_controller/package.dsv
[13.129s] -- Installing: /home/ashmu/ros2_ws/RS2/install/ur3e_controller/share/ament_index/resource_index/packages/ur3e_controller
[13.129s] -- Installing: /home/ashmu/ros2_ws/RS2/install/ur3e_controller/share/ur3e_controller/cmake/ur3e_controllerConfig.cmake
[13.129s] -- Installing: /home/ashmu/ros2_ws/RS2/install/ur3e_controller/share/ur3e_controller/cmake/ur3e_controllerConfig-version.cmake
[13.129s] -- Installing: /home/ashmu/ros2_ws/RS2/install/ur3e_controller/share/ur3e_controller/package.xml
[13.131s] Invoked command in '/home/ashmu/ros2_ws/RS2/build/ur3e_controller' returned '0': CMAKE_PREFIX_PATH=${CMAKE_PREFIX_PATH}:/home/ashmu/ros2_ws/RS2/install/svg_waypoint_publisher:/home/ashmu/ros2_ws/RS2/install/svg_command_subscriber:/home/ashmu/ros2_ws/RS2/install/selfie_taker:/home/ashmu/ros2_ws/install/svg_waypoint_publisher:/home/ashmu/ros2_ws/install/svg_command_subscriber:/home/ashmu/ros2_ws/install/selfie_taker:/home/ashmu/ros2_ws/install/rqt_joint_trajectory_controller:/home/ashmu/ros2_ws/install/rqt_controller_manager:/home/ashmu/ros2_ws/install/ros2controlcli:/home/ashmu/ros2_ws/install/ros2_controllers_test_nodes:/opt/ros/humble /usr/bin/cmake --install /home/ashmu/ros2_ws/RS2/build/ur3e_controller
