[0.898s] Invoking command in '/home/ashmu/ros2_ws/RS2/src/svg_waypoint_publisher': PYTHONPATH=/home/ashmu/ros2_ws/RS2/build/svg_waypoint_publisher/prefix_override:/usr/lib/python3/dist-packages/colcon_core/task/python/colcon_distutils_commands:/home/ashmu/ros2_ws/RS2/install/svg_waypoint_publisher/lib/python3.10/site-packages:${PYTHONPATH} /usr/bin/python3 -W ignore:setup.py install is deprecated -W ignore:easy_install command is deprecated setup.py egg_info --egg-base ../../build/svg_waypoint_publisher build --build-base /home/ashmu/ros2_ws/RS2/build/svg_waypoint_publisher/build install --record /home/ashmu/ros2_ws/RS2/build/svg_waypoint_publisher/install.log --single-version-externally-managed install_data
[1.065s] running egg_info
[1.066s] writing ../../build/svg_waypoint_publisher/svg_waypoint_publisher.egg-info/PKG-INFO
[1.066s] writing dependency_links to ../../build/svg_waypoint_publisher/svg_waypoint_publisher.egg-info/dependency_links.txt
[1.066s] writing entry points to ../../build/svg_waypoint_publisher/svg_waypoint_publisher.egg-info/entry_points.txt
[1.066s] writing requirements to ../../build/svg_waypoint_publisher/svg_waypoint_publisher.egg-info/requires.txt
[1.066s] writing top-level names to ../../build/svg_waypoint_publisher/svg_waypoint_publisher.egg-info/top_level.txt
[1.067s] reading manifest file '../../build/svg_waypoint_publisher/svg_waypoint_publisher.egg-info/SOURCES.txt'
[1.068s] writing manifest file '../../build/svg_waypoint_publisher/svg_waypoint_publisher.egg-info/SOURCES.txt'
[1.068s] running build
[1.068s] running build_py
[1.068s] running install
[1.068s] running install_lib
[1.069s] running install_data
[1.069s] running install_egg_info
[1.070s] removing '/home/ashmu/ros2_ws/RS2/install/svg_waypoint_publisher/lib/python3.10/site-packages/svg_waypoint_publisher-0.0.0-py3.10.egg-info' (and everything under it)
[1.071s] Copying ../../build/svg_waypoint_publisher/svg_waypoint_publisher.egg-info to /home/ashmu/ros2_ws/RS2/install/svg_waypoint_publisher/lib/python3.10/site-packages/svg_waypoint_publisher-0.0.0-py3.10.egg-info
[1.072s] running install_scripts
[1.085s] Installing svg_waypoint_publisher script to /home/ashmu/ros2_ws/RS2/install/svg_waypoint_publisher/lib/svg_waypoint_publisher
[1.086s] writing list of installed files to '/home/ashmu/ros2_ws/RS2/build/svg_waypoint_publisher/install.log'
[1.119s] Invoked command in '/home/ashmu/ros2_ws/RS2/src/svg_waypoint_publisher' returned '0': PYTHONPATH=/home/ashmu/ros2_ws/RS2/build/svg_waypoint_publisher/prefix_override:/usr/lib/python3/dist-packages/colcon_core/task/python/colcon_distutils_commands:/home/ashmu/ros2_ws/RS2/install/svg_waypoint_publisher/lib/python3.10/site-packages:${PYTHONPATH} /usr/bin/python3 -W ignore:setup.py install is deprecated -W ignore:easy_install command is deprecated setup.py egg_info --egg-base ../../build/svg_waypoint_publisher build --build-base /home/ashmu/ros2_ws/RS2/build/svg_waypoint_publisher/build install --record /home/ashmu/ros2_ws/RS2/build/svg_waypoint_publisher/install.log --single-version-externally-managed install_data
