[0.715s] Invoking command in '/home/ashmu/ros2_ws/RS2/src/selfie_taker': PYTHONPATH=/home/ashmu/ros2_ws/RS2/build/selfie_taker/prefix_override:/usr/lib/python3/dist-packages/colcon_core/task/python/colcon_distutils_commands:/home/ashmu/ros2_ws/RS2/install/selfie_taker/lib/python3.10/site-packages:${PYTHONPATH} /usr/bin/python3 -W ignore:setup.py install is deprecated -W ignore:easy_install command is deprecated setup.py egg_info --egg-base ../../build/selfie_taker build --build-base /home/ashmu/ros2_ws/RS2/build/selfie_taker/build install --record /home/ashmu/ros2_ws/RS2/build/selfie_taker/install.log --single-version-externally-managed install_data
[0.864s] running egg_info
[0.864s] writing ../../build/selfie_taker/selfie_taker.egg-info/PKG-INFO
[0.864s] writing dependency_links to ../../build/selfie_taker/selfie_taker.egg-info/dependency_links.txt
[0.864s] writing entry points to ../../build/selfie_taker/selfie_taker.egg-info/entry_points.txt
[0.864s] writing requirements to ../../build/selfie_taker/selfie_taker.egg-info/requires.txt
[0.864s] writing top-level names to ../../build/selfie_taker/selfie_taker.egg-info/top_level.txt
[0.865s] reading manifest file '../../build/selfie_taker/selfie_taker.egg-info/SOURCES.txt'
[0.866s] writing manifest file '../../build/selfie_taker/selfie_taker.egg-info/SOURCES.txt'
[0.866s] running build
[0.866s] running build_py
[0.866s] running install
[0.866s] running install_lib
[0.867s] running install_data
[0.867s] running install_egg_info
[0.868s] removing '/home/ashmu/ros2_ws/RS2/install/selfie_taker/lib/python3.10/site-packages/selfie_taker-0.0.0-py3.10.egg-info' (and everything under it)
[0.868s] Copying ../../build/selfie_taker/selfie_taker.egg-info to /home/ashmu/ros2_ws/RS2/install/selfie_taker/lib/python3.10/site-packages/selfie_taker-0.0.0-py3.10.egg-info
[0.869s] running install_scripts
[0.881s] Installing take_selfie script to /home/ashmu/ros2_ws/RS2/install/selfie_taker/lib/selfie_taker
[0.882s] writing list of installed files to '/home/ashmu/ros2_ws/RS2/build/selfie_taker/install.log'
[0.898s] Invoked command in '/home/ashmu/ros2_ws/RS2/src/selfie_taker' returned '0': PYTHONPATH=/home/ashmu/ros2_ws/RS2/build/selfie_taker/prefix_override:/usr/lib/python3/dist-packages/colcon_core/task/python/colcon_distutils_commands:/home/ashmu/ros2_ws/RS2/install/selfie_taker/lib/python3.10/site-packages:${PYTHONPATH} /usr/bin/python3 -W ignore:setup.py install is deprecated -W ignore:easy_install command is deprecated setup.py egg_info --egg-base ../../build/selfie_taker build --build-base /home/ashmu/ros2_ws/RS2/build/selfie_taker/build install --record /home/ashmu/ros2_ws/RS2/build/selfie_taker/install.log --single-version-externally-managed install_data
