Built target ament_cmake_python_copy_svg_generation_setup
Built target ament_cmake_python_copy_svg_generation
running egg_info
writing svg_generation.egg-info/PKG-INFO
writing dependency_links to svg_generation.egg-info/dependency_links.txt
writing top-level names to svg_generation.egg-info/top_level.txt
reading manifest file 'svg_generation.egg-info/SOURCES.txt'
writing manifest file 'svg_generation.egg-info/SOURCES.txt'
Built target ament_cmake_python_build_svg_generation_egg
-- Install configuration: ""
-- Up-to-date: /home/ashmu/ros2_ws/RS2/install/svg_generation/share/svg_generation/environment/pythonpath.sh
-- Up-to-date: /home/ashmu/ros2_ws/RS2/install/svg_generation/share/svg_generation/environment/pythonpath.dsv
-- Up-to-date: /home/ashmu/ros2_ws/RS2/install/svg_generation/local/lib/python3.10/dist-packages/svg_generation-0.0.0-py3.10.egg-info
-- Installing: /home/ashmu/ros2_ws/RS2/install/svg_generation/local/lib/python3.10/dist-packages/svg_generation-0.0.0-py3.10.egg-info/dependency_links.txt
-- Installing: /home/ashmu/ros2_ws/RS2/install/svg_generation/local/lib/python3.10/dist-packages/svg_generation-0.0.0-py3.10.egg-info/SOURCES.txt
-- Installing: /home/ashmu/ros2_ws/RS2/install/svg_generation/local/lib/python3.10/dist-packages/svg_generation-0.0.0-py3.10.egg-info/PKG-INFO
-- Installing: /home/ashmu/ros2_ws/RS2/install/svg_generation/local/lib/python3.10/dist-packages/svg_generation-0.0.0-py3.10.egg-info/top_level.txt
-- Up-to-date: /home/ashmu/ros2_ws/RS2/install/svg_generation/local/lib/python3.10/dist-packages/svg_generation
-- Up-to-date: /home/ashmu/ros2_ws/RS2/install/svg_generation/local/lib/python3.10/dist-packages/svg_generation/svg_reader.py
-- Up-to-date: /home/ashmu/ros2_ws/RS2/install/svg_generation/local/lib/python3.10/dist-packages/svg_generation/__init__.py
Listing '/home/ashmu/ros2_ws/RS2/install/svg_generation/local/lib/python3.10/dist-packages/svg_generation'...
-- Up-to-date: /home/ashmu/ros2_ws/RS2/install/svg_generation/share/ament_index/resource_index/package_run_dependencies/svg_generation
-- Up-to-date: /home/ashmu/ros2_ws/RS2/install/svg_generation/share/ament_index/resource_index/parent_prefix_path/svg_generation
-- Up-to-date: /home/ashmu/ros2_ws/RS2/install/svg_generation/share/svg_generation/environment/ament_prefix_path.sh
-- Up-to-date: /home/ashmu/ros2_ws/RS2/install/svg_generation/share/svg_generation/environment/ament_prefix_path.dsv
-- Up-to-date: /home/ashmu/ros2_ws/RS2/install/svg_generation/share/svg_generation/environment/path.sh
-- Up-to-date: /home/ashmu/ros2_ws/RS2/install/svg_generation/share/svg_generation/environment/path.dsv
-- Up-to-date: /home/ashmu/ros2_ws/RS2/install/svg_generation/share/svg_generation/local_setup.bash
-- Up-to-date: /home/ashmu/ros2_ws/RS2/install/svg_generation/share/svg_generation/local_setup.sh
-- Up-to-date: /home/ashmu/ros2_ws/RS2/install/svg_generation/share/svg_generation/local_setup.zsh
-- Up-to-date: /home/ashmu/ros2_ws/RS2/install/svg_generation/share/svg_generation/local_setup.dsv
-- Up-to-date: /home/ashmu/ros2_ws/RS2/install/svg_generation/share/svg_generation/package.dsv
-- Up-to-date: /home/ashmu/ros2_ws/RS2/install/svg_generation/share/ament_index/resource_index/packages/svg_generation
-- Up-to-date: /home/ashmu/ros2_ws/RS2/install/svg_generation/share/svg_generation/cmake/svg_generationConfig.cmake
-- Up-to-date: /home/ashmu/ros2_ws/RS2/install/svg_generation/share/svg_generation/cmake/svg_generationConfig-version.cmake
-- Up-to-date: /home/ashmu/ros2_ws/RS2/install/svg_generation/share/svg_generation/package.xml
