[0.013s] Invoking command in '/home/ashmu/ros2_ws/src/build/pymoveit2': CMAKE_PREFIX_PATH=/opt/ros/humble /usr/bin/cmake /home/ashmu/ros2_ws/src/pymoveit2 -DAMENT_CMAKE_SYMLINK_INSTALL=1 -DCMAKE_INSTALL_PREFIX=/home/ashmu/ros2_ws/src/install/pymoveit2
[0.068s] -- The C compiler identification is GNU 11.4.0
[0.122s] -- The CXX compiler identification is GNU 11.4.0
[0.129s] -- Detecting C compiler ABI info
[0.196s] -- Detecting C compiler ABI info - done
[0.201s] -- Check for working C compiler: /usr/bin/cc - skipped
[0.201s] -- Detecting C compile features
[0.201s] -- Detecting C compile features - done
[0.203s] -- Detecting CXX compiler ABI info
[0.287s] -- Detecting CXX compiler ABI info - done
[0.293s] -- Check for working CXX compiler: /usr/bin/c++ - skipped
[0.294s] -- Detecting CXX compile features
[0.294s] -- Detecting CXX compile features - done
[0.297s] -- Found ament_cmake: 1.3.11 (/opt/ros/humble/share/ament_cmake/cmake)
[0.433s] -- Found Python3: /usr/bin/python3 (found version "3.10.12") found components: Interpreter 
[0.492s] -- Override CMake install command with custom implementation using symlinks instead of copying resources
[0.641s] -- Configuring done
[0.644s] -- Generating done
[0.646s] -- Build files have been written to: /home/ashmu/ros2_ws/src/build/pymoveit2
[0.653s] Invoked command in '/home/ashmu/ros2_ws/src/build/pymoveit2' returned '0': CMAKE_PREFIX_PATH=/opt/ros/humble /usr/bin/cmake /home/ashmu/ros2_ws/src/pymoveit2 -DAMENT_CMAKE_SYMLINK_INSTALL=1 -DCMAKE_INSTALL_PREFIX=/home/ashmu/ros2_ws/src/install/pymoveit2
[0.655s] Invoking command in '/home/ashmu/ros2_ws/src/build/pymoveit2': CMAKE_PREFIX_PATH=/opt/ros/humble /usr/bin/cmake --build /home/ashmu/ros2_ws/src/build/pymoveit2 -- -j12 -l12
[0.732s] Built target ament_cmake_python_symlink_pymoveit2
[0.942s] running egg_info
[0.942s] creating pymoveit2.egg-info
[0.942s] writing pymoveit2.egg-info/PKG-INFO
[0.942s] writing dependency_links to pymoveit2.egg-info/dependency_links.txt
[0.943s] writing top-level names to pymoveit2.egg-info/top_level.txt
[0.943s] writing manifest file 'pymoveit2.egg-info/SOURCES.txt'
[0.944s] reading manifest file 'pymoveit2.egg-info/SOURCES.txt'
[0.945s] writing manifest file 'pymoveit2.egg-info/SOURCES.txt'
[0.980s] Built target ament_cmake_python_build_pymoveit2_egg
