[0.023s] Invoking command in '/home/ashmu/ros2_ws/RS2/build/svg_generation': /usr/bin/cmake --build /home/ashmu/ros2_ws/RS2/build/svg_generation -- -j12 -l12
[0.144s] Built target ament_cmake_python_copy_svg_generation_setup
[0.145s] Built target ament_cmake_python_copy_svg_generation
[0.354s] running egg_info
[0.354s] writing svg_generation.egg-info/PKG-INFO
[0.354s] writing dependency_links to svg_generation.egg-info/dependency_links.txt
[0.355s] writing top-level names to svg_generation.egg-info/top_level.txt
[0.356s] reading manifest file 'svg_generation.egg-info/SOURCES.txt'
[0.356s] writing manifest file 'svg_generation.egg-info/SOURCES.txt'
[0.401s] Built target ament_cmake_python_build_svg_generation_egg
[0.417s] Invoked command in '/home/ashmu/ros2_ws/RS2/build/svg_generation' returned '0': /usr/bin/cmake --build /home/ashmu/ros2_ws/RS2/build/svg_generation -- -j12 -l12
[0.433s] Invoking command in '/home/ashmu/ros2_ws/RS2/build/svg_generation': /usr/bin/cmake --install /home/ashmu/ros2_ws/RS2/build/svg_generation
[0.445s] -- Install configuration: ""
[0.445s] -- Up-to-date: /home/ashmu/ros2_ws/RS2/install/svg_generation/lib/svg_generation/svg_reader.py
[0.445s] -- Up-to-date: /home/ashmu/ros2_ws/RS2/install/svg_generation/share/svg_generation/environment/pythonpath.sh
[0.445s] -- Up-to-date: /home/ashmu/ros2_ws/RS2/install/svg_generation/share/svg_generation/environment/pythonpath.dsv
[0.445s] -- Up-to-date: /home/ashmu/ros2_ws/RS2/install/svg_generation/local/lib/python3.10/dist-packages/svg_generation-0.0.0-py3.10.egg-info
[0.445s] -- Installing: /home/ashmu/ros2_ws/RS2/install/svg_generation/local/lib/python3.10/dist-packages/svg_generation-0.0.0-py3.10.egg-info/dependency_links.txt
[0.445s] -- Installing: /home/ashmu/ros2_ws/RS2/install/svg_generation/local/lib/python3.10/dist-packages/svg_generation-0.0.0-py3.10.egg-info/SOURCES.txt
[0.445s] -- Installing: /home/ashmu/ros2_ws/RS2/install/svg_generation/local/lib/python3.10/dist-packages/svg_generation-0.0.0-py3.10.egg-info/PKG-INFO
[0.445s] -- Installing: /home/ashmu/ros2_ws/RS2/install/svg_generation/local/lib/python3.10/dist-packages/svg_generation-0.0.0-py3.10.egg-info/top_level.txt
[0.446s] -- Up-to-date: /home/ashmu/ros2_ws/RS2/install/svg_generation/local/lib/python3.10/dist-packages/svg_generation
[0.446s] -- Up-to-date: /home/ashmu/ros2_ws/RS2/install/svg_generation/local/lib/python3.10/dist-packages/svg_generation/svg_reader.py
[0.446s] -- Up-to-date: /home/ashmu/ros2_ws/RS2/install/svg_generation/local/lib/python3.10/dist-packages/svg_generation/__init__.py
[0.478s] Listing '/home/ashmu/ros2_ws/RS2/install/svg_generation/local/lib/python3.10/dist-packages/svg_generation'...
[0.482s] -- Up-to-date: /home/ashmu/ros2_ws/RS2/install/svg_generation/share/ament_index/resource_index/package_run_dependencies/svg_generation
[0.483s] -- Up-to-date: /home/ashmu/ros2_ws/RS2/install/svg_generation/share/ament_index/resource_index/parent_prefix_path/svg_generation
[0.483s] -- Up-to-date: /home/ashmu/ros2_ws/RS2/install/svg_generation/share/svg_generation/environment/ament_prefix_path.sh
[0.483s] -- Up-to-date: /home/ashmu/ros2_ws/RS2/install/svg_generation/share/svg_generation/environment/ament_prefix_path.dsv
[0.483s] -- Up-to-date: /home/ashmu/ros2_ws/RS2/install/svg_generation/share/svg_generation/environment/path.sh
[0.483s] -- Up-to-date: /home/ashmu/ros2_ws/RS2/install/svg_generation/share/svg_generation/environment/path.dsv
[0.483s] -- Up-to-date: /home/ashmu/ros2_ws/RS2/install/svg_generation/share/svg_generation/local_setup.bash
[0.483s] -- Up-to-date: /home/ashmu/ros2_ws/RS2/install/svg_generation/share/svg_generation/local_setup.sh
[0.483s] -- Up-to-date: /home/ashmu/ros2_ws/RS2/install/svg_generation/share/svg_generation/local_setup.zsh
[0.483s] -- Up-to-date: /home/ashmu/ros2_ws/RS2/install/svg_generation/share/svg_generation/local_setup.dsv
[0.483s] -- Installing: /home/ashmu/ros2_ws/RS2/install/svg_generation/share/svg_generation/package.dsv
[0.483s] -- Up-to-date: /home/ashmu/ros2_ws/RS2/install/svg_generation/share/ament_index/resource_index/packages/svg_generation
[0.484s] -- Up-to-date: /home/ashmu/ros2_ws/RS2/install/svg_generation/share/svg_generation/cmake/svg_generationConfig.cmake
[0.484s] -- Up-to-date: /home/ashmu/ros2_ws/RS2/install/svg_generation/share/svg_generation/cmake/svg_generationConfig-version.cmake
[0.484s] -- Up-to-date: /home/ashmu/ros2_ws/RS2/install/svg_generation/share/svg_generation/package.xml
[0.486s] Invoked command in '/home/ashmu/ros2_ws/RS2/build/svg_generation' returned '0': /usr/bin/cmake --install /home/ashmu/ros2_ws/RS2/build/svg_generation
