[3.737s] Invoking command in '/home/ashmu/ros2_ws/RS2/src/selfie_taker': PYTHONPATH=/home/ashmu/ros2_ws/RS2/build/selfie_taker/prefix_override:/usr/lib/python3/dist-packages/colcon_core/task/python/colcon_distutils_commands:/home/ashmu/ros2_ws/RS2/install/selfie_taker/lib/python3.10/site-packages:${PYTHONPATH} /usr/bin/python3 -W ignore:setup.py install is deprecated -W ignore:easy_install command is deprecated setup.py egg_info --egg-base ../../build/selfie_taker build --build-base /home/ashmu/ros2_ws/RS2/build/selfie_taker/build install --record /home/ashmu/ros2_ws/RS2/build/selfie_taker/install.log --single-version-externally-managed install_data
[4.713s] running egg_info
[4.716s] writing ../../build/selfie_taker/selfie_taker.egg-info/PKG-INFO
[4.717s] writing dependency_links to ../../build/selfie_taker/selfie_taker.egg-info/dependency_links.txt
[4.717s] writing entry points to ../../build/selfie_taker/selfie_taker.egg-info/entry_points.txt
[4.718s] writing requirements to ../../build/selfie_taker/selfie_taker.egg-info/requires.txt
[4.719s] writing top-level names to ../../build/selfie_taker/selfie_taker.egg-info/top_level.txt
[4.727s] reading manifest file '../../build/selfie_taker/selfie_taker.egg-info/SOURCES.txt'
[4.731s] writing manifest file '../../build/selfie_taker/selfie_taker.egg-info/SOURCES.txt'
[4.732s] running build
[4.732s] running build_py
[4.733s] running install
[4.735s] running install_lib
[4.740s] running install_data
[4.741s] running install_egg_info
[4.747s] removing '/home/ashmu/ros2_ws/RS2/install/selfie_taker/lib/python3.10/site-packages/selfie_taker-0.0.0-py3.10.egg-info' (and everything under it)
[4.748s] Copying ../../build/selfie_taker/selfie_taker.egg-info to /home/ashmu/ros2_ws/RS2/install/selfie_taker/lib/python3.10/site-packages/selfie_taker-0.0.0-py3.10.egg-info
[4.751s] running install_scripts
[4.830s] Installing take_selfie script to /home/ashmu/ros2_ws/RS2/install/selfie_taker/lib/selfie_taker
[4.831s] writing list of installed files to '/home/ashmu/ros2_ws/RS2/build/selfie_taker/install.log'
[4.917s] Invoked command in '/home/ashmu/ros2_ws/RS2/src/selfie_taker' returned '0': PYTHONPATH=/home/ashmu/ros2_ws/RS2/build/selfie_taker/prefix_override:/usr/lib/python3/dist-packages/colcon_core/task/python/colcon_distutils_commands:/home/ashmu/ros2_ws/RS2/install/selfie_taker/lib/python3.10/site-packages:${PYTHONPATH} /usr/bin/python3 -W ignore:setup.py install is deprecated -W ignore:easy_install command is deprecated setup.py egg_info --egg-base ../../build/selfie_taker build --build-base /home/ashmu/ros2_ws/RS2/build/selfie_taker/build install --record /home/ashmu/ros2_ws/RS2/build/selfie_taker/install.log --single-version-externally-managed install_data
