[0.148s] [34mcolcon[0m [1;30mDEBUG[0m [32mCommand line arguments: ['/usr/bin/colcon', 'build'][0m
[0.148s] [34mcolcon[0m [1;30mDEBUG[0m [32mParsed command line arguments: Namespace(log_base=None, log_level=None, verb_name='build', build_base='build', install_base='install', merge_install=False, symlink_install=False, test_result_base=None, continue_on_error=False, executor='parallel', parallel_workers=12, event_handlers=None, ignore_user_meta=False, metas=['./colcon.meta'], base_paths=['.'], packages_ignore=None, packages_ignore_regex=None, paths=None, packages_up_to=None, packages_up_to_regex=None, packages_above=None, packages_above_and_dependencies=None, packages_above_depth=None, packages_select_by_dep=None, packages_skip_by_dep=None, packages_skip_up_to=None, packages_select_build_failed=False, packages_skip_build_finished=False, packages_select_test_failures=False, packages_skip_test_passed=False, packages_select=None, packages_skip=None, packages_select_regex=None, packages_skip_regex=None, packages_start=None, packages_end=None, allow_overriding=[], cmake_args=None, cmake_target=None, cmake_target_skip_unavailable=False, cmake_clean_cache=False, cmake_clean_first=False, cmake_force_configure=False, ament_cmake_args=None, catkin_cmake_args=None, catkin_skip_building_tests=False, mixin_files=None, mixin=None, verb_parser=<colcon_mixin.mixin.mixin_argument.MixinArgumentDecorator object at 0x7d54ddc1acb0>, verb_extension=<colcon_core.verb.build.BuildVerb object at 0x7d54ddc1a680>, main=<bound method BuildVerb.main of <colcon_core.verb.build.BuildVerb object at 0x7d54ddc1a680>>, mixin_verb=('build',))[0m
[0.357s] [34mcolcon.colcon_core.package_discovery[0m [1;30mLevel 1[0m discover_packages(colcon_meta) check parameters
[0.357s] [34mcolcon.colcon_core.package_discovery[0m [1;30mLevel 1[0m discover_packages(recursive) check parameters
[0.357s] [34mcolcon.colcon_core.package_discovery[0m [1;30mLevel 1[0m discover_packages(ignore) check parameters
[0.357s] [34mcolcon.colcon_core.package_discovery[0m [1;30mLevel 1[0m discover_packages(path) check parameters
[0.357s] [34mcolcon.colcon_core.package_discovery[0m [1;30mLevel 1[0m discover_packages(colcon_meta) discover
[0.358s] [34mcolcon.colcon_core.package_discovery[0m [1;30mLevel 1[0m discover_packages(recursive) discover
[0.358s] [34mcolcon.colcon_core.package_discovery[0m [1;30mINFO[0m Crawling recursively for packages in '/home/ashmu/ros2_ws/RS2'
[0.358s] [34mcolcon.colcon_core.package_identification[0m [1;30mLevel 1[0m _identify(.) by extensions ['ignore', 'ignore_ament_install']
[0.358s] [34mcolcon.colcon_core.package_identification[0m [1;30mLevel 1[0m _identify(.) by extension 'ignore'
[0.358s] [34mcolcon.colcon_core.package_identification[0m [1;30mLevel 1[0m _identify(.) by extension 'ignore_ament_install'
[0.358s] [34mcolcon.colcon_core.package_identification[0m [1;30mLevel 1[0m _identify(.) by extensions ['colcon_pkg']
[0.358s] [34mcolcon.colcon_core.package_identification[0m [1;30mLevel 1[0m _identify(.) by extension 'colcon_pkg'
[0.358s] [34mcolcon.colcon_core.package_identification[0m [1;30mLevel 1[0m _identify(.) by extensions ['colcon_meta']
[0.358s] [34mcolcon.colcon_core.package_identification[0m [1;30mLevel 1[0m _identify(.) by extension 'colcon_meta'
[0.358s] [34mcolcon.colcon_core.package_identification[0m [1;30mLevel 1[0m _identify(.) by extensions ['ros']
[0.358s] [34mcolcon.colcon_core.package_identification[0m [1;30mLevel 1[0m _identify(.) by extension 'ros'
[0.382s] [34mcolcon.colcon_core.package_identification[0m [1;30mLevel 1[0m _identify(.) by extensions ['cmake', 'python']
[0.382s] [34mcolcon.colcon_core.package_identification[0m [1;30mLevel 1[0m _identify(.) by extension 'cmake'
[0.382s] [34mcolcon.colcon_core.package_identification[0m [1;30mLevel 1[0m _identify(.) by extension 'python'
[0.382s] [34mcolcon.colcon_core.package_identification[0m [1;30mLevel 1[0m _identify(.) by extensions ['python_setup_py']
[0.382s] [34mcolcon.colcon_core.package_identification[0m [1;30mLevel 1[0m _identify(.) by extension 'python_setup_py'
[0.382s] [34mcolcon.colcon_core.package_identification[0m [1;30mLevel 1[0m _identify(build) by extensions ['ignore', 'ignore_ament_install']
[0.382s] [34mcolcon.colcon_core.package_identification[0m [1;30mLevel 1[0m _identify(build) by extension 'ignore'
[0.382s] [34mcolcon.colcon_core.package_identification[0m [1;30mLevel 1[0m _identify(build) ignored
[0.382s] [34mcolcon.colcon_core.package_identification[0m [1;30mLevel 1[0m _identify(install) by extensions ['ignore', 'ignore_ament_install']
[0.382s] [34mcolcon.colcon_core.package_identification[0m [1;30mLevel 1[0m _identify(install) by extension 'ignore'
[0.382s] [34mcolcon.colcon_core.package_identification[0m [1;30mLevel 1[0m _identify(install) ignored
[0.382s] [34mcolcon.colcon_core.package_identification[0m [1;30mLevel 1[0m _identify(log) by extensions ['ignore', 'ignore_ament_install']
[0.382s] [34mcolcon.colcon_core.package_identification[0m [1;30mLevel 1[0m _identify(log) by extension 'ignore'
[0.382s] [34mcolcon.colcon_core.package_identification[0m [1;30mLevel 1[0m _identify(log) ignored
[0.383s] [34mcolcon.colcon_core.package_identification[0m [1;30mLevel 1[0m _identify(src) by extensions ['ignore', 'ignore_ament_install']
[0.383s] [34mcolcon.colcon_core.package_identification[0m [1;30mLevel 1[0m _identify(src) by extension 'ignore'
[0.383s] [34mcolcon.colcon_core.package_identification[0m [1;30mLevel 1[0m _identify(src) by extension 'ignore_ament_install'
[0.383s] [34mcolcon.colcon_core.package_identification[0m [1;30mLevel 1[0m _identify(src) by extensions ['colcon_pkg']
[0.383s] [34mcolcon.colcon_core.package_identification[0m [1;30mLevel 1[0m _identify(src) by extension 'colcon_pkg'
[0.383s] [34mcolcon.colcon_core.package_identification[0m [1;30mLevel 1[0m _identify(src) by extensions ['colcon_meta']
[0.383s] [34mcolcon.colcon_core.package_identification[0m [1;30mLevel 1[0m _identify(src) by extension 'colcon_meta'
[0.383s] [34mcolcon.colcon_core.package_identification[0m [1;30mLevel 1[0m _identify(src) by extensions ['ros']
[0.383s] [34mcolcon.colcon_core.package_identification[0m [1;30mLevel 1[0m _identify(src) by extension 'ros'
[0.383s] [34mcolcon.colcon_core.package_identification[0m [1;30mLevel 1[0m _identify(src) by extensions ['cmake', 'python']
[0.383s] [34mcolcon.colcon_core.package_identification[0m [1;30mLevel 1[0m _identify(src) by extension 'cmake'
[0.383s] [34mcolcon.colcon_core.package_identification[0m [1;30mLevel 1[0m _identify(src) by extension 'python'
[0.383s] [34mcolcon.colcon_core.package_identification[0m [1;30mLevel 1[0m _identify(src) by extensions ['python_setup_py']
[0.383s] [34mcolcon.colcon_core.package_identification[0m [1;30mLevel 1[0m _identify(src) by extension 'python_setup_py'
[0.383s] [34mcolcon.colcon_core.package_identification[0m [1;30mLevel 1[0m _identify(src/selfie_taker) by extensions ['ignore', 'ignore_ament_install']
[0.383s] [34mcolcon.colcon_core.package_identification[0m [1;30mLevel 1[0m _identify(src/selfie_taker) by extension 'ignore'
[0.383s] [34mcolcon.colcon_core.package_identification[0m [1;30mLevel 1[0m _identify(src/selfie_taker) by extension 'ignore_ament_install'
[0.383s] [34mcolcon.colcon_core.package_identification[0m [1;30mLevel 1[0m _identify(src/selfie_taker) by extensions ['colcon_pkg']
[0.383s] [34mcolcon.colcon_core.package_identification[0m [1;30mLevel 1[0m _identify(src/selfie_taker) by extension 'colcon_pkg'
[0.383s] [34mcolcon.colcon_core.package_identification[0m [1;30mLevel 1[0m _identify(src/selfie_taker) by extensions ['colcon_meta']
[0.383s] [34mcolcon.colcon_core.package_identification[0m [1;30mLevel 1[0m _identify(src/selfie_taker) by extension 'colcon_meta'
[0.383s] [34mcolcon.colcon_core.package_identification[0m [1;30mLevel 1[0m _identify(src/selfie_taker) by extensions ['ros']
[0.383s] [34mcolcon.colcon_core.package_identification[0m [1;30mLevel 1[0m _identify(src/selfie_taker) by extension 'ros'
[0.386s] [34mcolcon.colcon_core.package_identification[0m [1;30mDEBUG[0m [32mPackage 'src/selfie_taker' with type 'ros.ament_python' and name 'selfie_taker'[0m
[0.386s] [34mcolcon.colcon_core.package_identification[0m [1;30mLevel 1[0m _identify(src/svg_command_subscriber) by extensions ['ignore', 'ignore_ament_install']
[0.386s] [34mcolcon.colcon_core.package_identification[0m [1;30mLevel 1[0m _identify(src/svg_command_subscriber) by extension 'ignore'
[0.386s] [34mcolcon.colcon_core.package_identification[0m [1;30mLevel 1[0m _identify(src/svg_command_subscriber) by extension 'ignore_ament_install'
[0.386s] [34mcolcon.colcon_core.package_identification[0m [1;30mLevel 1[0m _identify(src/svg_command_subscriber) by extensions ['colcon_pkg']
[0.386s] [34mcolcon.colcon_core.package_identification[0m [1;30mLevel 1[0m _identify(src/svg_command_subscriber) by extension 'colcon_pkg'
[0.386s] [34mcolcon.colcon_core.package_identification[0m [1;30mLevel 1[0m _identify(src/svg_command_subscriber) by extensions ['colcon_meta']
[0.386s] [34mcolcon.colcon_core.package_identification[0m [1;30mLevel 1[0m _identify(src/svg_command_subscriber) by extension 'colcon_meta'
[0.386s] [34mcolcon.colcon_core.package_identification[0m [1;30mLevel 1[0m _identify(src/svg_command_subscriber) by extensions ['ros']
[0.386s] [34mcolcon.colcon_core.package_identification[0m [1;30mLevel 1[0m _identify(src/svg_command_subscriber) by extension 'ros'
[0.387s] [34mcolcon.colcon_core.package_identification[0m [1;30mDEBUG[0m [32mPackage 'src/svg_command_subscriber' with type 'ros.ament_python' and name 'svg_command_subscriber'[0m
[0.387s] [34mcolcon.colcon_core.package_identification[0m [1;30mLevel 1[0m _identify(src/svg_waypoint_publisher) by extensions ['ignore', 'ignore_ament_install']
[0.387s] [34mcolcon.colcon_core.package_identification[0m [1;30mLevel 1[0m _identify(src/svg_waypoint_publisher) by extension 'ignore'
[0.387s] [34mcolcon.colcon_core.package_identification[0m [1;30mLevel 1[0m _identify(src/svg_waypoint_publisher) by extension 'ignore_ament_install'
[0.387s] [34mcolcon.colcon_core.package_identification[0m [1;30mLevel 1[0m _identify(src/svg_waypoint_publisher) by extensions ['colcon_pkg']
[0.387s] [34mcolcon.colcon_core.package_identification[0m [1;30mLevel 1[0m _identify(src/svg_waypoint_publisher) by extension 'colcon_pkg'
[0.387s] [34mcolcon.colcon_core.package_identification[0m [1;30mLevel 1[0m _identify(src/svg_waypoint_publisher) by extensions ['colcon_meta']
[0.387s] [34mcolcon.colcon_core.package_identification[0m [1;30mLevel 1[0m _identify(src/svg_waypoint_publisher) by extension 'colcon_meta'
[0.387s] [34mcolcon.colcon_core.package_identification[0m [1;30mLevel 1[0m _identify(src/svg_waypoint_publisher) by extensions ['ros']
[0.387s] [34mcolcon.colcon_core.package_identification[0m [1;30mLevel 1[0m _identify(src/svg_waypoint_publisher) by extension 'ros'
[0.388s] [34mcolcon.colcon_core.package_identification[0m [1;30mDEBUG[0m [32mPackage 'src/svg_waypoint_publisher' with type 'ros.ament_python' and name 'svg_waypoint_publisher'[0m
[0.388s] [34mcolcon.colcon_core.package_identification[0m [1;30mLevel 1[0m _identify(src/ur3e_controller) by extensions ['ignore', 'ignore_ament_install']
[0.388s] [34mcolcon.colcon_core.package_identification[0m [1;30mLevel 1[0m _identify(src/ur3e_controller) by extension 'ignore'
[0.388s] [34mcolcon.colcon_core.package_identification[0m [1;30mLevel 1[0m _identify(src/ur3e_controller) by extension 'ignore_ament_install'
[0.388s] [34mcolcon.colcon_core.package_identification[0m [1;30mLevel 1[0m _identify(src/ur3e_controller) by extensions ['colcon_pkg']
[0.388s] [34mcolcon.colcon_core.package_identification[0m [1;30mLevel 1[0m _identify(src/ur3e_controller) by extension 'colcon_pkg'
[0.388s] [34mcolcon.colcon_core.package_identification[0m [1;30mLevel 1[0m _identify(src/ur3e_controller) by extensions ['colcon_meta']
[0.388s] [34mcolcon.colcon_core.package_identification[0m [1;30mLevel 1[0m _identify(src/ur3e_controller) by extension 'colcon_meta'
[0.388s] [34mcolcon.colcon_core.package_identification[0m [1;30mLevel 1[0m _identify(src/ur3e_controller) by extensions ['ros']
[0.388s] [34mcolcon.colcon_core.package_identification[0m [1;30mLevel 1[0m _identify(src/ur3e_controller) by extension 'ros'
[0.389s] [34mcolcon.colcon_core.package_identification[0m [1;30mDEBUG[0m [32mPackage 'src/ur3e_controller' with type 'ros.ament_cmake' and name 'ur3e_controller'[0m
[0.389s] [34mcolcon.colcon_core.package_discovery[0m [1;30mLevel 1[0m discover_packages(recursive) using defaults
[0.389s] [34mcolcon.colcon_core.package_discovery[0m [1;30mLevel 1[0m discover_packages(ignore) discover
[0.389s] [34mcolcon.colcon_core.package_discovery[0m [1;30mLevel 1[0m discover_packages(ignore) using defaults
[0.389s] [34mcolcon.colcon_core.package_discovery[0m [1;30mLevel 1[0m discover_packages(path) discover
[0.389s] [34mcolcon.colcon_core.package_discovery[0m [1;30mLevel 1[0m discover_packages(path) using defaults
[0.407s] [34mcolcon.colcon_core.package_discovery[0m [1;30mLevel 1[0m discover_packages(prefix_path) check parameters
[0.407s] [34mcolcon.colcon_core.package_discovery[0m [1;30mLevel 1[0m discover_packages(prefix_path) discover
[0.412s] [34mcolcon.colcon_installed_package_information.package_discovery[0m [1;30mDEBUG[0m [32mFound 4 installed packages in /home/ashmu/ros2_ws/RS2/install[0m
[0.414s] [34mcolcon.colcon_installed_package_information.package_discovery[0m [1;30mDEBUG[0m [32mFound 55 installed packages in /home/ashmu/ros2_ws/install[0m
[0.416s] [34mcolcon.colcon_installed_package_information.package_discovery[0m [1;30mDEBUG[0m [32mFound 387 installed packages in /opt/ros/humble[0m
[0.421s] [34mcolcon.colcon_core.package_discovery[0m [1;30mLevel 1[0m discover_packages(prefix_path) using defaults
[0.482s] [34mcolcon.colcon_core.verb[0m [1;30mLevel 5[0m set package 'selfie_taker' build argument 'cmake_args' from command line to 'None'
[0.482s] [34mcolcon.colcon_core.verb[0m [1;30mLevel 5[0m set package 'selfie_taker' build argument 'cmake_target' from command line to 'None'
[0.482s] [34mcolcon.colcon_core.verb[0m [1;30mLevel 5[0m set package 'selfie_taker' build argument 'cmake_target_skip_unavailable' from command line to 'False'
[0.482s] [34mcolcon.colcon_core.verb[0m [1;30mLevel 5[0m set package 'selfie_taker' build argument 'cmake_clean_cache' from command line to 'False'
[0.482s] [34mcolcon.colcon_core.verb[0m [1;30mLevel 5[0m set package 'selfie_taker' build argument 'cmake_clean_first' from command line to 'False'
[0.482s] [34mcolcon.colcon_core.verb[0m [1;30mLevel 5[0m set package 'selfie_taker' build argument 'cmake_force_configure' from command line to 'False'
[0.482s] [34mcolcon.colcon_core.verb[0m [1;30mLevel 5[0m set package 'selfie_taker' build argument 'ament_cmake_args' from command line to 'None'
[0.482s] [34mcolcon.colcon_core.verb[0m [1;30mLevel 5[0m set package 'selfie_taker' build argument 'catkin_cmake_args' from command line to 'None'
[0.482s] [34mcolcon.colcon_core.verb[0m [1;30mLevel 5[0m set package 'selfie_taker' build argument 'catkin_skip_building_tests' from command line to 'False'
[0.482s] [34mcolcon.colcon_core.verb[0m [1;30mDEBUG[0m [32mBuilding package 'selfie_taker' with the following arguments: {'ament_cmake_args': None, 'build_base': '/home/ashmu/ros2_ws/RS2/build/selfie_taker', 'catkin_cmake_args': None, 'catkin_skip_building_tests': False, 'cmake_args': None, 'cmake_clean_cache': False, 'cmake_clean_first': False, 'cmake_force_configure': False, 'cmake_target': None, 'cmake_target_skip_unavailable': False, 'install_base': '/home/ashmu/ros2_ws/RS2/install/selfie_taker', 'merge_install': False, 'path': '/home/ashmu/ros2_ws/RS2/src/selfie_taker', 'symlink_install': False, 'test_result_base': None}[0m
[0.482s] [34mcolcon.colcon_core.verb[0m [1;30mLevel 5[0m set package 'svg_command_subscriber' build argument 'cmake_args' from command line to 'None'
[0.483s] [34mcolcon.colcon_core.verb[0m [1;30mLevel 5[0m set package 'svg_command_subscriber' build argument 'cmake_target' from command line to 'None'
[0.483s] [34mcolcon.colcon_core.verb[0m [1;30mLevel 5[0m set package 'svg_command_subscriber' build argument 'cmake_target_skip_unavailable' from command line to 'False'
[0.483s] [34mcolcon.colcon_core.verb[0m [1;30mLevel 5[0m set package 'svg_command_subscriber' build argument 'cmake_clean_cache' from command line to 'False'
[0.483s] [34mcolcon.colcon_core.verb[0m [1;30mLevel 5[0m set package 'svg_command_subscriber' build argument 'cmake_clean_first' from command line to 'False'
[0.483s] [34mcolcon.colcon_core.verb[0m [1;30mLevel 5[0m set package 'svg_command_subscriber' build argument 'cmake_force_configure' from command line to 'False'
[0.483s] [34mcolcon.colcon_core.verb[0m [1;30mLevel 5[0m set package 'svg_command_subscriber' build argument 'ament_cmake_args' from command line to 'None'
[0.483s] [34mcolcon.colcon_core.verb[0m [1;30mLevel 5[0m set package 'svg_command_subscriber' build argument 'catkin_cmake_args' from command line to 'None'
[0.483s] [34mcolcon.colcon_core.verb[0m [1;30mLevel 5[0m set package 'svg_command_subscriber' build argument 'catkin_skip_building_tests' from command line to 'False'
[0.483s] [34mcolcon.colcon_core.verb[0m [1;30mDEBUG[0m [32mBuilding package 'svg_command_subscriber' with the following arguments: {'ament_cmake_args': None, 'build_base': '/home/ashmu/ros2_ws/RS2/build/svg_command_subscriber', 'catkin_cmake_args': None, 'catkin_skip_building_tests': False, 'cmake_args': None, 'cmake_clean_cache': False, 'cmake_clean_first': False, 'cmake_force_configure': False, 'cmake_target': None, 'cmake_target_skip_unavailable': False, 'install_base': '/home/ashmu/ros2_ws/RS2/install/svg_command_subscriber', 'merge_install': False, 'path': '/home/ashmu/ros2_ws/RS2/src/svg_command_subscriber', 'symlink_install': False, 'test_result_base': None}[0m
[0.483s] [34mcolcon.colcon_core.verb[0m [1;30mLevel 5[0m set package 'svg_waypoint_publisher' build argument 'cmake_args' from command line to 'None'
[0.483s] [34mcolcon.colcon_core.verb[0m [1;30mLevel 5[0m set package 'svg_waypoint_publisher' build argument 'cmake_target' from command line to 'None'
[0.483s] [34mcolcon.colcon_core.verb[0m [1;30mLevel 5[0m set package 'svg_waypoint_publisher' build argument 'cmake_target_skip_unavailable' from command line to 'False'
[0.483s] [34mcolcon.colcon_core.verb[0m [1;30mLevel 5[0m set package 'svg_waypoint_publisher' build argument 'cmake_clean_cache' from command line to 'False'
[0.483s] [34mcolcon.colcon_core.verb[0m [1;30mLevel 5[0m set package 'svg_waypoint_publisher' build argument 'cmake_clean_first' from command line to 'False'
[0.483s] [34mcolcon.colcon_core.verb[0m [1;30mLevel 5[0m set package 'svg_waypoint_publisher' build argument 'cmake_force_configure' from command line to 'False'
[0.483s] [34mcolcon.colcon_core.verb[0m [1;30mLevel 5[0m set package 'svg_waypoint_publisher' build argument 'ament_cmake_args' from command line to 'None'
[0.483s] [34mcolcon.colcon_core.verb[0m [1;30mLevel 5[0m set package 'svg_waypoint_publisher' build argument 'catkin_cmake_args' from command line to 'None'
[0.483s] [34mcolcon.colcon_core.verb[0m [1;30mLevel 5[0m set package 'svg_waypoint_publisher' build argument 'catkin_skip_building_tests' from command line to 'False'
[0.483s] [34mcolcon.colcon_core.verb[0m [1;30mDEBUG[0m [32mBuilding package 'svg_waypoint_publisher' with the following arguments: {'ament_cmake_args': None, 'build_base': '/home/ashmu/ros2_ws/RS2/build/svg_waypoint_publisher', 'catkin_cmake_args': None, 'catkin_skip_building_tests': False, 'cmake_args': None, 'cmake_clean_cache': False, 'cmake_clean_first': False, 'cmake_force_configure': False, 'cmake_target': None, 'cmake_target_skip_unavailable': False, 'install_base': '/home/ashmu/ros2_ws/RS2/install/svg_waypoint_publisher', 'merge_install': False, 'path': '/home/ashmu/ros2_ws/RS2/src/svg_waypoint_publisher', 'symlink_install': False, 'test_result_base': None}[0m
[0.484s] [34mcolcon.colcon_core.verb[0m [1;30mLevel 5[0m set package 'ur3e_controller' build argument 'cmake_args' from command line to 'None'
[0.484s] [34mcolcon.colcon_core.verb[0m [1;30mLevel 5[0m set package 'ur3e_controller' build argument 'cmake_target' from command line to 'None'
[0.484s] [34mcolcon.colcon_core.verb[0m [1;30mLevel 5[0m set package 'ur3e_controller' build argument 'cmake_target_skip_unavailable' from command line to 'False'
[0.484s] [34mcolcon.colcon_core.verb[0m [1;30mLevel 5[0m set package 'ur3e_controller' build argument 'cmake_clean_cache' from command line to 'False'
[0.484s] [34mcolcon.colcon_core.verb[0m [1;30mLevel 5[0m set package 'ur3e_controller' build argument 'cmake_clean_first' from command line to 'False'
[0.484s] [34mcolcon.colcon_core.verb[0m [1;30mLevel 5[0m set package 'ur3e_controller' build argument 'cmake_force_configure' from command line to 'False'
[0.484s] [34mcolcon.colcon_core.verb[0m [1;30mLevel 5[0m set package 'ur3e_controller' build argument 'ament_cmake_args' from command line to 'None'
[0.484s] [34mcolcon.colcon_core.verb[0m [1;30mLevel 5[0m set package 'ur3e_controller' build argument 'catkin_cmake_args' from command line to 'None'
[0.484s] [34mcolcon.colcon_core.verb[0m [1;30mLevel 5[0m set package 'ur3e_controller' build argument 'catkin_skip_building_tests' from command line to 'False'
[0.484s] [34mcolcon.colcon_core.verb[0m [1;30mDEBUG[0m [32mBuilding package 'ur3e_controller' with the following arguments: {'ament_cmake_args': None, 'build_base': '/home/ashmu/ros2_ws/RS2/build/ur3e_controller', 'catkin_cmake_args': None, 'catkin_skip_building_tests': False, 'cmake_args': None, 'cmake_clean_cache': False, 'cmake_clean_first': False, 'cmake_force_configure': False, 'cmake_target': None, 'cmake_target_skip_unavailable': False, 'install_base': '/home/ashmu/ros2_ws/RS2/install/ur3e_controller', 'merge_install': False, 'path': '/home/ashmu/ros2_ws/RS2/src/ur3e_controller', 'symlink_install': False, 'test_result_base': None}[0m
[0.484s] [34mcolcon.colcon_core.executor[0m [1;30mINFO[0m Executing jobs using 'parallel' executor
[0.485s] [34mcolcon.colcon_parallel_executor.executor.parallel[0m [1;30mDEBUG[0m [32mrun_until_complete[0m
[0.486s] [34mcolcon.colcon_ros.task.ament_python.build[0m [1;30mINFO[0m Building ROS package in '/home/ashmu/ros2_ws/RS2/src/selfie_taker' with build type 'ament_python'
[0.486s] [34mcolcon.colcon_core.shell[0m [1;30mLevel 1[0m create_environment_hook('selfie_taker', 'ament_prefix_path')
[0.489s] [34mcolcon.colcon_core.plugin_system[0m [1;30mINFO[0m Skipping extension 'colcon_core.shell.bat': Not used on non-Windows systems
[0.490s] [34mcolcon.colcon_core.shell[0m [1;30mINFO[0m Creating environment hook '/home/ashmu/ros2_ws/RS2/install/selfie_taker/share/selfie_taker/hook/ament_prefix_path.ps1'
[0.491s] [34mcolcon.colcon_core.shell[0m [1;30mINFO[0m Creating environment descriptor '/home/ashmu/ros2_ws/RS2/install/selfie_taker/share/selfie_taker/hook/ament_prefix_path.dsv'
[0.491s] [34mcolcon.colcon_core.shell[0m [1;30mINFO[0m Creating environment hook '/home/ashmu/ros2_ws/RS2/install/selfie_taker/share/selfie_taker/hook/ament_prefix_path.sh'
[0.492s] [34mcolcon.colcon_core.shell[0m [1;30mINFO[0m Skip shell extension 'powershell' for command environment: Not usable outside of PowerShell
[0.492s] [34mcolcon.colcon_core.shell[0m [1;30mDEBUG[0m [32mSkip shell extension 'dsv' for command environment[0m
[0.502s] [34mcolcon.colcon_ros.task.ament_python.build[0m [1;30mINFO[0m Building ROS package in '/home/ashmu/ros2_ws/RS2/src/svg_command_subscriber' with build type 'ament_python'
[0.502s] [34mcolcon.colcon_core.shell[0m [1;30mLevel 1[0m create_environment_hook('svg_command_subscriber', 'ament_prefix_path')
[0.502s] [34mcolcon.colcon_core.shell[0m [1;30mINFO[0m Creating environment hook '/home/ashmu/ros2_ws/RS2/install/svg_command_subscriber/share/svg_command_subscriber/hook/ament_prefix_path.ps1'
[0.503s] [34mcolcon.colcon_core.shell[0m [1;30mINFO[0m Creating environment descriptor '/home/ashmu/ros2_ws/RS2/install/svg_command_subscriber/share/svg_command_subscriber/hook/ament_prefix_path.dsv'
[0.504s] [34mcolcon.colcon_core.shell[0m [1;30mINFO[0m Creating environment hook '/home/ashmu/ros2_ws/RS2/install/svg_command_subscriber/share/svg_command_subscriber/hook/ament_prefix_path.sh'
[0.504s] [34mcolcon.colcon_core.shell[0m [1;30mINFO[0m Skip shell extension 'powershell' for command environment: Not usable outside of PowerShell
[0.504s] [34mcolcon.colcon_core.shell[0m [1;30mDEBUG[0m [32mSkip shell extension 'dsv' for command environment[0m
[0.513s] [34mcolcon.colcon_ros.task.ament_python.build[0m [1;30mINFO[0m Building ROS package in '/home/ashmu/ros2_ws/RS2/src/svg_waypoint_publisher' with build type 'ament_python'
[0.513s] [34mcolcon.colcon_core.shell[0m [1;30mLevel 1[0m create_environment_hook('svg_waypoint_publisher', 'ament_prefix_path')
[0.514s] [34mcolcon.colcon_core.shell[0m [1;30mINFO[0m Creating environment hook '/home/ashmu/ros2_ws/RS2/install/svg_waypoint_publisher/share/svg_waypoint_publisher/hook/ament_prefix_path.ps1'
[0.514s] [34mcolcon.colcon_core.shell[0m [1;30mINFO[0m Creating environment descriptor '/home/ashmu/ros2_ws/RS2/install/svg_waypoint_publisher/share/svg_waypoint_publisher/hook/ament_prefix_path.dsv'
[0.515s] [34mcolcon.colcon_core.shell[0m [1;30mINFO[0m Creating environment hook '/home/ashmu/ros2_ws/RS2/install/svg_waypoint_publisher/share/svg_waypoint_publisher/hook/ament_prefix_path.sh'
[0.515s] [34mcolcon.colcon_core.shell[0m [1;30mINFO[0m Skip shell extension 'powershell' for command environment: Not usable outside of PowerShell
[0.515s] [34mcolcon.colcon_core.shell[0m [1;30mDEBUG[0m [32mSkip shell extension 'dsv' for command environment[0m
[0.524s] [34mcolcon.colcon_ros.task.ament_cmake.build[0m [1;30mINFO[0m Building ROS package in '/home/ashmu/ros2_ws/RS2/src/ur3e_controller' with build type 'ament_cmake'
[0.524s] [34mcolcon.colcon_cmake.task.cmake.build[0m [1;30mINFO[0m Building CMake package in '/home/ashmu/ros2_ws/RS2/src/ur3e_controller'
[0.525s] [34mcolcon.colcon_core.shell[0m [1;30mINFO[0m Skip shell extension 'powershell' for command environment: Not usable outside of PowerShell
[0.525s] [34mcolcon.colcon_core.shell[0m [1;30mDEBUG[0m [32mSkip shell extension 'dsv' for command environment[0m
[0.882s] [34mcolcon.colcon_core.task.python.build[0m [1;30mINFO[0m Building Python package in '/home/ashmu/ros2_ws/RS2/src/selfie_taker'
[0.882s] [34mcolcon.colcon_core.shell[0m [1;30mINFO[0m Skip shell extension 'powershell' for command environment: Not usable outside of PowerShell
[0.882s] [34mcolcon.colcon_core.shell[0m [1;30mDEBUG[0m [32mSkip shell extension 'dsv' for command environment[0m
[1.224s] [34mcolcon.colcon_core.task.python.build[0m [1;30mINFO[0m Building Python package in '/home/ashmu/ros2_ws/RS2/src/svg_command_subscriber'
[1.225s] [34mcolcon.colcon_core.shell[0m [1;30mINFO[0m Skip shell extension 'powershell' for command environment: Not usable outside of PowerShell
[1.225s] [34mcolcon.colcon_core.shell[0m [1;30mDEBUG[0m [32mSkip shell extension 'dsv' for command environment[0m
[1.559s] [34mcolcon.colcon_core.task.python.build[0m [1;30mINFO[0m Building Python package in '/home/ashmu/ros2_ws/RS2/src/svg_waypoint_publisher'
[1.560s] [34mcolcon.colcon_core.shell[0m [1;30mINFO[0m Skip shell extension 'powershell' for command environment: Not usable outside of PowerShell
[1.560s] [34mcolcon.colcon_core.shell[0m [1;30mDEBUG[0m [32mSkip shell extension 'dsv' for command environment[0m
[1.577s] [34mcolcon.colcon_core.event_handler.log_command[0m [1;30mDEBUG[0m [32mInvoking command in '/home/ashmu/ros2_ws/RS2/build/ur3e_controller': CMAKE_PREFIX_PATH=${CMAKE_PREFIX_PATH}:/home/ashmu/ros2_ws/RS2/install/svg_waypoint_publisher:/home/ashmu/ros2_ws/RS2/install/svg_command_subscriber:/home/ashmu/ros2_ws/RS2/install/selfie_taker:/home/ashmu/ros2_ws/install/svg_waypoint_publisher:/home/ashmu/ros2_ws/install/svg_command_subscriber:/home/ashmu/ros2_ws/install/selfie_taker:/home/ashmu/ros2_ws/install/rqt_joint_trajectory_controller:/home/ashmu/ros2_ws/install/rqt_controller_manager:/home/ashmu/ros2_ws/install/ros2controlcli:/home/ashmu/ros2_ws/install/ros2_controllers_test_nodes:/opt/ros/humble /usr/bin/cmake --build /home/ashmu/ros2_ws/RS2/build/ur3e_controller -- -j12 -l12[0m
[1.772s] [34mcolcon.colcon_core.event_handler.log_command[0m [1;30mDEBUG[0m [32mInvoked command in '/home/ashmu/ros2_ws/RS2/build/ur3e_controller' returned '0': CMAKE_PREFIX_PATH=${CMAKE_PREFIX_PATH}:/home/ashmu/ros2_ws/RS2/install/svg_waypoint_publisher:/home/ashmu/ros2_ws/RS2/install/svg_command_subscriber:/home/ashmu/ros2_ws/RS2/install/selfie_taker:/home/ashmu/ros2_ws/install/svg_waypoint_publisher:/home/ashmu/ros2_ws/install/svg_command_subscriber:/home/ashmu/ros2_ws/install/selfie_taker:/home/ashmu/ros2_ws/install/rqt_joint_trajectory_controller:/home/ashmu/ros2_ws/install/rqt_controller_manager:/home/ashmu/ros2_ws/install/ros2controlcli:/home/ashmu/ros2_ws/install/ros2_controllers_test_nodes:/opt/ros/humble /usr/bin/cmake --build /home/ashmu/ros2_ws/RS2/build/ur3e_controller -- -j12 -l12[0m
[1.803s] [34mcolcon.colcon_core.event_handler.log_command[0m [1;30mDEBUG[0m [32mInvoking command in '/home/ashmu/ros2_ws/RS2/build/ur3e_controller': CMAKE_PREFIX_PATH=${CMAKE_PREFIX_PATH}:/home/ashmu/ros2_ws/RS2/install/svg_waypoint_publisher:/home/ashmu/ros2_ws/RS2/install/svg_command_subscriber:/home/ashmu/ros2_ws/RS2/install/selfie_taker:/home/ashmu/ros2_ws/install/svg_waypoint_publisher:/home/ashmu/ros2_ws/install/svg_command_subscriber:/home/ashmu/ros2_ws/install/selfie_taker:/home/ashmu/ros2_ws/install/rqt_joint_trajectory_controller:/home/ashmu/ros2_ws/install/rqt_controller_manager:/home/ashmu/ros2_ws/install/ros2controlcli:/home/ashmu/ros2_ws/install/ros2_controllers_test_nodes:/opt/ros/humble /usr/bin/cmake --install /home/ashmu/ros2_ws/RS2/build/ur3e_controller[0m
[1.832s] [34mcolcon.colcon_core.environment[0m [1;30mLevel 1[0m create_environment_scripts_only(ur3e_controller)
[1.833s] [34mcolcon.colcon_core.event_handler.log_command[0m [1;30mDEBUG[0m [32mInvoked command in '/home/ashmu/ros2_ws/RS2/build/ur3e_controller' returned '0': CMAKE_PREFIX_PATH=${CMAKE_PREFIX_PATH}:/home/ashmu/ros2_ws/RS2/install/svg_waypoint_publisher:/home/ashmu/ros2_ws/RS2/install/svg_command_subscriber:/home/ashmu/ros2_ws/RS2/install/selfie_taker:/home/ashmu/ros2_ws/install/svg_waypoint_publisher:/home/ashmu/ros2_ws/install/svg_command_subscriber:/home/ashmu/ros2_ws/install/selfie_taker:/home/ashmu/ros2_ws/install/rqt_joint_trajectory_controller:/home/ashmu/ros2_ws/install/rqt_controller_manager:/home/ashmu/ros2_ws/install/ros2controlcli:/home/ashmu/ros2_ws/install/ros2_controllers_test_nodes:/opt/ros/humble /usr/bin/cmake --install /home/ashmu/ros2_ws/RS2/build/ur3e_controller[0m
[1.838s] [34mcolcon.colcon_core.environment[0m [1;30mLevel 1[0m checking '/home/ashmu/ros2_ws/RS2/install/ur3e_controller' for CMake module files
[1.839s] [34mcolcon.colcon_core.environment[0m [1;30mLevel 1[0m checking '/home/ashmu/ros2_ws/RS2/install/ur3e_controller' for CMake config files
[1.840s] [34mcolcon.colcon_core.shell[0m [1;30mLevel 1[0m create_environment_hook('ur3e_controller', 'cmake_prefix_path')
[1.840s] [34mcolcon.colcon_core.shell[0m [1;30mINFO[0m Creating environment hook '/home/ashmu/ros2_ws/RS2/install/ur3e_controller/share/ur3e_controller/hook/cmake_prefix_path.ps1'
[1.841s] [34mcolcon.colcon_core.shell[0m [1;30mINFO[0m Creating environment descriptor '/home/ashmu/ros2_ws/RS2/install/ur3e_controller/share/ur3e_controller/hook/cmake_prefix_path.dsv'
[1.842s] [34mcolcon.colcon_core.shell[0m [1;30mINFO[0m Creating environment hook '/home/ashmu/ros2_ws/RS2/install/ur3e_controller/share/ur3e_controller/hook/cmake_prefix_path.sh'
[1.843s] [34mcolcon.colcon_core.environment[0m [1;30mLevel 1[0m checking '/home/ashmu/ros2_ws/RS2/install/ur3e_controller/lib'
[1.844s] [34mcolcon.colcon_core.environment[0m [1;30mLevel 1[0m checking '/home/ashmu/ros2_ws/RS2/install/ur3e_controller/bin'
[1.844s] [34mcolcon.colcon_core.environment[0m [1;30mLevel 1[0m checking '/home/ashmu/ros2_ws/RS2/install/ur3e_controller/lib/pkgconfig/ur3e_controller.pc'
[1.845s] [34mcolcon.colcon_core.environment[0m [1;30mLevel 1[0m checking '/home/ashmu/ros2_ws/RS2/install/ur3e_controller/lib/python3.10/site-packages'
[1.845s] [34mcolcon.colcon_core.environment[0m [1;30mLevel 1[0m checking '/home/ashmu/ros2_ws/RS2/install/ur3e_controller/bin'
[1.846s] [34mcolcon.colcon_core.shell[0m [1;30mINFO[0m Creating package script '/home/ashmu/ros2_ws/RS2/install/ur3e_controller/share/ur3e_controller/package.ps1'
[1.847s] [34mcolcon.colcon_core.shell[0m [1;30mINFO[0m Creating package descriptor '/home/ashmu/ros2_ws/RS2/install/ur3e_controller/share/ur3e_controller/package.dsv'
[1.848s] [34mcolcon.colcon_core.shell[0m [1;30mINFO[0m Creating package script '/home/ashmu/ros2_ws/RS2/install/ur3e_controller/share/ur3e_controller/package.sh'
[1.850s] [34mcolcon.colcon_core.shell[0m [1;30mINFO[0m Creating package script '/home/ashmu/ros2_ws/RS2/install/ur3e_controller/share/ur3e_controller/package.bash'
[1.851s] [34mcolcon.colcon_core.shell[0m [1;30mINFO[0m Creating package script '/home/ashmu/ros2_ws/RS2/install/ur3e_controller/share/ur3e_controller/package.zsh'
[1.853s] [34mcolcon.colcon_core.environment[0m [1;30mLevel 1[0m create_file_with_runtime_dependencies(/home/ashmu/ros2_ws/RS2/install/ur3e_controller/share/colcon-core/packages/ur3e_controller)
[1.854s] [34mcolcon.colcon_core.environment[0m [1;30mLevel 1[0m create_environment_scripts_only(ur3e_controller)
[1.854s] [34mcolcon.colcon_core.environment[0m [1;30mLevel 1[0m checking '/home/ashmu/ros2_ws/RS2/install/ur3e_controller' for CMake module files
[1.855s] [34mcolcon.colcon_core.environment[0m [1;30mLevel 1[0m checking '/home/ashmu/ros2_ws/RS2/install/ur3e_controller' for CMake config files
[1.856s] [34mcolcon.colcon_core.shell[0m [1;30mLevel 1[0m create_environment_hook('ur3e_controller', 'cmake_prefix_path')
[1.856s] [34mcolcon.colcon_core.shell[0m [1;30mINFO[0m Creating environment hook '/home/ashmu/ros2_ws/RS2/install/ur3e_controller/share/ur3e_controller/hook/cmake_prefix_path.ps1'
[1.857s] [34mcolcon.colcon_core.shell[0m [1;30mINFO[0m Creating environment descriptor '/home/ashmu/ros2_ws/RS2/install/ur3e_controller/share/ur3e_controller/hook/cmake_prefix_path.dsv'
[1.858s] [34mcolcon.colcon_core.shell[0m [1;30mINFO[0m Creating environment hook '/home/ashmu/ros2_ws/RS2/install/ur3e_controller/share/ur3e_controller/hook/cmake_prefix_path.sh'
[1.859s] [34mcolcon.colcon_core.environment[0m [1;30mLevel 1[0m checking '/home/ashmu/ros2_ws/RS2/install/ur3e_controller/lib'
[1.859s] [34mcolcon.colcon_core.environment[0m [1;30mLevel 1[0m checking '/home/ashmu/ros2_ws/RS2/install/ur3e_controller/bin'
[1.859s] [34mcolcon.colcon_core.environment[0m [1;30mLevel 1[0m checking '/home/ashmu/ros2_ws/RS2/install/ur3e_controller/lib/pkgconfig/ur3e_controller.pc'
[1.860s] [34mcolcon.colcon_core.environment[0m [1;30mLevel 1[0m checking '/home/ashmu/ros2_ws/RS2/install/ur3e_controller/lib/python3.10/site-packages'
[1.860s] [34mcolcon.colcon_core.environment[0m [1;30mLevel 1[0m checking '/home/ashmu/ros2_ws/RS2/install/ur3e_controller/bin'
[1.861s] [34mcolcon.colcon_core.shell[0m [1;30mINFO[0m Creating package script '/home/ashmu/ros2_ws/RS2/install/ur3e_controller/share/ur3e_controller/package.ps1'
[1.862s] [34mcolcon.colcon_core.shell[0m [1;30mINFO[0m Creating package descriptor '/home/ashmu/ros2_ws/RS2/install/ur3e_controller/share/ur3e_controller/package.dsv'
[1.862s] [34mcolcon.colcon_core.shell[0m [1;30mINFO[0m Creating package script '/home/ashmu/ros2_ws/RS2/install/ur3e_controller/share/ur3e_controller/package.sh'
[1.863s] [34mcolcon.colcon_core.shell[0m [1;30mINFO[0m Creating package script '/home/ashmu/ros2_ws/RS2/install/ur3e_controller/share/ur3e_controller/package.bash'
[1.864s] [34mcolcon.colcon_core.shell[0m [1;30mINFO[0m Creating package script '/home/ashmu/ros2_ws/RS2/install/ur3e_controller/share/ur3e_controller/package.zsh'
[1.864s] [34mcolcon.colcon_core.environment[0m [1;30mLevel 1[0m create_file_with_runtime_dependencies(/home/ashmu/ros2_ws/RS2/install/ur3e_controller/share/colcon-core/packages/ur3e_controller)
[2.110s] [34mcolcon.colcon_core.event_handler.log_command[0m [1;30mDEBUG[0m [32mInvoking command in '/home/ashmu/ros2_ws/RS2/src/svg_waypoint_publisher': PYTHONPATH=/home/ashmu/ros2_ws/RS2/build/svg_waypoint_publisher/prefix_override:/usr/lib/python3/dist-packages/colcon_core/task/python/colcon_distutils_commands:/home/ashmu/ros2_ws/RS2/install/svg_waypoint_publisher/lib/python3.10/site-packages:${PYTHONPATH} /usr/bin/python3 -W ignore:setup.py install is deprecated -W ignore:easy_install command is deprecated setup.py egg_info --egg-base ../../build/svg_waypoint_publisher build --build-base /home/ashmu/ros2_ws/RS2/build/svg_waypoint_publisher/build install --record /home/ashmu/ros2_ws/RS2/build/svg_waypoint_publisher/install.log --single-version-externally-managed install_data[0m
[2.125s] [34mcolcon.colcon_core.event_handler.log_command[0m [1;30mDEBUG[0m [32mInvoking command in '/home/ashmu/ros2_ws/RS2/src/selfie_taker': PYTHONPATH=/home/ashmu/ros2_ws/RS2/build/selfie_taker/prefix_override:/usr/lib/python3/dist-packages/colcon_core/task/python/colcon_distutils_commands:/home/ashmu/ros2_ws/RS2/install/selfie_taker/lib/python3.10/site-packages:${PYTHONPATH} /usr/bin/python3 -W ignore:setup.py install is deprecated -W ignore:easy_install command is deprecated setup.py egg_info --egg-base ../../build/selfie_taker build --build-base /home/ashmu/ros2_ws/RS2/build/selfie_taker/build install --record /home/ashmu/ros2_ws/RS2/build/selfie_taker/install.log --single-version-externally-managed install_data[0m
[2.173s] [34mcolcon.colcon_core.event_handler.log_command[0m [1;30mDEBUG[0m [32mInvoking command in '/home/ashmu/ros2_ws/RS2/src/svg_command_subscriber': PYTHONPATH=/home/ashmu/ros2_ws/RS2/build/svg_command_subscriber/prefix_override:/usr/lib/python3/dist-packages/colcon_core/task/python/colcon_distutils_commands:/home/ashmu/ros2_ws/RS2/install/svg_command_subscriber/lib/python3.10/site-packages:${PYTHONPATH} /usr/bin/python3 -W ignore:setup.py install is deprecated -W ignore:easy_install command is deprecated setup.py egg_info --egg-base ../../build/svg_command_subscriber build --build-base /home/ashmu/ros2_ws/RS2/build/svg_command_subscriber/build install --record /home/ashmu/ros2_ws/RS2/build/svg_command_subscriber/install.log --single-version-externally-managed install_data[0m
[2.567s] [34mcolcon.colcon_core.environment[0m [1;30mLevel 1[0m checking '/home/ashmu/ros2_ws/RS2/install/svg_waypoint_publisher' for CMake module files
[2.568s] [34mcolcon.colcon_core.event_handler.log_command[0m [1;30mDEBUG[0m [32mInvoked command in '/home/ashmu/ros2_ws/RS2/src/svg_waypoint_publisher' returned '0': PYTHONPATH=/home/ashmu/ros2_ws/RS2/build/svg_waypoint_publisher/prefix_override:/usr/lib/python3/dist-packages/colcon_core/task/python/colcon_distutils_commands:/home/ashmu/ros2_ws/RS2/install/svg_waypoint_publisher/lib/python3.10/site-packages:${PYTHONPATH} /usr/bin/python3 -W ignore:setup.py install is deprecated -W ignore:easy_install command is deprecated setup.py egg_info --egg-base ../../build/svg_waypoint_publisher build --build-base /home/ashmu/ros2_ws/RS2/build/svg_waypoint_publisher/build install --record /home/ashmu/ros2_ws/RS2/build/svg_waypoint_publisher/install.log --single-version-externally-managed install_data[0m
[2.568s] [34mcolcon.colcon_core.environment[0m [1;30mLevel 1[0m checking '/home/ashmu/ros2_ws/RS2/install/svg_waypoint_publisher' for CMake config files
[2.570s] [34mcolcon.colcon_core.environment[0m [1;30mLevel 1[0m checking '/home/ashmu/ros2_ws/RS2/install/svg_waypoint_publisher/lib'
[2.570s] [34mcolcon.colcon_core.environment[0m [1;30mLevel 1[0m checking '/home/ashmu/ros2_ws/RS2/install/svg_waypoint_publisher/bin'
[2.570s] [34mcolcon.colcon_core.environment[0m [1;30mLevel 1[0m checking '/home/ashmu/ros2_ws/RS2/install/svg_waypoint_publisher/lib/pkgconfig/svg_waypoint_publisher.pc'
[2.570s] [34mcolcon.colcon_core.environment[0m [1;30mLevel 1[0m checking '/home/ashmu/ros2_ws/RS2/install/svg_waypoint_publisher/lib/python3.10/site-packages'
[2.570s] [34mcolcon.colcon_core.shell[0m [1;30mLevel 1[0m create_environment_hook('svg_waypoint_publisher', 'pythonpath')
[2.571s] [34mcolcon.colcon_core.shell[0m [1;30mINFO[0m Creating environment hook '/home/ashmu/ros2_ws/RS2/install/svg_waypoint_publisher/share/svg_waypoint_publisher/hook/pythonpath.ps1'
[2.572s] [34mcolcon.colcon_core.shell[0m [1;30mINFO[0m Creating environment descriptor '/home/ashmu/ros2_ws/RS2/install/svg_waypoint_publisher/share/svg_waypoint_publisher/hook/pythonpath.dsv'
[2.572s] [34mcolcon.colcon_core.shell[0m [1;30mINFO[0m Creating environment hook '/home/ashmu/ros2_ws/RS2/install/svg_waypoint_publisher/share/svg_waypoint_publisher/hook/pythonpath.sh'
[2.574s] [34mcolcon.colcon_core.environment[0m [1;30mLevel 1[0m checking '/home/ashmu/ros2_ws/RS2/install/svg_waypoint_publisher/bin'
[2.574s] [34mcolcon.colcon_core.environment[0m [1;30mLevel 1[0m create_environment_scripts_only(svg_waypoint_publisher)
[2.574s] [34mcolcon.colcon_core.shell[0m [1;30mINFO[0m Creating package script '/home/ashmu/ros2_ws/RS2/install/svg_waypoint_publisher/share/svg_waypoint_publisher/package.ps1'
[2.575s] [34mcolcon.colcon_core.shell[0m [1;30mINFO[0m Creating package descriptor '/home/ashmu/ros2_ws/RS2/install/svg_waypoint_publisher/share/svg_waypoint_publisher/package.dsv'
[2.576s] [34mcolcon.colcon_core.shell[0m [1;30mINFO[0m Creating package script '/home/ashmu/ros2_ws/RS2/install/svg_waypoint_publisher/share/svg_waypoint_publisher/package.sh'
[2.577s] [34mcolcon.colcon_core.shell[0m [1;30mINFO[0m Creating package script '/home/ashmu/ros2_ws/RS2/install/svg_waypoint_publisher/share/svg_waypoint_publisher/package.bash'
[2.577s] [34mcolcon.colcon_core.shell[0m [1;30mINFO[0m Creating package script '/home/ashmu/ros2_ws/RS2/install/svg_waypoint_publisher/share/svg_waypoint_publisher/package.zsh'
[2.578s] [34mcolcon.colcon_core.environment[0m [1;30mLevel 1[0m create_file_with_runtime_dependencies(/home/ashmu/ros2_ws/RS2/install/svg_waypoint_publisher/share/colcon-core/packages/svg_waypoint_publisher)
[2.592s] [34mcolcon.colcon_core.environment[0m [1;30mLevel 1[0m checking '/home/ashmu/ros2_ws/RS2/install/selfie_taker' for CMake module files
[2.593s] [34mcolcon.colcon_core.event_handler.log_command[0m [1;30mDEBUG[0m [32mInvoked command in '/home/ashmu/ros2_ws/RS2/src/selfie_taker' returned '0': PYTHONPATH=/home/ashmu/ros2_ws/RS2/build/selfie_taker/prefix_override:/usr/lib/python3/dist-packages/colcon_core/task/python/colcon_distutils_commands:/home/ashmu/ros2_ws/RS2/install/selfie_taker/lib/python3.10/site-packages:${PYTHONPATH} /usr/bin/python3 -W ignore:setup.py install is deprecated -W ignore:easy_install command is deprecated setup.py egg_info --egg-base ../../build/selfie_taker build --build-base /home/ashmu/ros2_ws/RS2/build/selfie_taker/build install --record /home/ashmu/ros2_ws/RS2/build/selfie_taker/install.log --single-version-externally-managed install_data[0m
[2.594s] [34mcolcon.colcon_core.environment[0m [1;30mLevel 1[0m checking '/home/ashmu/ros2_ws/RS2/install/selfie_taker' for CMake config files
[2.595s] [34mcolcon.colcon_core.environment[0m [1;30mLevel 1[0m checking '/home/ashmu/ros2_ws/RS2/install/selfie_taker/lib'
[2.595s] [34mcolcon.colcon_core.environment[0m [1;30mLevel 1[0m checking '/home/ashmu/ros2_ws/RS2/install/selfie_taker/bin'
[2.595s] [34mcolcon.colcon_core.environment[0m [1;30mLevel 1[0m checking '/home/ashmu/ros2_ws/RS2/install/selfie_taker/lib/pkgconfig/selfie_taker.pc'
[2.595s] [34mcolcon.colcon_core.environment[0m [1;30mLevel 1[0m checking '/home/ashmu/ros2_ws/RS2/install/selfie_taker/lib/python3.10/site-packages'
[2.595s] [34mcolcon.colcon_core.shell[0m [1;30mLevel 1[0m create_environment_hook('selfie_taker', 'pythonpath')
[2.596s] [34mcolcon.colcon_core.shell[0m [1;30mINFO[0m Creating environment hook '/home/ashmu/ros2_ws/RS2/install/selfie_taker/share/selfie_taker/hook/pythonpath.ps1'
[2.596s] [34mcolcon.colcon_core.shell[0m [1;30mINFO[0m Creating environment descriptor '/home/ashmu/ros2_ws/RS2/install/selfie_taker/share/selfie_taker/hook/pythonpath.dsv'
[2.597s] [34mcolcon.colcon_core.shell[0m [1;30mINFO[0m Creating environment hook '/home/ashmu/ros2_ws/RS2/install/selfie_taker/share/selfie_taker/hook/pythonpath.sh'
[2.597s] [34mcolcon.colcon_core.environment[0m [1;30mLevel 1[0m checking '/home/ashmu/ros2_ws/RS2/install/selfie_taker/bin'
[2.598s] [34mcolcon.colcon_core.environment[0m [1;30mLevel 1[0m create_environment_scripts_only(selfie_taker)
[2.598s] [34mcolcon.colcon_core.shell[0m [1;30mINFO[0m Creating package script '/home/ashmu/ros2_ws/RS2/install/selfie_taker/share/selfie_taker/package.ps1'
[2.599s] [34mcolcon.colcon_core.shell[0m [1;30mINFO[0m Creating package descriptor '/home/ashmu/ros2_ws/RS2/install/selfie_taker/share/selfie_taker/package.dsv'
[2.600s] [34mcolcon.colcon_core.shell[0m [1;30mINFO[0m Creating package script '/home/ashmu/ros2_ws/RS2/install/selfie_taker/share/selfie_taker/package.sh'
[2.601s] [34mcolcon.colcon_core.shell[0m [1;30mINFO[0m Creating package script '/home/ashmu/ros2_ws/RS2/install/selfie_taker/share/selfie_taker/package.bash'
[2.602s] [34mcolcon.colcon_core.shell[0m [1;30mINFO[0m Creating package script '/home/ashmu/ros2_ws/RS2/install/selfie_taker/share/selfie_taker/package.zsh'
[2.602s] [34mcolcon.colcon_core.environment[0m [1;30mLevel 1[0m create_file_with_runtime_dependencies(/home/ashmu/ros2_ws/RS2/install/selfie_taker/share/colcon-core/packages/selfie_taker)
[2.668s] [34mcolcon.colcon_core.environment[0m [1;30mLevel 1[0m checking '/home/ashmu/ros2_ws/RS2/install/svg_command_subscriber' for CMake module files
[2.669s] [34mcolcon.colcon_core.event_handler.log_command[0m [1;30mDEBUG[0m [32mInvoked command in '/home/ashmu/ros2_ws/RS2/src/svg_command_subscriber' returned '0': PYTHONPATH=/home/ashmu/ros2_ws/RS2/build/svg_command_subscriber/prefix_override:/usr/lib/python3/dist-packages/colcon_core/task/python/colcon_distutils_commands:/home/ashmu/ros2_ws/RS2/install/svg_command_subscriber/lib/python3.10/site-packages:${PYTHONPATH} /usr/bin/python3 -W ignore:setup.py install is deprecated -W ignore:easy_install command is deprecated setup.py egg_info --egg-base ../../build/svg_command_subscriber build --build-base /home/ashmu/ros2_ws/RS2/build/svg_command_subscriber/build install --record /home/ashmu/ros2_ws/RS2/build/svg_command_subscriber/install.log --single-version-externally-managed install_data[0m
[2.670s] [34mcolcon.colcon_core.environment[0m [1;30mLevel 1[0m checking '/home/ashmu/ros2_ws/RS2/install/svg_command_subscriber' for CMake config files
[2.670s] [34mcolcon.colcon_core.environment[0m [1;30mLevel 1[0m checking '/home/ashmu/ros2_ws/RS2/install/svg_command_subscriber/lib'
[2.671s] [34mcolcon.colcon_core.environment[0m [1;30mLevel 1[0m checking '/home/ashmu/ros2_ws/RS2/install/svg_command_subscriber/bin'
[2.671s] [34mcolcon.colcon_core.environment[0m [1;30mLevel 1[0m checking '/home/ashmu/ros2_ws/RS2/install/svg_command_subscriber/lib/pkgconfig/svg_command_subscriber.pc'
[2.671s] [34mcolcon.colcon_core.environment[0m [1;30mLevel 1[0m checking '/home/ashmu/ros2_ws/RS2/install/svg_command_subscriber/lib/python3.10/site-packages'
[2.671s] [34mcolcon.colcon_core.shell[0m [1;30mLevel 1[0m create_environment_hook('svg_command_subscriber', 'pythonpath')
[2.671s] [34mcolcon.colcon_core.shell[0m [1;30mINFO[0m Creating environment hook '/home/ashmu/ros2_ws/RS2/install/svg_command_subscriber/share/svg_command_subscriber/hook/pythonpath.ps1'
[2.672s] [34mcolcon.colcon_core.shell[0m [1;30mINFO[0m Creating environment descriptor '/home/ashmu/ros2_ws/RS2/install/svg_command_subscriber/share/svg_command_subscriber/hook/pythonpath.dsv'
[2.672s] [34mcolcon.colcon_core.shell[0m [1;30mINFO[0m Creating environment hook '/home/ashmu/ros2_ws/RS2/install/svg_command_subscriber/share/svg_command_subscriber/hook/pythonpath.sh'
[2.673s] [34mcolcon.colcon_core.environment[0m [1;30mLevel 1[0m checking '/home/ashmu/ros2_ws/RS2/install/svg_command_subscriber/bin'
[2.673s] [34mcolcon.colcon_core.environment[0m [1;30mLevel 1[0m create_environment_scripts_only(svg_command_subscriber)
[2.674s] [34mcolcon.colcon_core.shell[0m [1;30mINFO[0m Creating package script '/home/ashmu/ros2_ws/RS2/install/svg_command_subscriber/share/svg_command_subscriber/package.ps1'
[2.674s] [34mcolcon.colcon_core.shell[0m [1;30mINFO[0m Creating package descriptor '/home/ashmu/ros2_ws/RS2/install/svg_command_subscriber/share/svg_command_subscriber/package.dsv'
[2.675s] [34mcolcon.colcon_core.shell[0m [1;30mINFO[0m Creating package script '/home/ashmu/ros2_ws/RS2/install/svg_command_subscriber/share/svg_command_subscriber/package.sh'
[2.675s] [34mcolcon.colcon_core.shell[0m [1;30mINFO[0m Creating package script '/home/ashmu/ros2_ws/RS2/install/svg_command_subscriber/share/svg_command_subscriber/package.bash'
[2.676s] [34mcolcon.colcon_core.shell[0m [1;30mINFO[0m Creating package script '/home/ashmu/ros2_ws/RS2/install/svg_command_subscriber/share/svg_command_subscriber/package.zsh'
[2.676s] [34mcolcon.colcon_core.environment[0m [1;30mLevel 1[0m create_file_with_runtime_dependencies(/home/ashmu/ros2_ws/RS2/install/svg_command_subscriber/share/colcon-core/packages/svg_command_subscriber)
[2.677s] [34mcolcon.colcon_parallel_executor.executor.parallel[0m [1;30mDEBUG[0m [32mclosing loop[0m
[2.677s] [34mcolcon.colcon_parallel_executor.executor.parallel[0m [1;30mDEBUG[0m [32mloop closed[0m
[2.677s] [34mcolcon.colcon_parallel_executor.executor.parallel[0m [1;30mDEBUG[0m [32mrun_until_complete finished with '0'[0m
[2.677s] [34mcolcon.colcon_core.event_reactor[0m [1;30mDEBUG[0m [32mjoining thread[0m
[2.685s] [34mcolcon.colcon_core.plugin_system[0m [1;30mINFO[0m Skipping extension 'colcon_notification.desktop_notification.terminal_notifier': Not used on non-Darwin systems
[2.686s] [34mcolcon.colcon_core.plugin_system[0m [1;30mINFO[0m Skipping extension 'colcon_notification.desktop_notification.win32': Not used on non-Windows systems
[2.686s] [34mcolcon.colcon_notification.desktop_notification[0m [1;30mINFO[0m Sending desktop notification using 'notify2'
[2.699s] [34mcolcon.colcon_core.event_reactor[0m [1;30mDEBUG[0m [32mjoined thread[0m
[2.700s] [34mcolcon.colcon_core.shell[0m [1;30mINFO[0m Creating prefix script '/home/ashmu/ros2_ws/RS2/install/local_setup.ps1'
[2.701s] [34mcolcon.colcon_core.shell[0m [1;30mINFO[0m Creating prefix util module '/home/ashmu/ros2_ws/RS2/install/_local_setup_util_ps1.py'
[2.703s] [34mcolcon.colcon_core.shell[0m [1;30mINFO[0m Creating prefix chain script '/home/ashmu/ros2_ws/RS2/install/setup.ps1'
[2.708s] [34mcolcon.colcon_core.shell[0m [1;30mINFO[0m Creating prefix script '/home/ashmu/ros2_ws/RS2/install/local_setup.sh'
[2.709s] [34mcolcon.colcon_core.shell[0m [1;30mINFO[0m Creating prefix util module '/home/ashmu/ros2_ws/RS2/install/_local_setup_util_sh.py'
[2.709s] [34mcolcon.colcon_core.shell[0m [1;30mINFO[0m Creating prefix chain script '/home/ashmu/ros2_ws/RS2/install/setup.sh'
[2.714s] [34mcolcon.colcon_core.shell[0m [1;30mINFO[0m Creating prefix script '/home/ashmu/ros2_ws/RS2/install/local_setup.bash'
[2.715s] [34mcolcon.colcon_core.shell[0m [1;30mINFO[0m Creating prefix chain script '/home/ashmu/ros2_ws/RS2/install/setup.bash'
[2.719s] [34mcolcon.colcon_core.shell[0m [1;30mINFO[0m Creating prefix script '/home/ashmu/ros2_ws/RS2/install/local_setup.zsh'
[2.720s] [34mcolcon.colcon_core.shell[0m [1;30mINFO[0m Creating prefix chain script '/home/ashmu/ros2_ws/RS2/install/setup.zsh'
