[0.451s] Invoking command in '/home/ashmu/ros2_ws/RS2/build/ur3e_controller': CMAKE_PREFIX_PATH=${CMAKE_PREFIX_PATH}:/home/ashmu/ros2_ws/RS2/install/svg_waypoint_publisher:/home/ashmu/ros2_ws/RS2/install/svg_command_subscriber:/home/ashmu/ros2_ws/RS2/install/selfie_taker:/home/ashmu/ros2_ws/install/svg_waypoint_publisher:/home/ashmu/ros2_ws/install/svg_command_subscriber:/home/ashmu/ros2_ws/install/selfie_taker:/home/ashmu/ros2_ws/install/rqt_joint_trajectory_controller:/home/ashmu/ros2_ws/install/rqt_controller_manager:/home/ashmu/ros2_ws/install/ros2controlcli:/home/ashmu/ros2_ws/install/ros2_controllers_test_nodes:/opt/ros/humble /usr/bin/cmake /home/ashmu/ros2_ws/RS2/src/ur3e_controller -DCMAKE_INSTALL_PREFIX=/home/ashmu/ros2_ws/RS2/install/ur3e_controller
[0.542s] -- The C compiler identification is GNU 11.4.0
[0.628s] -- The CXX compiler identification is GNU 11.4.0
[0.639s] -- Detecting C compiler ABI info
[0.771s] -- Detecting C compiler ABI info - done
[0.779s] -- Check for working C compiler: /usr/bin/cc - skipped
[0.779s] -- Detecting C compile features
[0.780s] -- Detecting C compile features - done
[0.784s] -- Detecting CXX compiler ABI info
[0.922s] -- Detecting CXX compiler ABI info - done
[0.932s] -- Check for working CXX compiler: /usr/bin/c++ - skipped
[0.932s] -- Detecting CXX compile features
[0.932s] -- Detecting CXX compile features - done
[0.947s] -- Found ament_cmake: 1.3.11 (/opt/ros/humble/share/ament_cmake/cmake)
[1.191s] -- Found Python3: /usr/bin/python3 (found version "3.10.12") found components: Interpreter 
[1.361s] -- Found moveit_ros_planning_interface: 2.5.9 (/opt/ros/humble/share/moveit_ros_planning_interface/cmake)
[1.632s] -- Found Boost: /usr/lib/x86_64-linux-gnu/cmake/Boost-1.74.0/BoostConfig.cmake (found version "1.74.0") found components: date_time filesystem program_options system thread 
[1.734s] -- Found rosidl_generator_c: 3.1.6 (/opt/ros/humble/share/rosidl_generator_c/cmake)
[1.750s] -- Found rosidl_adapter: 3.1.6 (/opt/ros/humble/share/rosidl_adapter/cmake)
[1.775s] -- Found rosidl_generator_cpp: 3.1.6 (/opt/ros/humble/share/rosidl_generator_cpp/cmake)
[1.799s] -- Using all available rosidl_typesupport_c: rosidl_typesupport_fastrtps_c;rosidl_typesupport_introspection_c
[1.836s] -- Using all available rosidl_typesupport_cpp: rosidl_typesupport_fastrtps_cpp;rosidl_typesupport_introspection_cpp
[2.096s] -- Found Boost: /usr/lib/x86_64-linux-gnu/cmake/Boost-1.74.0/BoostConfig.cmake (found version "1.74.0") found components: chrono date_time filesystem iostreams program_options regex serialization system thread 
[2.207s] -- Found parameter_traits: 0.4.0 (/opt/ros/humble/share/parameter_traits/cmake)
[2.303s] -- Found rmw_implementation_cmake: 6.1.2 (/opt/ros/humble/share/rmw_implementation_cmake/cmake)
[2.313s] -- Found rmw_fastrtps_cpp: 6.2.7 (/opt/ros/humble/share/rmw_fastrtps_cpp/cmake)
[2.472s] -- Found OpenSSL: /usr/lib/x86_64-linux-gnu/libcrypto.so (found version "3.0.2")  
[2.503s] -- Found FastRTPS: /opt/ros/humble/include  
[2.564s] -- Using RMW implementation 'rmw_fastrtps_cpp' as default
[2.591s] -- Found Threads: TRUE  
[2.660s] -- Found Eigen3: TRUE (found version "3.4.0") 
[2.669s] -- Found rclcpp_lifecycle: 16.0.12 (/opt/ros/humble/share/rclcpp_lifecycle/cmake)
[2.708s] -- Found Boost: /usr/lib/x86_64-linux-gnu/cmake/Boost-1.74.0/BoostConfig.cmake (found version "1.74.0") found components: filesystem 
[2.879s] -- library: /usr/lib/x86_64-linux-gnu/libcurl.so
[2.929s] -- Ensuring Eigen3 include directory is part of orocos-kdl CMake target
[3.181s] -- Found Boost: /usr/lib/x86_64-linux-gnu/cmake/Boost-1.74.0/BoostConfig.cmake (found version "1.74.0") found components: system filesystem date_time program_options thread chrono 
[3.221s] -- Found Boost: /usr/lib/x86_64-linux-gnu/cmake/Boost-1.74.0/BoostConfig.cmake (found version "1.74.0") found components: thread system filesystem regex date_time program_options 
[3.253s] -- Found Boost: /usr/lib/x86_64-linux-gnu/cmake/Boost-1.74.0/BoostConfig.cmake (found version "1.74.0") found components: system filesystem date_time program_options thread 
[3.294s] -- Found ament_lint_auto: 0.12.12 (/opt/ros/humble/share/ament_lint_auto/cmake)
[3.420s] -- Added test 'cppcheck' to perform static code analysis on C / C++ code
[3.420s] -- Configured cppcheck include dirs: $<BUILD_INTERFACE:/home/ashmu/ros2_ws/RS2/src/ur3e_controller/include>
[3.420s] -- Configured cppcheck exclude dirs and/or files: 
[3.424s] -- Added test 'lint_cmake' to check CMake code style
[3.433s] -- Added test 'uncrustify' to check C / C++ code style
[3.433s] -- Configured uncrustify additional arguments: 
[3.435s] -- Added test 'xmllint' to check XML markup files
[3.438s] -- Configuring done
[3.461s] -- Generating done
[3.467s] -- Build files have been written to: /home/ashmu/ros2_ws/RS2/build/ur3e_controller
[3.480s] Invoked command in '/home/ashmu/ros2_ws/RS2/build/ur3e_controller' returned '0': CMAKE_PREFIX_PATH=${CMAKE_PREFIX_PATH}:/home/ashmu/ros2_ws/RS2/install/svg_waypoint_publisher:/home/ashmu/ros2_ws/RS2/install/svg_command_subscriber:/home/ashmu/ros2_ws/RS2/install/selfie_taker:/home/ashmu/ros2_ws/install/svg_waypoint_publisher:/home/ashmu/ros2_ws/install/svg_command_subscriber:/home/ashmu/ros2_ws/install/selfie_taker:/home/ashmu/ros2_ws/install/rqt_joint_trajectory_controller:/home/ashmu/ros2_ws/install/rqt_controller_manager:/home/ashmu/ros2_ws/install/ros2controlcli:/home/ashmu/ros2_ws/install/ros2_controllers_test_nodes:/opt/ros/humble /usr/bin/cmake /home/ashmu/ros2_ws/RS2/src/ur3e_controller -DCMAKE_INSTALL_PREFIX=/home/ashmu/ros2_ws/RS2/install/ur3e_controller
[3.482s] Invoking command in '/home/ashmu/ros2_ws/RS2/build/ur3e_controller': CMAKE_PREFIX_PATH=${CMAKE_PREFIX_PATH}:/home/ashmu/ros2_ws/RS2/install/svg_waypoint_publisher:/home/ashmu/ros2_ws/RS2/install/svg_command_subscriber:/home/ashmu/ros2_ws/RS2/install/selfie_taker:/home/ashmu/ros2_ws/install/svg_waypoint_publisher:/home/ashmu/ros2_ws/install/svg_command_subscriber:/home/ashmu/ros2_ws/install/selfie_taker:/home/ashmu/ros2_ws/install/rqt_joint_trajectory_controller:/home/ashmu/ros2_ws/install/rqt_controller_manager:/home/ashmu/ros2_ws/install/ros2controlcli:/home/ashmu/ros2_ws/install/ros2_controllers_test_nodes:/opt/ros/humble /usr/bin/cmake --build /home/ashmu/ros2_ws/RS2/build/ur3e_controller -- -j12 -l12
[3.564s] [ 50%] [32mBuilding CXX object CMakeFiles/ur_node.dir/src/ur_node.cpp.o[0m
[14.626s] [100%] [32m[1mLinking CXX executable ur_node[0m
[15.225s] [100%] Built target ur_node
[15.239s] Invoked command in '/home/ashmu/ros2_ws/RS2/build/ur3e_controller' returned '0': CMAKE_PREFIX_PATH=${CMAKE_PREFIX_PATH}:/home/ashmu/ros2_ws/RS2/install/svg_waypoint_publisher:/home/ashmu/ros2_ws/RS2/install/svg_command_subscriber:/home/ashmu/ros2_ws/RS2/install/selfie_taker:/home/ashmu/ros2_ws/install/svg_waypoint_publisher:/home/ashmu/ros2_ws/install/svg_command_subscriber:/home/ashmu/ros2_ws/install/selfie_taker:/home/ashmu/ros2_ws/install/rqt_joint_trajectory_controller:/home/ashmu/ros2_ws/install/rqt_controller_manager:/home/ashmu/ros2_ws/install/ros2controlcli:/home/ashmu/ros2_ws/install/ros2_controllers_test_nodes:/opt/ros/humble /usr/bin/cmake --build /home/ashmu/ros2_ws/RS2/build/ur3e_controller -- -j12 -l12
[15.253s] Invoking command in '/home/ashmu/ros2_ws/RS2/build/ur3e_controller': CMAKE_PREFIX_PATH=${CMAKE_PREFIX_PATH}:/home/ashmu/ros2_ws/RS2/install/svg_waypoint_publisher:/home/ashmu/ros2_ws/RS2/install/svg_command_subscriber:/home/ashmu/ros2_ws/RS2/install/selfie_taker:/home/ashmu/ros2_ws/install/svg_waypoint_publisher:/home/ashmu/ros2_ws/install/svg_command_subscriber:/home/ashmu/ros2_ws/install/selfie_taker:/home/ashmu/ros2_ws/install/rqt_joint_trajectory_controller:/home/ashmu/ros2_ws/install/rqt_controller_manager:/home/ashmu/ros2_ws/install/ros2controlcli:/home/ashmu/ros2_ws/install/ros2_controllers_test_nodes:/opt/ros/humble /usr/bin/cmake --install /home/ashmu/ros2_ws/RS2/build/ur3e_controller
[15.264s] -- Install configuration: ""
[15.264s] -- Installing: /home/ashmu/ros2_ws/RS2/install/ur3e_controller/lib/ur3e_controller/ur_node
[15.268s] -- Set runtime path of "/home/ashmu/ros2_ws/RS2/install/ur3e_controller/lib/ur3e_controller/ur_node" to ""
[15.268s] -- Installing: /home/ashmu/ros2_ws/RS2/install/ur3e_controller/share/ament_index/resource_index/package_run_dependencies/ur3e_controller
[15.268s] -- Installing: /home/ashmu/ros2_ws/RS2/install/ur3e_controller/share/ament_index/resource_index/parent_prefix_path/ur3e_controller
[15.268s] -- Installing: /home/ashmu/ros2_ws/RS2/install/ur3e_controller/share/ur3e_controller/environment/ament_prefix_path.sh
[15.268s] -- Installing: /home/ashmu/ros2_ws/RS2/install/ur3e_controller/share/ur3e_controller/environment/ament_prefix_path.dsv
[15.269s] -- Installing: /home/ashmu/ros2_ws/RS2/install/ur3e_controller/share/ur3e_controller/environment/path.sh
[15.269s] -- Installing: /home/ashmu/ros2_ws/RS2/install/ur3e_controller/share/ur3e_controller/environment/path.dsv
[15.269s] -- Installing: /home/ashmu/ros2_ws/RS2/install/ur3e_controller/share/ur3e_controller/local_setup.bash
[15.269s] -- Installing: /home/ashmu/ros2_ws/RS2/install/ur3e_controller/share/ur3e_controller/local_setup.sh
[15.269s] -- Installing: /home/ashmu/ros2_ws/RS2/install/ur3e_controller/share/ur3e_controller/local_setup.zsh
[15.269s] -- Installing: /home/ashmu/ros2_ws/RS2/install/ur3e_controller/share/ur3e_controller/local_setup.dsv
[15.269s] -- Installing: /home/ashmu/ros2_ws/RS2/install/ur3e_controller/share/ur3e_controller/package.dsv
[15.269s] -- Installing: /home/ashmu/ros2_ws/RS2/install/ur3e_controller/share/ament_index/resource_index/packages/ur3e_controller
[15.270s] -- Installing: /home/ashmu/ros2_ws/RS2/install/ur3e_controller/share/ur3e_controller/cmake/ur3e_controllerConfig.cmake
[15.270s] -- Installing: /home/ashmu/ros2_ws/RS2/install/ur3e_controller/share/ur3e_controller/cmake/ur3e_controllerConfig-version.cmake
[15.270s] -- Installing: /home/ashmu/ros2_ws/RS2/install/ur3e_controller/share/ur3e_controller/package.xml
[15.272s] Invoked command in '/home/ashmu/ros2_ws/RS2/build/ur3e_controller' returned '0': CMAKE_PREFIX_PATH=${CMAKE_PREFIX_PATH}:/home/ashmu/ros2_ws/RS2/install/svg_waypoint_publisher:/home/ashmu/ros2_ws/RS2/install/svg_command_subscriber:/home/ashmu/ros2_ws/RS2/install/selfie_taker:/home/ashmu/ros2_ws/install/svg_waypoint_publisher:/home/ashmu/ros2_ws/install/svg_command_subscriber:/home/ashmu/ros2_ws/install/selfie_taker:/home/ashmu/ros2_ws/install/rqt_joint_trajectory_controller:/home/ashmu/ros2_ws/install/rqt_controller_manager:/home/ashmu/ros2_ws/install/ros2controlcli:/home/ashmu/ros2_ws/install/ros2_controllers_test_nodes:/opt/ros/humble /usr/bin/cmake --install /home/ashmu/ros2_ws/RS2/build/ur3e_controller
