/home/ashmu/ros2_ws/install/ur3e_control_package/lib/python3.10/site-packages/ur3e_control_package/test.py
/home/ashmu/ros2_ws/install/ur3e_control_package/lib/python3.10/site-packages/ur3e_control_package/initials_demo.py
/home/ashmu/ros2_ws/install/ur3e_control_package/lib/python3.10/site-packages/ur3e_control_package/__init__.py
/home/ashmu/ros2_ws/install/ur3e_control_package/lib/python3.10/site-packages/ur3e_control_package/sweep.py
/home/ashmu/ros2_ws/install/ur3e_control_package/lib/python3.10/site-packages/ur3e_control_package/spawn_entities.py
/home/ashmu/ros2_ws/install/ur3e_control_package/lib/python3.10/site-packages/ur3e_control_package/move_command.py
/home/ashmu/ros2_ws/install/ur3e_control_package/lib/python3.10/site-packages/ur3e_control_package/__pycache__/test.cpython-310.pyc
/home/ashmu/ros2_ws/install/ur3e_control_package/lib/python3.10/site-packages/ur3e_control_package/__pycache__/initials_demo.cpython-310.pyc
/home/ashmu/ros2_ws/install/ur3e_control_package/lib/python3.10/site-packages/ur3e_control_package/__pycache__/__init__.cpython-310.pyc
/home/ashmu/ros2_ws/install/ur3e_control_package/lib/python3.10/site-packages/ur3e_control_package/__pycache__/sweep.cpython-310.pyc
/home/ashmu/ros2_ws/install/ur3e_control_package/lib/python3.10/site-packages/ur3e_control_package/__pycache__/spawn_entities.cpython-310.pyc
/home/ashmu/ros2_ws/install/ur3e_control_package/lib/python3.10/site-packages/ur3e_control_package/__pycache__/move_command.cpython-310.pyc
/home/ashmu/ros2_ws/install/ur3e_control_package/share/ament_index/resource_index/packages/ur3e_control_package
/home/ashmu/ros2_ws/install/ur3e_control_package/share/ur3e_control_package/package.xml
/home/ashmu/ros2_ws/install/ur3e_control_package/share/ur3e_control_package/launch
/home/ashmu/ros2_ws/install/ur3e_control_package/lib/python3.10/site-packages/ur3e_control_package-0.0.0-py3.10.egg-info/dependency_links.txt
/home/ashmu/ros2_ws/install/ur3e_control_package/lib/python3.10/site-packages/ur3e_control_package-0.0.0-py3.10.egg-info/zip-safe
/home/ashmu/ros2_ws/install/ur3e_control_package/lib/python3.10/site-packages/ur3e_control_package-0.0.0-py3.10.egg-info/requires.txt
/home/ashmu/ros2_ws/install/ur3e_control_package/lib/python3.10/site-packages/ur3e_control_package-0.0.0-py3.10.egg-info/SOURCES.txt
/home/ashmu/ros2_ws/install/ur3e_control_package/lib/python3.10/site-packages/ur3e_control_package-0.0.0-py3.10.egg-info/PKG-INFO
/home/ashmu/ros2_ws/install/ur3e_control_package/lib/python3.10/site-packages/ur3e_control_package-0.0.0-py3.10.egg-info/entry_points.txt
/home/ashmu/ros2_ws/install/ur3e_control_package/lib/python3.10/site-packages/ur3e_control_package-0.0.0-py3.10.egg-info/top_level.txt
/home/ashmu/ros2_ws/install/ur3e_control_package/lib/ur3e_control_package/initials_demo
/home/ashmu/ros2_ws/install/ur3e_control_package/lib/ur3e_control_package/move_command
/home/ashmu/ros2_ws/install/ur3e_control_package/lib/ur3e_control_package/spawn_entities
