[0.889s] colcon DEBUG Command line arguments: ['/usr/bin/colcon', 'list', '-p', '--base-paths', '/home/ashmu/ros2_ws/RS2']
[0.889s] colcon DEBUG Parsed command line arguments: Namespace(log_base=None, log_level=None, verb_name='list', build_base='build', ignore_user_meta=False, metas=['./colcon.meta'], base_paths=['/home/ashmu/ros2_ws/RS2'], packages_ignore=None, packages_ignore_regex=None, paths=None, packages_up_to=None, packages_up_to_regex=None, packages_above=None, packages_above_and_dependencies=None, packages_above_depth=None, packages_select_by_dep=None, packages_skip_by_dep=None, packages_skip_up_to=None, packages_select_build_failed=False, packages_skip_build_finished=False, packages_select_test_failures=False, packages_skip_test_passed=False, packages_select=None, packages_skip=None, packages_select_regex=None, packages_skip_regex=None, packages_start=None, packages_end=None, allow_overriding=[], topological_order=False, names_only=False, paths_only=True, topological_graph=False, topological_graph_dot=False, topological_graph_density=False, topological_graph_legend=False, topological_graph_dot_cluster=False, topological_graph_dot_include_skipped=False, mixin_files=None, mixin=None, verb_parser=<colcon_mixin.mixin.mixin_argument.MixinArgumentDecorator object at 0x7a02548dbbb0>, verb_extension=<colcon_package_information.verb.list.ListVerb object at 0x7a02548daad0>, main=<bound method ListVerb.main of <colcon_package_information.verb.list.ListVerb object at 0x7a02548daad0>>, mixin_verb=('list',))
[2.300s] colcon.colcon_core.package_discovery Level 1 discover_packages(colcon_meta) check parameters
[2.301s] colcon.colcon_core.package_discovery Level 1 discover_packages(recursive) check parameters
[2.301s] colcon.colcon_core.package_discovery Level 1 discover_packages(ignore) check parameters
[2.302s] colcon.colcon_core.package_discovery Level 1 discover_packages(path) check parameters
[2.302s] colcon.colcon_core.package_discovery Level 1 discover_packages(recursive) discover
[2.302s] colcon.colcon_core.package_discovery INFO Crawling recursively for packages in '/home/ashmu/ros2_ws/RS2'
[2.303s] colcon.colcon_core.package_identification Level 1 _identify(/home/ashmu/ros2_ws/RS2) by extensions ['ignore', 'ignore_ament_install']
[2.304s] colcon.colcon_core.package_identification Level 1 _identify(/home/ashmu/ros2_ws/RS2) by extension 'ignore'
[2.304s] colcon.colcon_core.package_identification Level 1 _identify(/home/ashmu/ros2_ws/RS2) by extension 'ignore_ament_install'
[2.305s] colcon.colcon_core.package_identification Level 1 _identify(/home/ashmu/ros2_ws/RS2) by extensions ['colcon_pkg']
[2.305s] colcon.colcon_core.package_identification Level 1 _identify(/home/ashmu/ros2_ws/RS2) by extension 'colcon_pkg'
[2.305s] colcon.colcon_core.package_identification Level 1 _identify(/home/ashmu/ros2_ws/RS2) by extensions ['colcon_meta']
[2.305s] colcon.colcon_core.package_identification Level 1 _identify(/home/ashmu/ros2_ws/RS2) by extension 'colcon_meta'
[2.306s] colcon.colcon_core.package_identification Level 1 _identify(/home/ashmu/ros2_ws/RS2) by extensions ['ros']
[2.306s] colcon.colcon_core.package_identification Level 1 _identify(/home/ashmu/ros2_ws/RS2) by extension 'ros'
[2.386s] colcon.colcon_core.package_identification Level 1 _identify(/home/ashmu/ros2_ws/RS2) by extensions ['cmake', 'python']
[2.386s] colcon.colcon_core.package_identification Level 1 _identify(/home/ashmu/ros2_ws/RS2) by extension 'cmake'
[2.386s] colcon.colcon_core.package_identification Level 1 _identify(/home/ashmu/ros2_ws/RS2) by extension 'python'
[2.387s] colcon.colcon_core.package_identification Level 1 _identify(/home/ashmu/ros2_ws/RS2) by extensions ['python_setup_py']
[2.387s] colcon.colcon_core.package_identification Level 1 _identify(/home/ashmu/ros2_ws/RS2) by extension 'python_setup_py'
[2.388s] colcon.colcon_core.package_identification Level 1 _identify(/home/ashmu/ros2_ws/RS2/build) by extensions ['ignore', 'ignore_ament_install']
[2.389s] colcon.colcon_core.package_identification Level 1 _identify(/home/ashmu/ros2_ws/RS2/build) by extension 'ignore'
[2.389s] colcon.colcon_core.package_identification Level 1 _identify(/home/ashmu/ros2_ws/RS2/build) ignored
[2.390s] colcon.colcon_core.package_identification Level 1 _identify(/home/ashmu/ros2_ws/RS2/install) by extensions ['ignore', 'ignore_ament_install']
[2.391s] colcon.colcon_core.package_identification Level 1 _identify(/home/ashmu/ros2_ws/RS2/install) by extension 'ignore'
[2.391s] colcon.colcon_core.package_identification Level 1 _identify(/home/ashmu/ros2_ws/RS2/install) ignored
[2.392s] colcon.colcon_core.package_identification Level 1 _identify(/home/ashmu/ros2_ws/RS2/log) by extensions ['ignore', 'ignore_ament_install']
[2.393s] colcon.colcon_core.package_identification Level 1 _identify(/home/ashmu/ros2_ws/RS2/log) by extension 'ignore'
[2.393s] colcon.colcon_core.package_identification Level 1 _identify(/home/ashmu/ros2_ws/RS2/log) ignored
[2.394s] colcon.colcon_core.package_identification Level 1 _identify(/home/ashmu/ros2_ws/RS2/src) by extensions ['ignore', 'ignore_ament_install']
[2.395s] colcon.colcon_core.package_identification Level 1 _identify(/home/ashmu/ros2_ws/RS2/src) by extension 'ignore'
[2.395s] colcon.colcon_core.package_identification Level 1 _identify(/home/ashmu/ros2_ws/RS2/src) by extension 'ignore_ament_install'
[2.395s] colcon.colcon_core.package_identification Level 1 _identify(/home/ashmu/ros2_ws/RS2/src) by extensions ['colcon_pkg']
[2.396s] colcon.colcon_core.package_identification Level 1 _identify(/home/ashmu/ros2_ws/RS2/src) by extension 'colcon_pkg'
[2.396s] colcon.colcon_core.package_identification Level 1 _identify(/home/ashmu/ros2_ws/RS2/src) by extensions ['colcon_meta']
[2.396s] colcon.colcon_core.package_identification Level 1 _identify(/home/ashmu/ros2_ws/RS2/src) by extension 'colcon_meta'
[2.396s] colcon.colcon_core.package_identification Level 1 _identify(/home/ashmu/ros2_ws/RS2/src) by extensions ['ros']
[2.397s] colcon.colcon_core.package_identification Level 1 _identify(/home/ashmu/ros2_ws/RS2/src) by extension 'ros'
[2.397s] colcon.colcon_core.package_identification Level 1 _identify(/home/ashmu/ros2_ws/RS2/src) by extensions ['cmake', 'python']
[2.397s] colcon.colcon_core.package_identification Level 1 _identify(/home/ashmu/ros2_ws/RS2/src) by extension 'cmake'
[2.398s] colcon.colcon_core.package_identification Level 1 _identify(/home/ashmu/ros2_ws/RS2/src) by extension 'python'
[2.398s] colcon.colcon_core.package_identification Level 1 _identify(/home/ashmu/ros2_ws/RS2/src) by extensions ['python_setup_py']
[2.398s] colcon.colcon_core.package_identification Level 1 _identify(/home/ashmu/ros2_ws/RS2/src) by extension 'python_setup_py'
[2.399s] colcon.colcon_core.package_identification Level 1 _identify(/home/ashmu/ros2_ws/RS2/src/selfie_taker) by extensions ['ignore', 'ignore_ament_install']
[2.400s] colcon.colcon_core.package_identification Level 1 _identify(/home/ashmu/ros2_ws/RS2/src/selfie_taker) by extension 'ignore'
[2.400s] colcon.colcon_core.package_identification Level 1 _identify(/home/ashmu/ros2_ws/RS2/src/selfie_taker) by extension 'ignore_ament_install'
[2.400s] colcon.colcon_core.package_identification Level 1 _identify(/home/ashmu/ros2_ws/RS2/src/selfie_taker) by extensions ['colcon_pkg']
[2.400s] colcon.colcon_core.package_identification Level 1 _identify(/home/ashmu/ros2_ws/RS2/src/selfie_taker) by extension 'colcon_pkg'
[2.401s] colcon.colcon_core.package_identification Level 1 _identify(/home/ashmu/ros2_ws/RS2/src/selfie_taker) by extensions ['colcon_meta']
[2.401s] colcon.colcon_core.package_identification Level 1 _identify(/home/ashmu/ros2_ws/RS2/src/selfie_taker) by extension 'colcon_meta'
[2.401s] colcon.colcon_core.package_identification Level 1 _identify(/home/ashmu/ros2_ws/RS2/src/selfie_taker) by extensions ['ros']
[2.402s] colcon.colcon_core.package_identification Level 1 _identify(/home/ashmu/ros2_ws/RS2/src/selfie_taker) by extension 'ros'
[2.426s] colcon.colcon_core.package_identification DEBUG Package '/home/ashmu/ros2_ws/RS2/src/selfie_taker' with type 'ros.ament_python' and name 'selfie_taker'
[2.427s] colcon.colcon_core.package_identification Level 1 _identify(/home/ashmu/ros2_ws/RS2/src/svg_command_subscriber) by extensions ['ignore', 'ignore_ament_install']
[2.428s] colcon.colcon_core.package_identification Level 1 _identify(/home/ashmu/ros2_ws/RS2/src/svg_command_subscriber) by extension 'ignore'
[2.428s] colcon.colcon_core.package_identification Level 1 _identify(/home/ashmu/ros2_ws/RS2/src/svg_command_subscriber) by extension 'ignore_ament_install'
[2.429s] colcon.colcon_core.package_identification Level 1 _identify(/home/ashmu/ros2_ws/RS2/src/svg_command_subscriber) by extensions ['colcon_pkg']
[2.429s] colcon.colcon_core.package_identification Level 1 _identify(/home/ashmu/ros2_ws/RS2/src/svg_command_subscriber) by extension 'colcon_pkg'
[2.429s] colcon.colcon_core.package_identification Level 1 _identify(/home/ashmu/ros2_ws/RS2/src/svg_command_subscriber) by extensions ['colcon_meta']
[2.430s] colcon.colcon_core.package_identification Level 1 _identify(/home/ashmu/ros2_ws/RS2/src/svg_command_subscriber) by extension 'colcon_meta'
[2.430s] colcon.colcon_core.package_identification Level 1 _identify(/home/ashmu/ros2_ws/RS2/src/svg_command_subscriber) by extensions ['ros']
[2.430s] colcon.colcon_core.package_identification Level 1 _identify(/home/ashmu/ros2_ws/RS2/src/svg_command_subscriber) by extension 'ros'
[2.434s] colcon.colcon_core.package_identification DEBUG Package '/home/ashmu/ros2_ws/RS2/src/svg_command_subscriber' with type 'ros.ament_python' and name 'svg_command_subscriber'
[2.435s] colcon.colcon_core.package_identification Level 1 _identify(/home/ashmu/ros2_ws/RS2/src/svg_waypoint_publisher) by extensions ['ignore', 'ignore_ament_install']
[2.436s] colcon.colcon_core.package_identification Level 1 _identify(/home/ashmu/ros2_ws/RS2/src/svg_waypoint_publisher) by extension 'ignore'
[2.436s] colcon.colcon_core.package_identification Level 1 _identify(/home/ashmu/ros2_ws/RS2/src/svg_waypoint_publisher) by extension 'ignore_ament_install'
[2.437s] colcon.colcon_core.package_identification Level 1 _identify(/home/ashmu/ros2_ws/RS2/src/svg_waypoint_publisher) by extensions ['colcon_pkg']
[2.437s] colcon.colcon_core.package_identification Level 1 _identify(/home/ashmu/ros2_ws/RS2/src/svg_waypoint_publisher) by extension 'colcon_pkg'
[2.437s] colcon.colcon_core.package_identification Level 1 _identify(/home/ashmu/ros2_ws/RS2/src/svg_waypoint_publisher) by extensions ['colcon_meta']
[2.437s] colcon.colcon_core.package_identification Level 1 _identify(/home/ashmu/ros2_ws/RS2/src/svg_waypoint_publisher) by extension 'colcon_meta'
[2.438s] colcon.colcon_core.package_identification Level 1 _identify(/home/ashmu/ros2_ws/RS2/src/svg_waypoint_publisher) by extensions ['ros']
[2.438s] colcon.colcon_core.package_identification Level 1 _identify(/home/ashmu/ros2_ws/RS2/src/svg_waypoint_publisher) by extension 'ros'
[2.442s] colcon.colcon_core.package_identification DEBUG Package '/home/ashmu/ros2_ws/RS2/src/svg_waypoint_publisher' with type 'ros.ament_python' and name 'svg_waypoint_publisher'
[2.443s] colcon.colcon_core.package_identification Level 1 _identify(/home/ashmu/ros2_ws/RS2/src/ur3e_controller) by extensions ['ignore', 'ignore_ament_install']
[2.444s] colcon.colcon_core.package_identification Level 1 _identify(/home/ashmu/ros2_ws/RS2/src/ur3e_controller) by extension 'ignore'
[2.444s] colcon.colcon_core.package_identification Level 1 _identify(/home/ashmu/ros2_ws/RS2/src/ur3e_controller) by extension 'ignore_ament_install'
[2.445s] colcon.colcon_core.package_identification Level 1 _identify(/home/ashmu/ros2_ws/RS2/src/ur3e_controller) by extensions ['colcon_pkg']
[2.445s] colcon.colcon_core.package_identification Level 1 _identify(/home/ashmu/ros2_ws/RS2/src/ur3e_controller) by extension 'colcon_pkg'
[2.445s] colcon.colcon_core.package_identification Level 1 _identify(/home/ashmu/ros2_ws/RS2/src/ur3e_controller) by extensions ['colcon_meta']
[2.446s] colcon.colcon_core.package_identification Level 1 _identify(/home/ashmu/ros2_ws/RS2/src/ur3e_controller) by extension 'colcon_meta'
[2.446s] colcon.colcon_core.package_identification Level 1 _identify(/home/ashmu/ros2_ws/RS2/src/ur3e_controller) by extensions ['ros']
[2.446s] colcon.colcon_core.package_identification Level 1 _identify(/home/ashmu/ros2_ws/RS2/src/ur3e_controller) by extension 'ros'
[2.451s] colcon.colcon_core.package_identification DEBUG Package '/home/ashmu/ros2_ws/RS2/src/ur3e_controller' with type 'ros.ament_cmake' and name 'ur3e_controller'
[2.452s] colcon.colcon_core.package_discovery Level 1 discover_packages(recursive) using defaults
