[0.543s] Invoking command in '/home/ashmu/ros2_ws/RS2/src/svg_waypoint_publisher': PYTHONPATH=/home/ashmu/ros2_ws/RS2/build/svg_waypoint_publisher/prefix_override:/usr/lib/python3/dist-packages/colcon_core/task/python/colcon_distutils_commands:/home/ashmu/ros2_ws/RS2/install/svg_waypoint_publisher/lib/python3.10/site-packages:${PYTHONPATH} /usr/bin/python3 -W ignore:setup.py install is deprecated -W ignore:easy_install command is deprecated setup.py egg_info --egg-base ../../build/svg_waypoint_publisher build --build-base /home/ashmu/ros2_ws/RS2/build/svg_waypoint_publisher/build install --record /home/ashmu/ros2_ws/RS2/build/svg_waypoint_publisher/install.log --single-version-externally-managed install_data
[0.705s] running egg_info
[0.706s] creating ../../build/svg_waypoint_publisher/svg_waypoint_publisher.egg-info
[0.706s] writing ../../build/svg_waypoint_publisher/svg_waypoint_publisher.egg-info/PKG-INFO
[0.707s] writing dependency_links to ../../build/svg_waypoint_publisher/svg_waypoint_publisher.egg-info/dependency_links.txt
[0.707s] writing entry points to ../../build/svg_waypoint_publisher/svg_waypoint_publisher.egg-info/entry_points.txt
[0.707s] writing requirements to ../../build/svg_waypoint_publisher/svg_waypoint_publisher.egg-info/requires.txt
[0.707s] writing top-level names to ../../build/svg_waypoint_publisher/svg_waypoint_publisher.egg-info/top_level.txt
[0.707s] writing manifest file '../../build/svg_waypoint_publisher/svg_waypoint_publisher.egg-info/SOURCES.txt'
[0.708s] reading manifest file '../../build/svg_waypoint_publisher/svg_waypoint_publisher.egg-info/SOURCES.txt'
[0.708s] writing manifest file '../../build/svg_waypoint_publisher/svg_waypoint_publisher.egg-info/SOURCES.txt'
[0.708s] running build
[0.708s] running build_py
[0.708s] creating /home/ashmu/ros2_ws/RS2/build/svg_waypoint_publisher/build
[0.708s] creating /home/ashmu/ros2_ws/RS2/build/svg_waypoint_publisher/build/lib
[0.708s] creating /home/ashmu/ros2_ws/RS2/build/svg_waypoint_publisher/build/lib/svg_waypoint_publisher
[0.708s] copying svg_waypoint_publisher/__init__.py -> /home/ashmu/ros2_ws/RS2/build/svg_waypoint_publisher/build/lib/svg_waypoint_publisher
[0.708s] copying svg_waypoint_publisher/waypoint_publisher.py -> /home/ashmu/ros2_ws/RS2/build/svg_waypoint_publisher/build/lib/svg_waypoint_publisher
[0.709s] running install
[0.709s] running install_lib
[0.709s] creating /home/ashmu/ros2_ws/RS2/install/svg_waypoint_publisher/lib/python3.10/site-packages/svg_waypoint_publisher
[0.710s] copying /home/ashmu/ros2_ws/RS2/build/svg_waypoint_publisher/build/lib/svg_waypoint_publisher/__init__.py -> /home/ashmu/ros2_ws/RS2/install/svg_waypoint_publisher/lib/python3.10/site-packages/svg_waypoint_publisher
[0.710s] copying /home/ashmu/ros2_ws/RS2/build/svg_waypoint_publisher/build/lib/svg_waypoint_publisher/waypoint_publisher.py -> /home/ashmu/ros2_ws/RS2/install/svg_waypoint_publisher/lib/python3.10/site-packages/svg_waypoint_publisher
[0.710s] byte-compiling /home/ashmu/ros2_ws/RS2/install/svg_waypoint_publisher/lib/python3.10/site-packages/svg_waypoint_publisher/__init__.py to __init__.cpython-310.pyc
[0.710s] byte-compiling /home/ashmu/ros2_ws/RS2/install/svg_waypoint_publisher/lib/python3.10/site-packages/svg_waypoint_publisher/waypoint_publisher.py to waypoint_publisher.cpython-310.pyc
[0.711s] running install_data
[0.711s] copying resource/svg_waypoint_publisher -> /home/ashmu/ros2_ws/RS2/install/svg_waypoint_publisher/share/ament_index/resource_index/packages
[0.711s] copying package.xml -> /home/ashmu/ros2_ws/RS2/install/svg_waypoint_publisher/share/svg_waypoint_publisher
[0.711s] running install_egg_info
[0.712s] Copying ../../build/svg_waypoint_publisher/svg_waypoint_publisher.egg-info to /home/ashmu/ros2_ws/RS2/install/svg_waypoint_publisher/lib/python3.10/site-packages/svg_waypoint_publisher-0.0.0-py3.10.egg-info
[0.713s] running install_scripts
[0.728s] Installing svg_waypoint_publisher script to /home/ashmu/ros2_ws/RS2/install/svg_waypoint_publisher/lib/svg_waypoint_publisher
[0.729s] writing list of installed files to '/home/ashmu/ros2_ws/RS2/build/svg_waypoint_publisher/install.log'
[0.757s] Invoked command in '/home/ashmu/ros2_ws/RS2/src/svg_waypoint_publisher' returned '0': PYTHONPATH=/home/ashmu/ros2_ws/RS2/build/svg_waypoint_publisher/prefix_override:/usr/lib/python3/dist-packages/colcon_core/task/python/colcon_distutils_commands:/home/ashmu/ros2_ws/RS2/install/svg_waypoint_publisher/lib/python3.10/site-packages:${PYTHONPATH} /usr/bin/python3 -W ignore:setup.py install is deprecated -W ignore:easy_install command is deprecated setup.py egg_info --egg-base ../../build/svg_waypoint_publisher build --build-base /home/ashmu/ros2_ws/RS2/build/svg_waypoint_publisher/build install --record /home/ashmu/ros2_ws/RS2/build/svg_waypoint_publisher/install.log --single-version-externally-managed install_data
