running develop
Removing /home/ashmu/ros2_ws/RS2/install/ur3e_spawn_pkg/lib/python3.10/site-packages/ur3e-spawn-pkg.egg-link (link to .)
running egg_info
writing ../../build/ur3e_spawn_pkg/ur3e_spawn_pkg.egg-info/PKG-INFO
writing dependency_links to ../../build/ur3e_spawn_pkg/ur3e_spawn_pkg.egg-info/dependency_links.txt
writing entry points to ../../build/ur3e_spawn_pkg/ur3e_spawn_pkg.egg-info/entry_points.txt
writing requirements to ../../build/ur3e_spawn_pkg/ur3e_spawn_pkg.egg-info/requires.txt
writing top-level names to ../../build/ur3e_spawn_pkg/ur3e_spawn_pkg.egg-info/top_level.txt
reading manifest file '../../build/ur3e_spawn_pkg/ur3e_spawn_pkg.egg-info/SOURCES.txt'
writing manifest file '../../build/ur3e_spawn_pkg/ur3e_spawn_pkg.egg-info/SOURCES.txt'
running build
running install
running install_data
copying package.xml -> /home/ashmu/ros2_ws/RS2/install/ur3e_spawn_pkg/share/ur3e_spawn_pkg
copying launch/spawn_ur3e.launch.py -> /home/ashmu/ros2_ws/RS2/install/ur3e_spawn_pkg/share/ur3e_spawn_pkg/launch
running install_egg_info
Copying ../../build/ur3e_spawn_pkg/ur3e_spawn_pkg.egg-info to /home/ashmu/ros2_ws/RS2/install/ur3e_spawn_pkg/lib/python3.10/site-packages/ur3e_spawn_pkg-0.0.0-py3.10.egg-info
running install_scripts
Installing spawn_ur3e script to /home/ashmu/ros2_ws/RS2/install/ur3e_spawn_pkg/lib/ur3e_spawn_pkg
writing list of installed files to '/home/ashmu/ros2_ws/RS2/build/ur3e_spawn_pkg/install.log'
