[0.634s] Invoking command in '/home/ashmu/ros2_ws/RS2/build/ur3e_spawn_pkg': PYTHONPATH=/home/ashmu/ros2_ws/RS2/build/ur3e_spawn_pkg/prefix_override:/usr/lib/python3/dist-packages/colcon_core/task/python/colcon_distutils_commands:/home/ashmu/ros2_ws/RS2/install/ur3e_spawn_pkg/lib/python3.10/site-packages:${PYTHONPATH} /usr/bin/python3 -W ignore:setup.py install is deprecated -W ignore:easy_install command is deprecated setup.py develop --uninstall --editable --build-directory /home/ashmu/ros2_ws/RS2/build/ur3e_spawn_pkg/build
[0.796s] running develop
[0.891s] Removing /home/ashmu/ros2_ws/RS2/install/ur3e_spawn_pkg/lib/python3.10/site-packages/ur3e-spawn-pkg.egg-link (link to .)
[0.933s] Invoked command in '/home/ashmu/ros2_ws/RS2/build/ur3e_spawn_pkg' returned '0': PYTHONPATH=/home/ashmu/ros2_ws/RS2/build/ur3e_spawn_pkg/prefix_override:/usr/lib/python3/dist-packages/colcon_core/task/python/colcon_distutils_commands:/home/ashmu/ros2_ws/RS2/install/ur3e_spawn_pkg/lib/python3.10/site-packages:${PYTHONPATH} /usr/bin/python3 -W ignore:setup.py install is deprecated -W ignore:easy_install command is deprecated setup.py develop --uninstall --editable --build-directory /home/ashmu/ros2_ws/RS2/build/ur3e_spawn_pkg/build
[0.935s] Invoking command in '/home/ashmu/ros2_ws/RS2/src/ur3e_spawn_pkg': PYTHONPATH=/home/ashmu/ros2_ws/RS2/build/ur3e_spawn_pkg/prefix_override:/usr/lib/python3/dist-packages/colcon_core/task/python/colcon_distutils_commands:/home/ashmu/ros2_ws/RS2/install/ur3e_spawn_pkg/lib/python3.10/site-packages:${PYTHONPATH} /usr/bin/python3 -W ignore:setup.py install is deprecated -W ignore:easy_install command is deprecated setup.py egg_info --egg-base ../../build/ur3e_spawn_pkg build --build-base /home/ashmu/ros2_ws/RS2/build/ur3e_spawn_pkg/build install --record /home/ashmu/ros2_ws/RS2/build/ur3e_spawn_pkg/install.log --single-version-externally-managed install_data --force
[1.094s] running egg_info
[1.095s] writing ../../build/ur3e_spawn_pkg/ur3e_spawn_pkg.egg-info/PKG-INFO
[1.095s] writing dependency_links to ../../build/ur3e_spawn_pkg/ur3e_spawn_pkg.egg-info/dependency_links.txt
[1.095s] writing entry points to ../../build/ur3e_spawn_pkg/ur3e_spawn_pkg.egg-info/entry_points.txt
[1.095s] writing requirements to ../../build/ur3e_spawn_pkg/ur3e_spawn_pkg.egg-info/requires.txt
[1.096s] writing top-level names to ../../build/ur3e_spawn_pkg/ur3e_spawn_pkg.egg-info/top_level.txt
[1.096s] reading manifest file '../../build/ur3e_spawn_pkg/ur3e_spawn_pkg.egg-info/SOURCES.txt'
[1.097s] writing manifest file '../../build/ur3e_spawn_pkg/ur3e_spawn_pkg.egg-info/SOURCES.txt'
[1.097s] running build
[1.097s] running install
[1.097s] running install_data
[1.097s] copying package.xml -> /home/ashmu/ros2_ws/RS2/install/ur3e_spawn_pkg/share/ur3e_spawn_pkg
[1.097s] copying launch/spawn_ur3e.launch.py -> /home/ashmu/ros2_ws/RS2/install/ur3e_spawn_pkg/share/ur3e_spawn_pkg/launch
[1.097s] running install_egg_info
[1.099s] Copying ../../build/ur3e_spawn_pkg/ur3e_spawn_pkg.egg-info to /home/ashmu/ros2_ws/RS2/install/ur3e_spawn_pkg/lib/python3.10/site-packages/ur3e_spawn_pkg-0.0.0-py3.10.egg-info
[1.100s] running install_scripts
[1.115s] Installing spawn_ur3e script to /home/ashmu/ros2_ws/RS2/install/ur3e_spawn_pkg/lib/ur3e_spawn_pkg
[1.115s] writing list of installed files to '/home/ashmu/ros2_ws/RS2/build/ur3e_spawn_pkg/install.log'
[1.153s] Invoked command in '/home/ashmu/ros2_ws/RS2/src/ur3e_spawn_pkg' returned '0': PYTHONPATH=/home/ashmu/ros2_ws/RS2/build/ur3e_spawn_pkg/prefix_override:/usr/lib/python3/dist-packages/colcon_core/task/python/colcon_distutils_commands:/home/ashmu/ros2_ws/RS2/install/ur3e_spawn_pkg/lib/python3.10/site-packages:${PYTHONPATH} /usr/bin/python3 -W ignore:setup.py install is deprecated -W ignore:easy_install command is deprecated setup.py egg_info --egg-base ../../build/ur3e_spawn_pkg build --build-base /home/ashmu/ros2_ws/RS2/build/ur3e_spawn_pkg/build install --record /home/ashmu/ros2_ws/RS2/build/ur3e_spawn_pkg/install.log --single-version-externally-managed install_data --force
